2024-09-02 10:24:38,835 [INFO] Activator:176 - 


2024-09-02 10:24:38,842 [INFO] Activator:177 - !SESSION log4j initialized
2024-09-02 10:24:47,059 [INFO] LogOutputStream:77 - [STDOUT_REDIRECT] 
2024-09-02 10:25:00,787 [INFO] ApplicationProperties:184 - Using Application install path: C:\ST\STM32CubeIDE_1.14.1\STM32CubeIDE\plugins\com.st.stm32cube.common.mx_6.10.0.202311202037
2024-09-02 10:25:00,820 [INFO] DbMcusXml:78 - Set database path to: C:\ST\STM32CubeIDE_1.14.1\STM32CubeIDE\plugins\com.st.stm32cube.common.mx_6.10.0.202311202037\\db\/mcu/
2024-09-02 10:25:00,820 [INFO] ApiDb:274 - Set plugin database path to: C:\ST\STM32CubeIDE_1.14.1\STM32CubeIDE\plugins\com.st.stm32cube.common.mx_6.10.0.202311202037\\db\/plugins/boardmanager/
2024-09-02 10:25:00,854 [WARN] ApiDb:259 - Overriding images path with different value:  => C:\ST\STM32CubeIDE_1.14.1\STM32CubeIDE\plugins\com.st.stm32cube.common.mx_6.10.0.202311202037\\db\/plugins/mcufinder/images/
2024-09-02 10:25:00,871 [INFO] ApiDb:250 - Set database path to: C:\Users\ACER\.stmcufinder\plugins\mcufinder//mcu/
2024-09-02 10:25:00,871 [INFO] DbMcusAds:125 - Set database path to: C:\Users\ACER\.stmcufinder\plugins\mcufinder//mcu/
2024-09-02 10:25:00,871 [INFO] CrossReferenceDbSqlite:203 - Set database path to: C:\Users\ACER\.stmcufinder\plugins\mcufinder//mcu/cs/
2024-09-02 10:25:01,020 [INFO] RulesReader:64 - Compatibility file has been processed (297 Rules)
2024-09-02 10:25:01,120 [INFO] DbMcusXml:78 - Set database path to: C:\ST\STM32CubeIDE_1.14.1\STM32CubeIDE\plugins\com.st.stm32cube.common.mx_6.10.0.202311202037\\db\/mcu/
2024-09-02 10:25:01,120 [INFO] ApiDb:274 - Set plugin database path to: C:\ST\STM32CubeIDE_1.14.1\STM32CubeIDE\plugins\com.st.stm32cube.common.mx_6.10.0.202311202037\\db\/plugins/boardmanager/
2024-09-02 10:25:01,120 [INFO] ApiDb:261 - Set plugin images path to: C:\ST\STM32CubeIDE_1.14.1\STM32CubeIDE\plugins\com.st.stm32cube.common.mx_6.10.0.202311202037\\db\/plugins/mcufinder/images/
2024-09-02 10:25:01,120 [WARN] DbFile:41 - Overriding database path with different value: C:\Users\ACER\.stmcufinder\plugins\mcufinder/ => C:\Users\ACER\.stmcufinder\plugins\mcufinder
2024-09-02 10:25:01,120 [INFO] ApiDb:250 - Set database path to: C:\Users\ACER\.stmcufinder\plugins\mcufinder//mcu/
2024-09-02 10:25:01,120 [WARN] DbFile:41 - Overriding database path with different value: C:\Users\ACER\.stmcufinder\plugins\mcufinder/ => C:\Users\ACER\.stmcufinder\plugins\mcufinder
2024-09-02 10:25:01,120 [INFO] DbMcusAds:125 - Set database path to: C:\Users\ACER\.stmcufinder\plugins\mcufinder//mcu/
2024-09-02 10:25:01,120 [WARN] DbFile:41 - Overriding database path with different value: C:\Users\ACER\.stmcufinder\plugins\mcufinder/ => C:\Users\ACER\.stmcufinder\plugins\mcufinder
2024-09-02 10:25:01,120 [WARN] DbFile:41 - Overriding database path with different value: C:\Users\ACER\.stmcufinder\plugins\mcufinder/ => C:\Users\ACER\.stmcufinder\plugins\mcufinder
2024-09-02 10:25:01,120 [INFO] CrossReferenceDbSqlite:203 - Set database path to: C:\Users\ACER\.stmcufinder\plugins\mcufinder//mcu/cs/
2024-09-02 10:25:01,220 [INFO] MainPanel:264 - HeapMemory: 268435456
2024-09-02 10:25:01,403 [INFO] DbMcusXml:78 - Set database path to: C:\ST\STM32CubeIDE_1.14.1\STM32CubeIDE\plugins\com.st.stm32cube.common.mx_6.10.0.202311202037\\db\/mcu/
2024-09-02 10:25:01,403 [INFO] ApiDb:274 - Set plugin database path to: C:\ST\STM32CubeIDE_1.14.1\STM32CubeIDE\plugins\com.st.stm32cube.common.mx_6.10.0.202311202037\\db\/plugins/boardmanager/
2024-09-02 10:25:01,405 [INFO] ApiDb:261 - Set plugin images path to: C:\ST\STM32CubeIDE_1.14.1\STM32CubeIDE\plugins\com.st.stm32cube.common.mx_6.10.0.202311202037\\db\/plugins/mcufinder/images/
2024-09-02 10:25:01,406 [WARN] DbFile:41 - Overriding database path with different value: C:\Users\ACER\.stmcufinder\plugins\mcufinder/ => C:\Users\ACER\.stmcufinder\plugins\mcufinder
2024-09-02 10:25:01,406 [INFO] ApiDb:250 - Set database path to: C:\Users\ACER\.stmcufinder\plugins\mcufinder//mcu/
2024-09-02 10:25:01,406 [WARN] DbFile:41 - Overriding database path with different value: C:\Users\ACER\.stmcufinder\plugins\mcufinder/ => C:\Users\ACER\.stmcufinder\plugins\mcufinder
2024-09-02 10:25:01,437 [INFO] DbMcusAds:125 - Set database path to: C:\Users\ACER\.stmcufinder\plugins\mcufinder//mcu/
2024-09-02 10:25:01,437 [WARN] DbFile:41 - Overriding database path with different value: C:\Users\ACER\.stmcufinder\plugins\mcufinder/ => C:\Users\ACER\.stmcufinder\plugins\mcufinder
2024-09-02 10:25:01,437 [WARN] DbFile:41 - Overriding database path with different value: C:\Users\ACER\.stmcufinder\plugins\mcufinder/ => C:\Users\ACER\.stmcufinder\plugins\mcufinder
2024-09-02 10:25:01,437 [INFO] CrossReferenceDbSqlite:203 - Set database path to: C:\Users\ACER\.stmcufinder\plugins\mcufinder//mcu/cs/
2024-09-02 10:25:01,456 [INFO] ApplicationProperties:184 - Using Application install path: C:\ST\STM32CubeIDE_1.14.1\STM32CubeIDE\plugins\com.st.stm32cube.common.mx_6.10.0.202311202037
2024-09-02 10:25:01,456 [INFO] PluginManage:196 - Search for loadable plugins [exclusion list=, ]
2024-09-02 10:25:01,456 [INFO] PluginManage:310 - Check plugin analytics
2024-09-02 10:25:01,620 [INFO] AnalyticsPlugin:253 - Accepted Software Licenses: STM32CubeMX.6.12.0
2024-09-02 10:25:01,620 [INFO] AnalyticsPlugin:255 - Accepted CMSIS Pack Licenses: STMicroelectronics.X-CUBE-MEMS1.11.0.0
2024-09-02 10:25:01,620 [INFO] AnalyticsPlugin:257 - Accepted Firmware Licenses: 
2024-09-02 10:25:01,620 [INFO] PluginManage:359 - Loaded plugin analytics (category:tool,tabindex:-1)
2024-09-02 10:25:01,620 [INFO] PluginManage:310 - Check plugin cadmodel
2024-09-02 10:25:01,638 [INFO] CADModel:105 - Init CAD model plugin
2024-09-02 10:25:01,638 [INFO] PluginManage:359 - Loaded plugin cadmodel (category:power,tabindex:5)
2024-09-02 10:25:01,638 [INFO] PluginManage:310 - Check plugin clock
2024-09-02 10:25:01,654 [INFO] PluginManage:359 - Loaded plugin clock (category:base,tabindex:2)
2024-09-02 10:25:01,654 [INFO] PluginManage:310 - Check plugin ddr
2024-09-02 10:25:01,654 [INFO] PluginManage:359 - Loaded plugin ddr (category:tool,tabindex:6)
2024-09-02 10:25:01,654 [INFO] PluginManage:310 - Check plugin filemanager
2024-09-02 10:25:01,904 [INFO] PluginManage:359 - Loaded plugin filemanager (category:base,tabindex:10)
2024-09-02 10:25:01,904 [INFO] PluginManage:310 - Check plugin ipmanager
2024-09-02 10:25:01,920 [INFO] PluginManage:359 - Loaded plugin ipmanager (category:base,tabindex:5)
2024-09-02 10:25:01,920 [INFO] PluginManage:310 - Check plugin lpbam
2024-09-02 10:25:01,937 [INFO] PluginManage:359 - Loaded plugin lpbam (category:base,tabindex:0)
2024-09-02 10:25:01,937 [INFO] PluginManage:310 - Check plugin memorymap
2024-09-02 10:25:01,954 [INFO] PluginManage:359 - Loaded plugin memorymap (category:base,tabindex:4)
2024-09-02 10:25:01,954 [INFO] PluginManage:310 - Check plugin pinoutandconfiguration
2024-09-02 10:25:01,986 [INFO] PluginManage:359 - Loaded plugin pinoutandconfiguration (category:base,tabindex:1)
2024-09-02 10:25:01,986 [INFO] PluginManage:310 - Check plugin pinoutconfig
2024-09-02 10:25:02,070 [WARN] SupportedApi:132 - Cannot load RTOS API schema: s4s-elt-must-match.1: The content of 'definitions' must match (annotation?, (simpleType | complexType)?, (unique | key | keyref)*)). A problem was found starting at: attribute.
2024-09-02 10:25:02,170 [INFO] PluginManage:359 - Loaded plugin pinoutconfig (category:base,tabindex:0)
2024-09-02 10:25:02,170 [INFO] PluginManage:310 - Check plugin power
2024-09-02 10:25:02,203 [INFO] PluginManage:359 - Loaded plugin power (category:power,tabindex:4)
2024-09-02 10:25:02,203 [INFO] PluginManage:310 - Check plugin projectmanager
2024-09-02 10:25:02,203 [INFO] PluginManage:359 - Loaded plugin projectmanager (category:projectmanager,tabindex:3)
2024-09-02 10:25:02,203 [INFO] PluginManage:310 - Check plugin thirdparty
2024-09-02 10:25:02,470 [INFO] PluginManage:359 - Loaded plugin thirdparty (category:base,tabindex:-1)
2024-09-02 10:25:02,470 [INFO] PluginManage:310 - Check plugin tools
2024-09-02 10:25:02,470 [WARN] IntegrityCheckThread:84 - waiting for thirdparty lock release [integrity check]
2024-09-02 10:25:02,470 [INFO] IntegrityCheckThread:86 - entering critical section [integrity check]
2024-09-02 10:25:02,470 [INFO] ThirdPartyUpdaterWithRetryManager:70 - Updater plugin not ready yet. [1/15]
2024-09-02 10:25:02,503 [INFO] PluginManage:359 - Loaded plugin tools (category:base,tabindex:7)
2024-09-02 10:25:02,503 [INFO] PluginManage:310 - Check plugin tutovideos
2024-09-02 10:25:02,687 [INFO] PluginManage:359 - Loaded plugin tutovideos (category:base,tabindex:-1)
2024-09-02 10:25:02,687 [INFO] PluginManage:310 - Check plugin updater
2024-09-02 10:25:02,704 [INFO] PluginManage:359 - Loaded plugin updater (category:base,tabindex:12)
2024-09-02 10:25:02,704 [INFO] PluginManage:310 - Check plugin userauth
2024-09-02 10:25:02,721 [INFO] UserAuth:114 - Init User Auth plugin
2024-09-02 10:25:02,721 [INFO] PluginManage:359 - Loaded plugin userauth (category:base,tabindex:14)
2024-09-02 10:25:02,721 [INFO] PluginManage:283 - PluginManage : Loaded plugins [17]
2024-09-02 10:25:03,020 [INFO] PinOutPanel:1499 - setPackage(No Configuration,No Configuration)
2024-09-02 10:25:03,137 [INFO] CADModel:165 - CPN selected for project level
2024-09-02 10:25:03,137 [INFO] CADModel:114 - Register for checkConnection events
2024-09-02 10:25:03,187 [INFO] IPUIPlugin:80 - create IPUIPlugin
2024-09-02 10:25:03,187 [INFO] PluginManager:220 - loadIPPluginJar : add adc
2024-09-02 10:25:03,270 [INFO] IPUIPlugin:80 - create IPUIPlugin
2024-09-02 10:25:03,270 [INFO] PluginManager:220 - loadIPPluginJar : add aes
2024-09-02 10:25:03,337 [INFO] IPUIPlugin:80 - create IPUIPlugin
2024-09-02 10:25:03,337 [INFO] PluginManager:220 - loadIPPluginJar : add can
2024-09-02 10:25:03,389 [INFO] IPUIPlugin:80 - create IPUIPlugin
2024-09-02 10:25:03,389 [INFO] PluginManager:220 - loadIPPluginJar : add comp
2024-09-02 10:25:03,470 [INFO] IPUIPlugin:80 - create IPUIPlugin
2024-09-02 10:25:03,470 [INFO] PluginManager:220 - loadIPPluginJar : add cryp
2024-09-02 10:25:03,520 [INFO] IPUIPlugin:80 - create IPUIPlugin
2024-09-02 10:25:03,520 [INFO] PluginManager:220 - loadIPPluginJar : add dfsdm
2024-09-02 10:25:03,537 [INFO] IPUIPlugin:80 - create IPUIPlugin
2024-09-02 10:25:03,537 [INFO] PluginManager:220 - loadIPPluginJar : add dma
2024-09-02 10:25:03,606 [INFO] IPUIPlugin:80 - create IPUIPlugin
2024-09-02 10:25:03,606 [INFO] PluginManager:220 - loadIPPluginJar : add dma3
2024-09-02 10:25:03,638 [INFO] IPUIPlugin:80 - create IPUIPlugin
2024-09-02 10:25:03,639 [INFO] PluginManager:220 - loadIPPluginJar : add fatfs
2024-09-02 10:25:03,702 [INFO] IPUIPlugin:80 - create IPUIPlugin
2024-09-02 10:25:03,702 [INFO] PluginManager:220 - loadIPPluginJar : add fmc
2024-09-02 10:25:03,720 [INFO] IPUIPlugin:80 - create IPUIPlugin
2024-09-02 10:25:03,720 [INFO] PluginManager:220 - loadIPPluginJar : add freertos
2024-09-02 10:25:03,737 [INFO] IPUIPlugin:80 - create IPUIPlugin
2024-09-02 10:25:03,737 [INFO] PluginManager:220 - loadIPPluginJar : add genericplugin
2024-09-02 10:25:03,837 [INFO] IPUIPlugin:80 - create IPUIPlugin
2024-09-02 10:25:03,837 [INFO] PluginManager:220 - loadIPPluginJar : add gfxmmu
2024-09-02 10:25:03,993 [INFO] IPUIPlugin:80 - create IPUIPlugin
2024-09-02 10:25:03,993 [INFO] PluginManager:220 - loadIPPluginJar : add gic
2024-09-02 10:25:04,006 [INFO] IPUIPlugin:80 - create IPUIPlugin
2024-09-02 10:25:04,007 [INFO] PluginManager:220 - loadIPPluginJar : add gpio
2024-09-02 10:25:04,095 [INFO] IPUIPlugin:80 - create IPUIPlugin
2024-09-02 10:25:04,095 [INFO] PluginManager:220 - loadIPPluginJar : add gtzc
2024-09-02 10:25:04,120 [INFO] IPUIPlugin:80 - create IPUIPlugin
2024-09-02 10:25:04,120 [INFO] PluginManager:220 - loadIPPluginJar : add hash
2024-09-02 10:25:04,188 [INFO] IPUIPlugin:80 - create IPUIPlugin
2024-09-02 10:25:04,188 [INFO] PluginManager:220 - loadIPPluginJar : add i2c
2024-09-02 10:25:04,237 [INFO] IPUIPlugin:80 - create IPUIPlugin
2024-09-02 10:25:04,237 [INFO] PluginManager:220 - loadIPPluginJar : add i2s
2024-09-02 10:25:04,306 [INFO] IPUIPlugin:80 - create IPUIPlugin
2024-09-02 10:25:04,306 [INFO] PluginManager:220 - loadIPPluginJar : add i3c
2024-09-02 10:25:04,435 [INFO] IPUIPlugin:80 - create IPUIPlugin
2024-09-02 10:25:04,435 [INFO] PluginManager:220 - loadIPPluginJar : add ipddr
2024-09-02 10:25:04,539 [INFO] IPUIPlugin:80 - create IPUIPlugin
2024-09-02 10:25:04,540 [INFO] PluginManager:220 - loadIPPluginJar : add linkedlist
2024-09-02 10:25:04,578 [INFO] IPUIPlugin:80 - create IPUIPlugin
2024-09-02 10:25:04,578 [INFO] PluginManager:220 - loadIPPluginJar : add lorawan
2024-09-02 10:25:04,618 [INFO] IPUIPlugin:80 - create IPUIPlugin
2024-09-02 10:25:04,618 [INFO] PluginManager:220 - loadIPPluginJar : add ltdc
2024-09-02 10:25:04,631 [INFO] IPUIPlugin:80 - create IPUIPlugin
2024-09-02 10:25:04,631 [INFO] PluginManager:220 - loadIPPluginJar : add mdma
2024-09-02 10:25:04,637 [INFO] IPUIPlugin:80 - create IPUIPlugin
2024-09-02 10:25:04,637 [INFO] PluginManager:220 - loadIPPluginJar : add nvic
2024-09-02 10:25:04,681 [INFO] IPUIPlugin:80 - create IPUIPlugin
2024-09-02 10:25:04,681 [INFO] PluginManager:220 - loadIPPluginJar : add opamp
2024-09-02 10:25:04,744 [INFO] IPUIPlugin:80 - create IPUIPlugin
2024-09-02 10:25:04,744 [INFO] PluginManager:220 - loadIPPluginJar : add openamp
2024-09-02 10:25:04,787 [INFO] IPUIPlugin:80 - create IPUIPlugin
2024-09-02 10:25:04,787 [INFO] PluginManager:220 - loadIPPluginJar : add pdm2pcm
2024-09-02 10:25:04,803 [INFO] IPUIPlugin:80 - create IPUIPlugin
2024-09-02 10:25:04,805 [INFO] PluginManager:220 - loadIPPluginJar : add plateformsettings
2024-09-02 10:25:04,828 [INFO] IPUIPlugin:80 - create IPUIPlugin
2024-09-02 10:25:04,828 [INFO] PluginManager:220 - loadIPPluginJar : add quadspi
2024-09-02 10:25:04,839 [INFO] IPUIPlugin:80 - create IPUIPlugin
2024-09-02 10:25:04,839 [INFO] PluginManager:220 - loadIPPluginJar : add resmgrutility
2024-09-02 10:25:04,889 [INFO] IPUIPlugin:80 - create IPUIPlugin
2024-09-02 10:25:04,889 [INFO] PluginManager:220 - loadIPPluginJar : add sai
2024-09-02 10:25:04,928 [INFO] IPUIPlugin:80 - create IPUIPlugin
2024-09-02 10:25:04,928 [INFO] PluginManager:220 - loadIPPluginJar : add spi
2024-09-02 10:25:04,993 [INFO] IPUIPlugin:80 - create IPUIPlugin
2024-09-02 10:25:04,993 [INFO] PluginManager:220 - loadIPPluginJar : add stm32_wpan
2024-09-02 10:25:05,019 [INFO] IPUIPlugin:80 - create IPUIPlugin
2024-09-02 10:25:05,019 [INFO] PluginManager:220 - loadIPPluginJar : add tim
2024-09-02 10:25:05,070 [INFO] IPUIPlugin:80 - create IPUIPlugin
2024-09-02 10:25:05,070 [INFO] PluginManager:220 - loadIPPluginJar : add touchsensing
2024-09-02 10:25:05,112 [INFO] IPUIPlugin:80 - create IPUIPlugin
2024-09-02 10:25:05,113 [INFO] PluginManager:220 - loadIPPluginJar : add tracer_emb
2024-09-02 10:25:05,139 [INFO] IPUIPlugin:80 - create IPUIPlugin
2024-09-02 10:25:05,139 [INFO] PluginManager:220 - loadIPPluginJar : add ts
2024-09-02 10:25:05,164 [INFO] IPUIPlugin:80 - create IPUIPlugin
2024-09-02 10:25:05,165 [INFO] PluginManager:220 - loadIPPluginJar : add tsc
2024-09-02 10:25:05,194 [INFO] IPUIPlugin:80 - create IPUIPlugin
2024-09-02 10:25:05,194 [INFO] PluginManager:220 - loadIPPluginJar : add ucpd
2024-09-02 10:25:05,263 [INFO] IPUIPlugin:80 - create IPUIPlugin
2024-09-02 10:25:05,263 [INFO] PluginManager:220 - loadIPPluginJar : add usart
2024-09-02 10:25:05,328 [INFO] IPUIPlugin:80 - create IPUIPlugin
2024-09-02 10:25:05,329 [INFO] PluginManager:220 - loadIPPluginJar : add usbx
2024-09-02 10:25:05,486 [INFO] ThirdPartyUpdaterWithRetryManager:70 - Updater plugin not ready yet. [2/15]
2024-09-02 10:25:05,487 [INFO] CADModel:165 - CPN selected for project level
2024-09-02 10:25:05,487 [INFO] CADModel:114 - Register for checkConnection events
2024-09-02 10:25:05,487 [FATAL] Updater:308 - Updater called before beeing initialized
2024-09-02 10:25:05,487 [ERROR] CADModel:125 - Updater not yet initialized, retry later 
2024-09-02 10:25:05,649 [INFO] CADModel:165 - CPN selected for project level
2024-09-02 10:25:05,649 [INFO] CADModel:114 - Register for checkConnection events
2024-09-02 10:25:05,649 [FATAL] Updater:308 - Updater called before beeing initialized
2024-09-02 10:25:05,649 [ERROR] CADModel:125 - Updater not yet initialized, retry later 
2024-09-02 10:25:05,652 [FATAL] Updater:308 - Updater called before beeing initialized
2024-09-02 10:25:05,808 [FATAL] Updater:308 - Updater called before beeing initialized
2024-09-02 10:25:05,817 [INFO] DbMcusAds:53 - JSON generation date=Thu May 16 14:52:00 IST 2024 (1715851320667)
2024-09-02 10:25:05,817 [FATAL] Updater:308 - Updater called before beeing initialized
2024-09-02 10:25:05,900 [WARN] DetailPanel:346 - Failed to get advertising image, set to default
2024-09-02 10:25:05,982 [FATAL] Updater:308 - Updater called before beeing initialized
2024-09-02 10:25:05,984 [FATAL] Updater:308 - Updater called before beeing initialized
2024-09-02 10:25:05,984 [FATAL] Updater:308 - Updater called before beeing initialized
2024-09-02 10:25:05,984 [WARN] DetailPanel:346 - Failed to get advertising image, set to default
2024-09-02 10:25:05,985 [FATAL] Updater:308 - Updater called before beeing initialized
2024-09-02 10:25:06,110 [ERROR] Updater:1120 - MainUpdater not yet initialized. External WinMGr cannot be set.
2024-09-02 10:25:06,123 [INFO] Updater:1056 - Updater Version found : 6.10.0
2024-09-02 10:25:06,150 [INFO] ApplicationProperties:184 - Using Application install path: C:\ST\STM32CubeIDE_1.14.1\STM32CubeIDE\plugins\com.st.stm32cube.common.mx_6.10.0.202311202037
2024-09-02 10:25:07,766 [ERROR] LogOutputStream:75 - [STDERR_REDIRECT] Sep 02, 2024 10:25:07 AM java.util.prefs.WindowsPreferences <init>
2024-09-02 10:25:07,767 [ERROR] LogOutputStream:75 - [STDERR_REDIRECT] WARNING: Could not open/create prefs root node Software\JavaSoft\Prefs at root 0xffffffff80000002. Windows RegCreateKeyEx(...) returned error code 5.
2024-09-02 10:25:07,767 [ERROR] LogOutputStream:75 - [STDERR_REDIRECT] 
2024-09-02 10:25:08,490 [FATAL] Updater:308 - Updater called before beeing initialized
2024-09-02 10:25:08,490 [ERROR] IntegrityCheckThread:130 - Cannot retrieve database content from updater: error 21
2024-09-02 10:25:08,490 [INFO] ThirdParty:978 - Integrity check success = false
2024-09-02 10:25:08,491 [INFO] IntegrityCheckThread:100 - exiting critical section [integrity check]
2024-09-02 10:25:08,491 [INFO] IntegrityCheckThread:103 - End integrity checks thread
2024-09-02 10:25:09,505 [INFO] MainUpdater:2873 - connection check result : 10
2024-09-02 10:25:09,505 [INFO] MainUpdater:3567 - Updater definition file requires update
2024-09-02 10:25:09,506 [INFO] MainUpdater:290 - Updater Check For Update Now.
2024-09-02 10:25:09,506 [INFO] MicroXplorer:498 - Change Database Version : DB.6.0.100
2024-09-02 10:25:09,523 [INFO] McuFinderGlobals:63 - Set McuFinder mode to 2 (CubeIDE integrated)
2024-09-02 10:25:09,534 [INFO] UserAuth:404 - Internet connection configuration mode: 1
2024-09-02 10:25:09,559 [INFO] JxBrowserEngine:152 - Initiate JxBrowser Engine with user profile folder
2024-09-02 10:25:10,588 [INFO] ServerAccessManage:473 - Download File updaters.zip
2024-09-02 10:25:11,230 [INFO] FileExtend:240 - Unzip File : updaters.zip
2024-09-02 10:25:11,230 [INFO] FileExtend:255 - Standard Zip Deflate
2024-09-02 10:25:12,094 [INFO] ServerAccessManage:473 - Download File PacksControlFlags.xml
2024-09-02 10:25:12,505 [INFO] ServerAccessManage:473 - Download File cubemx.pidx
2024-09-02 10:25:12,636 [INFO] LoadServerUpdatesThread:375 - End of LoadServerUpdate Thread
2024-09-02 10:25:12,831 [INFO] CheckServerUpdateThread:120 - End of CheckServer Thread
2024-09-02 10:25:13,774 [INFO] WebApp:161 - Instantiating new browser for Auth
2024-09-02 10:25:14,571 [INFO] WebApp:780 - Register for checkConnection events
2024-09-02 10:25:14,571 [INFO] WebApp:414 - Apply proxy settings
2024-09-02 10:25:14,571 [INFO] WebApp:499 - Chromium requires no authentication
2024-09-02 10:25:14,580 [INFO] WebApp:442 - Direct internet connection detected
2024-09-02 10:25:14,749 [INFO] WebApp:192 - Starting web application
2024-09-02 10:25:14,749 [INFO] WebApp:544 - Web application path used C:\ST\STM32CubeIDE_1.14.1\STM32CubeIDE\plugins\com.st.stm32cube.common.mx_6.10.0.202311202037\db\plugins\mcufinder\reactClient1\index.html
2024-09-02 10:25:36,611 [ERROR] LogOutputStream:75 - [STDERR_REDIRECT] SLF4J: Failed to load class "org.slf4j.impl.StaticLoggerBinder".
2024-09-02 10:25:36,613 [ERROR] LogOutputStream:75 - [STDERR_REDIRECT] SLF4J: Defaulting to no-operation (NOP) logger implementation
2024-09-02 10:25:36,614 [ERROR] LogOutputStream:75 - [STDERR_REDIRECT] SLF4J: See http://www.slf4j.org/codes.html#StaticLoggerBinder for further details.
2024-09-02 12:39:28,351 [INFO] McuFinderGlobals:63 - Set McuFinder mode to 2 (CubeIDE integrated)
2024-09-02 12:39:28,428 [INFO] MainUpdater:2873 - connection check result : 10
2024-09-02 12:39:28,459 [INFO] McuFinderGlobals:76 - Set McuFinderConnectedMode to true
2024-09-02 12:39:29,845 [INFO] ServerAccessManage:473 - Download File mcusAds.json._tmp_
2024-09-02 12:39:29,956 [INFO] LoadUrlFilesThread:156 - End of LoadUrlFiles Thread
2024-09-02 12:39:31,346 [INFO] ServerAccessManage:473 - Download File cube-finder-db.zip
2024-09-02 12:39:41,630 [INFO] FileExtend:240 - Unzip File : cube-finder-db.zip
2024-09-02 12:39:41,630 [INFO] FileExtend:255 - Standard Zip Deflate
2024-09-02 12:39:42,966 [INFO] LoadUrlFilesThread:156 - End of LoadUrlFiles Thread
2024-09-02 12:39:44,255 [INFO] ServerAccessManage:473 - Download File crdb.zip
2024-09-02 12:39:45,199 [INFO] FileExtend:240 - Unzip File : crdb.zip
2024-09-02 12:39:45,199 [INFO] FileExtend:255 - Standard Zip Deflate
2024-09-02 12:39:45,331 [INFO] LoadUrlFilesThread:156 - End of LoadUrlFiles Thread
2024-09-02 12:39:45,701 [INFO] ServerAccessManage:473 - Download File tutoVideoDB.zip
2024-09-02 12:39:45,732 [INFO] FileExtend:240 - Unzip File : tutoVideoDB.zip
2024-09-02 12:39:45,732 [INFO] FileExtend:255 - Standard Zip Deflate
2024-09-02 12:39:45,849 [INFO] LoadUrlFilesThread:156 - End of LoadUrlFiles Thread
2024-09-02 12:39:45,853 [WARN] DbFile:41 - Overriding database path with different value: C:\Users\ACER\.stmcufinder\plugins\mcufinder/ => C:\Users\ACER\.stmcufinder\plugins\mcufinder
2024-09-02 12:39:46,221 [INFO] ServerAccessManage:473 - Download File api_config.json
2024-09-02 12:39:46,332 [INFO] LoadUrlFilesThread:156 - End of LoadUrlFiles Thread
2024-09-02 12:39:46,333 [INFO] DbMcusAds:53 - JSON generation date=Thu May 16 14:52:00 IST 2024 (1715851320667)
2024-09-02 12:39:46,368 [INFO] LoadUrlFilesThread:185 - End of LoadServerUrlFiles without Thread
2024-09-02 12:39:46,370 [INFO] TargetSelectorAdapter:259 - Refresh data is successful
2024-09-02 12:39:46,592 [INFO] ApiDb:581 - Connected to CubeFinder SQLite database (C:\Users\ACER\.stmcufinder\plugins\mcufinder\mcu\cube-finder-db.db)
2024-09-02 12:39:46,638 [INFO] ApiDb:668 - CubeFinder database Data Model version=2.1
2024-09-02 12:39:46,638 [INFO] ApiDb:669 - CubeFinder database Configuration version=3.0.39
2024-09-02 12:39:46,639 [INFO] ApiDb:670 - CubeFinder database generation date=2024-08-06 (1722941618)
2024-09-02 12:39:46,639 [INFO] ApiDb:671 - CubeFinder database FW Pack versions=[FP-ATR-ASTRA1_V2.0.0, FP-SNS-FLIGHT1_V5.0.2, FP-SNS-MOTENV1_V5.0.0, FP-SNS-MOTENVWB1_V1.4.0, FP-SNS-SMARTAG2_V1.2.0, FP-SNS-STBOX1_V2.0.0, STM32Cube_FW_C0_V1.2.0, STM32Cube_FW_F4_V1.28.0, STM32Cube_FW_F7_V1.17.2, STM32Cube_FW_G0_V1.6.2, STM32Cube_FW_G4_V1.6.0, STM32Cube_FW_H5_V1.3.0, STM32Cube_FW_H7RS_V1.1.0, STM32Cube_FW_H7_V1.11.2, STM32Cube_FW_L0_V1.12.2, STM32Cube_FW_L5_V1.5.1, STM32Cube_FW_U0_V1.1.0, STM32Cube_FW_U5_V1.6.0, STM32Cube_FW_WB0_V1.0.0, STM32Cube_FW_WBA_V1.4.1, STM32Cube_FW_WB_V1.20.0, STM32Cube_FW_WL_V1.3.0, X-CUBE-ALGOBUILD_V1.4.0, X-CUBE-ALS_V1.0.2, X-CUBE-AZRTOS-F4_V1.1.0, X-CUBE-AZRTOS-F7_V1.1.0, X-CUBE-AZRTOS-G0_V1.1.0, X-CUBE-AZRTOS-G4_V2.0.0, X-CUBE-AZRTOS-H7RS_V1.0.0, X-CUBE-AZRTOS-H7_V3.2.0, X-CUBE-AZRTOS-L4_V2.0.0, X-CUBE-AZRTOS-L5_V1.1.0, X-CUBE-AZRTOS-WB_V2.0.0, X-CUBE-AZRTOS-WL_V2.0.0, X-CUBE-BLE1_V7.0.0, X-CUBE-BLE2_V3.3.0, X-CUBE-BLEMGR_V3.1.0, X-CUBE-EEPRMA1_V5.1.0, X-CUBE-FREERTOS_V1.2.0, X-CUBE-GNSS1_V6.0.0, X-CUBE-MEMS1_V10.0.0, X-CUBE-NFC4_V3.0.0, X-CUBE-NFC7_V1.0.1, X-CUBE-SFXS2LP1_V4.0.0, X-CUBE-SUBG2_V5.0.0, X-CUBE-TOF1_V3.4.2]
2024-09-02 12:39:48,246 [INFO] ApiDb:240 - Found 371 in-development CPN: [B-G473E-ZEST1S, B-WB1M-WPAN1, B-WL5M-SUBG1, NUCLEO-C031C6, NUCLEO-H503RB, NUCLEO-H563ZI, NUCLEO-U545RE-Q, NUCLEO-U5A5ZJ-Q, NUCLEO-WBA52CG, NUCLEO-WBA55CG, STEVAL-MKBOXPRO, STEVAL-PROTEUS1, STEVAL-STWINBX1, STM320518-EVAL, STM32C0116-DK, STM32C011D6Y3TR, STM32C011D6Y6TR, STM32C011F4P3, STM32C011F4P6, STM32C011F4U3, STM32C011F4U6TR, STM32C011F6P3, STM32C011F6P6, STM32C011F6U3, STM32C011F6U6TR, STM32C011J4M3, STM32C011J4M6, STM32C011J6M3, STM32C011J6M6, STM32C0316-DK, STM32C031C4T3, STM32C031C4T6, STM32C031C4U3, STM32C031C4U6, STM32C031C6T3, STM32C031C6T6, STM32C031C6U3, STM32C031C6U6, STM32C031F4P3, STM32C031F4P6, STM32C031F6P3, STM32C031F6P6, STM32C031G4U3, STM32C031G4U6, STM32C031G6U3, STM32C031G6U6, STM32C031K4T3, STM32C031K4T6, STM32C031K4U3, STM32C031K4U6, STM32C031K6T3, STM32C031K6T6, STM32C031K6U3, STM32C031K6U6, STM32G071K8TXN, STM32G071K8UXN, STM32G081GBU6N, STM32G081KBT6N, STM32G081KBUXN, STM32G0B1CCT6N, STM32G0B1KCT6, STM32G0B1NEY6TR, STM32G0B1RCT6N, STM32G0C1CCT6, STM32G0C1CCT6N, STM32G0C1CCU6N, STM32G0C1CET6N, STM32G0C1CEU6N, STM32G0C1KCT6, STM32G0C1NEY6TR, STM32G0C1RCI6N, STM32G0C1RCT6N, STM32G0C1REI6N, STM32G0C1RET6N, STM32G0C1VCI6, STM32G0C1VEI6, STM32G471CCT6, STM32G471CCU6, STM32G471CET3, STM32G471CET6, STM32G471CEU3, STM32G471CEU6, STM32G471MCT6, STM32G471MET3, STM32G471MET6, STM32G471MEY6TR, STM32G471QCT6, STM32G471QET3, STM32G471RCT6, STM32G471RET3, STM32G471RET6, STM32G471VCH6, STM32G471VCI6, STM32G471VCT6, STM32G471VEH3, STM32G471VEH6, STM32G471VEI3, STM32G471VEI6, STM32G471VET3, STM32G471VET6, STM32G474CCT6, STM32H503CBT6, STM32H503CBU6, STM32H503EBY6TR, STM32H503KBU6, STM32H503RBT6, STM32H562AGI6, STM32H562AII6, STM32H562IGK6, STM32H562IGT6, STM32H562IIK6, STM32H562IIT6, STM32H562RGT6, STM32H562RGV6, STM32H562RIT6, STM32H562RIV6, STM32H562VGT6, STM32H562VIT6, STM32H562ZGT6, STM32H562ZIT6, STM32H563AGI6, STM32H563AII3Q, STM32H563AII6, STM32H563IGK6, STM32H563IGT6, STM32H563IIK3Q, STM32H563IIK6, STM32H563IIT3Q, STM32H563IIT6, STM32H563MIY3QTR, STM32H563RGT6, STM32H563RGV6, STM32H563RIT6, STM32H563RIV6, STM32H563VGT6, STM32H563VIT3Q, STM32H563VIT6, STM32H563ZGT6, STM32H563ZIT3Q, STM32H563ZIT6, STM32H573AII3Q, STM32H573AII6, STM32H573I-DK, STM32H573IIK3Q, STM32H573IIK6, STM32H573IIT3Q, STM32H573IIT6, STM32H573MIY3QTR, STM32H573RIT6, STM32H573RIV6, STM32H573VIT3Q, STM32H573VIT6, STM32H573ZIT3Q, STM32H573ZIT6, STM32L4R5QGI6STR, STM32MP131AAE3, STM32MP131AAF3, STM32MP131AAG3, STM32MP131CAE3, STM32MP131CAF3, STM32MP131CAG3, STM32MP131DAE7, STM32MP131DAF7, STM32MP131DAG7, STM32MP131FAE7, STM32MP131FAF7, STM32MP131FAG7, STM32MP133AAE3, STM32MP133AAF3, STM32MP133AAG3, STM32MP133CAE3, STM32MP133CAF3, STM32MP133CAG3, STM32MP133DAE7, STM32MP133DAF7, STM32MP133DAG7, STM32MP133FAE7, STM32MP133FAF7, STM32MP133FAG7, STM32MP135AAE3, STM32MP135AAF3, STM32MP135AAG3, STM32MP135CAE3, STM32MP135CAF3, STM32MP135CAG3, STM32MP135DAE7, STM32MP135DAF7, STM32MP135DAG7, STM32MP135F-DK, STM32MP135FAE7, STM32MP135FAF7, STM32MP135FAF7T, STM32MP135FAF7U, STM32MP135FAG7, STM32U535CBT6, STM32U535CBT6Q, STM32U535CBU6, STM32U535CBU6Q, STM32U535CCT6, STM32U535CCT6Q, STM32U535CCU6, STM32U535CCU6Q, STM32U535CET6, STM32U535CET6Q, STM32U535CEU6, STM32U535CEU6Q, STM32U535JEY6QTR, STM32U535NCY6QTR, STM32U535NEY6QTR, STM32U535RBI6, STM32U535RBI6Q, STM32U535RBT6, STM32U535RBT6Q, STM32U535RCI6, STM32U535RCI6Q, STM32U535RCT6, STM32U535RCT6Q, STM32U535REI6, STM32U535REI6Q, STM32U535RET6, STM32U535RET6Q, STM32U535VCI6, STM32U535VCI6Q, STM32U535VCT6, STM32U535VCT6Q, STM32U535VEI6, STM32U535VEI6Q, STM32U535VET6, STM32U535VET6Q, STM32U545CET6, STM32U545CET6Q, STM32U545CEU6, STM32U545CEU6Q, STM32U545JEY6QTR, STM32U545NEY6QTR, STM32U545REI6, STM32U545REI6Q, STM32U545RET6, STM32U545RET6Q, STM32U545VEI6, STM32U545VEI6Q, STM32U545VET6, STM32U545VET6Q, STM32U595AIH6, STM32U595AIH6Q, STM32U595AJH6, STM32U595AJH6Q, STM32U595QII6, STM32U595QII6Q, STM32U595QJI6, STM32U595QJI6Q, STM32U595RIT6, STM32U595RIT6Q, STM32U595RJT6, STM32U595RJT6Q, STM32U595VIT6, STM32U595VIT6Q, STM32U595VJT6, STM32U595VJT6Q, STM32U595ZIT6, STM32U595ZIT6Q, STM32U595ZIY6QTR, STM32U595ZJT6, STM32U595ZJT6Q, STM32U595ZJY6QTR, STM32U599BJY6QTR, STM32U599NIH6Q, STM32U599NJH6Q, STM32U599VIT6Q, STM32U599VJT6, STM32U599VJT6Q, STM32U599ZIT6Q, STM32U599ZIY6QTR, STM32U599ZJT6Q, STM32U599ZJY6QTR, STM32U5A5AJH6, STM32U5A5AJH6Q, STM32U5A5QJI6, STM32U5A5QJI6Q, STM32U5A5RJT6, STM32U5A5RJT6Q, STM32U5A5VJT6, STM32U5A5VJT6Q, STM32U5A5ZJT6, STM32U5A5ZJT6Q, STM32U5A5ZJY6QTR, STM32U5A9BJY6QTR, STM32U5A9J-DK, STM32U5A9NJH6Q, STM32U5A9VJT6Q, STM32U5A9ZJT6Q, STM32U5A9ZJY6QTR, STM32U5F7VIT6, STM32U5F7VIT6Q, STM32U5F7VJT6, STM32U5F7VJT6Q, STM32U5F9BJY6QTR, STM32U5F9NJH6Q, STM32U5F9VIT6Q, STM32U5F9VJT6Q, STM32U5F9ZIJ6QTR, STM32U5F9ZIT6Q, STM32U5F9ZJJ6QTR, STM32U5F9ZJT6Q, STM32U5G7VJT6, STM32U5G7VJT6Q, STM32U5G9BJY6QTR, STM32U5G9J-DK1, STM32U5G9J-DK2, STM32U5G9NJH6Q, STM32U5G9VJT6Q, STM32U5G9ZJJ6QTR, STM32U5G9ZJT6Q, STM32WB1MMCH6, STM32WBA50KEU6, STM32WBA50KEU6TR, STM32WBA50KGU6, STM32WBA50KGU6TR, STM32WBA52CEU6, STM32WBA52CEU6TR, STM32WBA52CEU7, STM32WBA52CEU7TR, STM32WBA52CGU6, STM32WBA52CGU6TR, STM32WBA52CGU6U, STM32WBA52CGU7, STM32WBA52CGU7TR, STM32WBA52KEU6, STM32WBA52KEU6TR, STM32WBA52KGU6, STM32WBA52KGU6TR, STM32WBA54CEU6, STM32WBA54CEU6TR, STM32WBA54CEU7, STM32WBA54CEU7TR, STM32WBA54CGU6, STM32WBA54CGU6TR, STM32WBA54CGU7, STM32WBA54CGU7TR, STM32WBA54KEU6, STM32WBA54KEU6TR, STM32WBA54KEU7, STM32WBA54KEU7TR, STM32WBA54KGU6, STM32WBA54KGU6TR, STM32WBA54KGU7, STM32WBA54KGU7TR, STM32WBA55CEU6, STM32WBA55CEU6TR, STM32WBA55CEU7, STM32WBA55CEU7TR, STM32WBA55CGU6, STM32WBA55CGU6TR, STM32WBA55CGU6U, STM32WBA55CGU7, STM32WBA55CGU7TR, STM32WBA55G-DK1, STM32WBA55HEF6, STM32WBA55HEF7, STM32WBA55HGF6, STM32WBA55HGF7, STM32WBA55UEI6, STM32WBA55UEI6TR, STM32WBA55UEI7, STM32WBA55UEI7TR, STM32WBA55UGI6, STM32WBA55UGI6TR, STM32WBA55UGI7, STM32WBA55UGI7TR, STM32WL5MOCH6, STM32WL5MOCH6TR]
2024-09-02 12:39:48,252 [INFO] DbMcus:218 - Found 4203 MCUs, 4203 are supported
2024-09-02 12:39:48,254 [INFO] ApiDb:423 - Load user favorites file C:\Users\ACER/.stm32cubeide/favorites.mcus.txt: 0 item(s)
2024-09-02 12:39:48,254 [INFO] ApiDb:427 - User favorites MCUs=[]
2024-09-02 12:39:48,254 [INFO] DbMcus:224 - Set 0 / 0 favorites MCUs
2024-09-02 12:39:48,573 [INFO] ApiDb:668 - CubeFinder database Data Model version=2.1
2024-09-02 12:39:48,573 [INFO] ApiDb:669 - CubeFinder database Configuration version=3.0.39
2024-09-02 12:39:48,573 [INFO] ApiDb:670 - CubeFinder database generation date=2024-08-06 (1722941618)
2024-09-02 12:39:48,573 [INFO] ApiDb:671 - CubeFinder database FW Pack versions=[FP-ATR-ASTRA1_V2.0.0, FP-SNS-FLIGHT1_V5.0.2, FP-SNS-MOTENV1_V5.0.0, FP-SNS-MOTENVWB1_V1.4.0, FP-SNS-SMARTAG2_V1.2.0, FP-SNS-STBOX1_V2.0.0, STM32Cube_FW_C0_V1.2.0, STM32Cube_FW_F4_V1.28.0, STM32Cube_FW_F7_V1.17.2, STM32Cube_FW_G0_V1.6.2, STM32Cube_FW_G4_V1.6.0, STM32Cube_FW_H5_V1.3.0, STM32Cube_FW_H7RS_V1.1.0, STM32Cube_FW_H7_V1.11.2, STM32Cube_FW_L0_V1.12.2, STM32Cube_FW_L5_V1.5.1, STM32Cube_FW_U0_V1.1.0, STM32Cube_FW_U5_V1.6.0, STM32Cube_FW_WB0_V1.0.0, STM32Cube_FW_WBA_V1.4.1, STM32Cube_FW_WB_V1.20.0, STM32Cube_FW_WL_V1.3.0, X-CUBE-ALGOBUILD_V1.4.0, X-CUBE-ALS_V1.0.2, X-CUBE-AZRTOS-F4_V1.1.0, X-CUBE-AZRTOS-F7_V1.1.0, X-CUBE-AZRTOS-G0_V1.1.0, X-CUBE-AZRTOS-G4_V2.0.0, X-CUBE-AZRTOS-H7RS_V1.0.0, X-CUBE-AZRTOS-H7_V3.2.0, X-CUBE-AZRTOS-L4_V2.0.0, X-CUBE-AZRTOS-L5_V1.1.0, X-CUBE-AZRTOS-WB_V2.0.0, X-CUBE-AZRTOS-WL_V2.0.0, X-CUBE-BLE1_V7.0.0, X-CUBE-BLE2_V3.3.0, X-CUBE-BLEMGR_V3.1.0, X-CUBE-EEPRMA1_V5.1.0, X-CUBE-FREERTOS_V1.2.0, X-CUBE-GNSS1_V6.0.0, X-CUBE-MEMS1_V10.0.0, X-CUBE-NFC4_V3.0.0, X-CUBE-NFC7_V1.0.1, X-CUBE-SFXS2LP1_V4.0.0, X-CUBE-SUBG2_V5.0.0, X-CUBE-TOF1_V3.4.2]
2024-09-02 12:39:48,620 [INFO] DbBoardsSqlite:226 - include board P-NUCLEO-WB55-NUCLEO as a kit item of type 'Nucleo-64'
2024-09-02 12:39:48,620 [INFO] DbBoardsSqlite:226 - include board P-NUCLEO-WB55-USBDONGLE as a kit item of type 'Nucleo USB Dongle'
2024-09-02 12:39:48,620 [INFO] DbBoardsSqlite:226 - include board STEVAL-IDP005V1 as a kit item of type 'Evaluation Board'
2024-09-02 12:39:48,620 [INFO] DbBoardsSqlite:226 - include board STEVAL-IDP005V2 as a kit item of type 'Evaluation Board'
2024-09-02 12:39:48,660 [INFO] ApiDb:240 - Found 371 in-development CPN: [B-G473E-ZEST1S, B-WB1M-WPAN1, B-WL5M-SUBG1, NUCLEO-C031C6, NUCLEO-H503RB, NUCLEO-H563ZI, NUCLEO-U545RE-Q, NUCLEO-U5A5ZJ-Q, NUCLEO-WBA52CG, NUCLEO-WBA55CG, STEVAL-MKBOXPRO, STEVAL-PROTEUS1, STEVAL-STWINBX1, STM320518-EVAL, STM32C0116-DK, STM32C011D6Y3TR, STM32C011D6Y6TR, STM32C011F4P3, STM32C011F4P6, STM32C011F4U3, STM32C011F4U6TR, STM32C011F6P3, STM32C011F6P6, STM32C011F6U3, STM32C011F6U6TR, STM32C011J4M3, STM32C011J4M6, STM32C011J6M3, STM32C011J6M6, STM32C0316-DK, STM32C031C4T3, STM32C031C4T6, STM32C031C4U3, STM32C031C4U6, STM32C031C6T3, STM32C031C6T6, STM32C031C6U3, STM32C031C6U6, STM32C031F4P3, STM32C031F4P6, STM32C031F6P3, STM32C031F6P6, STM32C031G4U3, STM32C031G4U6, STM32C031G6U3, STM32C031G6U6, STM32C031K4T3, STM32C031K4T6, STM32C031K4U3, STM32C031K4U6, STM32C031K6T3, STM32C031K6T6, STM32C031K6U3, STM32C031K6U6, STM32G071K8TXN, STM32G071K8UXN, STM32G081GBU6N, STM32G081KBT6N, STM32G081KBUXN, STM32G0B1CCT6N, STM32G0B1KCT6, STM32G0B1NEY6TR, STM32G0B1RCT6N, STM32G0C1CCT6, STM32G0C1CCT6N, STM32G0C1CCU6N, STM32G0C1CET6N, STM32G0C1CEU6N, STM32G0C1KCT6, STM32G0C1NEY6TR, STM32G0C1RCI6N, STM32G0C1RCT6N, STM32G0C1REI6N, STM32G0C1RET6N, STM32G0C1VCI6, STM32G0C1VEI6, STM32G471CCT6, STM32G471CCU6, STM32G471CET3, STM32G471CET6, STM32G471CEU3, STM32G471CEU6, STM32G471MCT6, STM32G471MET3, STM32G471MET6, STM32G471MEY6TR, STM32G471QCT6, STM32G471QET3, STM32G471RCT6, STM32G471RET3, STM32G471RET6, STM32G471VCH6, STM32G471VCI6, STM32G471VCT6, STM32G471VEH3, STM32G471VEH6, STM32G471VEI3, STM32G471VEI6, STM32G471VET3, STM32G471VET6, STM32G474CCT6, STM32H503CBT6, STM32H503CBU6, STM32H503EBY6TR, STM32H503KBU6, STM32H503RBT6, STM32H562AGI6, STM32H562AII6, STM32H562IGK6, STM32H562IGT6, STM32H562IIK6, STM32H562IIT6, STM32H562RGT6, STM32H562RGV6, STM32H562RIT6, STM32H562RIV6, STM32H562VGT6, STM32H562VIT6, STM32H562ZGT6, STM32H562ZIT6, STM32H563AGI6, STM32H563AII3Q, STM32H563AII6, STM32H563IGK6, STM32H563IGT6, STM32H563IIK3Q, STM32H563IIK6, STM32H563IIT3Q, STM32H563IIT6, STM32H563MIY3QTR, STM32H563RGT6, STM32H563RGV6, STM32H563RIT6, STM32H563RIV6, STM32H563VGT6, STM32H563VIT3Q, STM32H563VIT6, STM32H563ZGT6, STM32H563ZIT3Q, STM32H563ZIT6, STM32H573AII3Q, STM32H573AII6, STM32H573I-DK, STM32H573IIK3Q, STM32H573IIK6, STM32H573IIT3Q, STM32H573IIT6, STM32H573MIY3QTR, STM32H573RIT6, STM32H573RIV6, STM32H573VIT3Q, STM32H573VIT6, STM32H573ZIT3Q, STM32H573ZIT6, STM32L4R5QGI6STR, STM32MP131AAE3, STM32MP131AAF3, STM32MP131AAG3, STM32MP131CAE3, STM32MP131CAF3, STM32MP131CAG3, STM32MP131DAE7, STM32MP131DAF7, STM32MP131DAG7, STM32MP131FAE7, STM32MP131FAF7, STM32MP131FAG7, STM32MP133AAE3, STM32MP133AAF3, STM32MP133AAG3, STM32MP133CAE3, STM32MP133CAF3, STM32MP133CAG3, STM32MP133DAE7, STM32MP133DAF7, STM32MP133DAG7, STM32MP133FAE7, STM32MP133FAF7, STM32MP133FAG7, STM32MP135AAE3, STM32MP135AAF3, STM32MP135AAG3, STM32MP135CAE3, STM32MP135CAF3, STM32MP135CAG3, STM32MP135DAE7, STM32MP135DAF7, STM32MP135DAG7, STM32MP135F-DK, STM32MP135FAE7, STM32MP135FAF7, STM32MP135FAF7T, STM32MP135FAF7U, STM32MP135FAG7, STM32U535CBT6, STM32U535CBT6Q, STM32U535CBU6, STM32U535CBU6Q, STM32U535CCT6, STM32U535CCT6Q, STM32U535CCU6, STM32U535CCU6Q, STM32U535CET6, STM32U535CET6Q, STM32U535CEU6, STM32U535CEU6Q, STM32U535JEY6QTR, STM32U535NCY6QTR, STM32U535NEY6QTR, STM32U535RBI6, STM32U535RBI6Q, STM32U535RBT6, STM32U535RBT6Q, STM32U535RCI6, STM32U535RCI6Q, STM32U535RCT6, STM32U535RCT6Q, STM32U535REI6, STM32U535REI6Q, STM32U535RET6, STM32U535RET6Q, STM32U535VCI6, STM32U535VCI6Q, STM32U535VCT6, STM32U535VCT6Q, STM32U535VEI6, STM32U535VEI6Q, STM32U535VET6, STM32U535VET6Q, STM32U545CET6, STM32U545CET6Q, STM32U545CEU6, STM32U545CEU6Q, STM32U545JEY6QTR, STM32U545NEY6QTR, STM32U545REI6, STM32U545REI6Q, STM32U545RET6, STM32U545RET6Q, STM32U545VEI6, STM32U545VEI6Q, STM32U545VET6, STM32U545VET6Q, STM32U595AIH6, STM32U595AIH6Q, STM32U595AJH6, STM32U595AJH6Q, STM32U595QII6, STM32U595QII6Q, STM32U595QJI6, STM32U595QJI6Q, STM32U595RIT6, STM32U595RIT6Q, STM32U595RJT6, STM32U595RJT6Q, STM32U595VIT6, STM32U595VIT6Q, STM32U595VJT6, STM32U595VJT6Q, STM32U595ZIT6, STM32U595ZIT6Q, STM32U595ZIY6QTR, STM32U595ZJT6, STM32U595ZJT6Q, STM32U595ZJY6QTR, STM32U599BJY6QTR, STM32U599NIH6Q, STM32U599NJH6Q, STM32U599VIT6Q, STM32U599VJT6, STM32U599VJT6Q, STM32U599ZIT6Q, STM32U599ZIY6QTR, STM32U599ZJT6Q, STM32U599ZJY6QTR, STM32U5A5AJH6, STM32U5A5AJH6Q, STM32U5A5QJI6, STM32U5A5QJI6Q, STM32U5A5RJT6, STM32U5A5RJT6Q, STM32U5A5VJT6, STM32U5A5VJT6Q, STM32U5A5ZJT6, STM32U5A5ZJT6Q, STM32U5A5ZJY6QTR, STM32U5A9BJY6QTR, STM32U5A9J-DK, STM32U5A9NJH6Q, STM32U5A9VJT6Q, STM32U5A9ZJT6Q, STM32U5A9ZJY6QTR, STM32U5F7VIT6, STM32U5F7VIT6Q, STM32U5F7VJT6, STM32U5F7VJT6Q, STM32U5F9BJY6QTR, STM32U5F9NJH6Q, STM32U5F9VIT6Q, STM32U5F9VJT6Q, STM32U5F9ZIJ6QTR, STM32U5F9ZIT6Q, STM32U5F9ZJJ6QTR, STM32U5F9ZJT6Q, STM32U5G7VJT6, STM32U5G7VJT6Q, STM32U5G9BJY6QTR, STM32U5G9J-DK1, STM32U5G9J-DK2, STM32U5G9NJH6Q, STM32U5G9VJT6Q, STM32U5G9ZJJ6QTR, STM32U5G9ZJT6Q, STM32WB1MMCH6, STM32WBA50KEU6, STM32WBA50KEU6TR, STM32WBA50KGU6, STM32WBA50KGU6TR, STM32WBA52CEU6, STM32WBA52CEU6TR, STM32WBA52CEU7, STM32WBA52CEU7TR, STM32WBA52CGU6, STM32WBA52CGU6TR, STM32WBA52CGU6U, STM32WBA52CGU7, STM32WBA52CGU7TR, STM32WBA52KEU6, STM32WBA52KEU6TR, STM32WBA52KGU6, STM32WBA52KGU6TR, STM32WBA54CEU6, STM32WBA54CEU6TR, STM32WBA54CEU7, STM32WBA54CEU7TR, STM32WBA54CGU6, STM32WBA54CGU6TR, STM32WBA54CGU7, STM32WBA54CGU7TR, STM32WBA54KEU6, STM32WBA54KEU6TR, STM32WBA54KEU7, STM32WBA54KEU7TR, STM32WBA54KGU6, STM32WBA54KGU6TR, STM32WBA54KGU7, STM32WBA54KGU7TR, STM32WBA55CEU6, STM32WBA55CEU6TR, STM32WBA55CEU7, STM32WBA55CEU7TR, STM32WBA55CGU6, STM32WBA55CGU6TR, STM32WBA55CGU6U, STM32WBA55CGU7, STM32WBA55CGU7TR, STM32WBA55G-DK1, STM32WBA55HEF6, STM32WBA55HEF7, STM32WBA55HGF6, STM32WBA55HGF7, STM32WBA55UEI6, STM32WBA55UEI6TR, STM32WBA55UEI7, STM32WBA55UEI7TR, STM32WBA55UGI6, STM32WBA55UGI6TR, STM32WBA55UGI7, STM32WBA55UGI7TR, STM32WL5MOCH6, STM32WL5MOCH6TR]
2024-09-02 12:39:48,749 [INFO] BoardInfo:889 - No configuration file found for board NUCLEO-H533RE
2024-09-02 12:39:48,749 [INFO] DbBoards:161 - Board is not supported: NUCLEO-H533RE
2024-09-02 12:39:48,762 [INFO] BoardInfo:889 - No configuration file found for board NUCLEO-H7S3L8
2024-09-02 12:39:48,762 [INFO] DbBoards:161 - Board is not supported: NUCLEO-H7S3L8
2024-09-02 12:39:48,788 [INFO] BoardInfo:889 - No configuration file found for board NUCLEO-U031R8
2024-09-02 12:39:48,788 [INFO] DbBoards:161 - Board is not supported: NUCLEO-U031R8
2024-09-02 12:39:48,789 [INFO] BoardInfo:889 - No configuration file found for board NUCLEO-U083RC
2024-09-02 12:39:48,789 [INFO] DbBoards:161 - Board is not supported: NUCLEO-U083RC
2024-09-02 12:39:48,796 [INFO] BoardInfo:889 - No configuration file found for board NUCLEO-WB05KZ
2024-09-02 12:39:48,796 [INFO] DbBoards:161 - Board is not supported: NUCLEO-WB05KZ
2024-09-02 12:39:48,797 [INFO] BoardInfo:889 - No configuration file found for board NUCLEO-WB07CC
2024-09-02 12:39:48,797 [INFO] DbBoards:161 - Board is not supported: NUCLEO-WB07CC
2024-09-02 12:39:48,799 [INFO] BoardInfo:889 - No configuration file found for board NUCLEO-WB09KE
2024-09-02 12:39:48,799 [INFO] DbBoards:161 - Board is not supported: NUCLEO-WB09KE
2024-09-02 12:39:48,811 [INFO] BoardInfo:889 - No configuration file found for board P-NUCLEO-WB55
2024-09-02 12:39:48,812 [INFO] DbBoards:161 - Kit is not supported: P-NUCLEO-WB55
2024-09-02 12:39:48,818 [INFO] BoardInfo:889 - No configuration file found for board STEVAL-BFA001V1B
2024-09-02 12:39:48,818 [INFO] DbBoards:161 - Kit is not supported: STEVAL-BFA001V1B
2024-09-02 12:39:48,819 [INFO] BoardInfo:889 - No configuration file found for board STEVAL-BFA001V2B
2024-09-02 12:39:48,819 [INFO] DbBoards:161 - Kit is not supported: STEVAL-BFA001V2B
2024-09-02 12:39:48,918 [INFO] BoardInfo:889 - No configuration file found for board STM32H7S78-DK
2024-09-02 12:39:48,918 [INFO] DbBoards:161 - Board is not supported: STM32H7S78-DK
2024-09-02 12:39:48,963 [INFO] BoardInfo:889 - No configuration file found for board STM32MP257F-DK
2024-09-02 12:39:48,963 [INFO] DbBoards:161 - Board is not supported: STM32MP257F-DK
2024-09-02 12:39:48,964 [INFO] BoardInfo:889 - No configuration file found for board STM32MP257F-EV1
2024-09-02 12:39:48,964 [INFO] DbBoards:161 - Board is not supported: STM32MP257F-EV1
2024-09-02 12:39:48,965 [INFO] BoardInfo:889 - No configuration file found for board STM32U083C-DK
2024-09-02 12:39:48,966 [INFO] DbBoards:161 - Board is not supported: STM32U083C-DK
2024-09-02 12:39:48,972 [INFO] DbBoards:168 - Found 200 boards, 186 are supported
2024-09-02 12:39:48,972 [INFO] DbBoards:169 - Found 200 boards, 3 of them is supported for  Bsp
2024-09-02 12:39:48,978 [INFO] ApiDb:423 - Load user favorites file C:\Users\ACER/.stm32cubeide/favorites.boards.txt: 0 item(s)
2024-09-02 12:39:48,979 [INFO] ApiDb:427 - User favorites Boards=[]
2024-09-02 12:39:48,979 [INFO] DbBoards:198 - Set 0 / 0 favorites Boards
2024-09-02 12:39:48,981 [INFO] ApiDb:668 - CubeFinder database Data Model version=2.1
2024-09-02 12:39:48,981 [INFO] ApiDb:669 - CubeFinder database Configuration version=3.0.39
2024-09-02 12:39:48,981 [INFO] ApiDb:670 - CubeFinder database generation date=2024-08-06 (1722941618)
2024-09-02 12:39:48,981 [INFO] ApiDb:671 - CubeFinder database FW Pack versions=[FP-ATR-ASTRA1_V2.0.0, FP-SNS-FLIGHT1_V5.0.2, FP-SNS-MOTENV1_V5.0.0, FP-SNS-MOTENVWB1_V1.4.0, FP-SNS-SMARTAG2_V1.2.0, FP-SNS-STBOX1_V2.0.0, STM32Cube_FW_C0_V1.2.0, STM32Cube_FW_F4_V1.28.0, STM32Cube_FW_F7_V1.17.2, STM32Cube_FW_G0_V1.6.2, STM32Cube_FW_G4_V1.6.0, STM32Cube_FW_H5_V1.3.0, STM32Cube_FW_H7RS_V1.1.0, STM32Cube_FW_H7_V1.11.2, STM32Cube_FW_L0_V1.12.2, STM32Cube_FW_L5_V1.5.1, STM32Cube_FW_U0_V1.1.0, STM32Cube_FW_U5_V1.6.0, STM32Cube_FW_WB0_V1.0.0, STM32Cube_FW_WBA_V1.4.1, STM32Cube_FW_WB_V1.20.0, STM32Cube_FW_WL_V1.3.0, X-CUBE-ALGOBUILD_V1.4.0, X-CUBE-ALS_V1.0.2, X-CUBE-AZRTOS-F4_V1.1.0, X-CUBE-AZRTOS-F7_V1.1.0, X-CUBE-AZRTOS-G0_V1.1.0, X-CUBE-AZRTOS-G4_V2.0.0, X-CUBE-AZRTOS-H7RS_V1.0.0, X-CUBE-AZRTOS-H7_V3.2.0, X-CUBE-AZRTOS-L4_V2.0.0, X-CUBE-AZRTOS-L5_V1.1.0, X-CUBE-AZRTOS-WB_V2.0.0, X-CUBE-AZRTOS-WL_V2.0.0, X-CUBE-BLE1_V7.0.0, X-CUBE-BLE2_V3.3.0, X-CUBE-BLEMGR_V3.1.0, X-CUBE-EEPRMA1_V5.1.0, X-CUBE-FREERTOS_V1.2.0, X-CUBE-GNSS1_V6.0.0, X-CUBE-MEMS1_V10.0.0, X-CUBE-NFC4_V3.0.0, X-CUBE-NFC7_V1.0.1, X-CUBE-SFXS2LP1_V4.0.0, X-CUBE-SUBG2_V5.0.0, X-CUBE-TOF1_V3.4.2]
2024-09-02 12:39:49,583 [ERROR] DbExamplesSqlite:437 - Missing JSON key: board_cpn
2024-09-02 12:39:49,583 [ERROR] DbExamplesSqlite:437 - Missing JSON key: board_cpn
2024-09-02 12:39:49,583 [ERROR] DbExamplesSqlite:437 - Missing JSON key: board_cpn
2024-09-02 12:39:49,584 [ERROR] DbExamplesSqlite:437 - Missing JSON key: board_cpn
2024-09-02 12:39:49,697 [ERROR] DbExamplesSqlite:437 - Missing JSON key: board_cpn
2024-09-02 12:39:49,697 [ERROR] DbExamplesSqlite:437 - Missing JSON key: board_cpn
2024-09-02 12:39:49,697 [ERROR] DbExamplesSqlite:437 - Missing JSON key: board_cpn
2024-09-02 12:39:49,697 [ERROR] DbExamplesSqlite:437 - Missing JSON key: board_cpn
2024-09-02 12:39:49,697 [ERROR] DbExamplesSqlite:437 - Missing JSON key: board_cpn
2024-09-02 12:39:49,698 [ERROR] DbExamplesSqlite:437 - Missing JSON key: board_cpn
2024-09-02 12:39:49,698 [ERROR] DbExamplesSqlite:437 - Missing JSON key: board_cpn
2024-09-02 12:39:49,698 [ERROR] DbExamplesSqlite:437 - Missing JSON key: board_cpn
2024-09-02 12:39:49,698 [ERROR] DbExamplesSqlite:437 - Missing JSON key: board_cpn
2024-09-02 12:39:49,699 [INFO] DbExamplesSqlite:395 - Ignored 28 examples not supported by CubeIDE
2024-09-02 12:39:49,699 [INFO] DbExamplesSqlite:396 - Found 8608 examples active
2024-09-02 12:39:49,699 [INFO] DbExamplesSqlite:397 - Found 0 examples obsolete
2024-09-02 12:39:49,699 [INFO] DbExamplesSqlite:398 - Found 0 examples under development
2024-09-02 12:39:49,699 [INFO] DbExamplesSqlite:399 - Found 10 examples not building
2024-09-02 12:39:49,701 [INFO] DbExamples:125 - Found 8590 examples
2024-09-02 12:39:49,822 [ERROR] DbExamples:208 - Found 308 examples with invalid data (board or MCU)
2024-09-02 12:39:49,822 [INFO] DbExamples:222 - Found 107 boards with related examples
2024-09-02 12:39:49,823 [INFO] DbExamples:235 - Found 86 MCUs with related examples
2024-09-02 12:39:49,856 [INFO] ApiDb:423 - Load user favorites file C:\Users\ACER/.stm32cubeide/favorites.examples.txt: 0 item(s)
2024-09-02 12:39:49,856 [INFO] ApiDb:427 - User favorites Examples=[]
2024-09-02 12:39:49,856 [INFO] DbExamples:250 - Set 0 / 0 favorites Examples
2024-09-02 12:39:50,338 [INFO] McuFinderGlobals:76 - Set McuFinderConnectedMode to true
2024-09-02 12:39:50,350 [INFO] MultiScanPanel:200 - Auto-refresh data requested => check proxy status ongoing
2024-09-02 12:39:50,354 [INFO] FinderPluginLoader:95 - Searching for filters in installed packs
2024-09-02 12:39:51,886 [INFO] LoadUrlFilesThread:185 - End of LoadServerUrlFiles without Thread
2024-09-02 12:39:51,903 [INFO] DetailPanel:341 - Set advertising image to C:/Users/ACER/STM32Cube/Repository/\en.prom-stm32h7rs-mcu-finder.jpg
2024-09-02 12:41:39,688 [INFO] MainUpdater:2873 - connection check result : 10
2024-09-02 12:41:39,688 [INFO] MainUpdater:2873 - connection check result : 10
2024-09-02 12:41:47,893 [INFO] MicroXplorer:468 - Change Database Path : 
2024-09-02 12:41:47,893 [INFO] MicroXplorer:498 - Change Database Version : DB.6.0.100
2024-09-02 12:41:47,909 [WARN] ThirdParty:871 - waiting for thirdparty lock release [close project]
2024-09-02 12:41:47,909 [INFO] ThirdParty:873 - entering critical section [close project]
2024-09-02 12:41:47,909 [INFO] ThirdParty:883 - exiting critical section [close project]
2024-09-02 12:41:47,909 [INFO] PinOutPanel:1499 - setPackage(No Configuration,No Configuration)
2024-09-02 12:41:47,909 [INFO] UtilMem:75 - Begin LoadConfig() Used Memory: 658835600 Bytes (1073741824)
2024-09-02 12:41:47,909 [INFO] MicroXplorer:468 - Change Database Path : 
2024-09-02 12:41:47,909 [INFO] MicroXplorer:498 - Change Database Version : DB.6.0.100
2024-09-02 12:41:47,909 [INFO] OpenFileManager:312 - Change cursor
2024-09-02 12:41:47,948 [WARN] IntegrityCheckThread:84 - waiting for thirdparty lock release [integrity check]
2024-09-02 12:41:47,948 [INFO] IntegrityCheckThread:86 - entering critical section [integrity check]
2024-09-02 12:41:48,200 [WARN] PackLoader:240 - Cannot read IP mode file for STMicroelectronics.FP-SNS-MOTENVWB1.1.4.0
2024-09-02 12:41:48,224 [WARN] PackLoader:240 - Cannot read IP mode file for STMicroelectronics.X-CUBE-SMBUS.2.1.0
2024-09-02 12:41:48,239 [WARN] PackLoader:240 - Cannot read IP mode file for STMicroelectronics.X-CUBE-TOUCHGFX.4.23.0
2024-09-02 12:41:48,251 [WARN] PackLoader:240 - Cannot read IP mode file for STMicroelectronics.X-CUBE-TOUCHGFX.4.23.2
2024-09-02 12:41:48,290 [WARN] PackLoader:240 - Cannot read IP mode file for STMicroelectronics.X-CUBE-AZRTOS-F7.1.1.0
2024-09-02 12:41:48,310 [WARN] PackLoader:240 - Cannot read IP mode file for STMicroelectronics.FP-SNS-MOTENV1.4.3.2
2024-09-02 12:41:48,380 [WARN] PackLoader:240 - Cannot read IP mode file for STMicroelectronics.X-CUBE-MEMS1.11.0.0
2024-09-02 12:41:48,753 [WARN] PackLoader:240 - Cannot read IP mode file for STMicroelectronics.X-CUBE-BLE1.6.2.4
2024-09-02 12:41:48,771 [WARN] PackLoader:240 - Cannot read IP mode file for STMicroelectronics.FP-SNS-FLIGHT1.5.0.2
2024-09-02 12:41:48,792 [WARN] PackLoader:240 - Cannot read IP mode file for STMicroelectronics.X-CUBE-DISPLAY.3.0.0
2024-09-02 12:41:48,811 [WARN] PackLoader:240 - Cannot read IP mode file for STMicroelectronics.X-CUBE-BLE1.7.0.0
2024-09-02 12:41:48,833 [WARN] PackLoader:240 - Cannot read IP mode file for emotas.I-CUBE-CANOPEN.1.3.0
2024-09-02 12:41:48,850 [WARN] PackLoader:240 - Cannot read IP mode file for STMicroelectronics.X-CUBE-TOUCHGFX.4.22.0
2024-09-02 12:41:48,871 [WARN] PackLoader:240 - Cannot read IP mode file for STMicroelectronics.X-CUBE-BLEMGR.3.1.0
2024-09-02 12:41:48,891 [WARN] PackLoader:240 - Cannot read IP mode file for STMicroelectronics.FP-SNS-SMARTAG2.1.2.0
2024-09-02 12:41:48,925 [INFO] LogOutputStream:77 - [STDOUT_REDIRECT] 1 : Invalid condition id : UX_CORESTACK_Condition cause : null
2024-09-02 12:41:48,926 [INFO] LogOutputStream:77 - [STDOUT_REDIRECT] 1 : Invalid condition id : UX_CORESTACK_Condition cause : null
2024-09-02 12:41:48,927 [INFO] LogOutputStream:77 - [STDOUT_REDIRECT] 1 : Invalid condition id : UX_CORESTACK_Condition cause : null
2024-09-02 12:41:48,929 [INFO] LogOutputStream:77 - [STDOUT_REDIRECT] 1 : Invalid condition id : UX_CORESTACK_Condition cause : null
2024-09-02 12:41:48,932 [INFO] LogOutputStream:77 - [STDOUT_REDIRECT] 1 : Invalid condition id : UX_CORESTACK_Condition cause : null
2024-09-02 12:41:48,936 [WARN] PackLoader:240 - Cannot read IP mode file for STMicroelectronics.X-CUBE-AZRTOS-WL.2.0.0
2024-09-02 12:41:48,961 [WARN] PackLoader:240 - Cannot read IP mode file for STMicroelectronics.FP-SNS-MOTENV1.5.0.0
2024-09-02 12:41:48,982 [WARN] PackLoader:240 - Cannot read IP mode file for wolfSSL.I-CUBE-wolfMQTT.1.19.0
2024-09-02 12:41:49,002 [WARN] PackLoader:240 - Cannot read IP mode file for WES.I-CUBE-Cesium.1.3.0
2024-09-02 12:41:49,019 [WARN] PackLoader:240 - Cannot read IP mode file for STMicroelectronics.X-CUBE-BLE2.3.3.0
2024-09-02 12:41:49,036 [WARN] PackLoader:240 - Cannot read IP mode file for STMicroelectronics.X-CUBE-TCPP.4.1.0
2024-09-02 12:41:49,054 [WARN] PackLoader:240 - Cannot read IP mode file for STMicroelectronics.X-CUBE-ALGOBUILD.1.3.0
2024-09-02 12:41:49,087 [WARN] PackLoader:240 - Cannot read IP mode file for STMicroelectronics.X-CUBE-AZRTOS-G0.1.1.0
2024-09-02 12:41:49,107 [WARN] PackLoader:240 - Cannot read IP mode file for STMicroelectronics.X-CUBE-SAFEA1.1.2.2
2024-09-02 12:41:49,131 [WARN] PackLoader:240 - Cannot read IP mode file for STMicroelectronics.X-CUBE-NFC4.3.0.0
2024-09-02 12:41:49,143 [WARN] PackLoader:240 - Cannot read IP mode file for wolfSSL.I-CUBE-wolfMQTT.1.18.0
2024-09-02 12:41:49,168 [WARN] PackLoader:240 - Cannot read IP mode file for EmbeddedOffice.I-CUBE-FS-RTOS.1.0.1
2024-09-02 12:41:49,168 [ERROR] ConditionMgr:805 - Attr not supported : Dmpu
2024-09-02 12:41:49,168 [ERROR] ConditionMgr:805 - Attr not supported : Dmpu
2024-09-02 12:41:49,168 [ERROR] ConditionMgr:805 - Attr not supported : Dmpu
2024-09-02 12:41:49,168 [ERROR] ConditionMgr:805 - Attr not supported : Dmpu
2024-09-02 12:41:49,168 [ERROR] ConditionMgr:805 - Attr not supported : Dmpu
2024-09-02 12:41:49,168 [ERROR] ConditionMgr:805 - Attr not supported : Dmpu
2024-09-02 12:41:49,168 [ERROR] ConditionMgr:805 - Attr not supported : Dmpu
2024-09-02 12:41:49,168 [ERROR] ConditionMgr:805 - Attr not supported : Dmpu
2024-09-02 12:41:49,168 [ERROR] ConditionMgr:805 - Attr not supported : Dmpu
2024-09-02 12:41:49,168 [ERROR] ConditionMgr:805 - Attr not supported : Dmpu
2024-09-02 12:41:49,168 [ERROR] ConditionMgr:805 - Attr not supported : Dmpu
2024-09-02 12:41:49,169 [ERROR] ConditionMgr:805 - Attr not supported : Dmpu
2024-09-02 12:41:49,169 [ERROR] ConditionMgr:805 - Attr not supported : Dmpu
2024-09-02 12:41:49,169 [ERROR] ConditionMgr:805 - Attr not supported : Dmpu
2024-09-02 12:41:49,169 [ERROR] ConditionMgr:805 - Attr not supported : Dmpu
2024-09-02 12:41:49,169 [ERROR] ConditionMgr:805 - Attr not supported : Dmpu
2024-09-02 12:41:49,169 [ERROR] ConditionMgr:805 - Attr not supported : Dmpu
2024-09-02 12:41:49,169 [ERROR] ConditionMgr:805 - Attr not supported : Dmpu
2024-09-02 12:41:49,169 [ERROR] ConditionMgr:805 - Attr not supported : Dmpu
2024-09-02 12:41:49,169 [ERROR] ConditionMgr:805 - Attr not supported : Dmpu
2024-09-02 12:41:49,169 [ERROR] ConditionMgr:805 - Attr not supported : Dmpu
2024-09-02 12:41:49,169 [ERROR] ConditionMgr:805 - Attr not supported : Dmpu
2024-09-02 12:41:49,169 [ERROR] ConditionMgr:805 - Attr not supported : Dmpu
2024-09-02 12:41:49,169 [ERROR] ConditionMgr:805 - Attr not supported : Dmpu
2024-09-02 12:41:49,169 [ERROR] ConditionMgr:805 - Attr not supported : Dmpu
2024-09-02 12:41:49,169 [ERROR] ConditionMgr:805 - Attr not supported : Dmpu
2024-09-02 12:41:49,169 [ERROR] ConditionMgr:805 - Attr not supported : Dmpu
2024-09-02 12:41:49,169 [ERROR] ConditionMgr:805 - Attr not supported : Dmpu
2024-09-02 12:41:49,169 [ERROR] ConditionMgr:805 - Attr not supported : Dmpu
2024-09-02 12:41:49,170 [ERROR] ConditionMgr:805 - Attr not supported : Dmpu
2024-09-02 12:41:49,170 [ERROR] ConditionMgr:805 - Attr not supported : Dmpu
2024-09-02 12:41:49,170 [ERROR] ConditionMgr:805 - Attr not supported : Dmpu
2024-09-02 12:41:49,170 [ERROR] ConditionMgr:805 - Attr not supported : Dmpu
2024-09-02 12:41:49,170 [ERROR] ConditionMgr:805 - Attr not supported : Dmpu
2024-09-02 12:41:49,170 [ERROR] ConditionMgr:805 - Attr not supported : Dmpu
2024-09-02 12:41:49,170 [ERROR] ConditionMgr:805 - Attr not supported : Dmpu
2024-09-02 12:41:49,170 [ERROR] ConditionMgr:805 - Attr not supported : Dmpu
2024-09-02 12:41:49,170 [ERROR] ConditionMgr:805 - Attr not supported : Dmpu
2024-09-02 12:41:49,170 [ERROR] ConditionMgr:805 - Attr not supported : Dmpu
2024-09-02 12:41:49,170 [ERROR] ConditionMgr:805 - Attr not supported : Dmpu
2024-09-02 12:41:49,170 [ERROR] ConditionMgr:805 - Attr not supported : Dmpu
2024-09-02 12:41:49,170 [ERROR] ConditionMgr:805 - Attr not supported : Dmpu
2024-09-02 12:41:49,170 [ERROR] ConditionMgr:805 - Attr not supported : Dmpu
2024-09-02 12:41:49,170 [ERROR] ConditionMgr:805 - Attr not supported : Dmpu
2024-09-02 12:41:49,170 [ERROR] ConditionMgr:805 - Attr not supported : Dmpu
2024-09-02 12:41:49,170 [ERROR] ConditionMgr:805 - Attr not supported : Dmpu
2024-09-02 12:41:49,170 [ERROR] ConditionMgr:805 - Attr not supported : Dmpu
2024-09-02 12:41:49,170 [ERROR] ConditionMgr:805 - Attr not supported : Dmpu
2024-09-02 12:41:49,170 [ERROR] ConditionMgr:805 - Attr not supported : Dmpu
2024-09-02 12:41:49,170 [ERROR] ConditionMgr:805 - Attr not supported : Dmpu
2024-09-02 12:41:49,170 [ERROR] ConditionMgr:805 - Attr not supported : Dmpu
2024-09-02 12:41:49,170 [ERROR] ConditionMgr:805 - Attr not supported : Dmpu
2024-09-02 12:41:49,170 [ERROR] ConditionMgr:805 - Attr not supported : Dmpu
2024-09-02 12:41:49,170 [ERROR] ConditionMgr:805 - Attr not supported : Dmpu
2024-09-02 12:41:49,170 [ERROR] ConditionMgr:805 - Attr not supported : Dmpu
2024-09-02 12:41:49,170 [ERROR] ConditionMgr:805 - Attr not supported : Dmpu
2024-09-02 12:41:49,171 [ERROR] ConditionMgr:805 - Attr not supported : Dmpu
2024-09-02 12:41:49,171 [ERROR] ConditionMgr:805 - Attr not supported : Dmpu
2024-09-02 12:41:49,171 [ERROR] ConditionMgr:805 - Attr not supported : Dmpu
2024-09-02 12:41:49,171 [ERROR] ConditionMgr:805 - Attr not supported : Dmpu
2024-09-02 12:41:49,171 [ERROR] ConditionMgr:805 - Attr not supported : Dmpu
2024-09-02 12:41:49,171 [ERROR] ConditionMgr:805 - Attr not supported : Dmpu
2024-09-02 12:41:49,171 [ERROR] ConditionMgr:805 - Attr not supported : Dmpu
2024-09-02 12:41:49,171 [ERROR] ConditionMgr:805 - Attr not supported : Dmpu
2024-09-02 12:41:49,190 [WARN] PackLoader:240 - Cannot read IP mode file for STMicroelectronics.X-CUBE-BLEMGR.3.0.0
2024-09-02 12:41:49,213 [WARN] PackLoader:240 - Cannot read IP mode file for RealThread.X-CUBE-RT-Thread_Nano.4.1.1
2024-09-02 12:41:49,233 [WARN] PackLoader:240 - Cannot read IP mode file for STMicroelectronics.FP-ATR-SIGFOX1.3.2.0
2024-09-02 12:41:49,248 [WARN] PackLoader:240 - Cannot read IP mode file for wolfSSL.I-CUBE-wolfSSL.5.7.2
2024-09-02 12:41:49,267 [WARN] PackLoader:240 - Cannot read IP mode file for STMicroelectronics.X-CUBE-EEPRMA1.5.1.0
2024-09-02 12:41:49,287 [WARN] PackLoader:240 - Cannot read IP mode file for ITTIA_DB.I-CUBE-ITTIADB.8.9.0
2024-09-02 12:41:49,336 [WARN] PackLoader:240 - Cannot read IP mode file for SEGGER.I-CUBE-embOS.1.3.1
2024-09-02 12:41:49,383 [WARN] PackLoader:240 - Cannot read IP mode file for STMicroelectronics.X-CUBE-ALGOBUILD.1.4.0
2024-09-02 12:41:49,402 [WARN] PackLoader:240 - Cannot read IP mode file for STMicroelectronics.X-CUBE-GNSS1.6.0.0
2024-09-02 12:41:49,438 [WARN] PackLoader:240 - Cannot read IP mode file for STMicroelectronics.X-CUBE-AZRTOS-F4.1.1.0
2024-09-02 12:41:49,456 [WARN] PackLoader:240 - Cannot read IP mode file for wolfSSL.I-CUBE-wolfSSL.5.6.3
2024-09-02 12:41:49,476 [WARN] PackLoader:240 - Cannot read IP mode file for STMicroelectronics.X-CUBE-FREERTOS.1.2.0
2024-09-02 12:41:49,515 [WARN] PackLoader:240 - Cannot read IP mode file for STMicroelectronics.X-CUBE-AZRTOS-L5.2.0.0
2024-09-02 12:41:49,568 [WARN] PackLoader:240 - Cannot read IP mode file for STMicroelectronics.X-CUBE-MEMS1.9.6.0
2024-09-02 12:41:49,757 [WARN] PackLoader:240 - Cannot read IP mode file for STMicroelectronics.X-CUBE-EEPRMA1.4.2.0
2024-09-02 12:41:49,792 [WARN] PackLoader:240 - Cannot read IP mode file for STMicroelectronics.X-CUBE-NFC6.3.1.0
2024-09-02 12:41:49,820 [WARN] PackLoader:240 - Cannot read IP mode file for ITTIA_DB.I-CUBE-ITTIADB.8.8.0
2024-09-02 12:41:49,847 [WARN] PackLoader:240 - Cannot read IP mode file for STMicroelectronics.X-CUBE-BLEMGR.2.0.0
2024-09-02 12:41:49,875 [WARN] PackLoader:240 - Cannot read IP mode file for STMicroelectronics.X-CUBE-DPower.1.2.0
2024-09-02 12:41:49,902 [WARN] PackLoader:240 - Cannot read IP mode file for STMicroelectronics.X-CUBE-AI.9.0.0
2024-09-02 12:41:49,948 [WARN] ConditionMgr:438 - getConditionDescription Invalid condition id : UX DEVICE CLASS RTOS Condition cause : null
2024-09-02 12:41:49,948 [WARN] ConditionMgr:438 - getConditionDescription Invalid condition id : UX DEVICE CLASS RTOS Condition cause : null
2024-09-02 12:41:49,952 [WARN] PackLoader:240 - Cannot read IP mode file for STMicroelectronics.X-CUBE-AZRTOS-H7.3.1.0
2024-09-02 12:41:49,954 [WARN] ConditionMgr:1039 - genDependencies : Invalid condition id : UX DEVICE CLASS RTOS Condition cause : null
2024-09-02 12:41:49,954 [WARN] ConditionMgr:1039 - genDependencies : Invalid condition id : UX DEVICE CLASS RTOS Condition cause : null
2024-09-02 12:41:49,955 [WARN] ConditionMgr:1039 - genDependencies : Invalid condition id : UX DEVICE CLASS RTOS Condition cause : null
2024-09-02 12:41:49,956 [WARN] ConditionMgr:1039 - genDependencies : Invalid condition id : UX DEVICE CLASS RTOS Condition cause : null
2024-09-02 12:41:49,956 [WARN] ConditionMgr:1039 - genDependencies : Invalid condition id : UX DEVICE CLASS RTOS Condition cause : null
2024-09-02 12:41:49,984 [WARN] PackLoader:240 - Cannot read IP mode file for STMicroelectronics.X-CUBE-NFC7.1.0.1
2024-09-02 12:41:50,007 [WARN] PackLoader:240 - Cannot read IP mode file for wolfSSL.I-CUBE-wolfTPM.3.2.0
2024-09-02 12:41:50,033 [WARN] PackLoader:240 - Cannot read IP mode file for STMicroelectronics.X-CUBE-NFC6.3.0.0
2024-09-02 12:41:50,055 [WARN] PackLoader:240 - Cannot read IP mode file for STMicroelectronics.X-CUBE-EEPRMA1.4.1.0
2024-09-02 12:41:50,074 [WARN] PackLoader:240 - Cannot read IP mode file for STMicroelectronics.X-CUBE-AI.8.1.0
2024-09-02 12:41:50,115 [WARN] ConditionMgr:438 - getConditionDescription Invalid condition id : LAN8742 Phy interface Condition cause : null
2024-09-02 12:41:50,116 [WARN] PackLoader:240 - Cannot read IP mode file for STMicroelectronics.X-CUBE-AZRTOS-L4.2.0.0
2024-09-02 12:41:50,117 [WARN] ConditionMgr:1039 - genDependencies : Invalid condition id : LAN8742 Phy interface Condition cause : null
2024-09-02 12:41:50,117 [WARN] ConditionMgr:1039 - genDependencies : Invalid condition id : LAN8742 Phy interface Condition cause : null
2024-09-02 12:41:50,118 [WARN] ConditionMgr:1039 - genDependencies : Invalid condition id : LAN8742 Phy interface Condition cause : null
2024-09-02 12:41:50,139 [WARN] PackLoader:240 - Cannot read IP mode file for STMicroelectronics.X-CUBE-SFXS2LP1.4.0.0
2024-09-02 12:41:50,166 [WARN] PackLoader:240 - Cannot read IP mode file for STMicroelectronics.X-CUBE-ISPU.1.1.0
2024-09-02 12:41:50,220 [WARN] PackLoader:240 - Cannot read IP mode file for STMicroelectronics.X-CUBE-AZRTOS-H7.3.3.0
2024-09-02 12:41:50,265 [WARN] ConditionMgr:438 - getConditionDescription Invalid condition id : UX DEVICE CLASS RTOS Condition cause : null
2024-09-02 12:41:50,265 [WARN] ConditionMgr:438 - getConditionDescription Invalid condition id : UX DEVICE CLASS RTOS Condition cause : null
2024-09-02 12:41:50,268 [WARN] PackLoader:240 - Cannot read IP mode file for STMicroelectronics.X-CUBE-AZRTOS-WB.2.0.0
2024-09-02 12:41:50,269 [WARN] ConditionMgr:1039 - genDependencies : Invalid condition id : UX DEVICE CLASS RTOS Condition cause : null
2024-09-02 12:41:50,269 [WARN] ConditionMgr:1039 - genDependencies : Invalid condition id : UX DEVICE CLASS RTOS Condition cause : null
2024-09-02 12:41:50,270 [WARN] ConditionMgr:1039 - genDependencies : Invalid condition id : UX DEVICE CLASS RTOS Condition cause : null
2024-09-02 12:41:50,270 [WARN] ConditionMgr:1039 - genDependencies : Invalid condition id : UX DEVICE CLASS RTOS Condition cause : null
2024-09-02 12:41:50,270 [WARN] ConditionMgr:1039 - genDependencies : Invalid condition id : UX DEVICE CLASS RTOS Condition cause : null
2024-09-02 12:41:50,292 [WARN] PackLoader:240 - Cannot read IP mode file for STMicroelectronics.X-CUBE-FREERTOS.1.0.1
2024-09-02 12:41:50,317 [WARN] PackLoader:240 - Cannot read IP mode file for STMicroelectronics.FP-SNS-STBOX1.2.0.0
2024-09-02 12:41:50,355 [WARN] PackLoader:240 - Cannot read IP mode file for STMicroelectronics.X-CUBE-AZRTOS-L5.1.1.0
2024-09-02 12:41:50,384 [WARN] PackLoader:240 - Cannot read IP mode file for STMicroelectronics.X-CUBE-AI.8.0.1
2024-09-02 12:41:50,434 [WARN] PackLoader:240 - Cannot read IP mode file for STMicroelectronics.X-CUBE-SUBG2.5.0.0
2024-09-02 12:41:50,456 [WARN] PackLoader:240 - Cannot read IP mode file for Cesanta.I-CUBE-Mongoose.7.13.0
2024-09-02 12:41:50,492 [WARN] PackLoader:240 - Cannot read IP mode file for STMicroelectronics.X-CUBE-TOF1.3.3.1
2024-09-02 12:41:50,540 [WARN] PackLoader:240 - Cannot read IP mode file for STMicroelectronics.X-CUBE-AZRTOS-G4.2.0.0
2024-09-02 12:41:50,591 [WARN] PackLoader:240 - Cannot read IP mode file for Infineon.AIROC-Wi-Fi-Bluetooth-STM32.1.5.1
2024-09-02 12:41:50,620 [WARN] PackLoader:240 - Cannot read IP mode file for STMicroelectronics.FP-SNS-MOTENVWB1.1.3.1
2024-09-02 12:41:50,649 [WARN] PackLoader:240 - Cannot read IP mode file for STMicroelectronics.X-CUBE-ISPU.2.0.0
2024-09-02 12:41:50,671 [WARN] PackLoader:240 - Cannot read IP mode file for STMicroelectronics.X-CUBE-ALS.1.0.2
2024-09-02 12:41:50,735 [WARN] PackLoader:240 - Cannot read IP mode file for STMicroelectronics.X-CUBE-MEMS1.10.0.0
2024-09-02 12:41:50,831 [WARN] PackLoader:240 - Cannot read IP mode file for STMicroelectronics.X-CUBE-FREERTOS.1.1.0
2024-09-02 12:41:50,851 [WARN] PackLoader:240 - Cannot read IP mode file for STMicroelectronics.X-CUBE-TOUCHGFX.4.24.0
2024-09-02 12:41:50,868 [WARN] PackLoader:240 - Cannot read IP mode file for wolfSSL.I-CUBE-wolfTPM.3.4.0
2024-09-02 12:41:50,890 [WARN] PackLoader:240 - Cannot read IP mode file for portGmbH.I-Cube-SoM-uGOAL.1.1.0
2024-09-02 12:41:50,915 [WARN] PackLoader:240 - Cannot read IP mode file for STMicroelectronics.X-CUBE-ALS.1.0.1
2024-09-02 12:41:50,945 [WARN] PackLoader:240 - Cannot read IP mode file for STMicroelectronics.X-CUBE-AZRTOS-WB.1.1.0
2024-09-02 12:41:50,989 [WARN] PackLoader:240 - Cannot read IP mode file for STMicroelectronics.X-CUBE-AZRTOS-H7RS.1.0.0
2024-09-02 12:41:51,011 [WARN] PackLoader:240 - Cannot read IP mode file for STMicroelectronics.FP-ATR-ASTRA1.2.0.0
2024-09-02 12:41:51,035 [WARN] PackLoader:240 - Cannot read IP mode file for STMicroelectronics.X-CUBE-TOF1.3.4.2
2024-09-02 12:41:51,070 [WARN] PackLoader:240 - Cannot read IP mode file for STMicroelectronics.X-CUBE-TOF1.3.4.0
2024-09-02 12:41:51,117 [WARN] PackLoader:240 - Cannot read IP mode file for Infineon.AIROC-Wi-Fi-Bluetooth-STM32.1.6.1
2024-09-02 12:41:51,147 [WARN] PackLoader:240 - Cannot read IP mode file for STMicroelectronics.X-CUBE-TOF1.3.4.1
2024-09-02 12:41:51,219 [WARN] PackLoader:240 - Cannot read IP mode file for STMicroelectronics.X-CUBE-AZRTOS-H7.3.2.0
2024-09-02 12:41:51,237 [WARN] PackLoader:240 - Cannot read IP mode file for wolfSSL.I-CUBE-wolfSSH.1.4.17
2024-09-02 12:41:51,237 [INFO] ThirdParty:978 - Integrity check success = true
2024-09-02 12:41:51,238 [INFO] IntegrityCheckThread:100 - exiting critical section [integrity check]
2024-09-02 12:41:51,238 [INFO] IntegrityCheckThread:103 - End integrity checks thread
2024-09-02 12:41:51,294 [INFO] Mcu:2016 - Initializing MCU STM32F746VGTx STM32F746VGTx STM32F746VGT6
2024-09-02 12:41:53,808 [INFO] Context:659 - Trying to add GPIOservice into a context  which must be forbidden
2024-09-02 12:41:54,587 [INFO] ImportTextPane:194 - (OptionalMessage_ERROR) Unable to find key (Mcu.ThirdPartyNb) in loaded IOC file
2024-09-02 12:41:54,587 [INFO] ImportTextPane:194 - (OptionalMessage_ERROR) Unable to find key (Mcu.PinsNb) in loaded IOC file
2024-09-02 12:41:54,587 [INFO] ImportTextPane:194 - (OptionalMessage_ERROR) Unable to find key (Mcu.IPNb) in loaded IOC file
2024-09-02 12:41:55,151 [INFO] RtosManager:555 - Registered RTOS mode: class=CMSIS, group=RTOS, mode=CMSIS_V1, owner=FREERTOS
2024-09-02 12:41:55,152 [INFO] RtosManager:555 - Registered RTOS mode: class=CMSIS, group=RTOS2, mode=CMSIS_V2, owner=FREERTOS
2024-09-02 12:41:55,152 [INFO] RtosManager:555 - Registered RTOS mode: class=RTOS, group=Core, mode=CMSIS_V1, owner=FREERTOS
2024-09-02 12:41:55,153 [INFO] RtosManager:555 - Registered RTOS mode: class=RTOS, group=Core, mode=CMSIS_V2, owner=FREERTOS
2024-09-02 12:41:55,153 [WARN] ModelIntegratedComponent:184 - Missing modes for component STMicroelectronics:FreeRTOS:0.0.1:STMicroelectronics:RTOS:FreeRTOS:Core:::10.2.0:
2024-09-02 12:41:55,164 [WARN] ModelIntegratedComponent:63 - No mode defined for component null
2024-09-02 12:41:55,164 [WARN] ModelIntegratedComponent:63 - No mode defined for component null
2024-09-02 12:41:55,164 [WARN] ModelIntegratedComponent:63 - No mode defined for component null
2024-09-02 12:41:55,165 [WARN] ModelIntegratedComponent:63 - No mode defined for component null
2024-09-02 12:41:55,165 [WARN] ModelIntegratedComponent:63 - No mode defined for component null
2024-09-02 12:41:55,165 [WARN] ModelIntegratedComponent:63 - No mode defined for component null
2024-09-02 12:41:55,165 [WARN] ModelIntegratedComponent:63 - No mode defined for component null
2024-09-02 12:41:55,165 [WARN] ModelIntegratedComponent:63 - No mode defined for component null
2024-09-02 12:41:55,165 [WARN] ModelIntegratedComponent:63 - No mode defined for component null
2024-09-02 12:41:55,165 [WARN] ModelIntegratedComponent:63 - No mode defined for component null
2024-09-02 12:41:55,165 [WARN] ModelIntegratedComponent:63 - No mode defined for component null
2024-09-02 12:41:55,165 [WARN] ModelIntegratedComponent:63 - No mode defined for component null
2024-09-02 12:41:55,165 [WARN] ModelIntegratedComponent:63 - No mode defined for component null
2024-09-02 12:41:55,165 [WARN] ModelIntegratedComponent:63 - No mode defined for component null
2024-09-02 12:41:55,165 [WARN] ModelIntegratedComponent:63 - No mode defined for component null
2024-09-02 12:41:55,165 [WARN] ModelIntegratedComponent:63 - No mode defined for component null
2024-09-02 12:41:55,165 [WARN] ModelIntegratedComponent:63 - No mode defined for component null
2024-09-02 12:41:55,165 [WARN] ModelIntegratedComponent:63 - No mode defined for component null
2024-09-02 12:41:55,165 [WARN] ModelIntegratedComponent:63 - No mode defined for component null
2024-09-02 12:41:55,166 [WARN] ModelIntegratedComponent:63 - No mode defined for component null
2024-09-02 12:41:55,166 [WARN] ModelIntegratedComponent:63 - No mode defined for component null
2024-09-02 12:41:55,166 [WARN] ModelIntegratedComponent:63 - No mode defined for component null
2024-09-02 12:41:55,166 [WARN] ModelIntegratedComponent:63 - No mode defined for component null
2024-09-02 12:41:55,166 [WARN] ModelIntegratedComponent:63 - No mode defined for component null
2024-09-02 12:41:55,166 [WARN] ModelIntegratedComponent:63 - No mode defined for component null
2024-09-02 12:41:55,166 [WARN] ModelIntegratedComponent:63 - No mode defined for component null
2024-09-02 12:41:55,166 [WARN] ModelIntegratedComponent:63 - No mode defined for component null
2024-09-02 12:41:55,166 [WARN] ModelIntegratedComponent:63 - No mode defined for component null
2024-09-02 12:41:55,166 [WARN] ModelIntegratedComponent:63 - No mode defined for component null
2024-09-02 12:41:55,166 [WARN] ModelIntegratedComponent:63 - No mode defined for component null
2024-09-02 12:41:55,166 [WARN] ModelIntegratedComponent:63 - No mode defined for component null
2024-09-02 12:41:55,166 [WARN] ModelIntegratedComponent:63 - No mode defined for component null
2024-09-02 12:41:55,166 [WARN] ModelIntegratedComponent:63 - No mode defined for component null
2024-09-02 12:41:55,434 [INFO] ThirdPartyModel:298 - Start build external matchings
2024-09-02 12:41:57,439 [INFO] ThirdPartyModel:316 - End build external matchings
2024-09-02 12:41:57,948 [INFO] UtilMem:75 - End LoadConfig() Used Memory: 906914200 Bytes (1073741824)
2024-09-02 12:41:58,003 [INFO] MicroXplorer:468 - Change Database Path : 
2024-09-02 12:41:58,004 [INFO] MicroXplorer:498 - Change Database Version : DB.6.0.100
2024-09-02 12:41:58,005 [WARN] ThirdParty:833 - waiting for thirdparty lock release [change project]
2024-09-02 12:41:58,005 [INFO] ThirdParty:835 - entering critical section [change project]
2024-09-02 12:41:58,005 [INFO] ThirdParty:1030 - CMSIS Pack Vendor :STMicroelectronics USBPD 4.1
2024-09-02 12:41:58,005 [INFO] ThirdParty:1030 - CMSIS Pack Vendor :STMicroelectronics X-CUBE-GNSS1 6.0.0
2024-09-02 12:41:58,005 [INFO] ThirdParty:1030 - CMSIS Pack Vendor :STMicroelectronics USB_HOST 2.0.0
2024-09-02 12:41:58,005 [INFO] ThirdParty:1030 - CMSIS Pack Vendor :STMicroelectronics FP-SNS-MOTENVWB1 1.4.0
2024-09-02 12:41:58,005 [INFO] ThirdParty:1030 - CMSIS Pack Vendor :STMicroelectronics X-CUBE-AZRTOS-F4 1.1.0
2024-09-02 12:41:58,005 [INFO] ThirdParty:1030 - CMSIS Pack Vendor :STMicroelectronics LIBJPEG 8.0.0
2024-09-02 12:41:58,005 [INFO] ThirdParty:1030 - CMSIS Pack Vendor :wolfSSL I-CUBE-wolfSSL 5.6.3
2024-09-02 12:41:58,005 [INFO] ThirdParty:1030 - CMSIS Pack Vendor :STMicroelectronics X-CUBE-SMBUS 2.1.0
2024-09-02 12:41:58,005 [INFO] ThirdParty:1030 - CMSIS Pack Vendor :STMicroelectronics X-CUBE-FREERTOS 1.2.0
2024-09-02 12:41:58,005 [INFO] ThirdParty:1030 - CMSIS Pack Vendor :STMicroelectronics X-CUBE-TOUCHGFX 4.23.0
2024-09-02 12:41:58,005 [INFO] ThirdParty:1030 - CMSIS Pack Vendor :STMicroelectronics X-CUBE-TOUCHGFX 4.23.2
2024-09-02 12:41:58,005 [INFO] ThirdParty:1030 - CMSIS Pack Vendor :STMicroelectronics X-CUBE-AZRTOS-F7 1.1.0
2024-09-02 12:41:58,005 [INFO] ThirdParty:1030 - CMSIS Pack Vendor :STMicroelectronics X-CUBE-AZRTOS-L5 2.0.0
2024-09-02 12:41:58,005 [INFO] ThirdParty:1030 - CMSIS Pack Vendor :STMicroelectronics USB_DEVICE 2.0.0
2024-09-02 12:41:58,005 [INFO] ThirdParty:1030 - CMSIS Pack Vendor :STMicroelectronics X-CUBE-MEMS1 9.6.0
2024-09-02 12:41:58,005 [INFO] ThirdParty:1030 - CMSIS Pack Vendor :STMicroelectronics X-CUBE-EEPRMA1 4.2.0
2024-09-02 12:41:58,005 [INFO] ThirdParty:1030 - CMSIS Pack Vendor :STMicroelectronics X-CUBE-NFC6 3.1.0
2024-09-02 12:41:58,005 [INFO] ThirdParty:1030 - CMSIS Pack Vendor :ITTIA_DB I-CUBE-ITTIADB 8.8.0
2024-09-02 12:41:58,006 [INFO] ThirdParty:1030 - CMSIS Pack Vendor :STMicroelectronics FP-SNS-MOTENV1 4.3.2
2024-09-02 12:41:58,006 [INFO] ThirdParty:1030 - CMSIS Pack Vendor :STMicroelectronics X-CUBE-MEMS1 11.0.0
2024-09-02 12:41:58,006 [INFO] ThirdParty:1030 - CMSIS Pack Vendor :STMicroelectronics X-CUBE-BLE1 6.2.4
2024-09-02 12:41:58,006 [INFO] ThirdParty:1030 - CMSIS Pack Vendor :STMicroelectronics FreeRTOS 0.0.1
2024-09-02 12:41:58,006 [INFO] ThirdParty:1030 - CMSIS Pack Vendor :STMicroelectronics X-CUBE-BLEMGR 2.0.0
2024-09-02 12:41:58,006 [INFO] ThirdParty:1030 - CMSIS Pack Vendor :STMicroelectronics X-CUBE-DPower 1.2.0
2024-09-02 12:41:58,006 [INFO] ThirdParty:1030 - CMSIS Pack Vendor :STMicroelectronics FP-SNS-FLIGHT1 5.0.2
2024-09-02 12:41:58,006 [INFO] ThirdParty:1030 - CMSIS Pack Vendor :STMicroelectronics X-CUBE-AI 9.0.0
2024-09-02 12:41:58,006 [INFO] ThirdParty:1030 - CMSIS Pack Vendor :STMicroelectronics X-CUBE-AZRTOS-H7 3.1.0
2024-09-02 12:41:58,006 [INFO] ThirdParty:1030 - CMSIS Pack Vendor :STMicroelectronics PDM2PCM 3.3.0
2024-09-02 12:41:58,006 [INFO] ThirdParty:1030 - CMSIS Pack Vendor :STMicroelectronics X-CUBE-DISPLAY 3.0.0
2024-09-02 12:41:58,006 [INFO] ThirdParty:1030 - CMSIS Pack Vendor :STMicroelectronics X-CUBE-BLE1 7.0.0
2024-09-02 12:41:58,006 [INFO] ThirdParty:1030 - CMSIS Pack Vendor :STMicroelectronics HAL Drivers 0.0.0
2024-09-02 12:41:58,006 [INFO] ThirdParty:1030 - CMSIS Pack Vendor :emotas I-CUBE-CANOPEN 1.3.0
2024-09-02 12:41:58,006 [INFO] ThirdParty:1030 - CMSIS Pack Vendor :STMicroelectronics X-CUBE-TOUCHGFX 4.22.0
2024-09-02 12:41:58,006 [INFO] ThirdParty:1030 - CMSIS Pack Vendor :STMicroelectronics X-CUBE-NFC7 1.0.1
2024-09-02 12:41:58,006 [INFO] ThirdParty:1030 - CMSIS Pack Vendor :STMicroelectronics MBEDTLS 2.14.1
2024-09-02 12:41:58,006 [INFO] ThirdParty:1030 - CMSIS Pack Vendor :wolfSSL I-CUBE-wolfTPM 3.2.0
2024-09-02 12:41:58,006 [INFO] ThirdParty:1030 - CMSIS Pack Vendor :STMicroelectronics X-CUBE-NFC6 3.0.0
2024-09-02 12:41:58,006 [INFO] ThirdParty:1030 - CMSIS Pack Vendor :STMicroelectronics X-CUBE-EEPRMA1 4.1.0
2024-09-02 12:41:58,006 [INFO] ThirdParty:1030 - CMSIS Pack Vendor :STMicroelectronics X-CUBE-BLEMGR 3.1.0
2024-09-02 12:41:58,006 [INFO] ThirdParty:1030 - CMSIS Pack Vendor :STMicroelectronics FP-SNS-SMARTAG2 1.2.0
2024-09-02 12:41:58,006 [INFO] ThirdParty:1030 - CMSIS Pack Vendor :STMicroelectronics X-CUBE-AZRTOS-WL 2.0.0
2024-09-02 12:41:58,006 [INFO] ThirdParty:1030 - CMSIS Pack Vendor :STMicroelectronics FP-SNS-MOTENV1 5.0.0
2024-09-02 12:41:58,006 [INFO] ThirdParty:1030 - CMSIS Pack Vendor :STMicroelectronics USB_DEVICE 1.0.0
2024-09-02 12:41:58,006 [INFO] ThirdParty:1030 - CMSIS Pack Vendor :STMicroelectronics X-CUBE-AI 8.1.0
2024-09-02 12:41:58,007 [INFO] ThirdParty:1030 - CMSIS Pack Vendor :wolfSSL I-CUBE-wolfMQTT 1.19.0
2024-09-02 12:41:58,007 [INFO] ThirdParty:1030 - CMSIS Pack Vendor :STMicroelectronics X-CUBE-AZRTOS-L4 2.0.0
2024-09-02 12:41:58,007 [INFO] ThirdParty:1030 - CMSIS Pack Vendor :STMicroelectronics ThreadX 0.0.2
2024-09-02 12:41:58,007 [INFO] ThirdParty:1030 - CMSIS Pack Vendor :WES I-CUBE-Cesium 1.3.0
2024-09-02 12:41:58,007 [INFO] ThirdParty:1030 - CMSIS Pack Vendor :STMicroelectronics lwIP 2.1.2
2024-09-02 12:41:58,007 [INFO] ThirdParty:1030 - CMSIS Pack Vendor :STMicroelectronics X-CUBE-SFXS2LP1 4.0.0
2024-09-02 12:41:58,007 [INFO] ThirdParty:1030 - CMSIS Pack Vendor :STMicroelectronics X-CUBE-BLE2 3.3.0
2024-09-02 12:41:58,007 [INFO] ThirdParty:1030 - CMSIS Pack Vendor :STMicroelectronics PDM2PCM 3.2.0
2024-09-02 12:41:58,007 [INFO] ThirdParty:1030 - CMSIS Pack Vendor :STMicroelectronics X-CUBE-ISPU 1.1.0
2024-09-02 12:41:58,007 [INFO] ThirdParty:1030 - CMSIS Pack Vendor :STMicroelectronics X-CUBE-AZRTOS-H7 3.3.0
2024-09-02 12:41:58,007 [INFO] ThirdParty:1030 - CMSIS Pack Vendor :STMicroelectronics USB_DEVICE 3.0.0
2024-09-02 12:41:58,007 [INFO] ThirdParty:1030 - CMSIS Pack Vendor :STMicroelectronics X-CUBE-TCPP 4.1.0
2024-09-02 12:41:58,007 [INFO] ThirdParty:1030 - CMSIS Pack Vendor :STMicroelectronics X-CUBE-AZRTOS-WB 2.0.0
2024-09-02 12:41:58,007 [INFO] ThirdParty:1030 - CMSIS Pack Vendor :STMicroelectronics X-CUBE-FREERTOS 1.0.1
2024-09-02 12:41:58,007 [INFO] ThirdParty:1030 - CMSIS Pack Vendor :STMicroelectronics FP-SNS-STBOX1 2.0.0
2024-09-02 12:41:58,007 [INFO] ThirdParty:1030 - CMSIS Pack Vendor :STMicroelectronics X-CUBE-ALGOBUILD 1.3.0
2024-09-02 12:41:58,007 [INFO] ThirdParty:1030 - CMSIS Pack Vendor :STMicroelectronics X-CUBE-AZRTOS-L5 1.1.0
2024-09-02 12:41:58,007 [INFO] ThirdParty:1030 - CMSIS Pack Vendor :STMicroelectronics X-CUBE-AZRTOS-G0 1.1.0
2024-09-02 12:41:58,007 [INFO] ThirdParty:1030 - CMSIS Pack Vendor :STMicroelectronics X-CUBE-AI 8.0.1
2024-09-02 12:41:58,007 [INFO] ThirdParty:1030 - CMSIS Pack Vendor :STMicroelectronics X-CUBE-SAFEA1 1.2.2
2024-09-02 12:41:58,007 [INFO] ThirdParty:1030 - CMSIS Pack Vendor :STMicroelectronics X-CUBE-NFC4 3.0.0
2024-09-02 12:41:58,007 [INFO] ThirdParty:1030 - CMSIS Pack Vendor :STMicroelectronics X-CUBE-SUBG2 5.0.0
2024-09-02 12:41:58,008 [INFO] ThirdParty:1030 - CMSIS Pack Vendor :STMicroelectronics STM32_WPAN 1.0.0
2024-09-02 12:41:58,008 [INFO] ThirdParty:1030 - CMSIS Pack Vendor :wolfSSL I-CUBE-wolfMQTT 1.18.0
2024-09-02 12:41:58,008 [INFO] ThirdParty:1030 - CMSIS Pack Vendor :EmbeddedOffice I-CUBE-FS-RTOS 1.0.1
2024-09-02 12:41:58,008 [INFO] ThirdParty:1030 - CMSIS Pack Vendor :STMicroelectronics lwIP 2.0.3
2024-09-02 12:41:58,008 [INFO] ThirdParty:1030 - CMSIS Pack Vendor :Cesanta I-CUBE-Mongoose 7.13.0
2024-09-02 12:41:58,008 [INFO] ThirdParty:1030 - CMSIS Pack Vendor :STMicroelectronics USB_HOST 1.0.0
2024-09-02 12:41:58,008 [INFO] ThirdParty:1030 - CMSIS Pack Vendor :STMicroelectronics X-CUBE-TOF1 3.3.1
2024-09-02 12:41:58,008 [INFO] ThirdParty:1030 - CMSIS Pack Vendor :STMicroelectronics X-CUBE-AZRTOS-G4 2.0.0
2024-09-02 12:41:58,008 [INFO] ThirdParty:1030 - CMSIS Pack Vendor :STMicroelectronics PDM2PCM 3.1.0
2024-09-02 12:41:58,008 [INFO] ThirdParty:1030 - CMSIS Pack Vendor :Infineon AIROC-Wi-Fi-Bluetooth-STM32 1.5.1
2024-09-02 12:41:58,008 [INFO] ThirdParty:1030 - CMSIS Pack Vendor :STMicroelectronics X-CUBE-BLEMGR 3.0.0
2024-09-02 12:41:58,008 [INFO] ThirdParty:1030 - CMSIS Pack Vendor :RealThread X-CUBE-RT-Thread_Nano 4.1.1
2024-09-02 12:41:58,008 [INFO] ThirdParty:1030 - CMSIS Pack Vendor :STMicroelectronics FP-SNS-MOTENVWB1 1.3.1
2024-09-02 12:41:58,008 [INFO] ThirdParty:1030 - CMSIS Pack Vendor :STMicroelectronics FP-ATR-SIGFOX1 3.2.0
2024-09-02 12:41:58,008 [INFO] ThirdParty:1030 - CMSIS Pack Vendor :wolfSSL I-CUBE-wolfSSL 5.7.2
2024-09-02 12:41:58,009 [INFO] ThirdParty:1030 - CMSIS Pack Vendor :STMicroelectronics X-CUBE-ISPU 2.0.0
2024-09-02 12:41:58,009 [INFO] ThirdParty:1030 - CMSIS Pack Vendor :STMicroelectronics X-CUBE-EEPRMA1 5.1.0
2024-09-02 12:41:58,009 [INFO] ThirdParty:1030 - CMSIS Pack Vendor :STMicroelectronics MBEDTLS 2.16.2
2024-09-02 12:41:58,009 [INFO] ThirdParty:1030 - CMSIS Pack Vendor :STMicroelectronics X-CUBE-ALS 1.0.2
2024-09-02 12:41:58,010 [INFO] ThirdParty:1030 - CMSIS Pack Vendor :STMicroelectronics X-CUBE-MEMS1 10.0.0
2024-09-02 12:41:58,010 [INFO] ThirdParty:1030 - CMSIS Pack Vendor :STMicroelectronics X-CUBE-FREERTOS 1.1.0
2024-09-02 12:41:58,010 [INFO] ThirdParty:1030 - CMSIS Pack Vendor :STMicroelectronics X-CUBE-TOUCHGFX 4.24.0
2024-09-02 12:41:58,010 [INFO] ThirdParty:1030 - CMSIS Pack Vendor :ITTIA_DB I-CUBE-ITTIADB 8.9.0
2024-09-02 12:41:58,010 [INFO] ThirdParty:1030 - CMSIS Pack Vendor :wolfSSL I-CUBE-wolfTPM 3.4.0
2024-09-02 12:41:58,010 [INFO] ThirdParty:1030 - CMSIS Pack Vendor :portGmbH I-Cube-SoM-uGOAL 1.1.0
2024-09-02 12:41:58,010 [INFO] ThirdParty:1030 - CMSIS Pack Vendor :STMicroelectronics X-CUBE-ALS 1.0.1
2024-09-02 12:41:58,010 [INFO] ThirdParty:1030 - CMSIS Pack Vendor :STMicroelectronics ThreadX 1.0.0
2024-09-02 12:41:58,010 [INFO] ThirdParty:1030 - CMSIS Pack Vendor :STMicroelectronics X-CUBE-AZRTOS-WB 1.1.0
2024-09-02 12:41:58,010 [INFO] ThirdParty:1030 - CMSIS Pack Vendor :SEGGER I-CUBE-embOS 1.3.1
2024-09-02 12:41:58,010 [INFO] ThirdParty:1030 - CMSIS Pack Vendor :STMicroelectronics X-CUBE-ALGOBUILD 1.4.0
2024-09-02 12:41:58,010 [INFO] ThirdParty:1030 - CMSIS Pack Vendor :STMicroelectronics X-CUBE-AZRTOS-H7RS 1.0.0
2024-09-02 12:41:58,011 [INFO] ThirdParty:1030 - CMSIS Pack Vendor :STMicroelectronics FP-ATR-ASTRA1 2.0.0
2024-09-02 12:41:58,011 [INFO] ThirdParty:1030 - CMSIS Pack Vendor :STMicroelectronics X-CUBE-TOF1 3.4.2
2024-09-02 12:41:58,011 [INFO] ThirdParty:1030 - CMSIS Pack Vendor :STMicroelectronics X-CUBE-TOF1 3.4.0
2024-09-02 12:41:58,011 [INFO] ThirdParty:1030 - CMSIS Pack Vendor :Infineon AIROC-Wi-Fi-Bluetooth-STM32 1.6.1
2024-09-02 12:41:58,011 [INFO] ThirdParty:1030 - CMSIS Pack Vendor :STMicroelectronics X-CUBE-TOF1 3.4.1
2024-09-02 12:41:58,012 [INFO] ThirdParty:1030 - CMSIS Pack Vendor :STMicroelectronics X-CUBE-AZRTOS-H7 3.2.0
2024-09-02 12:41:58,012 [INFO] ThirdParty:1030 - CMSIS Pack Vendor :wolfSSL I-CUBE-wolfSSH 1.4.17
2024-09-02 12:41:58,013 [INFO] ThirdParty:841 - exiting critical section [change project]
2024-09-02 12:41:58,659 [INFO] PinOutPanel:1499 - setPackage(No Configuration,No Configuration)
2024-09-02 12:41:58,664 [INFO] PinOutPanel:1499 - setPackage(STM32F746VGTx,LQFP100)
2024-09-02 12:41:59,699 [INFO] UtilMem:75 - Before build in PCC Used Memory: 911068224 Bytes (1073741824)
2024-09-02 12:42:00,807 [INFO] UtilMem:75 - After build in PCC Used Memory: 667131928 Bytes (1073741824)
2024-09-02 12:42:00,856 [INFO] IPUIPlugin:80 - create IPUIPlugin
2024-09-02 12:42:00,856 [INFO] IPUIPlugin:80 - create IPUIPlugin
2024-09-02 12:42:00,856 [INFO] IPUIPlugin:80 - create IPUIPlugin
2024-09-02 12:42:00,856 [INFO] IPUIPlugin:80 - create IPUIPlugin
2024-09-02 12:42:00,856 [INFO] IPUIPlugin:80 - create IPUIPlugin
2024-09-02 12:42:00,857 [INFO] IPUIPlugin:80 - create IPUIPlugin
2024-09-02 12:42:00,857 [INFO] IPUIPlugin:80 - create IPUIPlugin
2024-09-02 12:42:00,857 [INFO] IPUIPlugin:80 - create IPUIPlugin
2024-09-02 12:42:00,857 [INFO] IPUIPlugin:80 - create IPUIPlugin
2024-09-02 12:42:00,857 [INFO] IPUIPlugin:80 - create IPUIPlugin
2024-09-02 12:42:00,857 [INFO] IPUIPlugin:80 - create IPUIPlugin
2024-09-02 12:42:00,857 [INFO] IPUIPlugin:80 - create IPUIPlugin
2024-09-02 12:42:00,857 [INFO] IPUIPlugin:80 - create IPUIPlugin
2024-09-02 12:42:00,858 [INFO] IPUIPlugin:80 - create IPUIPlugin
2024-09-02 12:42:00,858 [INFO] IPUIPlugin:80 - create IPUIPlugin
2024-09-02 12:42:00,858 [INFO] IPUIPlugin:80 - create IPUIPlugin
2024-09-02 12:42:00,858 [INFO] IPUIPlugin:80 - create IPUIPlugin
2024-09-02 12:42:00,858 [INFO] IPUIPlugin:80 - create IPUIPlugin
2024-09-02 12:42:00,858 [INFO] IPUIPlugin:80 - create IPUIPlugin
2024-09-02 12:42:00,859 [INFO] IPUIPlugin:80 - create IPUIPlugin
2024-09-02 12:42:00,859 [INFO] IPUIPlugin:80 - create IPUIPlugin
2024-09-02 12:42:00,859 [INFO] IPUIPlugin:80 - create IPUIPlugin
2024-09-02 12:42:00,860 [INFO] IPUIPlugin:80 - create IPUIPlugin
2024-09-02 12:42:00,860 [INFO] IPUIPlugin:80 - create IPUIPlugin
2024-09-02 12:42:00,860 [INFO] IPUIPlugin:80 - create IPUIPlugin
2024-09-02 12:42:00,861 [INFO] IPUIPlugin:80 - create IPUIPlugin
2024-09-02 12:42:00,861 [INFO] IPUIPlugin:80 - create IPUIPlugin
2024-09-02 12:42:00,862 [INFO] IPUIPlugin:80 - create IPUIPlugin
2024-09-02 12:42:00,863 [INFO] IPUIPlugin:80 - create IPUIPlugin
2024-09-02 12:42:00,864 [INFO] IPUIPlugin:80 - create IPUIPlugin
2024-09-02 12:42:00,864 [INFO] IPUIPlugin:80 - create IPUIPlugin
2024-09-02 12:42:00,864 [INFO] IPUIPlugin:80 - create IPUIPlugin
2024-09-02 12:42:00,864 [INFO] IPUIPlugin:80 - create IPUIPlugin
2024-09-02 12:42:00,865 [INFO] IPUIPlugin:80 - create IPUIPlugin
2024-09-02 12:42:00,865 [INFO] IPUIPlugin:80 - create IPUIPlugin
2024-09-02 12:42:00,865 [INFO] IPUIPlugin:80 - create IPUIPlugin
2024-09-02 12:42:00,865 [INFO] IPUIPlugin:80 - create IPUIPlugin
2024-09-02 12:42:00,865 [INFO] IPUIPlugin:80 - create IPUIPlugin
2024-09-02 12:42:00,867 [INFO] IPUIPlugin:80 - create IPUIPlugin
2024-09-02 12:42:00,867 [INFO] IPUIPlugin:80 - create IPUIPlugin
2024-09-02 12:42:00,867 [INFO] IPUIPlugin:80 - create IPUIPlugin
2024-09-02 12:42:00,867 [INFO] IPUIPlugin:80 - create IPUIPlugin
2024-09-02 12:42:00,868 [INFO] IPUIPlugin:80 - create IPUIPlugin
2024-09-02 12:42:00,868 [INFO] IPUIPlugin:80 - create IPUIPlugin
2024-09-02 12:42:00,868 [INFO] IPUIPlugin:80 - create IPUIPlugin
2024-09-02 12:42:00,868 [INFO] IPUIPlugin:80 - create IPUIPlugin
2024-09-02 12:42:00,868 [INFO] IPUIPlugin:80 - create IPUIPlugin
2024-09-02 12:42:00,869 [INFO] IPUIPlugin:80 - create IPUIPlugin
2024-09-02 12:42:00,869 [INFO] IPUIPlugin:80 - create IPUIPlugin
2024-09-02 12:42:00,869 [INFO] IPUIPlugin:80 - create IPUIPlugin
2024-09-02 12:42:00,870 [INFO] IPUIPlugin:80 - create IPUIPlugin
2024-09-02 12:42:00,870 [INFO] IPUIPlugin:80 - create IPUIPlugin
2024-09-02 12:42:00,870 [INFO] IPUIPlugin:80 - create IPUIPlugin
2024-09-02 12:42:00,870 [INFO] IPUIPlugin:80 - create IPUIPlugin
2024-09-02 12:42:00,870 [INFO] IPUIPlugin:80 - create IPUIPlugin
2024-09-02 12:42:00,871 [INFO] IPUIPlugin:80 - create IPUIPlugin
2024-09-02 12:42:00,871 [INFO] IPUIPlugin:80 - create IPUIPlugin
2024-09-02 12:42:00,871 [INFO] IPUIPlugin:80 - create IPUIPlugin
2024-09-02 12:42:00,872 [INFO] IPUIPlugin:80 - create IPUIPlugin
2024-09-02 12:42:00,872 [INFO] IPUIPlugin:80 - create IPUIPlugin
2024-09-02 12:42:00,872 [INFO] IPUIPlugin:80 - create IPUIPlugin
2024-09-02 12:42:00,873 [INFO] IPUIPlugin:80 - create IPUIPlugin
2024-09-02 12:42:00,873 [INFO] IPUIPlugin:80 - create IPUIPlugin
2024-09-02 12:42:00,873 [INFO] IPUIPlugin:80 - create IPUIPlugin
2024-09-02 12:42:00,873 [INFO] IPUIPlugin:80 - create IPUIPlugin
2024-09-02 12:42:00,874 [INFO] IPUIPlugin:80 - create IPUIPlugin
2024-09-02 12:42:00,874 [INFO] IPUIPlugin:80 - create IPUIPlugin
2024-09-02 12:42:00,874 [INFO] IPUIPlugin:80 - create IPUIPlugin
2024-09-02 12:42:00,875 [INFO] IPUIPlugin:80 - create IPUIPlugin
2024-09-02 12:42:00,875 [INFO] IPUIPlugin:80 - create IPUIPlugin
2024-09-02 12:42:00,876 [INFO] IPUIPlugin:80 - create IPUIPlugin
2024-09-02 12:42:00,877 [INFO] IPUIPlugin:80 - create IPUIPlugin
2024-09-02 12:42:01,019 [INFO] ApiDbMcu:508 - Load IP Config File for PDM2PCM
2024-09-02 12:42:01,369 [INFO] CADModel:165 - CPN selected for project levelSTM32F746VGT6
2024-09-02 12:42:01,369 [INFO] CADModel:114 - Register for checkConnection events
2024-09-02 12:42:01,423 [INFO] OpenFileManager:343 - Restore cursor
2024-09-02 12:42:03,657 [INFO] UtilMem:75 - End SaveConfig() Used Memory: 862163600 Bytes (1073741824)
2024-09-02 12:42:06,045 [INFO] ServerAccessManage:473 - Download File stm32cube_fw_f7_v1170.zip
2024-09-02 12:58:23,830 [INFO] AnalyticsPlugin:363 - Accepted License(s) without tracking enabled: [FW.F7.1.17.0]
2024-09-02 12:58:23,830 [INFO] FileExtend:240 - Unzip File : stm32cube_fw_f7_v1170.zip
2024-09-02 12:58:23,831 [INFO] FileExtend:255 - Standard Zip Deflate
2024-09-02 13:00:07,185 [INFO] ServerAccessManage:473 - Download File stm32cube_fw_f7_v1172.zip
2024-09-02 13:01:50,187 [INFO] FileExtend:240 - Unzip File : stm32cube_fw_f7_v1172.zip
2024-09-02 13:01:50,188 [INFO] FileExtend:255 - Standard Zip Deflate
2024-09-02 13:03:22,261 [INFO] LoadServerPackagesThread:196 - End of LoadServerPackages Thread
2024-09-02 13:03:22,743 [INFO] ThirdPartyModel:298 - Start build external matchings
2024-09-02 13:03:22,958 [INFO] UtilMem:75 - End SaveConfig() Used Memory: 683899064 Bytes (1073741824)
2024-09-02 13:03:25,337 [INFO] BlockDiagram:2759 - set Specific Code input for plugin: RCC
2024-09-02 13:03:26,990 [INFO] BlockDiagram:2759 - set Specific Code input for plugin: NVIC
2024-09-02 13:03:26,990 [INFO] BlockDiagram:2759 - set Specific Code input for plugin: CORTEX_M7
2024-09-02 13:03:27,003 [INFO] CodeGenerator:807 - code generatio: config db path: C:\ST\STM32CubeIDE_1.14.1\STM32CubeIDE\plugins\com.st.stm32cube.common.mx_6.10.0.202311202037\\db\
2024-09-02 13:03:27,798 [INFO] CodeEngine:255 - oldGeneratedFile, D:\FYP\Firmware\stm32_project\temp\MXTmpFiles\license.tmp_save
2024-09-02 13:03:29,077 [INFO] CodeEngine:279 - Generated code: D:\FYP\Firmware\stm32_project\temp\MXTmpFiles\license.tmp
2024-09-02 13:03:29,400 [INFO] CodeEngine:255 - oldGeneratedFile, D:\FYP\Firmware\stm32_project\temp\MXTmpFiles\cortex.tmp_save
2024-09-02 13:03:29,825 [INFO] CodeEngine:279 - Generated code: D:\FYP\Firmware\stm32_project\temp\MXTmpFiles\cortex.tmp
2024-09-02 13:03:29,890 [INFO] CodeEngine:255 - oldGeneratedFile, D:\FYP\Firmware\stm32_project\temp\Core\Src\stm32f7xx_it.c_save
2024-09-02 13:03:30,318 [INFO] CodeEngine:279 - Generated code: D:\FYP\Firmware\stm32_project\temp\Core\Src\stm32f7xx_it.c
2024-09-02 13:03:30,351 [INFO] CodeEngine:255 - oldGeneratedFile, D:\FYP\Firmware\stm32_project\temp\Core\Inc\stm32f7xx_it.h_save
2024-09-02 13:03:30,602 [INFO] CodeEngine:279 - Generated code: D:\FYP\Firmware\stm32_project\temp\Core\Inc\stm32f7xx_it.h
2024-09-02 13:03:30,901 [INFO] CodeEngine:255 - oldGeneratedFile, D:\FYP\Firmware\stm32_project\temp\Core\Src\stm32f7xx_hal_msp.c_save
2024-09-02 13:03:31,460 [INFO] CodeEngine:279 - Generated code: D:\FYP\Firmware\stm32_project\temp\Core\Src\stm32f7xx_hal_msp.c
2024-09-02 13:03:31,487 [INFO] CodeEngine:255 - oldGeneratedFile, D:\FYP\Firmware\stm32_project\temp\MXTmpFiles\system.tmp_save
2024-09-02 13:03:31,591 [INFO] ThirdPartyModel:316 - End build external matchings
2024-09-02 13:03:31,659 [INFO] CodeEngine:279 - Generated code: D:\FYP\Firmware\stm32_project\temp\MXTmpFiles\system.tmp
2024-09-02 13:03:31,659 [INFO] CheckServerUpdateThread:120 - End of CheckServer Thread
2024-09-02 13:03:31,695 [INFO] CodeEngine:311 - oldGeneratedFile, D:\FYP\Firmware\stm32_project\temp\Core\Inc\stm32f7xx_hal_conf.h_save
2024-09-02 13:03:31,990 [INFO] CodeEngine:335 - Generated code: D:\FYP\Firmware\stm32_project\temp\Core\Inc\stm32f7xx_hal_conf.h
2024-09-02 13:03:32,173 [INFO] CodeEngine:255 - oldGeneratedFile, D:\FYP\Firmware\stm32_project\temp\Core\Inc\main.h_save
2024-09-02 13:03:32,467 [INFO] CodeEngine:279 - Generated code: D:\FYP\Firmware\stm32_project\temp\Core\Inc\main.h
2024-09-02 13:03:32,483 [INFO] CodeEngine:255 - oldGeneratedFile, D:\FYP\Firmware\stm32_project\temp\Core\Src\main.c_save
2024-09-02 13:03:32,736 [INFO] CodeEngine:279 - Generated code: D:\FYP\Firmware\stm32_project\temp\Core\Src\main.c
2024-09-02 13:03:33,658 [INFO] ProjectBuilder:3076 - Time for Copy HAL[1] : 192mS.
2024-09-02 13:03:33,673 [INFO] ProjectBuilder:4485 - Project Generator version: 4.2.0-B44
2024-09-02 13:03:34,432 [INFO] ConfigFileManager:1495 - The Die is : DIE449
2024-09-02 13:03:34,472 [INFO] ApiDbMcu:508 - Load IP Config File for FATFS
2024-09-02 13:03:34,505 [INFO] ApiDbMcu:508 - Load IP Config File for FREERTOS
2024-09-02 13:03:34,531 [INFO] ApiDbMcu:508 - Load IP Config File for LIBJPEG
2024-09-02 13:03:34,555 [INFO] ApiDbMcu:508 - Load IP Config File for LWIP
2024-09-02 13:03:34,589 [INFO] ApiDbMcu:508 - Load IP Config File for MBEDTLS
2024-09-02 13:03:34,622 [INFO] ApiDbMcu:508 - Load IP Config File for USB_DEVICE
2024-09-02 13:03:34,644 [INFO] ApiDbMcu:508 - Load IP Config File for USB_HOST
2024-09-02 13:03:36,968 [INFO] LogOutputStream:77 - [STDOUT_REDIRECT] 
2024-09-02 13:03:42,666 [INFO] ProjectBuilder:4747 - Time for Generating toolchain IDE Files: 8981mS.
2024-09-02 13:03:42,667 [INFO] ProjectBuilder:2947 - Time for Copy CMSIS : 1mS.
2024-09-02 13:03:42,668 [INFO] ProjectBuilder:2947 - Time for Copy CMSIS : 0mS.
2024-09-02 13:03:44,651 [INFO] McuFinderGlobals:76 - Set McuFinderConnectedMode to true
2024-09-02 13:03:44,675 [INFO] ApiDb:448 - Save user favorites file C:\Users\ACER/.stm32cubeide/favorites.mcus.txt: 0 item(s)
2024-09-02 13:03:44,675 [INFO] ApiDb:452 - User favorites MCUs=[]
2024-09-02 13:14:22,127 [INFO] I2sManager:658 - 9.6E7
2024-09-02 13:14:22,129 [INFO] I2sManager:195 - I2S Clock Value : 9.6E7
2024-09-02 13:14:22,133 [INFO] I2sManager:553 - AudioClock : 8000Divider : 187Odd : 1
2024-09-02 13:14:22,266 [INFO] I2sManager:658 - 9.6E7
2024-09-02 13:14:22,266 [INFO] I2sManager:195 - I2S Clock Value : 9.6E7
2024-09-02 13:14:22,266 [INFO] I2sManager:553 - AudioClock : 8000Divider : 187Odd : 1
2024-09-02 13:14:22,508 [INFO] NvicIntPanel:101 - NVIC parent = com.st.microxplorer.plugins.ip.nvic.MultiNvicIntPanel[,0,0,0x0,invalid,layout=javax.swing.BoxLayout,alignmentX=0.0,alignmentY=0.0,border=,flags=9,maximumSize=,minimumSize=,preferredSize=]
2024-09-02 13:14:22,725 [INFO] I2sManager:658 - 9.6E7
2024-09-02 13:14:22,725 [INFO] I2sManager:195 - I2S Clock Value : 9.6E7
2024-09-02 13:14:22,725 [INFO] I2sManager:553 - AudioClock : 8000Divider : 187Odd : 1
2024-09-02 13:14:22,780 [INFO] I2sManager:658 - 9.6E7
2024-09-02 13:14:22,780 [INFO] I2sManager:195 - I2S Clock Value : 9.6E7
2024-09-02 13:14:22,781 [INFO] I2sManager:553 - AudioClock : 8000Divider : 187Odd : 1
2024-09-02 13:16:04,023 [INFO] UtilMem:75 - End SaveConfig() Used Memory: 1009010448 Bytes (1073741824)
2024-09-02 13:18:24,844 [INFO] I2sManager:658 - 9.6E7
2024-09-02 13:18:24,844 [INFO] I2sManager:195 - I2S Clock Value : 9.6E7
2024-09-02 13:18:24,844 [INFO] I2sManager:553 - AudioClock : 8000Divider : 187Odd : 1
2024-09-02 13:18:28,650 [INFO] NvicIntPanel:101 - NVIC parent = com.st.microxplorer.plugins.ip.nvic.MultiNvicIntPanel[,0,0,0x0,invalid,layout=javax.swing.BoxLayout,alignmentX=0.0,alignmentY=0.0,border=,flags=9,maximumSize=,minimumSize=,preferredSize=]
2024-09-02 13:18:36,744 [INFO] NvicIntPanel:101 - NVIC parent = com.st.microxplorer.plugins.ip.nvic.MultiNvicIntPanel[,0,0,0x0,invalid,layout=javax.swing.BoxLayout,alignmentX=0.0,alignmentY=0.0,border=,flags=9,maximumSize=,minimumSize=,preferredSize=]
2024-09-02 13:18:42,459 [INFO] I2sManager:658 - 1.5E8
2024-09-02 13:18:42,459 [INFO] I2sManager:195 - I2S Clock Value : 1.5E8
2024-09-02 13:18:47,552 [INFO] I2sManager:658 - 6.0E8
2024-09-02 13:18:47,552 [INFO] I2sManager:195 - I2S Clock Value : 6.0E8
2024-09-02 13:19:38,433 [INFO] I2sManager:658 - 1.0E8
2024-09-02 13:19:38,433 [INFO] I2sManager:195 - I2S Clock Value : 1.0E8
2024-09-02 13:19:38,433 [INFO] I2sManager:553 - AudioClock : 7992Divider : 195Odd : 1
2024-09-02 13:19:50,273 [INFO] I2sManager:658 - 3.2E7
2024-09-02 13:19:50,273 [INFO] I2sManager:195 - I2S Clock Value : 3.2E7
2024-09-02 13:19:50,273 [INFO] I2sManager:553 - AudioClock : 8000Divider : 62Odd : 1
2024-09-02 13:19:55,045 [INFO] I2sManager:658 - 9.6E7
2024-09-02 13:19:55,045 [INFO] I2sManager:195 - I2S Clock Value : 9.6E7
2024-09-02 13:19:55,046 [INFO] I2sManager:553 - AudioClock : 8000Divider : 187Odd : 1
2024-09-02 13:20:01,356 [INFO] I2sManager:658 - 9.6E7
2024-09-02 13:20:01,356 [INFO] I2sManager:195 - I2S Clock Value : 9.6E7
2024-09-02 13:20:01,356 [INFO] I2sManager:553 - AudioClock : 8000Divider : 187Odd : 1
2024-09-02 13:20:22,141 [INFO] I2sManager:658 - 1.0E8
2024-09-02 13:20:22,142 [INFO] I2sManager:195 - I2S Clock Value : 1.0E8
2024-09-02 13:20:22,142 [INFO] I2sManager:553 - AudioClock : 7992Divider : 195Odd : 1
2024-09-02 13:20:31,318 [INFO] UtilMem:75 - End SaveConfig() Used Memory: 952265008 Bytes (1073741824)
2024-09-02 13:22:57,935 [INFO] I2sManager:658 - 1.0E8
2024-09-02 13:22:57,935 [INFO] I2sManager:195 - I2S Clock Value : 1.0E8
2024-09-02 13:22:57,935 [INFO] I2sManager:553 - AudioClock : 7992Divider : 195Odd : 1
2024-09-02 13:22:59,420 [INFO] I2sManager:658 - 1.0E8
2024-09-02 13:22:59,420 [INFO] I2sManager:195 - I2S Clock Value : 1.0E8
2024-09-02 13:22:59,421 [INFO] I2sManager:553 - AudioClock : 7992Divider : 195Odd : 1
2024-09-02 13:23:04,622 [INFO] UtilMem:75 - End SaveConfig() Used Memory: 916969616 Bytes (1073741824)
2024-09-02 14:39:01,167 [ERROR] LogOutputStream:75 - [STDERR_REDIRECT] 
2024-09-02 14:39:01,174 [ERROR] LogOutputStream:75 - [STDERR_REDIRECT] 
