2024-08-28 22:46:37,271 [INFO] Activator:176 - 


2024-08-28 22:46:37,314 [INFO] Activator:177 - !SESSION log4j initialized
2024-08-28 22:46:44,694 [INFO] LogOutputStream:77 - [STDOUT_REDIRECT] 
2024-08-28 22:46:48,276 [INFO] ApplicationProperties:184 - Using Application install path: C:\ST\STM32CubeIDE_1.14.1\STM32CubeIDE\plugins\com.st.stm32cube.common.mx_6.10.0.202311202037
2024-08-28 22:46:48,307 [INFO] DbMcusXml:78 - Set database path to: C:\ST\STM32CubeIDE_1.14.1\STM32CubeIDE\plugins\com.st.stm32cube.common.mx_6.10.0.202311202037\\db\/mcu/
2024-08-28 22:46:48,307 [INFO] ApiDb:274 - Set plugin database path to: C:\ST\STM32CubeIDE_1.14.1\STM32CubeIDE\plugins\com.st.stm32cube.common.mx_6.10.0.202311202037\\db\/plugins/boardmanager/
2024-08-28 22:46:48,344 [WARN] ApiDb:259 - Overriding images path with different value:  => C:\ST\STM32CubeIDE_1.14.1\STM32CubeIDE\plugins\com.st.stm32cube.common.mx_6.10.0.202311202037\\db\/plugins/mcufinder/images/
2024-08-28 22:46:48,354 [INFO] ApiDb:250 - Set database path to: C:\Users\ACER\.stmcufinder\plugins\mcufinder//mcu/
2024-08-28 22:46:48,355 [INFO] DbMcusAds:125 - Set database path to: C:\Users\ACER\.stmcufinder\plugins\mcufinder//mcu/
2024-08-28 22:46:48,357 [INFO] CrossReferenceDbSqlite:203 - Set database path to: C:\Users\ACER\.stmcufinder\plugins\mcufinder//mcu/cs/
2024-08-28 22:46:48,480 [INFO] RulesReader:64 - Compatibility file has been processed (297 Rules)
2024-08-28 22:46:48,567 [INFO] DbMcusXml:78 - Set database path to: C:\ST\STM32CubeIDE_1.14.1\STM32CubeIDE\plugins\com.st.stm32cube.common.mx_6.10.0.202311202037\\db\/mcu/
2024-08-28 22:46:48,567 [INFO] ApiDb:274 - Set plugin database path to: C:\ST\STM32CubeIDE_1.14.1\STM32CubeIDE\plugins\com.st.stm32cube.common.mx_6.10.0.202311202037\\db\/plugins/boardmanager/
2024-08-28 22:46:48,567 [INFO] ApiDb:261 - Set plugin images path to: C:\ST\STM32CubeIDE_1.14.1\STM32CubeIDE\plugins\com.st.stm32cube.common.mx_6.10.0.202311202037\\db\/plugins/mcufinder/images/
2024-08-28 22:46:48,568 [WARN] DbFile:41 - Overriding database path with different value: C:\Users\ACER\.stmcufinder\plugins\mcufinder/ => C:\Users\ACER\.stmcufinder\plugins\mcufinder
2024-08-28 22:46:48,568 [INFO] ApiDb:250 - Set database path to: C:\Users\ACER\.stmcufinder\plugins\mcufinder//mcu/
2024-08-28 22:46:48,568 [WARN] DbFile:41 - Overriding database path with different value: C:\Users\ACER\.stmcufinder\plugins\mcufinder/ => C:\Users\ACER\.stmcufinder\plugins\mcufinder
2024-08-28 22:46:48,568 [INFO] DbMcusAds:125 - Set database path to: C:\Users\ACER\.stmcufinder\plugins\mcufinder//mcu/
2024-08-28 22:46:48,568 [WARN] DbFile:41 - Overriding database path with different value: C:\Users\ACER\.stmcufinder\plugins\mcufinder/ => C:\Users\ACER\.stmcufinder\plugins\mcufinder
2024-08-28 22:46:48,568 [WARN] DbFile:41 - Overriding database path with different value: C:\Users\ACER\.stmcufinder\plugins\mcufinder/ => C:\Users\ACER\.stmcufinder\plugins\mcufinder
2024-08-28 22:46:48,568 [INFO] CrossReferenceDbSqlite:203 - Set database path to: C:\Users\ACER\.stmcufinder\plugins\mcufinder//mcu/cs/
2024-08-28 22:46:48,652 [INFO] MainPanel:264 - HeapMemory: 268435456
2024-08-28 22:46:48,761 [INFO] DbMcusXml:78 - Set database path to: C:\ST\STM32CubeIDE_1.14.1\STM32CubeIDE\plugins\com.st.stm32cube.common.mx_6.10.0.202311202037\\db\/mcu/
2024-08-28 22:46:48,761 [INFO] ApiDb:274 - Set plugin database path to: C:\ST\STM32CubeIDE_1.14.1\STM32CubeIDE\plugins\com.st.stm32cube.common.mx_6.10.0.202311202037\\db\/plugins/boardmanager/
2024-08-28 22:46:48,761 [INFO] ApiDb:261 - Set plugin images path to: C:\ST\STM32CubeIDE_1.14.1\STM32CubeIDE\plugins\com.st.stm32cube.common.mx_6.10.0.202311202037\\db\/plugins/mcufinder/images/
2024-08-28 22:46:48,762 [WARN] DbFile:41 - Overriding database path with different value: C:\Users\ACER\.stmcufinder\plugins\mcufinder/ => C:\Users\ACER\.stmcufinder\plugins\mcufinder
2024-08-28 22:46:48,762 [INFO] ApiDb:250 - Set database path to: C:\Users\ACER\.stmcufinder\plugins\mcufinder//mcu/
2024-08-28 22:46:48,762 [WARN] DbFile:41 - Overriding database path with different value: C:\Users\ACER\.stmcufinder\plugins\mcufinder/ => C:\Users\ACER\.stmcufinder\plugins\mcufinder
2024-08-28 22:46:48,762 [INFO] DbMcusAds:125 - Set database path to: C:\Users\ACER\.stmcufinder\plugins\mcufinder//mcu/
2024-08-28 22:46:48,762 [WARN] DbFile:41 - Overriding database path with different value: C:\Users\ACER\.stmcufinder\plugins\mcufinder/ => C:\Users\ACER\.stmcufinder\plugins\mcufinder
2024-08-28 22:46:48,762 [WARN] DbFile:41 - Overriding database path with different value: C:\Users\ACER\.stmcufinder\plugins\mcufinder/ => C:\Users\ACER\.stmcufinder\plugins\mcufinder
2024-08-28 22:46:48,762 [INFO] CrossReferenceDbSqlite:203 - Set database path to: C:\Users\ACER\.stmcufinder\plugins\mcufinder//mcu/cs/
2024-08-28 22:46:48,782 [INFO] ApplicationProperties:184 - Using Application install path: C:\ST\STM32CubeIDE_1.14.1\STM32CubeIDE\plugins\com.st.stm32cube.common.mx_6.10.0.202311202037
2024-08-28 22:46:48,783 [INFO] PluginManage:196 - Search for loadable plugins [exclusion list=, ]
2024-08-28 22:46:48,784 [INFO] PluginManage:310 - Check plugin analytics
2024-08-28 22:46:48,952 [INFO] AnalyticsPlugin:253 - Accepted Software Licenses: STM32CubeMX.6.12.0
2024-08-28 22:46:48,952 [INFO] AnalyticsPlugin:255 - Accepted CMSIS Pack Licenses: STMicroelectronics.X-CUBE-MEMS1.11.0.0
2024-08-28 22:46:48,952 [INFO] AnalyticsPlugin:257 - Accepted Firmware Licenses: 
2024-08-28 22:46:48,955 [INFO] PluginManage:359 - Loaded plugin analytics (category:tool,tabindex:-1)
2024-08-28 22:46:48,956 [INFO] PluginManage:310 - Check plugin cadmodel
2024-08-28 22:46:48,962 [INFO] CADModel:105 - Init CAD model plugin
2024-08-28 22:46:48,962 [INFO] PluginManage:359 - Loaded plugin cadmodel (category:power,tabindex:5)
2024-08-28 22:46:48,962 [INFO] PluginManage:310 - Check plugin clock
2024-08-28 22:46:48,973 [INFO] PluginManage:359 - Loaded plugin clock (category:base,tabindex:2)
2024-08-28 22:46:48,973 [INFO] PluginManage:310 - Check plugin ddr
2024-08-28 22:46:48,975 [INFO] PluginManage:359 - Loaded plugin ddr (category:tool,tabindex:6)
2024-08-28 22:46:48,976 [INFO] PluginManage:310 - Check plugin filemanager
2024-08-28 22:46:49,134 [INFO] PluginManage:359 - Loaded plugin filemanager (category:base,tabindex:10)
2024-08-28 22:46:49,134 [INFO] PluginManage:310 - Check plugin ipmanager
2024-08-28 22:46:49,142 [INFO] PluginManage:359 - Loaded plugin ipmanager (category:base,tabindex:5)
2024-08-28 22:46:49,143 [INFO] PluginManage:310 - Check plugin lpbam
2024-08-28 22:46:49,152 [INFO] PluginManage:359 - Loaded plugin lpbam (category:base,tabindex:0)
2024-08-28 22:46:49,152 [INFO] PluginManage:310 - Check plugin memorymap
2024-08-28 22:46:49,174 [INFO] PluginManage:359 - Loaded plugin memorymap (category:base,tabindex:4)
2024-08-28 22:46:49,174 [INFO] PluginManage:310 - Check plugin pinoutandconfiguration
2024-08-28 22:46:49,185 [INFO] PluginManage:359 - Loaded plugin pinoutandconfiguration (category:base,tabindex:1)
2024-08-28 22:46:49,185 [INFO] PluginManage:310 - Check plugin pinoutconfig
2024-08-28 22:46:49,293 [WARN] SupportedApi:132 - Cannot load RTOS API schema: s4s-elt-must-match.1: The content of 'definitions' must match (annotation?, (simpleType | complexType)?, (unique | key | keyref)*)). A problem was found starting at: attribute.
2024-08-28 22:46:49,439 [INFO] PluginManage:359 - Loaded plugin pinoutconfig (category:base,tabindex:0)
2024-08-28 22:46:49,439 [INFO] PluginManage:310 - Check plugin power
2024-08-28 22:46:49,453 [INFO] PluginManage:359 - Loaded plugin power (category:power,tabindex:4)
2024-08-28 22:46:49,453 [INFO] PluginManage:310 - Check plugin projectmanager
2024-08-28 22:46:49,474 [INFO] PluginManage:359 - Loaded plugin projectmanager (category:projectmanager,tabindex:3)
2024-08-28 22:46:49,474 [INFO] PluginManage:310 - Check plugin thirdparty
2024-08-28 22:46:49,638 [WARN] IntegrityCheckThread:84 - waiting for thirdparty lock release [integrity check]
2024-08-28 22:46:49,638 [INFO] IntegrityCheckThread:86 - entering critical section [integrity check]
2024-08-28 22:46:49,638 [INFO] PluginManage:359 - Loaded plugin thirdparty (category:base,tabindex:-1)
2024-08-28 22:46:49,638 [INFO] PluginManage:310 - Check plugin tools
2024-08-28 22:46:49,639 [INFO] ThirdPartyUpdaterWithRetryManager:70 - Updater plugin not ready yet. [1/15]
2024-08-28 22:46:49,642 [INFO] PluginManage:359 - Loaded plugin tools (category:base,tabindex:7)
2024-08-28 22:46:49,642 [INFO] PluginManage:310 - Check plugin tutovideos
2024-08-28 22:46:49,802 [INFO] PluginManage:359 - Loaded plugin tutovideos (category:base,tabindex:-1)
2024-08-28 22:46:49,803 [INFO] PluginManage:310 - Check plugin updater
2024-08-28 22:46:49,816 [INFO] PluginManage:359 - Loaded plugin updater (category:base,tabindex:12)
2024-08-28 22:46:49,816 [INFO] PluginManage:310 - Check plugin userauth
2024-08-28 22:46:49,823 [INFO] UserAuth:114 - Init User Auth plugin
2024-08-28 22:46:49,824 [INFO] PluginManage:359 - Loaded plugin userauth (category:base,tabindex:14)
2024-08-28 22:46:49,824 [INFO] PluginManage:283 - PluginManage : Loaded plugins [17]
2024-08-28 22:46:50,064 [INFO] PinOutPanel:1499 - setPackage(No Configuration,No Configuration)
2024-08-28 22:46:50,156 [INFO] CADModel:165 - CPN selected for project level
2024-08-28 22:46:50,156 [INFO] CADModel:114 - Register for checkConnection events
2024-08-28 22:46:50,182 [INFO] IPUIPlugin:80 - create IPUIPlugin
2024-08-28 22:46:50,182 [INFO] PluginManager:220 - loadIPPluginJar : add adc
2024-08-28 22:46:50,185 [INFO] IPUIPlugin:80 - create IPUIPlugin
2024-08-28 22:46:50,185 [INFO] PluginManager:220 - loadIPPluginJar : add aes
2024-08-28 22:46:50,189 [INFO] IPUIPlugin:80 - create IPUIPlugin
2024-08-28 22:46:50,189 [INFO] PluginManager:220 - loadIPPluginJar : add can
2024-08-28 22:46:50,192 [INFO] IPUIPlugin:80 - create IPUIPlugin
2024-08-28 22:46:50,192 [INFO] PluginManager:220 - loadIPPluginJar : add comp
2024-08-28 22:46:50,195 [INFO] IPUIPlugin:80 - create IPUIPlugin
2024-08-28 22:46:50,195 [INFO] PluginManager:220 - loadIPPluginJar : add cryp
2024-08-28 22:46:50,197 [INFO] IPUIPlugin:80 - create IPUIPlugin
2024-08-28 22:46:50,197 [INFO] PluginManager:220 - loadIPPluginJar : add dfsdm
2024-08-28 22:46:50,208 [INFO] IPUIPlugin:80 - create IPUIPlugin
2024-08-28 22:46:50,208 [INFO] PluginManager:220 - loadIPPluginJar : add dma
2024-08-28 22:46:50,211 [INFO] IPUIPlugin:80 - create IPUIPlugin
2024-08-28 22:46:50,211 [INFO] PluginManager:220 - loadIPPluginJar : add dma3
2024-08-28 22:46:50,212 [INFO] IPUIPlugin:80 - create IPUIPlugin
2024-08-28 22:46:50,212 [INFO] PluginManager:220 - loadIPPluginJar : add fatfs
2024-08-28 22:46:50,217 [INFO] IPUIPlugin:80 - create IPUIPlugin
2024-08-28 22:46:50,217 [INFO] PluginManager:220 - loadIPPluginJar : add fmc
2024-08-28 22:46:50,224 [INFO] IPUIPlugin:80 - create IPUIPlugin
2024-08-28 22:46:50,224 [INFO] PluginManager:220 - loadIPPluginJar : add freertos
2024-08-28 22:46:50,226 [INFO] IPUIPlugin:80 - create IPUIPlugin
2024-08-28 22:46:50,226 [INFO] PluginManager:220 - loadIPPluginJar : add genericplugin
2024-08-28 22:46:50,228 [INFO] IPUIPlugin:80 - create IPUIPlugin
2024-08-28 22:46:50,228 [INFO] PluginManager:220 - loadIPPluginJar : add gfxmmu
2024-08-28 22:46:50,233 [INFO] IPUIPlugin:80 - create IPUIPlugin
2024-08-28 22:46:50,234 [INFO] PluginManager:220 - loadIPPluginJar : add gic
2024-08-28 22:46:50,238 [INFO] IPUIPlugin:80 - create IPUIPlugin
2024-08-28 22:46:50,238 [INFO] PluginManager:220 - loadIPPluginJar : add gpio
2024-08-28 22:46:50,241 [INFO] IPUIPlugin:80 - create IPUIPlugin
2024-08-28 22:46:50,241 [INFO] PluginManager:220 - loadIPPluginJar : add gtzc
2024-08-28 22:46:50,243 [INFO] IPUIPlugin:80 - create IPUIPlugin
2024-08-28 22:46:50,243 [INFO] PluginManager:220 - loadIPPluginJar : add hash
2024-08-28 22:46:50,245 [INFO] IPUIPlugin:80 - create IPUIPlugin
2024-08-28 22:46:50,245 [INFO] PluginManager:220 - loadIPPluginJar : add i2c
2024-08-28 22:46:50,248 [INFO] IPUIPlugin:80 - create IPUIPlugin
2024-08-28 22:46:50,248 [INFO] PluginManager:220 - loadIPPluginJar : add i2s
2024-08-28 22:46:50,251 [INFO] IPUIPlugin:80 - create IPUIPlugin
2024-08-28 22:46:50,251 [INFO] PluginManager:220 - loadIPPluginJar : add i3c
2024-08-28 22:46:50,255 [INFO] IPUIPlugin:80 - create IPUIPlugin
2024-08-28 22:46:50,255 [INFO] PluginManager:220 - loadIPPluginJar : add ipddr
2024-08-28 22:46:50,264 [INFO] IPUIPlugin:80 - create IPUIPlugin
2024-08-28 22:46:50,264 [INFO] PluginManager:220 - loadIPPluginJar : add linkedlist
2024-08-28 22:46:50,267 [INFO] IPUIPlugin:80 - create IPUIPlugin
2024-08-28 22:46:50,267 [INFO] PluginManager:220 - loadIPPluginJar : add lorawan
2024-08-28 22:46:50,268 [INFO] IPUIPlugin:80 - create IPUIPlugin
2024-08-28 22:46:50,268 [INFO] PluginManager:220 - loadIPPluginJar : add ltdc
2024-08-28 22:46:50,275 [INFO] IPUIPlugin:80 - create IPUIPlugin
2024-08-28 22:46:50,276 [INFO] PluginManager:220 - loadIPPluginJar : add mdma
2024-08-28 22:46:50,281 [INFO] IPUIPlugin:80 - create IPUIPlugin
2024-08-28 22:46:50,281 [INFO] PluginManager:220 - loadIPPluginJar : add nvic
2024-08-28 22:46:50,286 [INFO] IPUIPlugin:80 - create IPUIPlugin
2024-08-28 22:46:50,286 [INFO] PluginManager:220 - loadIPPluginJar : add opamp
2024-08-28 22:46:50,290 [INFO] IPUIPlugin:80 - create IPUIPlugin
2024-08-28 22:46:50,290 [INFO] PluginManager:220 - loadIPPluginJar : add openamp
2024-08-28 22:46:50,294 [INFO] IPUIPlugin:80 - create IPUIPlugin
2024-08-28 22:46:50,294 [INFO] PluginManager:220 - loadIPPluginJar : add pdm2pcm
2024-08-28 22:46:50,301 [INFO] IPUIPlugin:80 - create IPUIPlugin
2024-08-28 22:46:50,304 [INFO] PluginManager:220 - loadIPPluginJar : add plateformsettings
2024-08-28 22:46:50,306 [INFO] IPUIPlugin:80 - create IPUIPlugin
2024-08-28 22:46:50,306 [INFO] PluginManager:220 - loadIPPluginJar : add quadspi
2024-08-28 22:46:50,312 [INFO] IPUIPlugin:80 - create IPUIPlugin
2024-08-28 22:46:50,312 [INFO] PluginManager:220 - loadIPPluginJar : add resmgrutility
2024-08-28 22:46:50,316 [INFO] IPUIPlugin:80 - create IPUIPlugin
2024-08-28 22:46:50,316 [INFO] PluginManager:220 - loadIPPluginJar : add sai
2024-08-28 22:46:50,319 [INFO] IPUIPlugin:80 - create IPUIPlugin
2024-08-28 22:46:50,319 [INFO] PluginManager:220 - loadIPPluginJar : add spi
2024-08-28 22:46:50,325 [INFO] IPUIPlugin:80 - create IPUIPlugin
2024-08-28 22:46:50,325 [INFO] PluginManager:220 - loadIPPluginJar : add stm32_wpan
2024-08-28 22:46:50,328 [INFO] IPUIPlugin:80 - create IPUIPlugin
2024-08-28 22:46:50,328 [INFO] PluginManager:220 - loadIPPluginJar : add tim
2024-08-28 22:46:50,331 [INFO] IPUIPlugin:80 - create IPUIPlugin
2024-08-28 22:46:50,331 [INFO] PluginManager:220 - loadIPPluginJar : add touchsensing
2024-08-28 22:46:50,333 [INFO] IPUIPlugin:80 - create IPUIPlugin
2024-08-28 22:46:50,333 [INFO] PluginManager:220 - loadIPPluginJar : add tracer_emb
2024-08-28 22:46:50,335 [INFO] IPUIPlugin:80 - create IPUIPlugin
2024-08-28 22:46:50,335 [INFO] PluginManager:220 - loadIPPluginJar : add ts
2024-08-28 22:46:50,336 [INFO] IPUIPlugin:80 - create IPUIPlugin
2024-08-28 22:46:50,336 [INFO] PluginManager:220 - loadIPPluginJar : add tsc
2024-08-28 22:46:50,338 [INFO] IPUIPlugin:80 - create IPUIPlugin
2024-08-28 22:46:50,338 [INFO] PluginManager:220 - loadIPPluginJar : add ucpd
2024-08-28 22:46:50,339 [INFO] IPUIPlugin:80 - create IPUIPlugin
2024-08-28 22:46:50,340 [INFO] PluginManager:220 - loadIPPluginJar : add usart
2024-08-28 22:46:50,342 [INFO] IPUIPlugin:80 - create IPUIPlugin
2024-08-28 22:46:50,342 [INFO] PluginManager:220 - loadIPPluginJar : add usbx
2024-08-28 22:46:50,467 [INFO] CADModel:165 - CPN selected for project level
2024-08-28 22:46:50,467 [INFO] CADModel:114 - Register for checkConnection events
2024-08-28 22:46:50,468 [FATAL] Updater:308 - Updater called before beeing initialized
2024-08-28 22:46:50,468 [ERROR] CADModel:125 - Updater not yet initialized, retry later 
2024-08-28 22:46:50,634 [INFO] CADModel:165 - CPN selected for project level
2024-08-28 22:46:50,634 [INFO] CADModel:114 - Register for checkConnection events
2024-08-28 22:46:50,634 [FATAL] Updater:308 - Updater called before beeing initialized
2024-08-28 22:46:50,634 [ERROR] CADModel:125 - Updater not yet initialized, retry later 
2024-08-28 22:46:50,637 [FATAL] Updater:308 - Updater called before beeing initialized
2024-08-28 22:46:50,773 [FATAL] Updater:308 - Updater called before beeing initialized
2024-08-28 22:46:50,776 [INFO] DbMcusAds:53 - JSON generation date=Thu May 16 14:52:00 IST 2024 (1715851320667)
2024-08-28 22:46:50,777 [FATAL] Updater:308 - Updater called before beeing initialized
2024-08-28 22:46:50,813 [WARN] DetailPanel:346 - Failed to get advertising image, set to default
2024-08-28 22:46:50,895 [FATAL] Updater:308 - Updater called before beeing initialized
2024-08-28 22:46:50,897 [FATAL] Updater:308 - Updater called before beeing initialized
2024-08-28 22:46:50,897 [FATAL] Updater:308 - Updater called before beeing initialized
2024-08-28 22:46:50,897 [WARN] DetailPanel:346 - Failed to get advertising image, set to default
2024-08-28 22:46:50,898 [FATAL] Updater:308 - Updater called before beeing initialized
2024-08-28 22:46:50,963 [ERROR] Updater:1120 - MainUpdater not yet initialized. External WinMGr cannot be set.
2024-08-28 22:46:50,966 [INFO] Updater:1056 - Updater Version found : 6.10.0
2024-08-28 22:46:50,985 [INFO] ApplicationProperties:184 - Using Application install path: C:\ST\STM32CubeIDE_1.14.1\STM32CubeIDE\plugins\com.st.stm32cube.common.mx_6.10.0.202311202037
2024-08-28 22:46:52,561 [ERROR] LogOutputStream:75 - [STDERR_REDIRECT] Aug 28, 2024 10:46:52 PM java.util.prefs.WindowsPreferences <init>
2024-08-28 22:46:52,564 [ERROR] LogOutputStream:75 - [STDERR_REDIRECT] WARNING: Could not open/create prefs root node Software\JavaSoft\Prefs at root 0xffffffff80000002. Windows RegCreateKeyEx(...) returned error code 5.
2024-08-28 22:46:52,566 [ERROR] LogOutputStream:75 - [STDERR_REDIRECT] 
2024-08-28 22:46:52,641 [INFO] ThirdPartyUpdaterWithRetryManager:70 - Updater plugin not ready yet. [2/15]
2024-08-28 22:46:53,318 [INFO] MainUpdater:2873 - connection check result : 10
2024-08-28 22:46:53,319 [INFO] MainUpdater:290 - Updater Check For Update Now.
2024-08-28 22:46:53,319 [INFO] MicroXplorer:498 - Change Database Version : DB.6.0.100
2024-08-28 22:46:53,325 [INFO] McuFinderGlobals:63 - Set McuFinder mode to 2 (CubeIDE integrated)
2024-08-28 22:46:53,345 [INFO] UserAuth:404 - Internet connection configuration mode: 1
2024-08-28 22:46:53,400 [INFO] JxBrowserEngine:152 - Initiate JxBrowser Engine with user profile folder
2024-08-28 22:46:53,526 [INFO] CheckServerUpdateThread:120 - End of CheckServer Thread
2024-08-28 22:46:54,204 [INFO] WebApp:161 - Instantiating new browser for Auth
2024-08-28 22:46:54,906 [INFO] WebApp:780 - Register for checkConnection events
2024-08-28 22:46:54,906 [INFO] WebApp:414 - Apply proxy settings
2024-08-28 22:46:54,906 [INFO] WebApp:499 - Chromium requires no authentication
2024-08-28 22:46:54,915 [INFO] WebApp:442 - Direct internet connection detected
2024-08-28 22:46:55,087 [INFO] WebApp:192 - Starting web application
2024-08-28 22:46:55,088 [INFO] WebApp:544 - Web application path used C:\ST\STM32CubeIDE_1.14.1\STM32CubeIDE\plugins\com.st.stm32cube.common.mx_6.10.0.202311202037\db\plugins\mcufinder\reactClient1\index.html
2024-08-28 22:46:55,844 [WARN] PackLoader:240 - Cannot read IP mode file for STMicroelectronics.FP-SNS-MOTENVWB1.1.4.0
2024-08-28 22:46:55,858 [WARN] PackLoader:240 - Cannot read IP mode file for STMicroelectronics.X-CUBE-SMBUS.2.1.0
2024-08-28 22:46:55,863 [WARN] PackLoader:240 - Cannot read IP mode file for STMicroelectronics.X-CUBE-TOUCHGFX.4.23.0
2024-08-28 22:46:55,869 [WARN] PackLoader:240 - Cannot read IP mode file for STMicroelectronics.X-CUBE-TOUCHGFX.4.23.2
2024-08-28 22:46:55,901 [WARN] PackLoader:240 - Cannot read IP mode file for STMicroelectronics.X-CUBE-AZRTOS-F7.1.1.0
2024-08-28 22:46:55,913 [WARN] PackLoader:240 - Cannot read IP mode file for STMicroelectronics.FP-SNS-MOTENV1.4.3.2
2024-08-28 22:46:55,990 [WARN] PackLoader:240 - Cannot read IP mode file for STMicroelectronics.X-CUBE-MEMS1.11.0.0
2024-08-28 22:46:56,556 [WARN] PackLoader:240 - Cannot read IP mode file for STMicroelectronics.X-CUBE-BLE1.6.2.4
2024-08-28 22:46:56,567 [WARN] PackLoader:240 - Cannot read IP mode file for STMicroelectronics.FP-SNS-FLIGHT1.5.0.2
2024-08-28 22:46:56,576 [WARN] PackLoader:240 - Cannot read IP mode file for STMicroelectronics.X-CUBE-DISPLAY.3.0.0
2024-08-28 22:46:56,587 [WARN] PackLoader:240 - Cannot read IP mode file for STMicroelectronics.X-CUBE-BLE1.7.0.0
2024-08-28 22:46:56,592 [WARN] PackLoader:240 - Cannot read IP mode file for emotas.I-CUBE-CANOPEN.1.3.0
2024-08-28 22:46:56,596 [WARN] PackLoader:240 - Cannot read IP mode file for STMicroelectronics.X-CUBE-TOUCHGFX.4.22.0
2024-08-28 22:46:56,607 [WARN] PackLoader:240 - Cannot read IP mode file for STMicroelectronics.X-CUBE-BLEMGR.3.1.0
2024-08-28 22:46:56,616 [WARN] PackLoader:240 - Cannot read IP mode file for STMicroelectronics.FP-SNS-SMARTAG2.1.2.0
2024-08-28 22:46:56,628 [INFO] LogOutputStream:77 - [STDOUT_REDIRECT] 1 : Invalid condition id : UX_CORESTACK_Condition cause : null
2024-08-28 22:46:56,629 [INFO] LogOutputStream:77 - [STDOUT_REDIRECT] 1 : Invalid condition id : UX_CORESTACK_Condition cause : null
2024-08-28 22:46:56,630 [INFO] LogOutputStream:77 - [STDOUT_REDIRECT] 1 : Invalid condition id : UX_CORESTACK_Condition cause : null
2024-08-28 22:46:56,634 [INFO] LogOutputStream:77 - [STDOUT_REDIRECT] 1 : Invalid condition id : UX_CORESTACK_Condition cause : null
2024-08-28 22:46:56,635 [INFO] LogOutputStream:77 - [STDOUT_REDIRECT] 1 : Invalid condition id : UX_CORESTACK_Condition cause : null
2024-08-28 22:46:56,638 [WARN] PackLoader:240 - Cannot read IP mode file for STMicroelectronics.X-CUBE-AZRTOS-WL.2.0.0
2024-08-28 22:46:56,643 [WARN] PackLoader:240 - Cannot read IP mode file for STMicroelectronics.FP-SNS-MOTENV1.5.0.0
2024-08-28 22:46:56,652 [WARN] PackLoader:240 - Cannot read IP mode file for wolfSSL.I-CUBE-wolfMQTT.1.19.0
2024-08-28 22:46:56,658 [WARN] PackLoader:240 - Cannot read IP mode file for WES.I-CUBE-Cesium.1.3.0
2024-08-28 22:46:56,666 [WARN] PackLoader:240 - Cannot read IP mode file for STMicroelectronics.X-CUBE-BLE2.3.3.0
2024-08-28 22:46:56,673 [WARN] PackLoader:240 - Cannot read IP mode file for STMicroelectronics.X-CUBE-TCPP.4.1.0
2024-08-28 22:46:56,691 [WARN] PackLoader:240 - Cannot read IP mode file for STMicroelectronics.X-CUBE-ALGOBUILD.1.3.0
2024-08-28 22:46:56,708 [WARN] PackLoader:240 - Cannot read IP mode file for STMicroelectronics.X-CUBE-AZRTOS-G0.1.1.0
2024-08-28 22:46:56,718 [WARN] PackLoader:240 - Cannot read IP mode file for STMicroelectronics.X-CUBE-SAFEA1.1.2.2
2024-08-28 22:46:56,725 [WARN] PackLoader:240 - Cannot read IP mode file for STMicroelectronics.X-CUBE-NFC4.3.0.0
2024-08-28 22:46:56,732 [WARN] PackLoader:240 - Cannot read IP mode file for wolfSSL.I-CUBE-wolfMQTT.1.18.0
2024-08-28 22:46:56,751 [WARN] PackLoader:240 - Cannot read IP mode file for EmbeddedOffice.I-CUBE-FS-RTOS.1.0.1
2024-08-28 22:46:56,752 [ERROR] ConditionMgr:805 - Attr not supported : Dmpu
2024-08-28 22:46:56,752 [ERROR] ConditionMgr:805 - Attr not supported : Dmpu
2024-08-28 22:46:56,752 [ERROR] ConditionMgr:805 - Attr not supported : Dmpu
2024-08-28 22:46:56,752 [ERROR] ConditionMgr:805 - Attr not supported : Dmpu
2024-08-28 22:46:56,752 [ERROR] ConditionMgr:805 - Attr not supported : Dmpu
2024-08-28 22:46:56,752 [ERROR] ConditionMgr:805 - Attr not supported : Dmpu
2024-08-28 22:46:56,752 [ERROR] ConditionMgr:805 - Attr not supported : Dmpu
2024-08-28 22:46:56,752 [ERROR] ConditionMgr:805 - Attr not supported : Dmpu
2024-08-28 22:46:56,752 [ERROR] ConditionMgr:805 - Attr not supported : Dmpu
2024-08-28 22:46:56,752 [ERROR] ConditionMgr:805 - Attr not supported : Dmpu
2024-08-28 22:46:56,752 [ERROR] ConditionMgr:805 - Attr not supported : Dmpu
2024-08-28 22:46:56,752 [ERROR] ConditionMgr:805 - Attr not supported : Dmpu
2024-08-28 22:46:56,753 [ERROR] ConditionMgr:805 - Attr not supported : Dmpu
2024-08-28 22:46:56,753 [ERROR] ConditionMgr:805 - Attr not supported : Dmpu
2024-08-28 22:46:56,753 [ERROR] ConditionMgr:805 - Attr not supported : Dmpu
2024-08-28 22:46:56,753 [ERROR] ConditionMgr:805 - Attr not supported : Dmpu
2024-08-28 22:46:56,753 [ERROR] ConditionMgr:805 - Attr not supported : Dmpu
2024-08-28 22:46:56,753 [ERROR] ConditionMgr:805 - Attr not supported : Dmpu
2024-08-28 22:46:56,753 [ERROR] ConditionMgr:805 - Attr not supported : Dmpu
2024-08-28 22:46:56,753 [ERROR] ConditionMgr:805 - Attr not supported : Dmpu
2024-08-28 22:46:56,753 [ERROR] ConditionMgr:805 - Attr not supported : Dmpu
2024-08-28 22:46:56,753 [ERROR] ConditionMgr:805 - Attr not supported : Dmpu
2024-08-28 22:46:56,753 [ERROR] ConditionMgr:805 - Attr not supported : Dmpu
2024-08-28 22:46:56,753 [ERROR] ConditionMgr:805 - Attr not supported : Dmpu
2024-08-28 22:46:56,753 [ERROR] ConditionMgr:805 - Attr not supported : Dmpu
2024-08-28 22:46:56,753 [ERROR] ConditionMgr:805 - Attr not supported : Dmpu
2024-08-28 22:46:56,753 [ERROR] ConditionMgr:805 - Attr not supported : Dmpu
2024-08-28 22:46:56,753 [ERROR] ConditionMgr:805 - Attr not supported : Dmpu
2024-08-28 22:46:56,753 [ERROR] ConditionMgr:805 - Attr not supported : Dmpu
2024-08-28 22:46:56,753 [ERROR] ConditionMgr:805 - Attr not supported : Dmpu
2024-08-28 22:46:56,753 [ERROR] ConditionMgr:805 - Attr not supported : Dmpu
2024-08-28 22:46:56,753 [ERROR] ConditionMgr:805 - Attr not supported : Dmpu
2024-08-28 22:46:56,753 [ERROR] ConditionMgr:805 - Attr not supported : Dmpu
2024-08-28 22:46:56,753 [ERROR] ConditionMgr:805 - Attr not supported : Dmpu
2024-08-28 22:46:56,753 [ERROR] ConditionMgr:805 - Attr not supported : Dmpu
2024-08-28 22:46:56,754 [ERROR] ConditionMgr:805 - Attr not supported : Dmpu
2024-08-28 22:46:56,754 [ERROR] ConditionMgr:805 - Attr not supported : Dmpu
2024-08-28 22:46:56,754 [ERROR] ConditionMgr:805 - Attr not supported : Dmpu
2024-08-28 22:46:56,754 [ERROR] ConditionMgr:805 - Attr not supported : Dmpu
2024-08-28 22:46:56,754 [ERROR] ConditionMgr:805 - Attr not supported : Dmpu
2024-08-28 22:46:56,754 [ERROR] ConditionMgr:805 - Attr not supported : Dmpu
2024-08-28 22:46:56,754 [ERROR] ConditionMgr:805 - Attr not supported : Dmpu
2024-08-28 22:46:56,754 [ERROR] ConditionMgr:805 - Attr not supported : Dmpu
2024-08-28 22:46:56,754 [ERROR] ConditionMgr:805 - Attr not supported : Dmpu
2024-08-28 22:46:56,754 [ERROR] ConditionMgr:805 - Attr not supported : Dmpu
2024-08-28 22:46:56,754 [ERROR] ConditionMgr:805 - Attr not supported : Dmpu
2024-08-28 22:46:56,754 [ERROR] ConditionMgr:805 - Attr not supported : Dmpu
2024-08-28 22:46:56,754 [ERROR] ConditionMgr:805 - Attr not supported : Dmpu
2024-08-28 22:46:56,754 [ERROR] ConditionMgr:805 - Attr not supported : Dmpu
2024-08-28 22:46:56,754 [ERROR] ConditionMgr:805 - Attr not supported : Dmpu
2024-08-28 22:46:56,754 [ERROR] ConditionMgr:805 - Attr not supported : Dmpu
2024-08-28 22:46:56,754 [ERROR] ConditionMgr:805 - Attr not supported : Dmpu
2024-08-28 22:46:56,754 [ERROR] ConditionMgr:805 - Attr not supported : Dmpu
2024-08-28 22:46:56,754 [ERROR] ConditionMgr:805 - Attr not supported : Dmpu
2024-08-28 22:46:56,755 [ERROR] ConditionMgr:805 - Attr not supported : Dmpu
2024-08-28 22:46:56,755 [ERROR] ConditionMgr:805 - Attr not supported : Dmpu
2024-08-28 22:46:56,755 [ERROR] ConditionMgr:805 - Attr not supported : Dmpu
2024-08-28 22:46:56,755 [ERROR] ConditionMgr:805 - Attr not supported : Dmpu
2024-08-28 22:46:56,755 [ERROR] ConditionMgr:805 - Attr not supported : Dmpu
2024-08-28 22:46:56,755 [ERROR] ConditionMgr:805 - Attr not supported : Dmpu
2024-08-28 22:46:56,755 [ERROR] ConditionMgr:805 - Attr not supported : Dmpu
2024-08-28 22:46:56,755 [ERROR] ConditionMgr:805 - Attr not supported : Dmpu
2024-08-28 22:46:56,755 [ERROR] ConditionMgr:805 - Attr not supported : Dmpu
2024-08-28 22:46:56,755 [ERROR] ConditionMgr:805 - Attr not supported : Dmpu
2024-08-28 22:46:56,763 [WARN] PackLoader:240 - Cannot read IP mode file for STMicroelectronics.X-CUBE-BLEMGR.3.0.0
2024-08-28 22:46:56,773 [WARN] PackLoader:240 - Cannot read IP mode file for RealThread.X-CUBE-RT-Thread_Nano.4.1.1
2024-08-28 22:46:56,778 [WARN] PackLoader:240 - Cannot read IP mode file for STMicroelectronics.FP-ATR-SIGFOX1.3.2.0
2024-08-28 22:46:56,786 [WARN] PackLoader:240 - Cannot read IP mode file for wolfSSL.I-CUBE-wolfSSL.5.7.2
2024-08-28 22:46:56,791 [WARN] PackLoader:240 - Cannot read IP mode file for STMicroelectronics.X-CUBE-EEPRMA1.5.1.0
2024-08-28 22:46:56,801 [WARN] PackLoader:240 - Cannot read IP mode file for ITTIA_DB.I-CUBE-ITTIADB.8.9.0
2024-08-28 22:46:56,825 [WARN] PackLoader:240 - Cannot read IP mode file for SEGGER.I-CUBE-embOS.1.3.1
2024-08-28 22:46:56,868 [WARN] PackLoader:240 - Cannot read IP mode file for STMicroelectronics.X-CUBE-ALGOBUILD.1.4.0
2024-08-28 22:46:56,874 [WARN] PackLoader:240 - Cannot read IP mode file for STMicroelectronics.X-CUBE-GNSS1.6.0.0
2024-08-28 22:46:56,893 [WARN] PackLoader:240 - Cannot read IP mode file for STMicroelectronics.X-CUBE-AZRTOS-F4.1.1.0
2024-08-28 22:46:56,899 [WARN] PackLoader:240 - Cannot read IP mode file for wolfSSL.I-CUBE-wolfSSL.5.6.3
2024-08-28 22:46:56,907 [WARN] PackLoader:240 - Cannot read IP mode file for STMicroelectronics.X-CUBE-FREERTOS.1.2.0
2024-08-28 22:46:56,927 [WARN] PackLoader:240 - Cannot read IP mode file for STMicroelectronics.X-CUBE-AZRTOS-L5.2.0.0
2024-08-28 22:46:56,975 [WARN] PackLoader:240 - Cannot read IP mode file for STMicroelectronics.X-CUBE-MEMS1.9.6.0
2024-08-28 22:46:57,228 [WARN] PackLoader:240 - Cannot read IP mode file for STMicroelectronics.X-CUBE-EEPRMA1.4.2.0
2024-08-28 22:46:57,239 [WARN] PackLoader:240 - Cannot read IP mode file for STMicroelectronics.X-CUBE-NFC6.3.1.0
2024-08-28 22:46:57,246 [WARN] PackLoader:240 - Cannot read IP mode file for ITTIA_DB.I-CUBE-ITTIADB.8.8.0
2024-08-28 22:46:57,260 [WARN] PackLoader:240 - Cannot read IP mode file for STMicroelectronics.X-CUBE-BLEMGR.2.0.0
2024-08-28 22:46:57,272 [WARN] PackLoader:240 - Cannot read IP mode file for STMicroelectronics.X-CUBE-DPower.1.2.0
2024-08-28 22:46:57,277 [WARN] PackLoader:240 - Cannot read IP mode file for STMicroelectronics.X-CUBE-AI.9.0.0
2024-08-28 22:46:57,295 [WARN] ConditionMgr:438 - getConditionDescription Invalid condition id : UX DEVICE CLASS RTOS Condition cause : null
2024-08-28 22:46:57,295 [WARN] ConditionMgr:438 - getConditionDescription Invalid condition id : UX DEVICE CLASS RTOS Condition cause : null
2024-08-28 22:46:57,299 [WARN] PackLoader:240 - Cannot read IP mode file for STMicroelectronics.X-CUBE-AZRTOS-H7.3.1.0
2024-08-28 22:46:57,302 [WARN] ConditionMgr:1039 - genDependencies : Invalid condition id : UX DEVICE CLASS RTOS Condition cause : null
2024-08-28 22:46:57,303 [WARN] ConditionMgr:1039 - genDependencies : Invalid condition id : UX DEVICE CLASS RTOS Condition cause : null
2024-08-28 22:46:57,303 [WARN] ConditionMgr:1039 - genDependencies : Invalid condition id : UX DEVICE CLASS RTOS Condition cause : null
2024-08-28 22:46:57,304 [WARN] ConditionMgr:1039 - genDependencies : Invalid condition id : UX DEVICE CLASS RTOS Condition cause : null
2024-08-28 22:46:57,304 [WARN] ConditionMgr:1039 - genDependencies : Invalid condition id : UX DEVICE CLASS RTOS Condition cause : null
2024-08-28 22:46:57,313 [WARN] PackLoader:240 - Cannot read IP mode file for STMicroelectronics.X-CUBE-NFC7.1.0.1
2024-08-28 22:46:57,322 [WARN] PackLoader:240 - Cannot read IP mode file for wolfSSL.I-CUBE-wolfTPM.3.2.0
2024-08-28 22:46:57,329 [WARN] PackLoader:240 - Cannot read IP mode file for STMicroelectronics.X-CUBE-NFC6.3.0.0
2024-08-28 22:46:57,341 [WARN] PackLoader:240 - Cannot read IP mode file for STMicroelectronics.X-CUBE-EEPRMA1.4.1.0
2024-08-28 22:46:57,347 [WARN] PackLoader:240 - Cannot read IP mode file for STMicroelectronics.X-CUBE-AI.8.1.0
2024-08-28 22:46:57,369 [WARN] ConditionMgr:438 - getConditionDescription Invalid condition id : LAN8742 Phy interface Condition cause : null
2024-08-28 22:46:57,370 [WARN] PackLoader:240 - Cannot read IP mode file for STMicroelectronics.X-CUBE-AZRTOS-L4.2.0.0
2024-08-28 22:46:57,371 [WARN] ConditionMgr:1039 - genDependencies : Invalid condition id : LAN8742 Phy interface Condition cause : null
2024-08-28 22:46:57,411 [WARN] ConditionMgr:1039 - genDependencies : Invalid condition id : LAN8742 Phy interface Condition cause : null
2024-08-28 22:46:57,411 [WARN] ConditionMgr:1039 - genDependencies : Invalid condition id : LAN8742 Phy interface Condition cause : null
2024-08-28 22:46:57,423 [WARN] PackLoader:240 - Cannot read IP mode file for STMicroelectronics.X-CUBE-SFXS2LP1.4.0.0
2024-08-28 22:46:57,437 [WARN] PackLoader:240 - Cannot read IP mode file for STMicroelectronics.X-CUBE-ISPU.1.1.0
2024-08-28 22:46:57,458 [WARN] PackLoader:240 - Cannot read IP mode file for STMicroelectronics.X-CUBE-AZRTOS-H7.3.3.0
2024-08-28 22:46:57,486 [WARN] ConditionMgr:438 - getConditionDescription Invalid condition id : UX DEVICE CLASS RTOS Condition cause : null
2024-08-28 22:46:57,487 [WARN] ConditionMgr:438 - getConditionDescription Invalid condition id : UX DEVICE CLASS RTOS Condition cause : null
2024-08-28 22:46:57,489 [WARN] PackLoader:240 - Cannot read IP mode file for STMicroelectronics.X-CUBE-AZRTOS-WB.2.0.0
2024-08-28 22:46:57,490 [WARN] ConditionMgr:1039 - genDependencies : Invalid condition id : UX DEVICE CLASS RTOS Condition cause : null
2024-08-28 22:46:57,491 [WARN] ConditionMgr:1039 - genDependencies : Invalid condition id : UX DEVICE CLASS RTOS Condition cause : null
2024-08-28 22:46:57,491 [WARN] ConditionMgr:1039 - genDependencies : Invalid condition id : UX DEVICE CLASS RTOS Condition cause : null
2024-08-28 22:46:57,491 [WARN] ConditionMgr:1039 - genDependencies : Invalid condition id : UX DEVICE CLASS RTOS Condition cause : null
2024-08-28 22:46:57,491 [WARN] ConditionMgr:1039 - genDependencies : Invalid condition id : UX DEVICE CLASS RTOS Condition cause : null
2024-08-28 22:46:57,496 [WARN] PackLoader:240 - Cannot read IP mode file for STMicroelectronics.X-CUBE-FREERTOS.1.0.1
2024-08-28 22:46:57,508 [WARN] PackLoader:240 - Cannot read IP mode file for STMicroelectronics.FP-SNS-STBOX1.2.0.0
2024-08-28 22:46:57,530 [WARN] PackLoader:240 - Cannot read IP mode file for STMicroelectronics.X-CUBE-AZRTOS-L5.1.1.0
2024-08-28 22:46:57,541 [WARN] PackLoader:240 - Cannot read IP mode file for STMicroelectronics.X-CUBE-AI.8.0.1
2024-08-28 22:46:57,555 [WARN] PackLoader:240 - Cannot read IP mode file for STMicroelectronics.X-CUBE-SUBG2.5.0.0
2024-08-28 22:46:57,570 [WARN] PackLoader:240 - Cannot read IP mode file for Cesanta.I-CUBE-Mongoose.7.13.0
2024-08-28 22:46:57,586 [WARN] PackLoader:240 - Cannot read IP mode file for STMicroelectronics.X-CUBE-TOF1.3.3.1
2024-08-28 22:46:57,610 [WARN] PackLoader:240 - Cannot read IP mode file for STMicroelectronics.X-CUBE-AZRTOS-G4.2.0.0
2024-08-28 22:46:57,627 [WARN] PackLoader:240 - Cannot read IP mode file for Infineon.AIROC-Wi-Fi-Bluetooth-STM32.1.5.1
2024-08-28 22:46:57,636 [WARN] PackLoader:240 - Cannot read IP mode file for STMicroelectronics.FP-SNS-MOTENVWB1.1.3.1
2024-08-28 22:46:57,641 [WARN] PackLoader:240 - Cannot read IP mode file for STMicroelectronics.X-CUBE-ISPU.2.0.0
2024-08-28 22:46:57,648 [WARN] PackLoader:240 - Cannot read IP mode file for STMicroelectronics.X-CUBE-ALS.1.0.2
2024-08-28 22:46:57,693 [WARN] PackLoader:240 - Cannot read IP mode file for STMicroelectronics.X-CUBE-MEMS1.10.0.0
2024-08-28 22:46:57,820 [WARN] PackLoader:240 - Cannot read IP mode file for STMicroelectronics.X-CUBE-FREERTOS.1.1.0
2024-08-28 22:46:57,827 [WARN] PackLoader:240 - Cannot read IP mode file for STMicroelectronics.X-CUBE-TOUCHGFX.4.24.0
2024-08-28 22:46:57,833 [WARN] PackLoader:240 - Cannot read IP mode file for wolfSSL.I-CUBE-wolfTPM.3.4.0
2024-08-28 22:46:57,841 [WARN] PackLoader:240 - Cannot read IP mode file for portGmbH.I-Cube-SoM-uGOAL.1.1.0
2024-08-28 22:46:57,848 [WARN] PackLoader:240 - Cannot read IP mode file for STMicroelectronics.X-CUBE-ALS.1.0.1
2024-08-28 22:46:57,871 [WARN] PackLoader:240 - Cannot read IP mode file for STMicroelectronics.X-CUBE-AZRTOS-WB.1.1.0
2024-08-28 22:46:57,902 [WARN] PackLoader:240 - Cannot read IP mode file for STMicroelectronics.X-CUBE-AZRTOS-H7RS.1.0.0
2024-08-28 22:46:57,911 [WARN] PackLoader:240 - Cannot read IP mode file for STMicroelectronics.FP-ATR-ASTRA1.2.0.0
2024-08-28 22:46:57,925 [WARN] PackLoader:240 - Cannot read IP mode file for STMicroelectronics.X-CUBE-TOF1.3.4.2
2024-08-28 22:46:57,954 [WARN] PackLoader:240 - Cannot read IP mode file for STMicroelectronics.X-CUBE-TOF1.3.4.0
2024-08-28 22:46:58,012 [WARN] PackLoader:240 - Cannot read IP mode file for Infineon.AIROC-Wi-Fi-Bluetooth-STM32.1.6.1
2024-08-28 22:46:58,036 [WARN] PackLoader:240 - Cannot read IP mode file for STMicroelectronics.X-CUBE-TOF1.3.4.1
2024-08-28 22:46:58,079 [WARN] PackLoader:240 - Cannot read IP mode file for STMicroelectronics.X-CUBE-AZRTOS-H7.3.2.0
2024-08-28 22:46:58,090 [WARN] PackLoader:240 - Cannot read IP mode file for wolfSSL.I-CUBE-wolfSSH.1.4.17
2024-08-28 22:46:58,091 [INFO] ThirdParty:978 - Integrity check success = true
2024-08-28 22:46:58,091 [INFO] IntegrityCheckThread:100 - exiting critical section [integrity check]
2024-08-28 22:46:58,091 [INFO] IntegrityCheckThread:103 - End integrity checks thread
2024-08-28 22:47:15,890 [ERROR] LogOutputStream:75 - [STDERR_REDIRECT] SLF4J: Failed to load class "org.slf4j.impl.StaticLoggerBinder".
2024-08-28 22:47:15,891 [ERROR] LogOutputStream:75 - [STDERR_REDIRECT] SLF4J: Defaulting to no-operation (NOP) logger implementation
2024-08-28 22:47:15,892 [ERROR] LogOutputStream:75 - [STDERR_REDIRECT] SLF4J: See http://www.slf4j.org/codes.html#StaticLoggerBinder for further details.
