2024-09-05 22:08:33,038 [INFO] Activator:176 - 


2024-09-05 22:08:33,082 [INFO] Activator:177 - !SESSION log4j initialized
2024-09-05 22:08:42,107 [INFO] LogOutputStream:77 - [STDOUT_REDIRECT] 
2024-09-05 22:08:48,348 [INFO] ApplicationProperties:184 - Using Application install path: C:\ST\STM32CubeIDE_1.14.1\STM32CubeIDE\plugins\com.st.stm32cube.common.mx_6.10.0.202311202037
2024-09-05 22:08:48,400 [INFO] DbMcusXml:78 - Set database path to: C:\ST\STM32CubeIDE_1.14.1\STM32CubeIDE\plugins\com.st.stm32cube.common.mx_6.10.0.202311202037\\db\/mcu/
2024-09-05 22:08:48,400 [INFO] ApiDb:274 - Set plugin database path to: C:\ST\STM32CubeIDE_1.14.1\STM32CubeIDE\plugins\com.st.stm32cube.common.mx_6.10.0.202311202037\\db\/plugins/boardmanager/
2024-09-05 22:08:48,400 [WARN] ApiDb:259 - Overriding images path with different value:  => C:\ST\STM32CubeIDE_1.14.1\STM32CubeIDE\plugins\com.st.stm32cube.common.mx_6.10.0.202311202037\\db\/plugins/mcufinder/images/
2024-09-05 22:08:48,431 [INFO] ApiDb:250 - Set database path to: C:\Users\ACER\.stmcufinder\plugins\mcufinder//mcu/
2024-09-05 22:08:48,431 [INFO] DbMcusAds:125 - Set database path to: C:\Users\ACER\.stmcufinder\plugins\mcufinder//mcu/
2024-09-05 22:08:48,454 [INFO] CrossReferenceDbSqlite:203 - Set database path to: C:\Users\ACER\.stmcufinder\plugins\mcufinder//mcu/cs/
2024-09-05 22:08:48,777 [INFO] RulesReader:64 - Compatibility file has been processed (297 Rules)
2024-09-05 22:08:48,965 [INFO] DbMcusXml:78 - Set database path to: C:\ST\STM32CubeIDE_1.14.1\STM32CubeIDE\plugins\com.st.stm32cube.common.mx_6.10.0.202311202037\\db\/mcu/
2024-09-05 22:08:48,965 [INFO] ApiDb:274 - Set plugin database path to: C:\ST\STM32CubeIDE_1.14.1\STM32CubeIDE\plugins\com.st.stm32cube.common.mx_6.10.0.202311202037\\db\/plugins/boardmanager/
2024-09-05 22:08:48,965 [INFO] ApiDb:261 - Set plugin images path to: C:\ST\STM32CubeIDE_1.14.1\STM32CubeIDE\plugins\com.st.stm32cube.common.mx_6.10.0.202311202037\\db\/plugins/mcufinder/images/
2024-09-05 22:08:48,965 [WARN] DbFile:41 - Overriding database path with different value: C:\Users\ACER\.stmcufinder\plugins\mcufinder/ => C:\Users\ACER\.stmcufinder\plugins\mcufinder
2024-09-05 22:08:48,965 [INFO] ApiDb:250 - Set database path to: C:\Users\ACER\.stmcufinder\plugins\mcufinder//mcu/
2024-09-05 22:08:48,965 [WARN] DbFile:41 - Overriding database path with different value: C:\Users\ACER\.stmcufinder\plugins\mcufinder/ => C:\Users\ACER\.stmcufinder\plugins\mcufinder
2024-09-05 22:08:48,965 [INFO] DbMcusAds:125 - Set database path to: C:\Users\ACER\.stmcufinder\plugins\mcufinder//mcu/
2024-09-05 22:08:48,965 [WARN] DbFile:41 - Overriding database path with different value: C:\Users\ACER\.stmcufinder\plugins\mcufinder/ => C:\Users\ACER\.stmcufinder\plugins\mcufinder
2024-09-05 22:08:48,965 [WARN] DbFile:41 - Overriding database path with different value: C:\Users\ACER\.stmcufinder\plugins\mcufinder/ => C:\Users\ACER\.stmcufinder\plugins\mcufinder
2024-09-05 22:08:48,965 [INFO] CrossReferenceDbSqlite:203 - Set database path to: C:\Users\ACER\.stmcufinder\plugins\mcufinder//mcu/cs/
2024-09-05 22:08:49,184 [INFO] MainPanel:264 - HeapMemory: 268435456
2024-09-05 22:08:49,481 [INFO] DbMcusXml:78 - Set database path to: C:\ST\STM32CubeIDE_1.14.1\STM32CubeIDE\plugins\com.st.stm32cube.common.mx_6.10.0.202311202037\\db\/mcu/
2024-09-05 22:08:49,481 [INFO] ApiDb:274 - Set plugin database path to: C:\ST\STM32CubeIDE_1.14.1\STM32CubeIDE\plugins\com.st.stm32cube.common.mx_6.10.0.202311202037\\db\/plugins/boardmanager/
2024-09-05 22:08:49,481 [INFO] ApiDb:261 - Set plugin images path to: C:\ST\STM32CubeIDE_1.14.1\STM32CubeIDE\plugins\com.st.stm32cube.common.mx_6.10.0.202311202037\\db\/plugins/mcufinder/images/
2024-09-05 22:08:49,481 [WARN] DbFile:41 - Overriding database path with different value: C:\Users\ACER\.stmcufinder\plugins\mcufinder/ => C:\Users\ACER\.stmcufinder\plugins\mcufinder
2024-09-05 22:08:49,481 [INFO] ApiDb:250 - Set database path to: C:\Users\ACER\.stmcufinder\plugins\mcufinder//mcu/
2024-09-05 22:08:49,481 [WARN] DbFile:41 - Overriding database path with different value: C:\Users\ACER\.stmcufinder\plugins\mcufinder/ => C:\Users\ACER\.stmcufinder\plugins\mcufinder
2024-09-05 22:08:49,512 [INFO] DbMcusAds:125 - Set database path to: C:\Users\ACER\.stmcufinder\plugins\mcufinder//mcu/
2024-09-05 22:08:49,512 [WARN] DbFile:41 - Overriding database path with different value: C:\Users\ACER\.stmcufinder\plugins\mcufinder/ => C:\Users\ACER\.stmcufinder\plugins\mcufinder
2024-09-05 22:08:49,512 [WARN] DbFile:41 - Overriding database path with different value: C:\Users\ACER\.stmcufinder\plugins\mcufinder/ => C:\Users\ACER\.stmcufinder\plugins\mcufinder
2024-09-05 22:08:49,512 [INFO] CrossReferenceDbSqlite:203 - Set database path to: C:\Users\ACER\.stmcufinder\plugins\mcufinder//mcu/cs/
2024-09-05 22:08:49,528 [INFO] ApplicationProperties:184 - Using Application install path: C:\ST\STM32CubeIDE_1.14.1\STM32CubeIDE\plugins\com.st.stm32cube.common.mx_6.10.0.202311202037
2024-09-05 22:08:49,543 [INFO] PluginManage:196 - Search for loadable plugins [exclusion list=, ]
2024-09-05 22:08:49,543 [INFO] PluginManage:310 - Check plugin analytics
2024-09-05 22:08:49,809 [INFO] AnalyticsPlugin:253 - Accepted Software Licenses: STM32CubeMX.6.12.0
2024-09-05 22:08:49,809 [INFO] AnalyticsPlugin:255 - Accepted CMSIS Pack Licenses: STMicroelectronics.X-CUBE-MEMS1.11.0.0
2024-09-05 22:08:49,809 [INFO] AnalyticsPlugin:257 - Accepted Firmware Licenses: 
2024-09-05 22:08:49,825 [INFO] PluginManage:359 - Loaded plugin analytics (category:tool,tabindex:-1)
2024-09-05 22:08:49,825 [INFO] PluginManage:310 - Check plugin cadmodel
2024-09-05 22:08:49,825 [INFO] CADModel:105 - Init CAD model plugin
2024-09-05 22:08:49,825 [INFO] PluginManage:359 - Loaded plugin cadmodel (category:power,tabindex:5)
2024-09-05 22:08:49,825 [INFO] PluginManage:310 - Check plugin clock
2024-09-05 22:08:49,856 [INFO] PluginManage:359 - Loaded plugin clock (category:base,tabindex:2)
2024-09-05 22:08:49,856 [INFO] PluginManage:310 - Check plugin ddr
2024-09-05 22:08:49,856 [INFO] PluginManage:359 - Loaded plugin ddr (category:tool,tabindex:6)
2024-09-05 22:08:49,856 [INFO] PluginManage:310 - Check plugin filemanager
2024-09-05 22:08:50,091 [INFO] PluginManage:359 - Loaded plugin filemanager (category:base,tabindex:10)
2024-09-05 22:08:50,091 [INFO] PluginManage:310 - Check plugin ipmanager
2024-09-05 22:08:50,106 [INFO] PluginManage:359 - Loaded plugin ipmanager (category:base,tabindex:5)
2024-09-05 22:08:50,106 [INFO] PluginManage:310 - Check plugin lpbam
2024-09-05 22:08:50,122 [INFO] PluginManage:359 - Loaded plugin lpbam (category:base,tabindex:0)
2024-09-05 22:08:50,122 [INFO] PluginManage:310 - Check plugin memorymap
2024-09-05 22:08:50,153 [INFO] PluginManage:359 - Loaded plugin memorymap (category:base,tabindex:4)
2024-09-05 22:08:50,153 [INFO] PluginManage:310 - Check plugin pinoutandconfiguration
2024-09-05 22:08:50,153 [INFO] PluginManage:359 - Loaded plugin pinoutandconfiguration (category:base,tabindex:1)
2024-09-05 22:08:50,153 [INFO] PluginManage:310 - Check plugin pinoutconfig
2024-09-05 22:08:50,294 [WARN] SupportedApi:132 - Cannot load RTOS API schema: s4s-elt-must-match.1: The content of 'definitions' must match (annotation?, (simpleType | complexType)?, (unique | key | keyref)*)). A problem was found starting at: attribute.
2024-09-05 22:08:50,450 [INFO] PluginManage:359 - Loaded plugin pinoutconfig (category:base,tabindex:0)
2024-09-05 22:08:50,450 [INFO] PluginManage:310 - Check plugin power
2024-09-05 22:08:50,466 [INFO] PluginManage:359 - Loaded plugin power (category:power,tabindex:4)
2024-09-05 22:08:50,466 [INFO] PluginManage:310 - Check plugin projectmanager
2024-09-05 22:08:50,481 [INFO] PluginManage:359 - Loaded plugin projectmanager (category:projectmanager,tabindex:3)
2024-09-05 22:08:50,481 [INFO] PluginManage:310 - Check plugin thirdparty
2024-09-05 22:08:50,653 [INFO] PluginManage:359 - Loaded plugin thirdparty (category:base,tabindex:-1)
2024-09-05 22:08:50,653 [WARN] IntegrityCheckThread:84 - waiting for thirdparty lock release [integrity check]
2024-09-05 22:08:50,653 [INFO] PluginManage:310 - Check plugin tools
2024-09-05 22:08:50,653 [INFO] IntegrityCheckThread:86 - entering critical section [integrity check]
2024-09-05 22:08:50,669 [INFO] ThirdPartyUpdaterWithRetryManager:70 - Updater plugin not ready yet. [1/15]
2024-09-05 22:08:50,669 [INFO] PluginManage:359 - Loaded plugin tools (category:base,tabindex:7)
2024-09-05 22:08:50,669 [INFO] PluginManage:310 - Check plugin tutovideos
2024-09-05 22:08:50,857 [INFO] PluginManage:359 - Loaded plugin tutovideos (category:base,tabindex:-1)
2024-09-05 22:08:50,857 [INFO] PluginManage:310 - Check plugin updater
2024-09-05 22:08:50,872 [INFO] PluginManage:359 - Loaded plugin updater (category:base,tabindex:12)
2024-09-05 22:08:50,872 [INFO] PluginManage:310 - Check plugin userauth
2024-09-05 22:08:50,888 [INFO] UserAuth:114 - Init User Auth plugin
2024-09-05 22:08:50,888 [INFO] PluginManage:359 - Loaded plugin userauth (category:base,tabindex:14)
2024-09-05 22:08:50,888 [INFO] PluginManage:283 - PluginManage : Loaded plugins [17]
2024-09-05 22:08:51,170 [INFO] PinOutPanel:1499 - setPackage(No Configuration,No Configuration)
2024-09-05 22:08:51,263 [INFO] CADModel:165 - CPN selected for project level
2024-09-05 22:08:51,263 [INFO] CADModel:114 - Register for checkConnection events
2024-09-05 22:08:51,295 [INFO] IPUIPlugin:80 - create IPUIPlugin
2024-09-05 22:08:51,295 [INFO] PluginManager:220 - loadIPPluginJar : add adc
2024-09-05 22:08:51,295 [INFO] IPUIPlugin:80 - create IPUIPlugin
2024-09-05 22:08:51,295 [INFO] PluginManager:220 - loadIPPluginJar : add aes
2024-09-05 22:08:51,295 [INFO] IPUIPlugin:80 - create IPUIPlugin
2024-09-05 22:08:51,295 [INFO] PluginManager:220 - loadIPPluginJar : add can
2024-09-05 22:08:51,295 [INFO] IPUIPlugin:80 - create IPUIPlugin
2024-09-05 22:08:51,295 [INFO] PluginManager:220 - loadIPPluginJar : add comp
2024-09-05 22:08:51,295 [INFO] IPUIPlugin:80 - create IPUIPlugin
2024-09-05 22:08:51,295 [INFO] PluginManager:220 - loadIPPluginJar : add cryp
2024-09-05 22:08:51,310 [INFO] IPUIPlugin:80 - create IPUIPlugin
2024-09-05 22:08:51,310 [INFO] PluginManager:220 - loadIPPluginJar : add dfsdm
2024-09-05 22:08:51,310 [INFO] IPUIPlugin:80 - create IPUIPlugin
2024-09-05 22:08:51,310 [INFO] PluginManager:220 - loadIPPluginJar : add dma
2024-09-05 22:08:51,310 [INFO] IPUIPlugin:80 - create IPUIPlugin
2024-09-05 22:08:51,310 [INFO] PluginManager:220 - loadIPPluginJar : add dma3
2024-09-05 22:08:51,310 [INFO] IPUIPlugin:80 - create IPUIPlugin
2024-09-05 22:08:51,326 [INFO] PluginManager:220 - loadIPPluginJar : add fatfs
2024-09-05 22:08:51,326 [INFO] IPUIPlugin:80 - create IPUIPlugin
2024-09-05 22:08:51,326 [INFO] PluginManager:220 - loadIPPluginJar : add fmc
2024-09-05 22:08:51,326 [INFO] IPUIPlugin:80 - create IPUIPlugin
2024-09-05 22:08:51,326 [INFO] PluginManager:220 - loadIPPluginJar : add freertos
2024-09-05 22:08:51,341 [INFO] IPUIPlugin:80 - create IPUIPlugin
2024-09-05 22:08:51,341 [INFO] PluginManager:220 - loadIPPluginJar : add genericplugin
2024-09-05 22:08:51,341 [INFO] IPUIPlugin:80 - create IPUIPlugin
2024-09-05 22:08:51,341 [INFO] PluginManager:220 - loadIPPluginJar : add gfxmmu
2024-09-05 22:08:51,341 [INFO] IPUIPlugin:80 - create IPUIPlugin
2024-09-05 22:08:51,341 [INFO] PluginManager:220 - loadIPPluginJar : add gic
2024-09-05 22:08:51,357 [INFO] IPUIPlugin:80 - create IPUIPlugin
2024-09-05 22:08:51,357 [INFO] PluginManager:220 - loadIPPluginJar : add gpio
2024-09-05 22:08:51,357 [INFO] IPUIPlugin:80 - create IPUIPlugin
2024-09-05 22:08:51,357 [INFO] PluginManager:220 - loadIPPluginJar : add gtzc
2024-09-05 22:08:51,357 [INFO] IPUIPlugin:80 - create IPUIPlugin
2024-09-05 22:08:51,357 [INFO] PluginManager:220 - loadIPPluginJar : add hash
2024-09-05 22:08:51,357 [INFO] IPUIPlugin:80 - create IPUIPlugin
2024-09-05 22:08:51,357 [INFO] PluginManager:220 - loadIPPluginJar : add i2c
2024-09-05 22:08:51,357 [INFO] IPUIPlugin:80 - create IPUIPlugin
2024-09-05 22:08:51,357 [INFO] PluginManager:220 - loadIPPluginJar : add i2s
2024-09-05 22:08:51,373 [INFO] IPUIPlugin:80 - create IPUIPlugin
2024-09-05 22:08:51,373 [INFO] PluginManager:220 - loadIPPluginJar : add i3c
2024-09-05 22:08:51,373 [INFO] IPUIPlugin:80 - create IPUIPlugin
2024-09-05 22:08:51,373 [INFO] PluginManager:220 - loadIPPluginJar : add ipddr
2024-09-05 22:08:51,388 [INFO] IPUIPlugin:80 - create IPUIPlugin
2024-09-05 22:08:51,388 [INFO] PluginManager:220 - loadIPPluginJar : add linkedlist
2024-09-05 22:08:51,388 [INFO] IPUIPlugin:80 - create IPUIPlugin
2024-09-05 22:08:51,388 [INFO] PluginManager:220 - loadIPPluginJar : add lorawan
2024-09-05 22:08:51,388 [INFO] IPUIPlugin:80 - create IPUIPlugin
2024-09-05 22:08:51,388 [INFO] PluginManager:220 - loadIPPluginJar : add ltdc
2024-09-05 22:08:51,388 [INFO] IPUIPlugin:80 - create IPUIPlugin
2024-09-05 22:08:51,388 [INFO] PluginManager:220 - loadIPPluginJar : add mdma
2024-09-05 22:08:51,404 [INFO] IPUIPlugin:80 - create IPUIPlugin
2024-09-05 22:08:51,404 [INFO] PluginManager:220 - loadIPPluginJar : add nvic
2024-09-05 22:08:51,404 [INFO] IPUIPlugin:80 - create IPUIPlugin
2024-09-05 22:08:51,404 [INFO] PluginManager:220 - loadIPPluginJar : add opamp
2024-09-05 22:08:51,404 [INFO] IPUIPlugin:80 - create IPUIPlugin
2024-09-05 22:08:51,404 [INFO] PluginManager:220 - loadIPPluginJar : add openamp
2024-09-05 22:08:51,404 [INFO] IPUIPlugin:80 - create IPUIPlugin
2024-09-05 22:08:51,404 [INFO] PluginManager:220 - loadIPPluginJar : add pdm2pcm
2024-09-05 22:08:51,404 [INFO] IPUIPlugin:80 - create IPUIPlugin
2024-09-05 22:08:51,420 [INFO] PluginManager:220 - loadIPPluginJar : add plateformsettings
2024-09-05 22:08:51,420 [INFO] IPUIPlugin:80 - create IPUIPlugin
2024-09-05 22:08:51,420 [INFO] PluginManager:220 - loadIPPluginJar : add quadspi
2024-09-05 22:08:51,420 [INFO] IPUIPlugin:80 - create IPUIPlugin
2024-09-05 22:08:51,420 [INFO] PluginManager:220 - loadIPPluginJar : add resmgrutility
2024-09-05 22:08:51,420 [INFO] IPUIPlugin:80 - create IPUIPlugin
2024-09-05 22:08:51,420 [INFO] PluginManager:220 - loadIPPluginJar : add sai
2024-09-05 22:08:51,420 [INFO] IPUIPlugin:80 - create IPUIPlugin
2024-09-05 22:08:51,420 [INFO] PluginManager:220 - loadIPPluginJar : add spi
2024-09-05 22:08:51,435 [INFO] IPUIPlugin:80 - create IPUIPlugin
2024-09-05 22:08:51,435 [INFO] PluginManager:220 - loadIPPluginJar : add stm32_wpan
2024-09-05 22:08:51,435 [INFO] IPUIPlugin:80 - create IPUIPlugin
2024-09-05 22:08:51,435 [INFO] PluginManager:220 - loadIPPluginJar : add tim
2024-09-05 22:08:51,435 [INFO] IPUIPlugin:80 - create IPUIPlugin
2024-09-05 22:08:51,435 [INFO] PluginManager:220 - loadIPPluginJar : add touchsensing
2024-09-05 22:08:51,435 [INFO] IPUIPlugin:80 - create IPUIPlugin
2024-09-05 22:08:51,435 [INFO] PluginManager:220 - loadIPPluginJar : add tracer_emb
2024-09-05 22:08:51,435 [INFO] IPUIPlugin:80 - create IPUIPlugin
2024-09-05 22:08:51,435 [INFO] PluginManager:220 - loadIPPluginJar : add ts
2024-09-05 22:08:51,451 [INFO] IPUIPlugin:80 - create IPUIPlugin
2024-09-05 22:08:51,451 [INFO] PluginManager:220 - loadIPPluginJar : add tsc
2024-09-05 22:08:51,451 [INFO] IPUIPlugin:80 - create IPUIPlugin
2024-09-05 22:08:51,451 [INFO] PluginManager:220 - loadIPPluginJar : add ucpd
2024-09-05 22:08:51,451 [INFO] IPUIPlugin:80 - create IPUIPlugin
2024-09-05 22:08:51,451 [INFO] PluginManager:220 - loadIPPluginJar : add usart
2024-09-05 22:08:51,451 [INFO] IPUIPlugin:80 - create IPUIPlugin
2024-09-05 22:08:51,451 [INFO] PluginManager:220 - loadIPPluginJar : add usbx
2024-09-05 22:08:51,607 [INFO] CADModel:165 - CPN selected for project level
2024-09-05 22:08:51,607 [INFO] CADModel:114 - Register for checkConnection events
2024-09-05 22:08:51,607 [FATAL] Updater:308 - Updater called before beeing initialized
2024-09-05 22:08:51,607 [ERROR] CADModel:125 - Updater not yet initialized, retry later 
2024-09-05 22:08:51,810 [INFO] CADModel:165 - CPN selected for project level
2024-09-05 22:08:51,810 [INFO] CADModel:114 - Register for checkConnection events
2024-09-05 22:08:51,810 [FATAL] Updater:308 - Updater called before beeing initialized
2024-09-05 22:08:51,810 [ERROR] CADModel:125 - Updater not yet initialized, retry later 
2024-09-05 22:08:51,810 [FATAL] Updater:308 - Updater called before beeing initialized
2024-09-05 22:08:51,966 [FATAL] Updater:308 - Updater called before beeing initialized
2024-09-05 22:08:51,982 [INFO] DbMcusAds:53 - JSON generation date=Thu May 16 14:52:00 IST 2024 (1715851320667)
2024-09-05 22:08:51,982 [FATAL] Updater:308 - Updater called before beeing initialized
2024-09-05 22:08:52,029 [WARN] DetailPanel:346 - Failed to get advertising image, set to default
2024-09-05 22:08:52,185 [FATAL] Updater:308 - Updater called before beeing initialized
2024-09-05 22:08:52,185 [FATAL] Updater:308 - Updater called before beeing initialized
2024-09-05 22:08:52,185 [FATAL] Updater:308 - Updater called before beeing initialized
2024-09-05 22:08:52,185 [WARN] DetailPanel:346 - Failed to get advertising image, set to default
2024-09-05 22:08:52,185 [FATAL] Updater:308 - Updater called before beeing initialized
2024-09-05 22:08:52,263 [ERROR] Updater:1120 - MainUpdater not yet initialized. External WinMGr cannot be set.
2024-09-05 22:08:52,263 [INFO] Updater:1056 - Updater Version found : 6.10.0
2024-09-05 22:08:52,295 [INFO] ApplicationProperties:184 - Using Application install path: C:\ST\STM32CubeIDE_1.14.1\STM32CubeIDE\plugins\com.st.stm32cube.common.mx_6.10.0.202311202037
2024-09-05 22:08:53,670 [INFO] ThirdPartyUpdaterWithRetryManager:70 - Updater plugin not ready yet. [2/15]
2024-09-05 22:08:53,904 [ERROR] LogOutputStream:75 - [STDERR_REDIRECT] Sep 05, 2024 10:08:53 PM java.util.prefs.WindowsPreferences <init>
2024-09-05 22:08:53,904 [ERROR] LogOutputStream:75 - [STDERR_REDIRECT] WARNING: Could not open/create prefs root node Software\JavaSoft\Prefs at root 0xffffffff80000002. Windows RegCreateKeyEx(...) returned error code 5.
2024-09-05 22:08:53,904 [ERROR] LogOutputStream:75 - [STDERR_REDIRECT] 
2024-09-05 22:08:55,030 [INFO] MainUpdater:2873 - connection check result : 10
2024-09-05 22:08:55,030 [INFO] MainUpdater:290 - Updater Check For Update Now.
2024-09-05 22:08:55,030 [INFO] MicroXplorer:498 - Change Database Version : DB.6.0.100
2024-09-05 22:08:55,030 [INFO] McuFinderGlobals:63 - Set McuFinder mode to 2 (CubeIDE integrated)
2024-09-05 22:08:55,045 [INFO] UserAuth:404 - Internet connection configuration mode: 1
2024-09-05 22:08:55,092 [INFO] JxBrowserEngine:152 - Initiate JxBrowser Engine with user profile folder
2024-09-05 22:08:55,249 [INFO] CheckServerUpdateThread:120 - End of CheckServer Thread
2024-09-05 22:08:56,311 [INFO] WebApp:161 - Instantiating new browser for Auth
2024-09-05 22:08:56,915 [WARN] PackLoader:240 - Cannot read IP mode file for STMicroelectronics.FP-SNS-MOTENVWB1.1.4.0
2024-09-05 22:08:56,932 [WARN] PackLoader:240 - Cannot read IP mode file for STMicroelectronics.X-CUBE-SMBUS.2.1.0
2024-09-05 22:08:56,947 [WARN] PackLoader:240 - Cannot read IP mode file for STMicroelectronics.X-CUBE-TOUCHGFX.4.23.0
2024-09-05 22:08:56,947 [WARN] PackLoader:240 - Cannot read IP mode file for STMicroelectronics.X-CUBE-TOUCHGFX.4.23.2
2024-09-05 22:08:57,005 [WARN] PackLoader:240 - Cannot read IP mode file for STMicroelectronics.X-CUBE-AZRTOS-F7.1.1.0
2024-09-05 22:08:57,019 [WARN] PackLoader:240 - Cannot read IP mode file for STMicroelectronics.FP-SNS-MOTENV1.4.3.2
2024-09-05 22:08:57,094 [WARN] PackLoader:240 - Cannot read IP mode file for STMicroelectronics.X-CUBE-MEMS1.11.0.0
2024-09-05 22:08:57,299 [INFO] WebApp:780 - Register for checkConnection events
2024-09-05 22:08:57,299 [INFO] WebApp:414 - Apply proxy settings
2024-09-05 22:08:57,299 [INFO] WebApp:499 - Chromium requires no authentication
2024-09-05 22:08:57,314 [INFO] WebApp:442 - Direct internet connection detected
2024-09-05 22:08:57,660 [WARN] PackLoader:240 - Cannot read IP mode file for STMicroelectronics.X-CUBE-BLE1.6.2.4
2024-09-05 22:08:57,675 [WARN] PackLoader:240 - Cannot read IP mode file for STMicroelectronics.FP-SNS-FLIGHT1.5.0.2
2024-09-05 22:08:57,691 [WARN] PackLoader:240 - Cannot read IP mode file for STMicroelectronics.X-CUBE-DISPLAY.3.0.0
2024-09-05 22:08:57,691 [WARN] PackLoader:240 - Cannot read IP mode file for STMicroelectronics.X-CUBE-BLE1.7.0.0
2024-09-05 22:08:57,707 [WARN] PackLoader:240 - Cannot read IP mode file for emotas.I-CUBE-CANOPEN.1.3.0
2024-09-05 22:08:57,707 [WARN] PackLoader:240 - Cannot read IP mode file for STMicroelectronics.X-CUBE-TOUCHGFX.4.22.0
2024-09-05 22:08:57,722 [WARN] PackLoader:240 - Cannot read IP mode file for STMicroelectronics.X-CUBE-BLEMGR.3.1.0
2024-09-05 22:08:57,722 [WARN] PackLoader:240 - Cannot read IP mode file for STMicroelectronics.FP-SNS-SMARTAG2.1.2.0
2024-09-05 22:08:57,738 [INFO] LogOutputStream:77 - [STDOUT_REDIRECT] 1 : Invalid condition id : UX_CORESTACK_Condition cause : null
2024-09-05 22:08:57,738 [INFO] LogOutputStream:77 - [STDOUT_REDIRECT] 1 : Invalid condition id : UX_CORESTACK_Condition cause : null
2024-09-05 22:08:57,738 [INFO] LogOutputStream:77 - [STDOUT_REDIRECT] 1 : Invalid condition id : UX_CORESTACK_Condition cause : null
2024-09-05 22:08:57,738 [INFO] LogOutputStream:77 - [STDOUT_REDIRECT] 1 : Invalid condition id : UX_CORESTACK_Condition cause : null
2024-09-05 22:08:57,738 [INFO] LogOutputStream:77 - [STDOUT_REDIRECT] 1 : Invalid condition id : UX_CORESTACK_Condition cause : null
2024-09-05 22:08:57,753 [WARN] PackLoader:240 - Cannot read IP mode file for STMicroelectronics.X-CUBE-AZRTOS-WL.2.0.0
2024-09-05 22:08:57,753 [WARN] PackLoader:240 - Cannot read IP mode file for STMicroelectronics.FP-SNS-MOTENV1.5.0.0
2024-09-05 22:08:57,769 [WARN] PackLoader:240 - Cannot read IP mode file for wolfSSL.I-CUBE-wolfMQTT.1.19.0
2024-09-05 22:08:57,769 [WARN] PackLoader:240 - Cannot read IP mode file for WES.I-CUBE-Cesium.1.3.0
2024-09-05 22:08:57,785 [WARN] PackLoader:240 - Cannot read IP mode file for STMicroelectronics.X-CUBE-BLE2.3.3.0
2024-09-05 22:08:57,785 [WARN] PackLoader:240 - Cannot read IP mode file for STMicroelectronics.X-CUBE-TCPP.4.1.0
2024-09-05 22:08:57,785 [INFO] WebApp:192 - Starting web application
2024-09-05 22:08:57,785 [INFO] WebApp:544 - Web application path used C:\ST\STM32CubeIDE_1.14.1\STM32CubeIDE\plugins\com.st.stm32cube.common.mx_6.10.0.202311202037\db\plugins\mcufinder\reactClient1\index.html
2024-09-05 22:08:57,807 [WARN] PackLoader:240 - Cannot read IP mode file for STMicroelectronics.X-CUBE-ALGOBUILD.1.3.0
2024-09-05 22:08:57,840 [WARN] PackLoader:240 - Cannot read IP mode file for STMicroelectronics.X-CUBE-AZRTOS-G0.1.1.0
2024-09-05 22:08:57,857 [WARN] PackLoader:240 - Cannot read IP mode file for STMicroelectronics.X-CUBE-SAFEA1.1.2.2
2024-09-05 22:08:57,865 [WARN] PackLoader:240 - Cannot read IP mode file for STMicroelectronics.X-CUBE-NFC4.3.0.0
2024-09-05 22:08:57,873 [WARN] PackLoader:240 - Cannot read IP mode file for wolfSSL.I-CUBE-wolfMQTT.1.18.0
2024-09-05 22:08:57,889 [WARN] PackLoader:240 - Cannot read IP mode file for EmbeddedOffice.I-CUBE-FS-RTOS.1.0.1
2024-09-05 22:08:57,889 [ERROR] ConditionMgr:805 - Attr not supported : Dmpu
2024-09-05 22:08:57,889 [ERROR] ConditionMgr:805 - Attr not supported : Dmpu
2024-09-05 22:08:57,889 [ERROR] ConditionMgr:805 - Attr not supported : Dmpu
2024-09-05 22:08:57,889 [ERROR] ConditionMgr:805 - Attr not supported : Dmpu
2024-09-05 22:08:57,889 [ERROR] ConditionMgr:805 - Attr not supported : Dmpu
2024-09-05 22:08:57,889 [ERROR] ConditionMgr:805 - Attr not supported : Dmpu
2024-09-05 22:08:57,889 [ERROR] ConditionMgr:805 - Attr not supported : Dmpu
2024-09-05 22:08:57,889 [ERROR] ConditionMgr:805 - Attr not supported : Dmpu
2024-09-05 22:08:57,889 [ERROR] ConditionMgr:805 - Attr not supported : Dmpu
2024-09-05 22:08:57,889 [ERROR] ConditionMgr:805 - Attr not supported : Dmpu
2024-09-05 22:08:57,889 [ERROR] ConditionMgr:805 - Attr not supported : Dmpu
2024-09-05 22:08:57,889 [ERROR] ConditionMgr:805 - Attr not supported : Dmpu
2024-09-05 22:08:57,889 [ERROR] ConditionMgr:805 - Attr not supported : Dmpu
2024-09-05 22:08:57,889 [ERROR] ConditionMgr:805 - Attr not supported : Dmpu
2024-09-05 22:08:57,889 [ERROR] ConditionMgr:805 - Attr not supported : Dmpu
2024-09-05 22:08:57,889 [ERROR] ConditionMgr:805 - Attr not supported : Dmpu
2024-09-05 22:08:57,889 [ERROR] ConditionMgr:805 - Attr not supported : Dmpu
2024-09-05 22:08:57,889 [ERROR] ConditionMgr:805 - Attr not supported : Dmpu
2024-09-05 22:08:57,889 [ERROR] ConditionMgr:805 - Attr not supported : Dmpu
2024-09-05 22:08:57,889 [ERROR] ConditionMgr:805 - Attr not supported : Dmpu
2024-09-05 22:08:57,889 [ERROR] ConditionMgr:805 - Attr not supported : Dmpu
2024-09-05 22:08:57,889 [ERROR] ConditionMgr:805 - Attr not supported : Dmpu
2024-09-05 22:08:57,889 [ERROR] ConditionMgr:805 - Attr not supported : Dmpu
2024-09-05 22:08:57,889 [ERROR] ConditionMgr:805 - Attr not supported : Dmpu
2024-09-05 22:08:57,889 [ERROR] ConditionMgr:805 - Attr not supported : Dmpu
2024-09-05 22:08:57,889 [ERROR] ConditionMgr:805 - Attr not supported : Dmpu
2024-09-05 22:08:57,889 [ERROR] ConditionMgr:805 - Attr not supported : Dmpu
2024-09-05 22:08:57,889 [ERROR] ConditionMgr:805 - Attr not supported : Dmpu
2024-09-05 22:08:57,889 [ERROR] ConditionMgr:805 - Attr not supported : Dmpu
2024-09-05 22:08:57,889 [ERROR] ConditionMgr:805 - Attr not supported : Dmpu
2024-09-05 22:08:57,889 [ERROR] ConditionMgr:805 - Attr not supported : Dmpu
2024-09-05 22:08:57,889 [ERROR] ConditionMgr:805 - Attr not supported : Dmpu
2024-09-05 22:08:57,889 [ERROR] ConditionMgr:805 - Attr not supported : Dmpu
2024-09-05 22:08:57,889 [ERROR] ConditionMgr:805 - Attr not supported : Dmpu
2024-09-05 22:08:57,889 [ERROR] ConditionMgr:805 - Attr not supported : Dmpu
2024-09-05 22:08:57,889 [ERROR] ConditionMgr:805 - Attr not supported : Dmpu
2024-09-05 22:08:57,889 [ERROR] ConditionMgr:805 - Attr not supported : Dmpu
2024-09-05 22:08:57,889 [ERROR] ConditionMgr:805 - Attr not supported : Dmpu
2024-09-05 22:08:57,889 [ERROR] ConditionMgr:805 - Attr not supported : Dmpu
2024-09-05 22:08:57,889 [ERROR] ConditionMgr:805 - Attr not supported : Dmpu
2024-09-05 22:08:57,889 [ERROR] ConditionMgr:805 - Attr not supported : Dmpu
2024-09-05 22:08:57,889 [ERROR] ConditionMgr:805 - Attr not supported : Dmpu
2024-09-05 22:08:57,889 [ERROR] ConditionMgr:805 - Attr not supported : Dmpu
2024-09-05 22:08:57,889 [ERROR] ConditionMgr:805 - Attr not supported : Dmpu
2024-09-05 22:08:57,889 [ERROR] ConditionMgr:805 - Attr not supported : Dmpu
2024-09-05 22:08:57,889 [ERROR] ConditionMgr:805 - Attr not supported : Dmpu
2024-09-05 22:08:57,889 [ERROR] ConditionMgr:805 - Attr not supported : Dmpu
2024-09-05 22:08:57,889 [ERROR] ConditionMgr:805 - Attr not supported : Dmpu
2024-09-05 22:08:57,889 [ERROR] ConditionMgr:805 - Attr not supported : Dmpu
2024-09-05 22:08:57,897 [ERROR] ConditionMgr:805 - Attr not supported : Dmpu
2024-09-05 22:08:57,897 [ERROR] ConditionMgr:805 - Attr not supported : Dmpu
2024-09-05 22:08:57,897 [ERROR] ConditionMgr:805 - Attr not supported : Dmpu
2024-09-05 22:08:57,897 [ERROR] ConditionMgr:805 - Attr not supported : Dmpu
2024-09-05 22:08:57,897 [ERROR] ConditionMgr:805 - Attr not supported : Dmpu
2024-09-05 22:08:57,897 [ERROR] ConditionMgr:805 - Attr not supported : Dmpu
2024-09-05 22:08:57,897 [ERROR] ConditionMgr:805 - Attr not supported : Dmpu
2024-09-05 22:08:57,897 [ERROR] ConditionMgr:805 - Attr not supported : Dmpu
2024-09-05 22:08:57,897 [ERROR] ConditionMgr:805 - Attr not supported : Dmpu
2024-09-05 22:08:57,897 [ERROR] ConditionMgr:805 - Attr not supported : Dmpu
2024-09-05 22:08:57,897 [ERROR] ConditionMgr:805 - Attr not supported : Dmpu
2024-09-05 22:08:57,897 [ERROR] ConditionMgr:805 - Attr not supported : Dmpu
2024-09-05 22:08:57,897 [ERROR] ConditionMgr:805 - Attr not supported : Dmpu
2024-09-05 22:08:57,897 [ERROR] ConditionMgr:805 - Attr not supported : Dmpu
2024-09-05 22:08:57,897 [ERROR] ConditionMgr:805 - Attr not supported : Dmpu
2024-09-05 22:08:57,913 [WARN] PackLoader:240 - Cannot read IP mode file for STMicroelectronics.X-CUBE-BLEMGR.3.0.0
2024-09-05 22:08:57,923 [WARN] PackLoader:240 - Cannot read IP mode file for RealThread.X-CUBE-RT-Thread_Nano.4.1.1
2024-09-05 22:08:57,923 [WARN] PackLoader:240 - Cannot read IP mode file for STMicroelectronics.FP-ATR-SIGFOX1.3.2.0
2024-09-05 22:08:57,937 [WARN] PackLoader:240 - Cannot read IP mode file for wolfSSL.I-CUBE-wolfSSL.5.7.2
2024-09-05 22:08:57,945 [WARN] PackLoader:240 - Cannot read IP mode file for STMicroelectronics.X-CUBE-EEPRMA1.5.1.0
2024-09-05 22:08:57,956 [WARN] PackLoader:240 - Cannot read IP mode file for ITTIA_DB.I-CUBE-ITTIADB.8.9.0
2024-09-05 22:08:58,007 [WARN] PackLoader:240 - Cannot read IP mode file for SEGGER.I-CUBE-embOS.1.3.1
2024-09-05 22:08:58,084 [WARN] PackLoader:240 - Cannot read IP mode file for STMicroelectronics.X-CUBE-ALGOBUILD.1.4.0
2024-09-05 22:08:58,094 [WARN] PackLoader:240 - Cannot read IP mode file for STMicroelectronics.X-CUBE-GNSS1.6.0.0
2024-09-05 22:08:58,125 [WARN] PackLoader:240 - Cannot read IP mode file for STMicroelectronics.X-CUBE-AZRTOS-F4.1.1.0
2024-09-05 22:08:58,141 [WARN] PackLoader:240 - Cannot read IP mode file for wolfSSL.I-CUBE-wolfSSL.5.6.3
2024-09-05 22:08:58,146 [WARN] PackLoader:240 - Cannot read IP mode file for STMicroelectronics.X-CUBE-FREERTOS.1.2.0
2024-09-05 22:08:58,180 [WARN] PackLoader:240 - Cannot read IP mode file for STMicroelectronics.X-CUBE-AZRTOS-L5.2.0.0
2024-09-05 22:08:58,264 [WARN] PackLoader:240 - Cannot read IP mode file for STMicroelectronics.X-CUBE-MEMS1.9.6.0
2024-09-05 22:08:58,530 [WARN] PackLoader:240 - Cannot read IP mode file for STMicroelectronics.X-CUBE-EEPRMA1.4.2.0
2024-09-05 22:08:58,546 [WARN] PackLoader:240 - Cannot read IP mode file for STMicroelectronics.X-CUBE-NFC6.3.1.0
2024-09-05 22:08:58,562 [WARN] PackLoader:240 - Cannot read IP mode file for ITTIA_DB.I-CUBE-ITTIADB.8.8.0
2024-09-05 22:08:58,577 [WARN] PackLoader:240 - Cannot read IP mode file for STMicroelectronics.X-CUBE-BLEMGR.2.0.0
2024-09-05 22:08:58,577 [WARN] PackLoader:240 - Cannot read IP mode file for STMicroelectronics.X-CUBE-DPower.1.2.0
2024-09-05 22:08:58,593 [WARN] PackLoader:240 - Cannot read IP mode file for STMicroelectronics.X-CUBE-AI.9.0.0
2024-09-05 22:08:58,624 [WARN] ConditionMgr:438 - getConditionDescription Invalid condition id : UX DEVICE CLASS RTOS Condition cause : null
2024-09-05 22:08:58,624 [WARN] ConditionMgr:438 - getConditionDescription Invalid condition id : UX DEVICE CLASS RTOS Condition cause : null
2024-09-05 22:08:58,640 [WARN] PackLoader:240 - Cannot read IP mode file for STMicroelectronics.X-CUBE-AZRTOS-H7.3.1.0
2024-09-05 22:08:58,640 [WARN] ConditionMgr:1039 - genDependencies : Invalid condition id : UX DEVICE CLASS RTOS Condition cause : null
2024-09-05 22:08:58,640 [WARN] ConditionMgr:1039 - genDependencies : Invalid condition id : UX DEVICE CLASS RTOS Condition cause : null
2024-09-05 22:08:58,640 [WARN] ConditionMgr:1039 - genDependencies : Invalid condition id : UX DEVICE CLASS RTOS Condition cause : null
2024-09-05 22:08:58,640 [WARN] ConditionMgr:1039 - genDependencies : Invalid condition id : UX DEVICE CLASS RTOS Condition cause : null
2024-09-05 22:08:58,640 [WARN] ConditionMgr:1039 - genDependencies : Invalid condition id : UX DEVICE CLASS RTOS Condition cause : null
2024-09-05 22:08:58,655 [WARN] PackLoader:240 - Cannot read IP mode file for STMicroelectronics.X-CUBE-NFC7.1.0.1
2024-09-05 22:08:58,655 [WARN] PackLoader:240 - Cannot read IP mode file for wolfSSL.I-CUBE-wolfTPM.3.2.0
2024-09-05 22:08:58,671 [WARN] PackLoader:240 - Cannot read IP mode file for STMicroelectronics.X-CUBE-NFC6.3.0.0
2024-09-05 22:08:58,687 [WARN] PackLoader:240 - Cannot read IP mode file for STMicroelectronics.X-CUBE-EEPRMA1.4.1.0
2024-09-05 22:08:58,687 [WARN] PackLoader:240 - Cannot read IP mode file for STMicroelectronics.X-CUBE-AI.8.1.0
2024-09-05 22:08:58,718 [WARN] ConditionMgr:438 - getConditionDescription Invalid condition id : LAN8742 Phy interface Condition cause : null
2024-09-05 22:08:58,733 [WARN] PackLoader:240 - Cannot read IP mode file for STMicroelectronics.X-CUBE-AZRTOS-L4.2.0.0
2024-09-05 22:08:58,733 [WARN] ConditionMgr:1039 - genDependencies : Invalid condition id : LAN8742 Phy interface Condition cause : null
2024-09-05 22:08:58,765 [WARN] ConditionMgr:1039 - genDependencies : Invalid condition id : LAN8742 Phy interface Condition cause : null
2024-09-05 22:08:58,765 [WARN] ConditionMgr:1039 - genDependencies : Invalid condition id : LAN8742 Phy interface Condition cause : null
2024-09-05 22:08:58,780 [WARN] PackLoader:240 - Cannot read IP mode file for STMicroelectronics.X-CUBE-SFXS2LP1.4.0.0
2024-09-05 22:08:58,780 [WARN] PackLoader:240 - Cannot read IP mode file for STMicroelectronics.X-CUBE-ISPU.1.1.0
2024-09-05 22:08:58,812 [WARN] PackLoader:240 - Cannot read IP mode file for STMicroelectronics.X-CUBE-AZRTOS-H7.3.3.0
2024-09-05 22:08:58,843 [WARN] ConditionMgr:438 - getConditionDescription Invalid condition id : UX DEVICE CLASS RTOS Condition cause : null
2024-09-05 22:08:58,843 [WARN] ConditionMgr:438 - getConditionDescription Invalid condition id : UX DEVICE CLASS RTOS Condition cause : null
2024-09-05 22:08:58,843 [WARN] PackLoader:240 - Cannot read IP mode file for STMicroelectronics.X-CUBE-AZRTOS-WB.2.0.0
2024-09-05 22:08:58,843 [WARN] ConditionMgr:1039 - genDependencies : Invalid condition id : UX DEVICE CLASS RTOS Condition cause : null
2024-09-05 22:08:58,843 [WARN] ConditionMgr:1039 - genDependencies : Invalid condition id : UX DEVICE CLASS RTOS Condition cause : null
2024-09-05 22:08:58,843 [WARN] ConditionMgr:1039 - genDependencies : Invalid condition id : UX DEVICE CLASS RTOS Condition cause : null
2024-09-05 22:08:58,843 [WARN] ConditionMgr:1039 - genDependencies : Invalid condition id : UX DEVICE CLASS RTOS Condition cause : null
2024-09-05 22:08:58,843 [WARN] ConditionMgr:1039 - genDependencies : Invalid condition id : UX DEVICE CLASS RTOS Condition cause : null
2024-09-05 22:08:58,843 [WARN] PackLoader:240 - Cannot read IP mode file for STMicroelectronics.X-CUBE-FREERTOS.1.0.1
2024-09-05 22:08:58,859 [WARN] PackLoader:240 - Cannot read IP mode file for STMicroelectronics.FP-SNS-STBOX1.2.0.0
2024-09-05 22:08:58,890 [WARN] PackLoader:240 - Cannot read IP mode file for STMicroelectronics.X-CUBE-AZRTOS-L5.1.1.0
2024-09-05 22:08:58,905 [WARN] PackLoader:240 - Cannot read IP mode file for STMicroelectronics.X-CUBE-AI.8.0.1
2024-09-05 22:08:58,921 [WARN] PackLoader:240 - Cannot read IP mode file for STMicroelectronics.X-CUBE-SUBG2.5.0.0
2024-09-05 22:08:58,921 [WARN] PackLoader:240 - Cannot read IP mode file for Cesanta.I-CUBE-Mongoose.7.13.0
2024-09-05 22:08:58,937 [WARN] PackLoader:240 - Cannot read IP mode file for STMicroelectronics.X-CUBE-TOF1.3.3.1
2024-09-05 22:08:58,968 [WARN] PackLoader:240 - Cannot read IP mode file for STMicroelectronics.X-CUBE-AZRTOS-G4.2.0.0
2024-09-05 22:08:58,983 [WARN] PackLoader:240 - Cannot read IP mode file for Infineon.AIROC-Wi-Fi-Bluetooth-STM32.1.5.1
2024-09-05 22:08:58,999 [WARN] PackLoader:240 - Cannot read IP mode file for STMicroelectronics.FP-SNS-MOTENVWB1.1.3.1
2024-09-05 22:08:58,999 [WARN] PackLoader:240 - Cannot read IP mode file for STMicroelectronics.X-CUBE-ISPU.2.0.0
2024-09-05 22:08:59,015 [WARN] PackLoader:240 - Cannot read IP mode file for STMicroelectronics.X-CUBE-ALS.1.0.2
2024-09-05 22:08:59,064 [WARN] PackLoader:240 - Cannot read IP mode file for STMicroelectronics.X-CUBE-MEMS1.10.0.0
2024-09-05 22:08:59,185 [WARN] PackLoader:240 - Cannot read IP mode file for STMicroelectronics.X-CUBE-FREERTOS.1.1.0
2024-09-05 22:08:59,200 [WARN] PackLoader:240 - Cannot read IP mode file for STMicroelectronics.X-CUBE-TOUCHGFX.4.24.0
2024-09-05 22:08:59,200 [WARN] PackLoader:240 - Cannot read IP mode file for wolfSSL.I-CUBE-wolfTPM.3.4.0
2024-09-05 22:08:59,216 [WARN] PackLoader:240 - Cannot read IP mode file for portGmbH.I-Cube-SoM-uGOAL.1.1.0
2024-09-05 22:08:59,216 [WARN] PackLoader:240 - Cannot read IP mode file for STMicroelectronics.X-CUBE-ALS.1.0.1
2024-09-05 22:08:59,247 [WARN] PackLoader:240 - Cannot read IP mode file for STMicroelectronics.X-CUBE-AZRTOS-WB.1.1.0
2024-09-05 22:08:59,278 [WARN] PackLoader:240 - Cannot read IP mode file for STMicroelectronics.X-CUBE-AZRTOS-H7RS.1.0.0
2024-09-05 22:08:59,278 [WARN] PackLoader:240 - Cannot read IP mode file for STMicroelectronics.FP-ATR-ASTRA1.2.0.0
2024-09-05 22:08:59,294 [WARN] PackLoader:240 - Cannot read IP mode file for STMicroelectronics.X-CUBE-TOF1.3.4.2
2024-09-05 22:08:59,325 [WARN] PackLoader:240 - Cannot read IP mode file for STMicroelectronics.X-CUBE-TOF1.3.4.0
2024-09-05 22:08:59,372 [WARN] PackLoader:240 - Cannot read IP mode file for Infineon.AIROC-Wi-Fi-Bluetooth-STM32.1.6.1
2024-09-05 22:08:59,388 [WARN] PackLoader:240 - Cannot read IP mode file for STMicroelectronics.X-CUBE-TOF1.3.4.1
2024-09-05 22:08:59,419 [WARN] PackLoader:240 - Cannot read IP mode file for STMicroelectronics.X-CUBE-AZRTOS-H7.3.2.0
2024-09-05 22:08:59,435 [WARN] PackLoader:240 - Cannot read IP mode file for wolfSSL.I-CUBE-wolfSSH.1.4.17
2024-09-05 22:08:59,435 [INFO] ThirdParty:978 - Integrity check success = true
2024-09-05 22:08:59,435 [INFO] IntegrityCheckThread:100 - exiting critical section [integrity check]
2024-09-05 22:08:59,435 [INFO] IntegrityCheckThread:103 - End integrity checks thread
2024-09-05 22:09:18,918 [ERROR] LogOutputStream:75 - [STDERR_REDIRECT] SLF4J: Failed to load class "org.slf4j.impl.StaticLoggerBinder".
2024-09-05 22:09:18,920 [ERROR] LogOutputStream:75 - [STDERR_REDIRECT] SLF4J: Defaulting to no-operation (NOP) logger implementation
2024-09-05 22:09:18,924 [ERROR] LogOutputStream:75 - [STDERR_REDIRECT] SLF4J: See http://www.slf4j.org/codes.html#StaticLoggerBinder for further details.
2024-09-05 22:20:42,346 [ERROR] LogOutputStream:75 - [STDERR_REDIRECT] 
2024-09-05 22:20:42,347 [ERROR] LogOutputStream:75 - [STDERR_REDIRECT] 
2024-09-05 22:25:01,682 [INFO] Activator:176 - 


2024-09-05 22:25:01,684 [INFO] Activator:177 - !SESSION log4j initialized
2024-09-05 22:25:10,149 [INFO] LogOutputStream:77 - [STDOUT_REDIRECT] 
2024-09-05 22:25:13,302 [INFO] ApplicationProperties:184 - Using Application install path: C:\ST\STM32CubeIDE_1.14.1\STM32CubeIDE\plugins\com.st.stm32cube.common.mx_6.10.0.202311202037
2024-09-05 22:25:13,320 [INFO] DbMcusXml:78 - Set database path to: C:\ST\STM32CubeIDE_1.14.1\STM32CubeIDE\plugins\com.st.stm32cube.common.mx_6.10.0.202311202037\\db\/mcu/
2024-09-05 22:25:13,320 [INFO] ApiDb:274 - Set plugin database path to: C:\ST\STM32CubeIDE_1.14.1\STM32CubeIDE\plugins\com.st.stm32cube.common.mx_6.10.0.202311202037\\db\/plugins/boardmanager/
2024-09-05 22:25:13,320 [WARN] ApiDb:259 - Overriding images path with different value:  => C:\ST\STM32CubeIDE_1.14.1\STM32CubeIDE\plugins\com.st.stm32cube.common.mx_6.10.0.202311202037\\db\/plugins/mcufinder/images/
2024-09-05 22:25:13,325 [INFO] ApiDb:250 - Set database path to: C:\Users\ACER\.stmcufinder\plugins\mcufinder//mcu/
2024-09-05 22:25:13,326 [INFO] DbMcusAds:125 - Set database path to: C:\Users\ACER\.stmcufinder\plugins\mcufinder//mcu/
2024-09-05 22:25:13,328 [INFO] CrossReferenceDbSqlite:203 - Set database path to: C:\Users\ACER\.stmcufinder\plugins\mcufinder//mcu/cs/
2024-09-05 22:25:13,428 [INFO] RulesReader:64 - Compatibility file has been processed (297 Rules)
2024-09-05 22:25:13,506 [INFO] DbMcusXml:78 - Set database path to: C:\ST\STM32CubeIDE_1.14.1\STM32CubeIDE\plugins\com.st.stm32cube.common.mx_6.10.0.202311202037\\db\/mcu/
2024-09-05 22:25:13,507 [INFO] ApiDb:274 - Set plugin database path to: C:\ST\STM32CubeIDE_1.14.1\STM32CubeIDE\plugins\com.st.stm32cube.common.mx_6.10.0.202311202037\\db\/plugins/boardmanager/
2024-09-05 22:25:13,507 [INFO] ApiDb:261 - Set plugin images path to: C:\ST\STM32CubeIDE_1.14.1\STM32CubeIDE\plugins\com.st.stm32cube.common.mx_6.10.0.202311202037\\db\/plugins/mcufinder/images/
2024-09-05 22:25:13,507 [WARN] DbFile:41 - Overriding database path with different value: C:\Users\ACER\.stmcufinder\plugins\mcufinder/ => C:\Users\ACER\.stmcufinder\plugins\mcufinder
2024-09-05 22:25:13,507 [INFO] ApiDb:250 - Set database path to: C:\Users\ACER\.stmcufinder\plugins\mcufinder//mcu/
2024-09-05 22:25:13,508 [WARN] DbFile:41 - Overriding database path with different value: C:\Users\ACER\.stmcufinder\plugins\mcufinder/ => C:\Users\ACER\.stmcufinder\plugins\mcufinder
2024-09-05 22:25:13,508 [INFO] DbMcusAds:125 - Set database path to: C:\Users\ACER\.stmcufinder\plugins\mcufinder//mcu/
2024-09-05 22:25:13,508 [WARN] DbFile:41 - Overriding database path with different value: C:\Users\ACER\.stmcufinder\plugins\mcufinder/ => C:\Users\ACER\.stmcufinder\plugins\mcufinder
2024-09-05 22:25:13,508 [WARN] DbFile:41 - Overriding database path with different value: C:\Users\ACER\.stmcufinder\plugins\mcufinder/ => C:\Users\ACER\.stmcufinder\plugins\mcufinder
2024-09-05 22:25:13,508 [INFO] CrossReferenceDbSqlite:203 - Set database path to: C:\Users\ACER\.stmcufinder\plugins\mcufinder//mcu/cs/
2024-09-05 22:25:13,595 [INFO] MainPanel:264 - HeapMemory: 268435456
2024-09-05 22:25:13,703 [INFO] DbMcusXml:78 - Set database path to: C:\ST\STM32CubeIDE_1.14.1\STM32CubeIDE\plugins\com.st.stm32cube.common.mx_6.10.0.202311202037\\db\/mcu/
2024-09-05 22:25:13,703 [INFO] ApiDb:274 - Set plugin database path to: C:\ST\STM32CubeIDE_1.14.1\STM32CubeIDE\plugins\com.st.stm32cube.common.mx_6.10.0.202311202037\\db\/plugins/boardmanager/
2024-09-05 22:25:13,704 [INFO] ApiDb:261 - Set plugin images path to: C:\ST\STM32CubeIDE_1.14.1\STM32CubeIDE\plugins\com.st.stm32cube.common.mx_6.10.0.202311202037\\db\/plugins/mcufinder/images/
2024-09-05 22:25:13,705 [WARN] DbFile:41 - Overriding database path with different value: C:\Users\ACER\.stmcufinder\plugins\mcufinder/ => C:\Users\ACER\.stmcufinder\plugins\mcufinder
2024-09-05 22:25:13,705 [INFO] ApiDb:250 - Set database path to: C:\Users\ACER\.stmcufinder\plugins\mcufinder//mcu/
2024-09-05 22:25:13,705 [WARN] DbFile:41 - Overriding database path with different value: C:\Users\ACER\.stmcufinder\plugins\mcufinder/ => C:\Users\ACER\.stmcufinder\plugins\mcufinder
2024-09-05 22:25:13,705 [INFO] DbMcusAds:125 - Set database path to: C:\Users\ACER\.stmcufinder\plugins\mcufinder//mcu/
2024-09-05 22:25:13,705 [WARN] DbFile:41 - Overriding database path with different value: C:\Users\ACER\.stmcufinder\plugins\mcufinder/ => C:\Users\ACER\.stmcufinder\plugins\mcufinder
2024-09-05 22:25:13,705 [WARN] DbFile:41 - Overriding database path with different value: C:\Users\ACER\.stmcufinder\plugins\mcufinder/ => C:\Users\ACER\.stmcufinder\plugins\mcufinder
2024-09-05 22:25:13,705 [INFO] CrossReferenceDbSqlite:203 - Set database path to: C:\Users\ACER\.stmcufinder\plugins\mcufinder//mcu/cs/
2024-09-05 22:25:13,725 [INFO] ApplicationProperties:184 - Using Application install path: C:\ST\STM32CubeIDE_1.14.1\STM32CubeIDE\plugins\com.st.stm32cube.common.mx_6.10.0.202311202037
2024-09-05 22:25:13,731 [INFO] PluginManage:196 - Search for loadable plugins [exclusion list=, ]
2024-09-05 22:25:13,738 [INFO] PluginManage:310 - Check plugin analytics
2024-09-05 22:25:13,915 [INFO] AnalyticsPlugin:253 - Accepted Software Licenses: STM32CubeMX.6.12.0
2024-09-05 22:25:13,915 [INFO] AnalyticsPlugin:255 - Accepted CMSIS Pack Licenses: STMicroelectronics.X-CUBE-MEMS1.11.0.0
2024-09-05 22:25:13,915 [INFO] AnalyticsPlugin:257 - Accepted Firmware Licenses: 
2024-09-05 22:25:13,919 [INFO] PluginManage:359 - Loaded plugin analytics (category:tool,tabindex:-1)
2024-09-05 22:25:13,919 [INFO] PluginManage:310 - Check plugin cadmodel
2024-09-05 22:25:13,922 [INFO] CADModel:105 - Init CAD model plugin
2024-09-05 22:25:13,923 [INFO] PluginManage:359 - Loaded plugin cadmodel (category:power,tabindex:5)
2024-09-05 22:25:13,923 [INFO] PluginManage:310 - Check plugin clock
2024-09-05 22:25:13,931 [INFO] PluginManage:359 - Loaded plugin clock (category:base,tabindex:2)
2024-09-05 22:25:13,932 [INFO] PluginManage:310 - Check plugin ddr
2024-09-05 22:25:13,933 [INFO] PluginManage:359 - Loaded plugin ddr (category:tool,tabindex:6)
2024-09-05 22:25:13,933 [INFO] PluginManage:310 - Check plugin filemanager
2024-09-05 22:25:14,071 [INFO] PluginManage:359 - Loaded plugin filemanager (category:base,tabindex:10)
2024-09-05 22:25:14,071 [INFO] PluginManage:310 - Check plugin ipmanager
2024-09-05 22:25:14,078 [INFO] PluginManage:359 - Loaded plugin ipmanager (category:base,tabindex:5)
2024-09-05 22:25:14,078 [INFO] PluginManage:310 - Check plugin lpbam
2024-09-05 22:25:14,086 [INFO] PluginManage:359 - Loaded plugin lpbam (category:base,tabindex:0)
2024-09-05 22:25:14,086 [INFO] PluginManage:310 - Check plugin memorymap
2024-09-05 22:25:14,097 [INFO] PluginManage:359 - Loaded plugin memorymap (category:base,tabindex:4)
2024-09-05 22:25:14,097 [INFO] PluginManage:310 - Check plugin pinoutandconfiguration
2024-09-05 22:25:14,103 [INFO] PluginManage:359 - Loaded plugin pinoutandconfiguration (category:base,tabindex:1)
2024-09-05 22:25:14,104 [INFO] PluginManage:310 - Check plugin pinoutconfig
2024-09-05 22:25:14,183 [WARN] SupportedApi:132 - Cannot load RTOS API schema: s4s-elt-must-match.1: The content of 'definitions' must match (annotation?, (simpleType | complexType)?, (unique | key | keyref)*)). A problem was found starting at: attribute.
2024-09-05 22:25:14,331 [INFO] PluginManage:359 - Loaded plugin pinoutconfig (category:base,tabindex:0)
2024-09-05 22:25:14,331 [INFO] PluginManage:310 - Check plugin power
2024-09-05 22:25:14,343 [INFO] PluginManage:359 - Loaded plugin power (category:power,tabindex:4)
2024-09-05 22:25:14,344 [INFO] PluginManage:310 - Check plugin projectmanager
2024-09-05 22:25:14,365 [INFO] PluginManage:359 - Loaded plugin projectmanager (category:projectmanager,tabindex:3)
2024-09-05 22:25:14,365 [INFO] PluginManage:310 - Check plugin thirdparty
2024-09-05 22:25:14,522 [INFO] PluginManage:359 - Loaded plugin thirdparty (category:base,tabindex:-1)
2024-09-05 22:25:14,522 [WARN] IntegrityCheckThread:84 - waiting for thirdparty lock release [integrity check]
2024-09-05 22:25:14,522 [INFO] PluginManage:310 - Check plugin tools
2024-09-05 22:25:14,522 [INFO] IntegrityCheckThread:86 - entering critical section [integrity check]
2024-09-05 22:25:14,523 [INFO] ThirdPartyUpdaterWithRetryManager:70 - Updater plugin not ready yet. [1/15]
2024-09-05 22:25:14,525 [INFO] PluginManage:359 - Loaded plugin tools (category:base,tabindex:7)
2024-09-05 22:25:14,525 [INFO] PluginManage:310 - Check plugin tutovideos
2024-09-05 22:25:14,720 [INFO] PluginManage:359 - Loaded plugin tutovideos (category:base,tabindex:-1)
2024-09-05 22:25:14,720 [INFO] PluginManage:310 - Check plugin updater
2024-09-05 22:25:14,731 [INFO] PluginManage:359 - Loaded plugin updater (category:base,tabindex:12)
2024-09-05 22:25:14,731 [INFO] PluginManage:310 - Check plugin userauth
2024-09-05 22:25:14,736 [INFO] UserAuth:114 - Init User Auth plugin
2024-09-05 22:25:14,737 [INFO] PluginManage:359 - Loaded plugin userauth (category:base,tabindex:14)
2024-09-05 22:25:14,737 [INFO] PluginManage:283 - PluginManage : Loaded plugins [17]
2024-09-05 22:25:14,982 [INFO] PinOutPanel:1499 - setPackage(No Configuration,No Configuration)
2024-09-05 22:25:15,085 [INFO] CADModel:165 - CPN selected for project level
2024-09-05 22:25:15,085 [INFO] CADModel:114 - Register for checkConnection events
2024-09-05 22:25:15,103 [INFO] IPUIPlugin:80 - create IPUIPlugin
2024-09-05 22:25:15,104 [INFO] PluginManager:220 - loadIPPluginJar : add adc
2024-09-05 22:25:15,106 [INFO] IPUIPlugin:80 - create IPUIPlugin
2024-09-05 22:25:15,106 [INFO] PluginManager:220 - loadIPPluginJar : add aes
2024-09-05 22:25:15,109 [INFO] IPUIPlugin:80 - create IPUIPlugin
2024-09-05 22:25:15,109 [INFO] PluginManager:220 - loadIPPluginJar : add can
2024-09-05 22:25:15,110 [INFO] IPUIPlugin:80 - create IPUIPlugin
2024-09-05 22:25:15,110 [INFO] PluginManager:220 - loadIPPluginJar : add comp
2024-09-05 22:25:15,113 [INFO] IPUIPlugin:80 - create IPUIPlugin
2024-09-05 22:25:15,113 [INFO] PluginManager:220 - loadIPPluginJar : add cryp
2024-09-05 22:25:15,115 [INFO] IPUIPlugin:80 - create IPUIPlugin
2024-09-05 22:25:15,115 [INFO] PluginManager:220 - loadIPPluginJar : add dfsdm
2024-09-05 22:25:15,121 [INFO] IPUIPlugin:80 - create IPUIPlugin
2024-09-05 22:25:15,122 [INFO] PluginManager:220 - loadIPPluginJar : add dma
2024-09-05 22:25:15,124 [INFO] IPUIPlugin:80 - create IPUIPlugin
2024-09-05 22:25:15,124 [INFO] PluginManager:220 - loadIPPluginJar : add dma3
2024-09-05 22:25:15,126 [INFO] IPUIPlugin:80 - create IPUIPlugin
2024-09-05 22:25:15,126 [INFO] PluginManager:220 - loadIPPluginJar : add fatfs
2024-09-05 22:25:15,130 [INFO] IPUIPlugin:80 - create IPUIPlugin
2024-09-05 22:25:15,130 [INFO] PluginManager:220 - loadIPPluginJar : add fmc
2024-09-05 22:25:15,136 [INFO] IPUIPlugin:80 - create IPUIPlugin
2024-09-05 22:25:15,136 [INFO] PluginManager:220 - loadIPPluginJar : add freertos
2024-09-05 22:25:15,137 [INFO] IPUIPlugin:80 - create IPUIPlugin
2024-09-05 22:25:15,138 [INFO] PluginManager:220 - loadIPPluginJar : add genericplugin
2024-09-05 22:25:15,140 [INFO] IPUIPlugin:80 - create IPUIPlugin
2024-09-05 22:25:15,140 [INFO] PluginManager:220 - loadIPPluginJar : add gfxmmu
2024-09-05 22:25:15,146 [INFO] IPUIPlugin:80 - create IPUIPlugin
2024-09-05 22:25:15,146 [INFO] PluginManager:220 - loadIPPluginJar : add gic
2024-09-05 22:25:15,151 [INFO] IPUIPlugin:80 - create IPUIPlugin
2024-09-05 22:25:15,151 [INFO] PluginManager:220 - loadIPPluginJar : add gpio
2024-09-05 22:25:15,154 [INFO] IPUIPlugin:80 - create IPUIPlugin
2024-09-05 22:25:15,154 [INFO] PluginManager:220 - loadIPPluginJar : add gtzc
2024-09-05 22:25:15,156 [INFO] IPUIPlugin:80 - create IPUIPlugin
2024-09-05 22:25:15,156 [INFO] PluginManager:220 - loadIPPluginJar : add hash
2024-09-05 22:25:15,159 [INFO] IPUIPlugin:80 - create IPUIPlugin
2024-09-05 22:25:15,159 [INFO] PluginManager:220 - loadIPPluginJar : add i2c
2024-09-05 22:25:15,161 [INFO] IPUIPlugin:80 - create IPUIPlugin
2024-09-05 22:25:15,161 [INFO] PluginManager:220 - loadIPPluginJar : add i2s
2024-09-05 22:25:15,164 [INFO] IPUIPlugin:80 - create IPUIPlugin
2024-09-05 22:25:15,164 [INFO] PluginManager:220 - loadIPPluginJar : add i3c
2024-09-05 22:25:15,169 [INFO] IPUIPlugin:80 - create IPUIPlugin
2024-09-05 22:25:15,169 [INFO] PluginManager:220 - loadIPPluginJar : add ipddr
2024-09-05 22:25:15,178 [INFO] IPUIPlugin:80 - create IPUIPlugin
2024-09-05 22:25:15,178 [INFO] PluginManager:220 - loadIPPluginJar : add linkedlist
2024-09-05 22:25:15,182 [INFO] IPUIPlugin:80 - create IPUIPlugin
2024-09-05 22:25:15,182 [INFO] PluginManager:220 - loadIPPluginJar : add lorawan
2024-09-05 22:25:15,184 [INFO] IPUIPlugin:80 - create IPUIPlugin
2024-09-05 22:25:15,184 [INFO] PluginManager:220 - loadIPPluginJar : add ltdc
2024-09-05 22:25:15,191 [INFO] IPUIPlugin:80 - create IPUIPlugin
2024-09-05 22:25:15,191 [INFO] PluginManager:220 - loadIPPluginJar : add mdma
2024-09-05 22:25:15,195 [INFO] IPUIPlugin:80 - create IPUIPlugin
2024-09-05 22:25:15,195 [INFO] PluginManager:220 - loadIPPluginJar : add nvic
2024-09-05 22:25:15,200 [INFO] IPUIPlugin:80 - create IPUIPlugin
2024-09-05 22:25:15,201 [INFO] PluginManager:220 - loadIPPluginJar : add opamp
2024-09-05 22:25:15,205 [INFO] IPUIPlugin:80 - create IPUIPlugin
2024-09-05 22:25:15,205 [INFO] PluginManager:220 - loadIPPluginJar : add openamp
2024-09-05 22:25:15,209 [INFO] IPUIPlugin:80 - create IPUIPlugin
2024-09-05 22:25:15,209 [INFO] PluginManager:220 - loadIPPluginJar : add pdm2pcm
2024-09-05 22:25:15,217 [INFO] IPUIPlugin:80 - create IPUIPlugin
2024-09-05 22:25:15,220 [INFO] PluginManager:220 - loadIPPluginJar : add plateformsettings
2024-09-05 22:25:15,222 [INFO] IPUIPlugin:80 - create IPUIPlugin
2024-09-05 22:25:15,222 [INFO] PluginManager:220 - loadIPPluginJar : add quadspi
2024-09-05 22:25:15,226 [INFO] IPUIPlugin:80 - create IPUIPlugin
2024-09-05 22:25:15,226 [INFO] PluginManager:220 - loadIPPluginJar : add resmgrutility
2024-09-05 22:25:15,230 [INFO] IPUIPlugin:80 - create IPUIPlugin
2024-09-05 22:25:15,230 [INFO] PluginManager:220 - loadIPPluginJar : add sai
2024-09-05 22:25:15,234 [INFO] IPUIPlugin:80 - create IPUIPlugin
2024-09-05 22:25:15,234 [INFO] PluginManager:220 - loadIPPluginJar : add spi
2024-09-05 22:25:15,239 [INFO] IPUIPlugin:80 - create IPUIPlugin
2024-09-05 22:25:15,240 [INFO] PluginManager:220 - loadIPPluginJar : add stm32_wpan
2024-09-05 22:25:15,242 [INFO] IPUIPlugin:80 - create IPUIPlugin
2024-09-05 22:25:15,242 [INFO] PluginManager:220 - loadIPPluginJar : add tim
2024-09-05 22:25:15,245 [INFO] IPUIPlugin:80 - create IPUIPlugin
2024-09-05 22:25:15,245 [INFO] PluginManager:220 - loadIPPluginJar : add touchsensing
2024-09-05 22:25:15,247 [INFO] IPUIPlugin:80 - create IPUIPlugin
2024-09-05 22:25:15,247 [INFO] PluginManager:220 - loadIPPluginJar : add tracer_emb
2024-09-05 22:25:15,249 [INFO] IPUIPlugin:80 - create IPUIPlugin
2024-09-05 22:25:15,250 [INFO] PluginManager:220 - loadIPPluginJar : add ts
2024-09-05 22:25:15,252 [INFO] IPUIPlugin:80 - create IPUIPlugin
2024-09-05 22:25:15,253 [INFO] PluginManager:220 - loadIPPluginJar : add tsc
2024-09-05 22:25:15,255 [INFO] IPUIPlugin:80 - create IPUIPlugin
2024-09-05 22:25:15,255 [INFO] PluginManager:220 - loadIPPluginJar : add ucpd
2024-09-05 22:25:15,257 [INFO] IPUIPlugin:80 - create IPUIPlugin
2024-09-05 22:25:15,258 [INFO] PluginManager:220 - loadIPPluginJar : add usart
2024-09-05 22:25:15,261 [INFO] IPUIPlugin:80 - create IPUIPlugin
2024-09-05 22:25:15,261 [INFO] PluginManager:220 - loadIPPluginJar : add usbx
2024-09-05 22:25:15,396 [INFO] CADModel:165 - CPN selected for project level
2024-09-05 22:25:15,397 [INFO] CADModel:114 - Register for checkConnection events
2024-09-05 22:25:15,397 [FATAL] Updater:308 - Updater called before beeing initialized
2024-09-05 22:25:15,398 [ERROR] CADModel:125 - Updater not yet initialized, retry later 
2024-09-05 22:25:15,632 [INFO] CADModel:165 - CPN selected for project level
2024-09-05 22:25:15,632 [INFO] CADModel:114 - Register for checkConnection events
2024-09-05 22:25:15,632 [FATAL] Updater:308 - Updater called before beeing initialized
2024-09-05 22:25:15,632 [ERROR] CADModel:125 - Updater not yet initialized, retry later 
2024-09-05 22:25:15,639 [FATAL] Updater:308 - Updater called before beeing initialized
2024-09-05 22:25:15,786 [FATAL] Updater:308 - Updater called before beeing initialized
2024-09-05 22:25:15,791 [INFO] DbMcusAds:53 - JSON generation date=Thu May 16 14:52:00 IST 2024 (1715851320667)
2024-09-05 22:25:15,791 [FATAL] Updater:308 - Updater called before beeing initialized
2024-09-05 22:25:15,835 [WARN] DetailPanel:346 - Failed to get advertising image, set to default
2024-09-05 22:25:15,938 [FATAL] Updater:308 - Updater called before beeing initialized
2024-09-05 22:25:15,940 [FATAL] Updater:308 - Updater called before beeing initialized
2024-09-05 22:25:15,940 [FATAL] Updater:308 - Updater called before beeing initialized
2024-09-05 22:25:15,940 [WARN] DetailPanel:346 - Failed to get advertising image, set to default
2024-09-05 22:25:15,941 [FATAL] Updater:308 - Updater called before beeing initialized
2024-09-05 22:25:15,994 [ERROR] Updater:1120 - MainUpdater not yet initialized. External WinMGr cannot be set.
2024-09-05 22:25:15,995 [INFO] Updater:1056 - Updater Version found : 6.10.0
2024-09-05 22:25:16,012 [INFO] ApplicationProperties:184 - Using Application install path: C:\ST\STM32CubeIDE_1.14.1\STM32CubeIDE\plugins\com.st.stm32cube.common.mx_6.10.0.202311202037
2024-09-05 22:25:17,524 [INFO] ThirdPartyUpdaterWithRetryManager:70 - Updater plugin not ready yet. [2/15]
2024-09-05 22:25:17,598 [ERROR] LogOutputStream:75 - [STDERR_REDIRECT] Sep 05, 2024 10:25:17 PM java.util.prefs.WindowsPreferences <init>
2024-09-05 22:25:17,600 [ERROR] LogOutputStream:75 - [STDERR_REDIRECT] WARNING: Could not open/create prefs root node Software\JavaSoft\Prefs at root 0xffffffff80000002. Windows RegCreateKeyEx(...) returned error code 5.
2024-09-05 22:25:17,600 [ERROR] LogOutputStream:75 - [STDERR_REDIRECT] 
2024-09-05 22:25:20,538 [FATAL] Updater:308 - Updater called before beeing initialized
2024-09-05 22:25:20,538 [ERROR] IntegrityCheckThread:130 - Cannot retrieve database content from updater: error 21
2024-09-05 22:25:20,538 [INFO] ThirdParty:978 - Integrity check success = false
2024-09-05 22:25:20,538 [INFO] IntegrityCheckThread:100 - exiting critical section [integrity check]
2024-09-05 22:25:20,538 [INFO] IntegrityCheckThread:103 - End integrity checks thread
2024-09-05 22:25:20,775 [WARN] CheckConnectionManager:291 - Warning during Server Connection :  timeout Read timed out
2024-09-05 22:25:22,021 [INFO] MainUpdater:2873 - connection check result : 10
2024-09-05 22:25:22,021 [INFO] MainUpdater:290 - Updater Check For Update Now.
2024-09-05 22:25:22,021 [INFO] MicroXplorer:498 - Change Database Version : DB.6.0.100
2024-09-05 22:25:22,036 [INFO] McuFinderGlobals:63 - Set McuFinder mode to 2 (CubeIDE integrated)
2024-09-05 22:25:22,052 [INFO] UserAuth:404 - Internet connection configuration mode: 1
2024-09-05 22:25:22,099 [INFO] JxBrowserEngine:152 - Initiate JxBrowser Engine with user profile folder
2024-09-05 22:25:22,255 [INFO] CheckServerUpdateThread:120 - End of CheckServer Thread
2024-09-05 22:25:22,735 [INFO] WebApp:161 - Instantiating new browser for Auth
2024-09-05 22:25:23,366 [INFO] WebApp:780 - Register for checkConnection events
2024-09-05 22:25:23,366 [INFO] WebApp:414 - Apply proxy settings
2024-09-05 22:25:23,366 [INFO] WebApp:499 - Chromium requires no authentication
2024-09-05 22:25:23,374 [INFO] WebApp:442 - Direct internet connection detected
2024-09-05 22:25:23,499 [INFO] WebApp:192 - Starting web application
2024-09-05 22:25:23,499 [INFO] WebApp:544 - Web application path used C:\ST\STM32CubeIDE_1.14.1\STM32CubeIDE\plugins\com.st.stm32cube.common.mx_6.10.0.202311202037\db\plugins\mcufinder\reactClient1\index.html
2024-09-05 22:25:44,599 [ERROR] LogOutputStream:75 - [STDERR_REDIRECT] SLF4J: Failed to load class "org.slf4j.impl.StaticLoggerBinder".
2024-09-05 22:25:44,599 [ERROR] LogOutputStream:75 - [STDERR_REDIRECT] SLF4J: Defaulting to no-operation (NOP) logger implementation
2024-09-05 22:25:44,599 [ERROR] LogOutputStream:75 - [STDERR_REDIRECT] SLF4J: See http://www.slf4j.org/codes.html#StaticLoggerBinder for further details.
