2024-08-30 12:55:58,252 [INFO] Activator:176 - 


2024-08-30 12:55:58,259 [INFO] Activator:177 - !SESSION log4j initialized
2024-08-30 12:56:07,051 [INFO] LogOutputStream:77 - [STDOUT_REDIRECT] 
2024-08-30 12:56:11,188 [INFO] ApplicationProperties:184 - Using Application install path: C:\ST\STM32CubeIDE_1.14.1\STM32CubeIDE\plugins\com.st.stm32cube.common.mx_6.10.0.202311202037
2024-08-30 12:56:11,221 [INFO] DbMcusXml:78 - Set database path to: C:\ST\STM32CubeIDE_1.14.1\STM32CubeIDE\plugins\com.st.stm32cube.common.mx_6.10.0.202311202037\\db\/mcu/
2024-08-30 12:56:11,221 [INFO] ApiDb:274 - Set plugin database path to: C:\ST\STM32CubeIDE_1.14.1\STM32CubeIDE\plugins\com.st.stm32cube.common.mx_6.10.0.202311202037\\db\/plugins/boardmanager/
2024-08-30 12:56:11,222 [WARN] ApiDb:259 - Overriding images path with different value:  => C:\ST\STM32CubeIDE_1.14.1\STM32CubeIDE\plugins\com.st.stm32cube.common.mx_6.10.0.202311202037\\db\/plugins/mcufinder/images/
2024-08-30 12:56:11,242 [INFO] ApiDb:250 - Set database path to: C:\Users\ACER\.stmcufinder\plugins\mcufinder//mcu/
2024-08-30 12:56:11,243 [INFO] DbMcusAds:125 - Set database path to: C:\Users\ACER\.stmcufinder\plugins\mcufinder//mcu/
2024-08-30 12:56:11,249 [INFO] CrossReferenceDbSqlite:203 - Set database path to: C:\Users\ACER\.stmcufinder\plugins\mcufinder//mcu/cs/
2024-08-30 12:56:11,415 [INFO] RulesReader:64 - Compatibility file has been processed (297 Rules)
2024-08-30 12:56:11,524 [INFO] DbMcusXml:78 - Set database path to: C:\ST\STM32CubeIDE_1.14.1\STM32CubeIDE\plugins\com.st.stm32cube.common.mx_6.10.0.202311202037\\db\/mcu/
2024-08-30 12:56:11,524 [INFO] ApiDb:274 - Set plugin database path to: C:\ST\STM32CubeIDE_1.14.1\STM32CubeIDE\plugins\com.st.stm32cube.common.mx_6.10.0.202311202037\\db\/plugins/boardmanager/
2024-08-30 12:56:11,524 [INFO] ApiDb:261 - Set plugin images path to: C:\ST\STM32CubeIDE_1.14.1\STM32CubeIDE\plugins\com.st.stm32cube.common.mx_6.10.0.202311202037\\db\/plugins/mcufinder/images/
2024-08-30 12:56:11,525 [WARN] DbFile:41 - Overriding database path with different value: C:\Users\ACER\.stmcufinder\plugins\mcufinder/ => C:\Users\ACER\.stmcufinder\plugins\mcufinder
2024-08-30 12:56:11,525 [INFO] ApiDb:250 - Set database path to: C:\Users\ACER\.stmcufinder\plugins\mcufinder//mcu/
2024-08-30 12:56:11,525 [WARN] DbFile:41 - Overriding database path with different value: C:\Users\ACER\.stmcufinder\plugins\mcufinder/ => C:\Users\ACER\.stmcufinder\plugins\mcufinder
2024-08-30 12:56:11,525 [INFO] DbMcusAds:125 - Set database path to: C:\Users\ACER\.stmcufinder\plugins\mcufinder//mcu/
2024-08-30 12:56:11,525 [WARN] DbFile:41 - Overriding database path with different value: C:\Users\ACER\.stmcufinder\plugins\mcufinder/ => C:\Users\ACER\.stmcufinder\plugins\mcufinder
2024-08-30 12:56:11,525 [WARN] DbFile:41 - Overriding database path with different value: C:\Users\ACER\.stmcufinder\plugins\mcufinder/ => C:\Users\ACER\.stmcufinder\plugins\mcufinder
2024-08-30 12:56:11,525 [INFO] CrossReferenceDbSqlite:203 - Set database path to: C:\Users\ACER\.stmcufinder\plugins\mcufinder//mcu/cs/
2024-08-30 12:56:11,676 [INFO] MainPanel:264 - HeapMemory: 268435456
2024-08-30 12:56:11,837 [INFO] DbMcusXml:78 - Set database path to: C:\ST\STM32CubeIDE_1.14.1\STM32CubeIDE\plugins\com.st.stm32cube.common.mx_6.10.0.202311202037\\db\/mcu/
2024-08-30 12:56:11,837 [INFO] ApiDb:274 - Set plugin database path to: C:\ST\STM32CubeIDE_1.14.1\STM32CubeIDE\plugins\com.st.stm32cube.common.mx_6.10.0.202311202037\\db\/plugins/boardmanager/
2024-08-30 12:56:11,837 [INFO] ApiDb:261 - Set plugin images path to: C:\ST\STM32CubeIDE_1.14.1\STM32CubeIDE\plugins\com.st.stm32cube.common.mx_6.10.0.202311202037\\db\/plugins/mcufinder/images/
2024-08-30 12:56:11,838 [WARN] DbFile:41 - Overriding database path with different value: C:\Users\ACER\.stmcufinder\plugins\mcufinder/ => C:\Users\ACER\.stmcufinder\plugins\mcufinder
2024-08-30 12:56:11,838 [INFO] ApiDb:250 - Set database path to: C:\Users\ACER\.stmcufinder\plugins\mcufinder//mcu/
2024-08-30 12:56:11,838 [WARN] DbFile:41 - Overriding database path with different value: C:\Users\ACER\.stmcufinder\plugins\mcufinder/ => C:\Users\ACER\.stmcufinder\plugins\mcufinder
2024-08-30 12:56:11,838 [INFO] DbMcusAds:125 - Set database path to: C:\Users\ACER\.stmcufinder\plugins\mcufinder//mcu/
2024-08-30 12:56:11,838 [WARN] DbFile:41 - Overriding database path with different value: C:\Users\ACER\.stmcufinder\plugins\mcufinder/ => C:\Users\ACER\.stmcufinder\plugins\mcufinder
2024-08-30 12:56:11,838 [WARN] DbFile:41 - Overriding database path with different value: C:\Users\ACER\.stmcufinder\plugins\mcufinder/ => C:\Users\ACER\.stmcufinder\plugins\mcufinder
2024-08-30 12:56:11,839 [INFO] CrossReferenceDbSqlite:203 - Set database path to: C:\Users\ACER\.stmcufinder\plugins\mcufinder//mcu/cs/
2024-08-30 12:56:11,862 [INFO] ApplicationProperties:184 - Using Application install path: C:\ST\STM32CubeIDE_1.14.1\STM32CubeIDE\plugins\com.st.stm32cube.common.mx_6.10.0.202311202037
2024-08-30 12:56:11,864 [INFO] PluginManage:196 - Search for loadable plugins [exclusion list=, ]
2024-08-30 12:56:11,866 [INFO] PluginManage:310 - Check plugin analytics
2024-08-30 12:56:12,037 [INFO] AnalyticsPlugin:253 - Accepted Software Licenses: STM32CubeMX.6.12.0
2024-08-30 12:56:12,038 [INFO] AnalyticsPlugin:255 - Accepted CMSIS Pack Licenses: STMicroelectronics.X-CUBE-MEMS1.11.0.0
2024-08-30 12:56:12,038 [INFO] AnalyticsPlugin:257 - Accepted Firmware Licenses: 
2024-08-30 12:56:12,040 [INFO] PluginManage:359 - Loaded plugin analytics (category:tool,tabindex:-1)
2024-08-30 12:56:12,040 [INFO] PluginManage:310 - Check plugin cadmodel
2024-08-30 12:56:12,056 [INFO] CADModel:105 - Init CAD model plugin
2024-08-30 12:56:12,056 [INFO] PluginManage:359 - Loaded plugin cadmodel (category:power,tabindex:5)
2024-08-30 12:56:12,056 [INFO] PluginManage:310 - Check plugin clock
2024-08-30 12:56:12,079 [INFO] PluginManage:359 - Loaded plugin clock (category:base,tabindex:2)
2024-08-30 12:56:12,079 [INFO] PluginManage:310 - Check plugin ddr
2024-08-30 12:56:12,082 [INFO] PluginManage:359 - Loaded plugin ddr (category:tool,tabindex:6)
2024-08-30 12:56:12,082 [INFO] PluginManage:310 - Check plugin filemanager
2024-08-30 12:56:12,238 [INFO] PluginManage:359 - Loaded plugin filemanager (category:base,tabindex:10)
2024-08-30 12:56:12,239 [INFO] PluginManage:310 - Check plugin ipmanager
2024-08-30 12:56:12,249 [INFO] PluginManage:359 - Loaded plugin ipmanager (category:base,tabindex:5)
2024-08-30 12:56:12,250 [INFO] PluginManage:310 - Check plugin lpbam
2024-08-30 12:56:12,271 [INFO] PluginManage:359 - Loaded plugin lpbam (category:base,tabindex:0)
2024-08-30 12:56:12,271 [INFO] PluginManage:310 - Check plugin memorymap
2024-08-30 12:56:12,295 [INFO] PluginManage:359 - Loaded plugin memorymap (category:base,tabindex:4)
2024-08-30 12:56:12,295 [INFO] PluginManage:310 - Check plugin pinoutandconfiguration
2024-08-30 12:56:12,330 [INFO] PluginManage:359 - Loaded plugin pinoutandconfiguration (category:base,tabindex:1)
2024-08-30 12:56:12,330 [INFO] PluginManage:310 - Check plugin pinoutconfig
2024-08-30 12:56:12,488 [WARN] SupportedApi:132 - Cannot load RTOS API schema: s4s-elt-must-match.1: The content of 'definitions' must match (annotation?, (simpleType | complexType)?, (unique | key | keyref)*)). A problem was found starting at: attribute.
2024-08-30 12:56:12,668 [INFO] PluginManage:359 - Loaded plugin pinoutconfig (category:base,tabindex:0)
2024-08-30 12:56:12,668 [INFO] PluginManage:310 - Check plugin power
2024-08-30 12:56:12,689 [INFO] PluginManage:359 - Loaded plugin power (category:power,tabindex:4)
2024-08-30 12:56:12,689 [INFO] PluginManage:310 - Check plugin projectmanager
2024-08-30 12:56:12,705 [INFO] PluginManage:359 - Loaded plugin projectmanager (category:projectmanager,tabindex:3)
2024-08-30 12:56:12,706 [INFO] PluginManage:310 - Check plugin thirdparty
2024-08-30 12:56:13,050 [INFO] PluginManage:359 - Loaded plugin thirdparty (category:base,tabindex:-1)
2024-08-30 12:56:13,050 [WARN] IntegrityCheckThread:84 - waiting for thirdparty lock release [integrity check]
2024-08-30 12:56:13,050 [INFO] PluginManage:310 - Check plugin tools
2024-08-30 12:56:13,050 [INFO] IntegrityCheckThread:86 - entering critical section [integrity check]
2024-08-30 12:56:13,051 [INFO] ThirdPartyUpdaterWithRetryManager:70 - Updater plugin not ready yet. [1/15]
2024-08-30 12:56:13,106 [INFO] PluginManage:359 - Loaded plugin tools (category:base,tabindex:7)
2024-08-30 12:56:13,106 [INFO] PluginManage:310 - Check plugin tutovideos
2024-08-30 12:56:13,351 [INFO] PluginManage:359 - Loaded plugin tutovideos (category:base,tabindex:-1)
2024-08-30 12:56:13,351 [INFO] PluginManage:310 - Check plugin updater
2024-08-30 12:56:13,365 [INFO] PluginManage:359 - Loaded plugin updater (category:base,tabindex:12)
2024-08-30 12:56:13,365 [INFO] PluginManage:310 - Check plugin userauth
2024-08-30 12:56:13,372 [INFO] UserAuth:114 - Init User Auth plugin
2024-08-30 12:56:13,372 [INFO] PluginManage:359 - Loaded plugin userauth (category:base,tabindex:14)
2024-08-30 12:56:13,373 [INFO] PluginManage:283 - PluginManage : Loaded plugins [17]
2024-08-30 12:56:13,663 [INFO] PinOutPanel:1499 - setPackage(No Configuration,No Configuration)
2024-08-30 12:56:13,760 [INFO] CADModel:165 - CPN selected for project level
2024-08-30 12:56:13,760 [INFO] CADModel:114 - Register for checkConnection events
2024-08-30 12:56:13,795 [INFO] IPUIPlugin:80 - create IPUIPlugin
2024-08-30 12:56:13,795 [INFO] PluginManager:220 - loadIPPluginJar : add adc
2024-08-30 12:56:13,842 [INFO] IPUIPlugin:80 - create IPUIPlugin
2024-08-30 12:56:13,842 [INFO] PluginManager:220 - loadIPPluginJar : add aes
2024-08-30 12:56:13,893 [INFO] IPUIPlugin:80 - create IPUIPlugin
2024-08-30 12:56:13,893 [INFO] PluginManager:220 - loadIPPluginJar : add can
2024-08-30 12:56:13,923 [INFO] IPUIPlugin:80 - create IPUIPlugin
2024-08-30 12:56:13,923 [INFO] PluginManager:220 - loadIPPluginJar : add comp
2024-08-30 12:56:13,967 [INFO] IPUIPlugin:80 - create IPUIPlugin
2024-08-30 12:56:13,967 [INFO] PluginManager:220 - loadIPPluginJar : add cryp
2024-08-30 12:56:14,004 [INFO] IPUIPlugin:80 - create IPUIPlugin
2024-08-30 12:56:14,004 [INFO] PluginManager:220 - loadIPPluginJar : add dfsdm
2024-08-30 12:56:14,021 [INFO] IPUIPlugin:80 - create IPUIPlugin
2024-08-30 12:56:14,021 [INFO] PluginManager:220 - loadIPPluginJar : add dma
2024-08-30 12:56:14,071 [INFO] IPUIPlugin:80 - create IPUIPlugin
2024-08-30 12:56:14,072 [INFO] PluginManager:220 - loadIPPluginJar : add dma3
2024-08-30 12:56:14,096 [INFO] IPUIPlugin:80 - create IPUIPlugin
2024-08-30 12:56:14,097 [INFO] PluginManager:220 - loadIPPluginJar : add fatfs
2024-08-30 12:56:14,150 [INFO] IPUIPlugin:80 - create IPUIPlugin
2024-08-30 12:56:14,150 [INFO] PluginManager:220 - loadIPPluginJar : add fmc
2024-08-30 12:56:14,167 [INFO] IPUIPlugin:80 - create IPUIPlugin
2024-08-30 12:56:14,167 [INFO] PluginManager:220 - loadIPPluginJar : add freertos
2024-08-30 12:56:14,199 [INFO] IPUIPlugin:80 - create IPUIPlugin
2024-08-30 12:56:14,200 [INFO] PluginManager:220 - loadIPPluginJar : add genericplugin
2024-08-30 12:56:14,344 [INFO] IPUIPlugin:80 - create IPUIPlugin
2024-08-30 12:56:14,344 [INFO] PluginManager:220 - loadIPPluginJar : add gfxmmu
2024-08-30 12:56:14,531 [INFO] IPUIPlugin:80 - create IPUIPlugin
2024-08-30 12:56:14,531 [INFO] PluginManager:220 - loadIPPluginJar : add gic
2024-08-30 12:56:14,545 [INFO] IPUIPlugin:80 - create IPUIPlugin
2024-08-30 12:56:14,546 [INFO] PluginManager:220 - loadIPPluginJar : add gpio
2024-08-30 12:56:14,655 [INFO] IPUIPlugin:80 - create IPUIPlugin
2024-08-30 12:56:14,655 [INFO] PluginManager:220 - loadIPPluginJar : add gtzc
2024-08-30 12:56:14,694 [INFO] IPUIPlugin:80 - create IPUIPlugin
2024-08-30 12:56:14,694 [INFO] PluginManager:220 - loadIPPluginJar : add hash
2024-08-30 12:56:14,771 [INFO] IPUIPlugin:80 - create IPUIPlugin
2024-08-30 12:56:14,771 [INFO] PluginManager:220 - loadIPPluginJar : add i2c
2024-08-30 12:56:14,822 [INFO] IPUIPlugin:80 - create IPUIPlugin
2024-08-30 12:56:14,823 [INFO] PluginManager:220 - loadIPPluginJar : add i2s
2024-08-30 12:56:14,873 [INFO] IPUIPlugin:80 - create IPUIPlugin
2024-08-30 12:56:14,874 [INFO] PluginManager:220 - loadIPPluginJar : add i3c
2024-08-30 12:56:14,998 [INFO] IPUIPlugin:80 - create IPUIPlugin
2024-08-30 12:56:14,999 [INFO] PluginManager:220 - loadIPPluginJar : add ipddr
2024-08-30 12:56:15,107 [INFO] IPUIPlugin:80 - create IPUIPlugin
2024-08-30 12:56:15,108 [INFO] PluginManager:220 - loadIPPluginJar : add linkedlist
2024-08-30 12:56:15,150 [INFO] IPUIPlugin:80 - create IPUIPlugin
2024-08-30 12:56:15,150 [INFO] PluginManager:220 - loadIPPluginJar : add lorawan
2024-08-30 12:56:15,191 [INFO] IPUIPlugin:80 - create IPUIPlugin
2024-08-30 12:56:15,191 [INFO] PluginManager:220 - loadIPPluginJar : add ltdc
2024-08-30 12:56:15,207 [INFO] IPUIPlugin:80 - create IPUIPlugin
2024-08-30 12:56:15,208 [INFO] PluginManager:220 - loadIPPluginJar : add mdma
2024-08-30 12:56:15,221 [INFO] IPUIPlugin:80 - create IPUIPlugin
2024-08-30 12:56:15,221 [INFO] PluginManager:220 - loadIPPluginJar : add nvic
2024-08-30 12:56:15,261 [INFO] IPUIPlugin:80 - create IPUIPlugin
2024-08-30 12:56:15,261 [INFO] PluginManager:220 - loadIPPluginJar : add opamp
2024-08-30 12:56:15,328 [INFO] IPUIPlugin:80 - create IPUIPlugin
2024-08-30 12:56:15,329 [INFO] PluginManager:220 - loadIPPluginJar : add openamp
2024-08-30 12:56:15,371 [INFO] IPUIPlugin:80 - create IPUIPlugin
2024-08-30 12:56:15,371 [INFO] PluginManager:220 - loadIPPluginJar : add pdm2pcm
2024-08-30 12:56:15,387 [INFO] IPUIPlugin:80 - create IPUIPlugin
2024-08-30 12:56:15,389 [INFO] PluginManager:220 - loadIPPluginJar : add plateformsettings
2024-08-30 12:56:15,412 [INFO] IPUIPlugin:80 - create IPUIPlugin
2024-08-30 12:56:15,412 [INFO] PluginManager:220 - loadIPPluginJar : add quadspi
2024-08-30 12:56:15,424 [INFO] IPUIPlugin:80 - create IPUIPlugin
2024-08-30 12:56:15,424 [INFO] PluginManager:220 - loadIPPluginJar : add resmgrutility
2024-08-30 12:56:15,471 [INFO] IPUIPlugin:80 - create IPUIPlugin
2024-08-30 12:56:15,471 [INFO] PluginManager:220 - loadIPPluginJar : add sai
2024-08-30 12:56:15,508 [INFO] IPUIPlugin:80 - create IPUIPlugin
2024-08-30 12:56:15,508 [INFO] PluginManager:220 - loadIPPluginJar : add spi
2024-08-30 12:56:15,576 [INFO] IPUIPlugin:80 - create IPUIPlugin
2024-08-30 12:56:15,576 [INFO] PluginManager:220 - loadIPPluginJar : add stm32_wpan
2024-08-30 12:56:15,600 [INFO] IPUIPlugin:80 - create IPUIPlugin
2024-08-30 12:56:15,600 [INFO] PluginManager:220 - loadIPPluginJar : add tim
2024-08-30 12:56:15,654 [INFO] IPUIPlugin:80 - create IPUIPlugin
2024-08-30 12:56:15,655 [INFO] PluginManager:220 - loadIPPluginJar : add touchsensing
2024-08-30 12:56:15,676 [INFO] IPUIPlugin:80 - create IPUIPlugin
2024-08-30 12:56:15,676 [INFO] PluginManager:220 - loadIPPluginJar : add tracer_emb
2024-08-30 12:56:15,699 [INFO] IPUIPlugin:80 - create IPUIPlugin
2024-08-30 12:56:15,699 [INFO] PluginManager:220 - loadIPPluginJar : add ts
2024-08-30 12:56:15,721 [INFO] IPUIPlugin:80 - create IPUIPlugin
2024-08-30 12:56:15,721 [INFO] PluginManager:220 - loadIPPluginJar : add tsc
2024-08-30 12:56:15,746 [INFO] IPUIPlugin:80 - create IPUIPlugin
2024-08-30 12:56:15,746 [INFO] PluginManager:220 - loadIPPluginJar : add ucpd
2024-08-30 12:56:15,790 [INFO] IPUIPlugin:80 - create IPUIPlugin
2024-08-30 12:56:15,790 [INFO] PluginManager:220 - loadIPPluginJar : add usart
2024-08-30 12:56:15,833 [INFO] IPUIPlugin:80 - create IPUIPlugin
2024-08-30 12:56:15,833 [INFO] PluginManager:220 - loadIPPluginJar : add usbx
2024-08-30 12:56:15,959 [INFO] CADModel:165 - CPN selected for project level
2024-08-30 12:56:15,959 [INFO] CADModel:114 - Register for checkConnection events
2024-08-30 12:56:15,960 [FATAL] Updater:308 - Updater called before beeing initialized
2024-08-30 12:56:15,960 [ERROR] CADModel:125 - Updater not yet initialized, retry later 
2024-08-30 12:56:16,052 [INFO] ThirdPartyUpdaterWithRetryManager:70 - Updater plugin not ready yet. [2/15]
2024-08-30 12:56:16,139 [INFO] CADModel:165 - CPN selected for project level
2024-08-30 12:56:16,139 [INFO] CADModel:114 - Register for checkConnection events
2024-08-30 12:56:16,139 [FATAL] Updater:308 - Updater called before beeing initialized
2024-08-30 12:56:16,139 [ERROR] CADModel:125 - Updater not yet initialized, retry later 
2024-08-30 12:56:16,142 [FATAL] Updater:308 - Updater called before beeing initialized
2024-08-30 12:56:16,267 [FATAL] Updater:308 - Updater called before beeing initialized
2024-08-30 12:56:16,278 [INFO] DbMcusAds:53 - JSON generation date=Thu May 16 14:52:00 IST 2024 (1715851320667)
2024-08-30 12:56:16,278 [FATAL] Updater:308 - Updater called before beeing initialized
2024-08-30 12:56:16,361 [WARN] DetailPanel:346 - Failed to get advertising image, set to default
2024-08-30 12:56:16,487 [FATAL] Updater:308 - Updater called before beeing initialized
2024-08-30 12:56:16,489 [FATAL] Updater:308 - Updater called before beeing initialized
2024-08-30 12:56:16,490 [FATAL] Updater:308 - Updater called before beeing initialized
2024-08-30 12:56:16,490 [WARN] DetailPanel:346 - Failed to get advertising image, set to default
2024-08-30 12:56:16,490 [FATAL] Updater:308 - Updater called before beeing initialized
2024-08-30 12:56:16,566 [ERROR] Updater:1120 - MainUpdater not yet initialized. External WinMGr cannot be set.
2024-08-30 12:56:16,578 [INFO] Updater:1056 - Updater Version found : 6.10.0
2024-08-30 12:56:16,596 [INFO] ApplicationProperties:184 - Using Application install path: C:\ST\STM32CubeIDE_1.14.1\STM32CubeIDE\plugins\com.st.stm32cube.common.mx_6.10.0.202311202037
2024-08-30 12:56:18,177 [ERROR] LogOutputStream:75 - [STDERR_REDIRECT] Aug 30, 2024 12:56:18 PM java.util.prefs.WindowsPreferences <init>
2024-08-30 12:56:18,178 [ERROR] LogOutputStream:75 - [STDERR_REDIRECT] WARNING: Could not open/create prefs root node Software\JavaSoft\Prefs at root 0xffffffff80000002. Windows RegCreateKeyEx(...) returned error code 5.
2024-08-30 12:56:18,179 [ERROR] LogOutputStream:75 - [STDERR_REDIRECT] 
2024-08-30 12:56:19,054 [FATAL] Updater:308 - Updater called before beeing initialized
2024-08-30 12:56:19,055 [ERROR] IntegrityCheckThread:130 - Cannot retrieve database content from updater: error 21
2024-08-30 12:56:19,055 [INFO] ThirdParty:978 - Integrity check success = false
2024-08-30 12:56:19,055 [INFO] IntegrityCheckThread:100 - exiting critical section [integrity check]
2024-08-30 12:56:19,055 [INFO] IntegrityCheckThread:103 - End integrity checks thread
2024-08-30 12:56:19,574 [INFO] MainUpdater:2873 - connection check result : 10
2024-08-30 12:56:19,575 [INFO] MainUpdater:290 - Updater Check For Update Now.
2024-08-30 12:56:19,575 [INFO] MicroXplorer:498 - Change Database Version : DB.6.0.100
2024-08-30 12:56:19,594 [INFO] McuFinderGlobals:63 - Set McuFinder mode to 2 (CubeIDE integrated)
2024-08-30 12:56:19,619 [INFO] UserAuth:404 - Internet connection configuration mode: 1
2024-08-30 12:56:19,663 [INFO] JxBrowserEngine:152 - Initiate JxBrowser Engine with user profile folder
2024-08-30 12:56:19,827 [INFO] CheckServerUpdateThread:120 - End of CheckServer Thread
2024-08-30 12:56:22,775 [INFO] WebApp:161 - Instantiating new browser for Auth
2024-08-30 12:56:23,455 [INFO] WebApp:780 - Register for checkConnection events
2024-08-30 12:56:23,456 [INFO] WebApp:414 - Apply proxy settings
2024-08-30 12:56:23,456 [INFO] WebApp:499 - Chromium requires no authentication
2024-08-30 12:56:23,462 [INFO] WebApp:442 - Direct internet connection detected
2024-08-30 12:56:23,631 [INFO] WebApp:192 - Starting web application
2024-08-30 12:56:23,632 [INFO] WebApp:544 - Web application path used C:\ST\STM32CubeIDE_1.14.1\STM32CubeIDE\plugins\com.st.stm32cube.common.mx_6.10.0.202311202037\db\plugins\mcufinder\reactClient1\index.html
2024-08-30 12:56:46,755 [ERROR] LogOutputStream:75 - [STDERR_REDIRECT] SLF4J: Failed to load class "org.slf4j.impl.StaticLoggerBinder".
2024-08-30 12:56:46,756 [ERROR] LogOutputStream:75 - [STDERR_REDIRECT] SLF4J: Defaulting to no-operation (NOP) logger implementation
2024-08-30 12:56:46,757 [ERROR] LogOutputStream:75 - [STDERR_REDIRECT] SLF4J: See http://www.slf4j.org/codes.html#StaticLoggerBinder for further details.
