2024-08-26 15:47:17,341 [INFO] Activator:176 - 


2024-08-26 15:47:17,343 [INFO] Activator:177 - !SESSION log4j initialized
2024-08-26 15:47:21,013 [INFO] LogOutputStream:77 - [STDOUT_REDIRECT] 
2024-08-26 15:47:23,864 [INFO] ApplicationProperties:184 - Using Application install path: C:\ST\STM32CubeIDE_1.14.1\STM32CubeIDE\plugins\com.st.stm32cube.common.mx_6.10.0.202311202037
2024-08-26 15:47:23,884 [INFO] DbMcusXml:78 - Set database path to: C:\ST\STM32CubeIDE_1.14.1\STM32CubeIDE\plugins\com.st.stm32cube.common.mx_6.10.0.202311202037\\db\/mcu/
2024-08-26 15:47:23,884 [INFO] ApiDb:274 - Set plugin database path to: C:\ST\STM32CubeIDE_1.14.1\STM32CubeIDE\plugins\com.st.stm32cube.common.mx_6.10.0.202311202037\\db\/plugins/boardmanager/
2024-08-26 15:47:23,884 [WARN] ApiDb:259 - Overriding images path with different value:  => C:\ST\STM32CubeIDE_1.14.1\STM32CubeIDE\plugins\com.st.stm32cube.common.mx_6.10.0.202311202037\\db\/plugins/mcufinder/images/
2024-08-26 15:47:23,903 [INFO] ApiDb:250 - Set database path to: C:\Users\ACER\.stmcufinder\plugins\mcufinder//mcu/
2024-08-26 15:47:23,904 [INFO] DbMcusAds:125 - Set database path to: C:\Users\ACER\.stmcufinder\plugins\mcufinder//mcu/
2024-08-26 15:47:23,904 [INFO] CrossReferenceDbSqlite:203 - Set database path to: C:\Users\ACER\.stmcufinder\plugins\mcufinder//mcu/cs/
2024-08-26 15:47:24,044 [INFO] RulesReader:64 - Compatibility file has been processed (297 Rules)
2024-08-26 15:47:24,153 [INFO] DbMcusXml:78 - Set database path to: C:\ST\STM32CubeIDE_1.14.1\STM32CubeIDE\plugins\com.st.stm32cube.common.mx_6.10.0.202311202037\\db\/mcu/
2024-08-26 15:47:24,153 [INFO] ApiDb:274 - Set plugin database path to: C:\ST\STM32CubeIDE_1.14.1\STM32CubeIDE\plugins\com.st.stm32cube.common.mx_6.10.0.202311202037\\db\/plugins/boardmanager/
2024-08-26 15:47:24,161 [INFO] ApiDb:261 - Set plugin images path to: C:\ST\STM32CubeIDE_1.14.1\STM32CubeIDE\plugins\com.st.stm32cube.common.mx_6.10.0.202311202037\\db\/plugins/mcufinder/images/
2024-08-26 15:47:24,162 [WARN] DbFile:41 - Overriding database path with different value: C:\Users\ACER\.stmcufinder\plugins\mcufinder/ => C:\Users\ACER\.stmcufinder\plugins\mcufinder
2024-08-26 15:47:24,163 [INFO] ApiDb:250 - Set database path to: C:\Users\ACER\.stmcufinder\plugins\mcufinder//mcu/
2024-08-26 15:47:24,163 [WARN] DbFile:41 - Overriding database path with different value: C:\Users\ACER\.stmcufinder\plugins\mcufinder/ => C:\Users\ACER\.stmcufinder\plugins\mcufinder
2024-08-26 15:47:24,163 [INFO] DbMcusAds:125 - Set database path to: C:\Users\ACER\.stmcufinder\plugins\mcufinder//mcu/
2024-08-26 15:47:24,163 [WARN] DbFile:41 - Overriding database path with different value: C:\Users\ACER\.stmcufinder\plugins\mcufinder/ => C:\Users\ACER\.stmcufinder\plugins\mcufinder
2024-08-26 15:47:24,163 [WARN] DbFile:41 - Overriding database path with different value: C:\Users\ACER\.stmcufinder\plugins\mcufinder/ => C:\Users\ACER\.stmcufinder\plugins\mcufinder
2024-08-26 15:47:24,163 [INFO] CrossReferenceDbSqlite:203 - Set database path to: C:\Users\ACER\.stmcufinder\plugins\mcufinder//mcu/cs/
2024-08-26 15:47:24,267 [INFO] MainPanel:264 - HeapMemory: 268435456
2024-08-26 15:47:24,383 [INFO] DbMcusXml:78 - Set database path to: C:\ST\STM32CubeIDE_1.14.1\STM32CubeIDE\plugins\com.st.stm32cube.common.mx_6.10.0.202311202037\\db\/mcu/
2024-08-26 15:47:24,383 [INFO] ApiDb:274 - Set plugin database path to: C:\ST\STM32CubeIDE_1.14.1\STM32CubeIDE\plugins\com.st.stm32cube.common.mx_6.10.0.202311202037\\db\/plugins/boardmanager/
2024-08-26 15:47:24,383 [INFO] ApiDb:261 - Set plugin images path to: C:\ST\STM32CubeIDE_1.14.1\STM32CubeIDE\plugins\com.st.stm32cube.common.mx_6.10.0.202311202037\\db\/plugins/mcufinder/images/
2024-08-26 15:47:24,383 [WARN] DbFile:41 - Overriding database path with different value: C:\Users\ACER\.stmcufinder\plugins\mcufinder/ => C:\Users\ACER\.stmcufinder\plugins\mcufinder
2024-08-26 15:47:24,383 [INFO] ApiDb:250 - Set database path to: C:\Users\ACER\.stmcufinder\plugins\mcufinder//mcu/
2024-08-26 15:47:24,383 [WARN] DbFile:41 - Overriding database path with different value: C:\Users\ACER\.stmcufinder\plugins\mcufinder/ => C:\Users\ACER\.stmcufinder\plugins\mcufinder
2024-08-26 15:47:24,383 [INFO] DbMcusAds:125 - Set database path to: C:\Users\ACER\.stmcufinder\plugins\mcufinder//mcu/
2024-08-26 15:47:24,383 [WARN] DbFile:41 - Overriding database path with different value: C:\Users\ACER\.stmcufinder\plugins\mcufinder/ => C:\Users\ACER\.stmcufinder\plugins\mcufinder
2024-08-26 15:47:24,383 [WARN] DbFile:41 - Overriding database path with different value: C:\Users\ACER\.stmcufinder\plugins\mcufinder/ => C:\Users\ACER\.stmcufinder\plugins\mcufinder
2024-08-26 15:47:24,383 [INFO] CrossReferenceDbSqlite:203 - Set database path to: C:\Users\ACER\.stmcufinder\plugins\mcufinder//mcu/cs/
2024-08-26 15:47:24,406 [INFO] ApplicationProperties:184 - Using Application install path: C:\ST\STM32CubeIDE_1.14.1\STM32CubeIDE\plugins\com.st.stm32cube.common.mx_6.10.0.202311202037
2024-08-26 15:47:24,413 [INFO] PluginManage:196 - Search for loadable plugins [exclusion list=, ]
2024-08-26 15:47:24,415 [INFO] PluginManage:310 - Check plugin analytics
2024-08-26 15:47:24,634 [INFO] AnalyticsPlugin:253 - Accepted Software Licenses: STM32CubeMX.6.12.0
2024-08-26 15:47:24,635 [INFO] AnalyticsPlugin:255 - Accepted CMSIS Pack Licenses: STMicroelectronics.X-CUBE-MEMS1.11.0.0
2024-08-26 15:47:24,635 [INFO] AnalyticsPlugin:257 - Accepted Firmware Licenses: 
2024-08-26 15:47:24,635 [INFO] PluginManage:359 - Loaded plugin analytics (category:tool,tabindex:-1)
2024-08-26 15:47:24,635 [INFO] PluginManage:310 - Check plugin cadmodel
2024-08-26 15:47:24,654 [INFO] CADModel:105 - Init CAD model plugin
2024-08-26 15:47:24,654 [INFO] PluginManage:359 - Loaded plugin cadmodel (category:power,tabindex:5)
2024-08-26 15:47:24,654 [INFO] PluginManage:310 - Check plugin clock
2024-08-26 15:47:24,682 [INFO] PluginManage:359 - Loaded plugin clock (category:base,tabindex:2)
2024-08-26 15:47:24,683 [INFO] PluginManage:310 - Check plugin ddr
2024-08-26 15:47:24,685 [INFO] PluginManage:359 - Loaded plugin ddr (category:tool,tabindex:6)
2024-08-26 15:47:24,685 [INFO] PluginManage:310 - Check plugin filemanager
2024-08-26 15:47:24,977 [INFO] PluginManage:359 - Loaded plugin filemanager (category:base,tabindex:10)
2024-08-26 15:47:24,977 [INFO] PluginManage:310 - Check plugin ipmanager
2024-08-26 15:47:24,986 [INFO] PluginManage:359 - Loaded plugin ipmanager (category:base,tabindex:5)
2024-08-26 15:47:24,986 [INFO] PluginManage:310 - Check plugin lpbam
2024-08-26 15:47:25,014 [INFO] PluginManage:359 - Loaded plugin lpbam (category:base,tabindex:0)
2024-08-26 15:47:25,014 [INFO] PluginManage:310 - Check plugin memorymap
2024-08-26 15:47:25,043 [INFO] PluginManage:359 - Loaded plugin memorymap (category:base,tabindex:4)
2024-08-26 15:47:25,043 [INFO] PluginManage:310 - Check plugin pinoutandconfiguration
2024-08-26 15:47:25,064 [INFO] PluginManage:359 - Loaded plugin pinoutandconfiguration (category:base,tabindex:1)
2024-08-26 15:47:25,064 [INFO] PluginManage:310 - Check plugin pinoutconfig
2024-08-26 15:47:25,182 [WARN] SupportedApi:132 - Cannot load RTOS API schema: s4s-elt-must-match.1: The content of 'definitions' must match (annotation?, (simpleType | complexType)?, (unique | key | keyref)*)). A problem was found starting at: attribute.
2024-08-26 15:47:25,334 [INFO] PluginManage:359 - Loaded plugin pinoutconfig (category:base,tabindex:0)
2024-08-26 15:47:25,334 [INFO] PluginManage:310 - Check plugin power
2024-08-26 15:47:25,353 [INFO] PluginManage:359 - Loaded plugin power (category:power,tabindex:4)
2024-08-26 15:47:25,353 [INFO] PluginManage:310 - Check plugin projectmanager
2024-08-26 15:47:25,373 [INFO] PluginManage:359 - Loaded plugin projectmanager (category:projectmanager,tabindex:3)
2024-08-26 15:47:25,373 [INFO] PluginManage:310 - Check plugin thirdparty
2024-08-26 15:47:25,704 [INFO] PluginManage:359 - Loaded plugin thirdparty (category:base,tabindex:-1)
2024-08-26 15:47:25,704 [WARN] IntegrityCheckThread:84 - waiting for thirdparty lock release [integrity check]
2024-08-26 15:47:25,704 [INFO] PluginManage:310 - Check plugin tools
2024-08-26 15:47:25,708 [INFO] IntegrityCheckThread:86 - entering critical section [integrity check]
2024-08-26 15:47:25,708 [INFO] ThirdPartyUpdaterWithRetryManager:70 - Updater plugin not ready yet. [1/15]
2024-08-26 15:47:25,757 [INFO] PluginManage:359 - Loaded plugin tools (category:base,tabindex:7)
2024-08-26 15:47:25,757 [INFO] PluginManage:310 - Check plugin tutovideos
2024-08-26 15:47:26,053 [INFO] PluginManage:359 - Loaded plugin tutovideos (category:base,tabindex:-1)
2024-08-26 15:47:26,053 [INFO] PluginManage:310 - Check plugin updater
2024-08-26 15:47:26,073 [INFO] PluginManage:359 - Loaded plugin updater (category:base,tabindex:12)
2024-08-26 15:47:26,073 [INFO] PluginManage:310 - Check plugin userauth
2024-08-26 15:47:26,077 [INFO] UserAuth:114 - Init User Auth plugin
2024-08-26 15:47:26,077 [INFO] PluginManage:359 - Loaded plugin userauth (category:base,tabindex:14)
2024-08-26 15:47:26,082 [INFO] PluginManage:283 - PluginManage : Loaded plugins [17]
2024-08-26 15:47:26,327 [INFO] PinOutPanel:1499 - setPackage(No Configuration,No Configuration)
2024-08-26 15:47:26,413 [INFO] CADModel:165 - CPN selected for project level
2024-08-26 15:47:26,413 [INFO] CADModel:114 - Register for checkConnection events
2024-08-26 15:47:26,444 [INFO] IPUIPlugin:80 - create IPUIPlugin
2024-08-26 15:47:26,444 [INFO] PluginManager:220 - loadIPPluginJar : add adc
2024-08-26 15:47:26,485 [INFO] IPUIPlugin:80 - create IPUIPlugin
2024-08-26 15:47:26,485 [INFO] PluginManager:220 - loadIPPluginJar : add aes
2024-08-26 15:47:26,536 [INFO] IPUIPlugin:80 - create IPUIPlugin
2024-08-26 15:47:26,536 [INFO] PluginManager:220 - loadIPPluginJar : add can
2024-08-26 15:47:26,563 [INFO] IPUIPlugin:80 - create IPUIPlugin
2024-08-26 15:47:26,563 [INFO] PluginManager:220 - loadIPPluginJar : add comp
2024-08-26 15:47:26,594 [INFO] IPUIPlugin:80 - create IPUIPlugin
2024-08-26 15:47:26,594 [INFO] PluginManager:220 - loadIPPluginJar : add cryp
2024-08-26 15:47:26,635 [INFO] IPUIPlugin:80 - create IPUIPlugin
2024-08-26 15:47:26,635 [INFO] PluginManager:220 - loadIPPluginJar : add dfsdm
2024-08-26 15:47:26,644 [INFO] IPUIPlugin:80 - create IPUIPlugin
2024-08-26 15:47:26,644 [INFO] PluginManager:220 - loadIPPluginJar : add dma
2024-08-26 15:47:26,735 [INFO] IPUIPlugin:80 - create IPUIPlugin
2024-08-26 15:47:26,735 [INFO] PluginManager:220 - loadIPPluginJar : add dma3
2024-08-26 15:47:26,764 [INFO] IPUIPlugin:80 - create IPUIPlugin
2024-08-26 15:47:26,764 [INFO] PluginManager:220 - loadIPPluginJar : add fatfs
2024-08-26 15:47:26,817 [INFO] IPUIPlugin:80 - create IPUIPlugin
2024-08-26 15:47:26,817 [INFO] PluginManager:220 - loadIPPluginJar : add fmc
2024-08-26 15:47:26,834 [INFO] IPUIPlugin:80 - create IPUIPlugin
2024-08-26 15:47:26,834 [INFO] PluginManager:220 - loadIPPluginJar : add freertos
2024-08-26 15:47:26,857 [INFO] IPUIPlugin:80 - create IPUIPlugin
2024-08-26 15:47:26,857 [INFO] PluginManager:220 - loadIPPluginJar : add genericplugin
2024-08-26 15:47:26,969 [INFO] IPUIPlugin:80 - create IPUIPlugin
2024-08-26 15:47:26,969 [INFO] PluginManager:220 - loadIPPluginJar : add gfxmmu
2024-08-26 15:47:27,122 [INFO] IPUIPlugin:80 - create IPUIPlugin
2024-08-26 15:47:27,122 [INFO] PluginManager:220 - loadIPPluginJar : add gic
2024-08-26 15:47:27,134 [INFO] IPUIPlugin:80 - create IPUIPlugin
2024-08-26 15:47:27,134 [INFO] PluginManager:220 - loadIPPluginJar : add gpio
2024-08-26 15:47:27,234 [INFO] IPUIPlugin:80 - create IPUIPlugin
2024-08-26 15:47:27,234 [INFO] PluginManager:220 - loadIPPluginJar : add gtzc
2024-08-26 15:47:27,271 [INFO] IPUIPlugin:80 - create IPUIPlugin
2024-08-26 15:47:27,271 [INFO] PluginManager:220 - loadIPPluginJar : add hash
2024-08-26 15:47:27,329 [INFO] IPUIPlugin:80 - create IPUIPlugin
2024-08-26 15:47:27,329 [INFO] PluginManager:220 - loadIPPluginJar : add i2c
2024-08-26 15:47:27,370 [INFO] IPUIPlugin:80 - create IPUIPlugin
2024-08-26 15:47:27,370 [INFO] PluginManager:220 - loadIPPluginJar : add i2s
2024-08-26 15:47:27,413 [INFO] IPUIPlugin:80 - create IPUIPlugin
2024-08-26 15:47:27,413 [INFO] PluginManager:220 - loadIPPluginJar : add i3c
2024-08-26 15:47:27,540 [INFO] IPUIPlugin:80 - create IPUIPlugin
2024-08-26 15:47:27,540 [INFO] PluginManager:220 - loadIPPluginJar : add ipddr
2024-08-26 15:47:27,653 [INFO] IPUIPlugin:80 - create IPUIPlugin
2024-08-26 15:47:27,653 [INFO] PluginManager:220 - loadIPPluginJar : add linkedlist
2024-08-26 15:47:27,725 [INFO] IPUIPlugin:80 - create IPUIPlugin
2024-08-26 15:47:27,725 [INFO] PluginManager:220 - loadIPPluginJar : add lorawan
2024-08-26 15:47:27,793 [INFO] IPUIPlugin:80 - create IPUIPlugin
2024-08-26 15:47:27,794 [INFO] PluginManager:220 - loadIPPluginJar : add ltdc
2024-08-26 15:47:27,814 [INFO] IPUIPlugin:80 - create IPUIPlugin
2024-08-26 15:47:27,814 [INFO] PluginManager:220 - loadIPPluginJar : add mdma
2024-08-26 15:47:27,830 [INFO] IPUIPlugin:80 - create IPUIPlugin
2024-08-26 15:47:27,832 [INFO] PluginManager:220 - loadIPPluginJar : add nvic
2024-08-26 15:47:27,863 [INFO] IPUIPlugin:80 - create IPUIPlugin
2024-08-26 15:47:27,863 [INFO] PluginManager:220 - loadIPPluginJar : add opamp
2024-08-26 15:47:27,938 [INFO] IPUIPlugin:80 - create IPUIPlugin
2024-08-26 15:47:27,938 [INFO] PluginManager:220 - loadIPPluginJar : add openamp
2024-08-26 15:47:27,993 [INFO] IPUIPlugin:80 - create IPUIPlugin
2024-08-26 15:47:27,993 [INFO] PluginManager:220 - loadIPPluginJar : add pdm2pcm
2024-08-26 15:47:28,004 [INFO] IPUIPlugin:80 - create IPUIPlugin
2024-08-26 15:47:28,004 [INFO] PluginManager:220 - loadIPPluginJar : add plateformsettings
2024-08-26 15:47:28,033 [INFO] IPUIPlugin:80 - create IPUIPlugin
2024-08-26 15:47:28,033 [INFO] PluginManager:220 - loadIPPluginJar : add quadspi
2024-08-26 15:47:28,044 [INFO] IPUIPlugin:80 - create IPUIPlugin
2024-08-26 15:47:28,044 [INFO] PluginManager:220 - loadIPPluginJar : add resmgrutility
2024-08-26 15:47:28,094 [INFO] IPUIPlugin:80 - create IPUIPlugin
2024-08-26 15:47:28,094 [INFO] PluginManager:220 - loadIPPluginJar : add sai
2024-08-26 15:47:28,136 [INFO] IPUIPlugin:80 - create IPUIPlugin
2024-08-26 15:47:28,136 [INFO] PluginManager:220 - loadIPPluginJar : add spi
2024-08-26 15:47:28,218 [INFO] IPUIPlugin:80 - create IPUIPlugin
2024-08-26 15:47:28,218 [INFO] PluginManager:220 - loadIPPluginJar : add stm32_wpan
2024-08-26 15:47:28,251 [INFO] IPUIPlugin:80 - create IPUIPlugin
2024-08-26 15:47:28,251 [INFO] PluginManager:220 - loadIPPluginJar : add tim
2024-08-26 15:47:28,324 [INFO] IPUIPlugin:80 - create IPUIPlugin
2024-08-26 15:47:28,324 [INFO] PluginManager:220 - loadIPPluginJar : add touchsensing
2024-08-26 15:47:28,357 [INFO] IPUIPlugin:80 - create IPUIPlugin
2024-08-26 15:47:28,357 [INFO] PluginManager:220 - loadIPPluginJar : add tracer_emb
2024-08-26 15:47:28,390 [INFO] IPUIPlugin:80 - create IPUIPlugin
2024-08-26 15:47:28,392 [INFO] PluginManager:220 - loadIPPluginJar : add ts
2024-08-26 15:47:28,415 [INFO] IPUIPlugin:80 - create IPUIPlugin
2024-08-26 15:47:28,415 [INFO] PluginManager:220 - loadIPPluginJar : add tsc
2024-08-26 15:47:28,439 [INFO] IPUIPlugin:80 - create IPUIPlugin
2024-08-26 15:47:28,439 [INFO] PluginManager:220 - loadIPPluginJar : add ucpd
2024-08-26 15:47:28,487 [INFO] IPUIPlugin:80 - create IPUIPlugin
2024-08-26 15:47:28,487 [INFO] PluginManager:220 - loadIPPluginJar : add usart
2024-08-26 15:47:28,535 [INFO] IPUIPlugin:80 - create IPUIPlugin
2024-08-26 15:47:28,535 [INFO] PluginManager:220 - loadIPPluginJar : add usbx
2024-08-26 15:47:28,687 [INFO] CADModel:165 - CPN selected for project level
2024-08-26 15:47:28,687 [INFO] CADModel:114 - Register for checkConnection events
2024-08-26 15:47:28,687 [FATAL] Updater:308 - Updater called before beeing initialized
2024-08-26 15:47:28,687 [ERROR] CADModel:125 - Updater not yet initialized, retry later 
2024-08-26 15:47:28,713 [INFO] ThirdPartyUpdaterWithRetryManager:70 - Updater plugin not ready yet. [2/15]
2024-08-26 15:47:28,887 [INFO] CADModel:165 - CPN selected for project level
2024-08-26 15:47:28,892 [INFO] CADModel:114 - Register for checkConnection events
2024-08-26 15:47:28,892 [FATAL] Updater:308 - Updater called before beeing initialized
2024-08-26 15:47:28,892 [ERROR] CADModel:125 - Updater not yet initialized, retry later 
2024-08-26 15:47:28,893 [FATAL] Updater:308 - Updater called before beeing initialized
2024-08-26 15:47:29,043 [FATAL] Updater:308 - Updater called before beeing initialized
2024-08-26 15:47:29,054 [INFO] DbMcusAds:53 - JSON generation date=Thu May 16 14:52:00 IST 2024 (1715851320667)
2024-08-26 15:47:29,054 [FATAL] Updater:308 - Updater called before beeing initialized
2024-08-26 15:47:29,158 [WARN] DetailPanel:346 - Failed to get advertising image, set to default
2024-08-26 15:47:29,267 [FATAL] Updater:308 - Updater called before beeing initialized
2024-08-26 15:47:29,273 [FATAL] Updater:308 - Updater called before beeing initialized
2024-08-26 15:47:29,273 [FATAL] Updater:308 - Updater called before beeing initialized
2024-08-26 15:47:29,273 [WARN] DetailPanel:346 - Failed to get advertising image, set to default
2024-08-26 15:47:29,273 [FATAL] Updater:308 - Updater called before beeing initialized
2024-08-26 15:47:29,353 [ERROR] Updater:1120 - MainUpdater not yet initialized. External WinMGr cannot be set.
2024-08-26 15:47:29,364 [INFO] Updater:1056 - Updater Version found : 6.10.0
2024-08-26 15:47:29,389 [INFO] ApplicationProperties:184 - Using Application install path: C:\ST\STM32CubeIDE_1.14.1\STM32CubeIDE\plugins\com.st.stm32cube.common.mx_6.10.0.202311202037
2024-08-26 15:47:30,996 [ERROR] LogOutputStream:75 - [STDERR_REDIRECT] Aug 26, 2024 3:47:30 PM java.util.prefs.WindowsPreferences <init>
2024-08-26 15:47:30,996 [ERROR] LogOutputStream:75 - [STDERR_REDIRECT] WARNING: Could not open/create prefs root node Software\JavaSoft\Prefs at root 0xffffffff80000002. Windows RegCreateKeyEx(...) returned error code 5.
2024-08-26 15:47:30,996 [ERROR] LogOutputStream:75 - [STDERR_REDIRECT] 
2024-08-26 15:47:31,727 [FATAL] Updater:308 - Updater called before beeing initialized
2024-08-26 15:47:31,728 [ERROR] IntegrityCheckThread:130 - Cannot retrieve database content from updater: error 21
2024-08-26 15:47:31,733 [INFO] ThirdParty:978 - Integrity check success = false
2024-08-26 15:47:31,733 [INFO] IntegrityCheckThread:100 - exiting critical section [integrity check]
2024-08-26 15:47:31,734 [INFO] IntegrityCheckThread:103 - End integrity checks thread
2024-08-26 15:47:32,744 [INFO] MainUpdater:2873 - connection check result : 10
2024-08-26 15:47:32,744 [INFO] MainUpdater:290 - Updater Check For Update Now.
2024-08-26 15:47:32,744 [INFO] MicroXplorer:498 - Change Database Version : DB.6.0.100
2024-08-26 15:47:32,769 [INFO] McuFinderGlobals:63 - Set McuFinder mode to 2 (CubeIDE integrated)
2024-08-26 15:47:32,785 [INFO] UserAuth:404 - Internet connection configuration mode: 1
2024-08-26 15:47:32,844 [INFO] JxBrowserEngine:152 - Initiate JxBrowser Engine with user profile folder
2024-08-26 15:47:33,005 [INFO] CheckServerUpdateThread:120 - End of CheckServer Thread
2024-08-26 15:47:36,433 [INFO] WebApp:161 - Instantiating new browser for Auth
2024-08-26 15:47:37,293 [INFO] WebApp:780 - Register for checkConnection events
2024-08-26 15:47:37,293 [INFO] WebApp:414 - Apply proxy settings
2024-08-26 15:47:37,293 [INFO] WebApp:499 - Chromium requires no authentication
2024-08-26 15:47:37,299 [INFO] WebApp:442 - Direct internet connection detected
2024-08-26 15:47:37,472 [INFO] WebApp:192 - Starting web application
2024-08-26 15:47:37,473 [INFO] WebApp:544 - Web application path used C:\ST\STM32CubeIDE_1.14.1\STM32CubeIDE\plugins\com.st.stm32cube.common.mx_6.10.0.202311202037\db\plugins\mcufinder\reactClient1\index.html
2024-08-26 15:47:58,847 [ERROR] LogOutputStream:75 - [STDERR_REDIRECT] SLF4J: Failed to load class "org.slf4j.impl.StaticLoggerBinder".
2024-08-26 15:47:58,847 [ERROR] LogOutputStream:75 - [STDERR_REDIRECT] SLF4J: Defaulting to no-operation (NOP) logger implementation
2024-08-26 15:47:58,853 [ERROR] LogOutputStream:75 - [STDERR_REDIRECT] SLF4J: See http://www.slf4j.org/codes.html#StaticLoggerBinder for further details.
2024-08-26 15:48:08,469 [INFO] McuFinderGlobals:63 - Set McuFinder mode to 2 (CubeIDE integrated)
2024-08-26 15:48:08,507 [INFO] MainUpdater:2873 - connection check result : 10
2024-08-26 15:48:08,546 [INFO] McuFinderGlobals:76 - Set McuFinderConnectedMode to true
2024-08-26 15:48:09,671 [INFO] ServerAccessManage:473 - Download File mcusAds.json._tmp_
2024-08-26 15:48:09,822 [INFO] LoadUrlFilesThread:156 - End of LoadUrlFiles Thread
2024-08-26 15:48:10,614 [INFO] ServerAccessManage:473 - Download File cube-finder-db.zip
2024-08-26 15:48:53,529 [INFO] FileExtend:240 - Unzip File : cube-finder-db.zip
2024-08-26 15:48:53,529 [INFO] FileExtend:255 - Standard Zip Deflate
2024-08-26 15:48:54,830 [INFO] LoadUrlFilesThread:156 - End of LoadUrlFiles Thread
2024-08-26 15:48:55,876 [INFO] ServerAccessManage:473 - Download File crdb.zip
2024-08-26 15:48:58,090 [INFO] FileExtend:240 - Unzip File : crdb.zip
2024-08-26 15:48:58,090 [INFO] FileExtend:255 - Standard Zip Deflate
2024-08-26 15:48:58,233 [INFO] LoadUrlFilesThread:156 - End of LoadUrlFiles Thread
2024-08-26 15:48:58,565 [INFO] ServerAccessManage:473 - Download File tutoVideoDB.zip
2024-08-26 15:48:58,725 [INFO] FileExtend:240 - Unzip File : tutoVideoDB.zip
2024-08-26 15:48:58,725 [INFO] FileExtend:255 - Standard Zip Deflate
2024-08-26 15:48:58,868 [INFO] LoadUrlFilesThread:156 - End of LoadUrlFiles Thread
2024-08-26 15:48:58,874 [WARN] DbFile:41 - Overriding database path with different value: C:\Users\ACER\.stmcufinder\plugins\mcufinder/ => C:\Users\ACER\.stmcufinder\plugins\mcufinder
2024-08-26 15:49:00,209 [INFO] ServerAccessManage:473 - Download File api_config.json
2024-08-26 15:49:00,322 [INFO] LoadUrlFilesThread:156 - End of LoadUrlFiles Thread
2024-08-26 15:49:00,323 [INFO] DbMcusAds:53 - JSON generation date=Thu May 16 14:52:00 IST 2024 (1715851320667)
2024-08-26 15:49:00,362 [INFO] LoadUrlFilesThread:185 - End of LoadServerUrlFiles without Thread
2024-08-26 15:49:00,362 [INFO] TargetSelectorAdapter:259 - Refresh data is successful
2024-08-26 15:49:00,656 [INFO] ApiDb:581 - Connected to CubeFinder SQLite database (C:\Users\ACER\.stmcufinder\plugins\mcufinder\mcu\cube-finder-db.db)
2024-08-26 15:49:00,727 [INFO] ApiDb:668 - CubeFinder database Data Model version=2.1
2024-08-26 15:49:00,727 [INFO] ApiDb:669 - CubeFinder database Configuration version=3.0.39
2024-08-26 15:49:00,728 [INFO] ApiDb:670 - CubeFinder database generation date=2024-08-06 (1722941618)
2024-08-26 15:49:00,728 [INFO] ApiDb:671 - CubeFinder database FW Pack versions=[FP-ATR-ASTRA1_V2.0.0, FP-SNS-FLIGHT1_V5.0.2, FP-SNS-MOTENV1_V5.0.0, FP-SNS-MOTENVWB1_V1.4.0, FP-SNS-SMARTAG2_V1.2.0, FP-SNS-STBOX1_V2.0.0, STM32Cube_FW_C0_V1.2.0, STM32Cube_FW_F4_V1.28.0, STM32Cube_FW_F7_V1.17.2, STM32Cube_FW_G0_V1.6.2, STM32Cube_FW_G4_V1.6.0, STM32Cube_FW_H5_V1.3.0, STM32Cube_FW_H7RS_V1.1.0, STM32Cube_FW_H7_V1.11.2, STM32Cube_FW_L0_V1.12.2, STM32Cube_FW_L5_V1.5.1, STM32Cube_FW_U0_V1.1.0, STM32Cube_FW_U5_V1.6.0, STM32Cube_FW_WB0_V1.0.0, STM32Cube_FW_WBA_V1.4.1, STM32Cube_FW_WB_V1.20.0, STM32Cube_FW_WL_V1.3.0, X-CUBE-ALGOBUILD_V1.4.0, X-CUBE-ALS_V1.0.2, X-CUBE-AZRTOS-F4_V1.1.0, X-CUBE-AZRTOS-F7_V1.1.0, X-CUBE-AZRTOS-G0_V1.1.0, X-CUBE-AZRTOS-G4_V2.0.0, X-CUBE-AZRTOS-H7RS_V1.0.0, X-CUBE-AZRTOS-H7_V3.2.0, X-CUBE-AZRTOS-L4_V2.0.0, X-CUBE-AZRTOS-L5_V1.1.0, X-CUBE-AZRTOS-WB_V2.0.0, X-CUBE-AZRTOS-WL_V2.0.0, X-CUBE-BLE1_V7.0.0, X-CUBE-BLE2_V3.3.0, X-CUBE-BLEMGR_V3.1.0, X-CUBE-EEPRMA1_V5.1.0, X-CUBE-FREERTOS_V1.2.0, X-CUBE-GNSS1_V6.0.0, X-CUBE-MEMS1_V10.0.0, X-CUBE-NFC4_V3.0.0, X-CUBE-NFC7_V1.0.1, X-CUBE-SFXS2LP1_V4.0.0, X-CUBE-SUBG2_V5.0.0, X-CUBE-TOF1_V3.4.2]
2024-08-26 15:49:03,089 [INFO] ApiDb:240 - Found 371 in-development CPN: [B-G473E-ZEST1S, B-WB1M-WPAN1, B-WL5M-SUBG1, NUCLEO-C031C6, NUCLEO-H503RB, NUCLEO-H563ZI, NUCLEO-U545RE-Q, NUCLEO-U5A5ZJ-Q, NUCLEO-WBA52CG, NUCLEO-WBA55CG, STEVAL-MKBOXPRO, STEVAL-PROTEUS1, STEVAL-STWINBX1, STM320518-EVAL, STM32C0116-DK, STM32C011D6Y3TR, STM32C011D6Y6TR, STM32C011F4P3, STM32C011F4P6, STM32C011F4U3, STM32C011F4U6TR, STM32C011F6P3, STM32C011F6P6, STM32C011F6U3, STM32C011F6U6TR, STM32C011J4M3, STM32C011J4M6, STM32C011J6M3, STM32C011J6M6, STM32C0316-DK, STM32C031C4T3, STM32C031C4T6, STM32C031C4U3, STM32C031C4U6, STM32C031C6T3, STM32C031C6T6, STM32C031C6U3, STM32C031C6U6, STM32C031F4P3, STM32C031F4P6, STM32C031F6P3, STM32C031F6P6, STM32C031G4U3, STM32C031G4U6, STM32C031G6U3, STM32C031G6U6, STM32C031K4T3, STM32C031K4T6, STM32C031K4U3, STM32C031K4U6, STM32C031K6T3, STM32C031K6T6, STM32C031K6U3, STM32C031K6U6, STM32G071K8TXN, STM32G071K8UXN, STM32G081GBU6N, STM32G081KBT6N, STM32G081KBUXN, STM32G0B1CCT6N, STM32G0B1KCT6, STM32G0B1NEY6TR, STM32G0B1RCT6N, STM32G0C1CCT6, STM32G0C1CCT6N, STM32G0C1CCU6N, STM32G0C1CET6N, STM32G0C1CEU6N, STM32G0C1KCT6, STM32G0C1NEY6TR, STM32G0C1RCI6N, STM32G0C1RCT6N, STM32G0C1REI6N, STM32G0C1RET6N, STM32G0C1VCI6, STM32G0C1VEI6, STM32G471CCT6, STM32G471CCU6, STM32G471CET3, STM32G471CET6, STM32G471CEU3, STM32G471CEU6, STM32G471MCT6, STM32G471MET3, STM32G471MET6, STM32G471MEY6TR, STM32G471QCT6, STM32G471QET3, STM32G471RCT6, STM32G471RET3, STM32G471RET6, STM32G471VCH6, STM32G471VCI6, STM32G471VCT6, STM32G471VEH3, STM32G471VEH6, STM32G471VEI3, STM32G471VEI6, STM32G471VET3, STM32G471VET6, STM32G474CCT6, STM32H503CBT6, STM32H503CBU6, STM32H503EBY6TR, STM32H503KBU6, STM32H503RBT6, STM32H562AGI6, STM32H562AII6, STM32H562IGK6, STM32H562IGT6, STM32H562IIK6, STM32H562IIT6, STM32H562RGT6, STM32H562RGV6, STM32H562RIT6, STM32H562RIV6, STM32H562VGT6, STM32H562VIT6, STM32H562ZGT6, STM32H562ZIT6, STM32H563AGI6, STM32H563AII3Q, STM32H563AII6, STM32H563IGK6, STM32H563IGT6, STM32H563IIK3Q, STM32H563IIK6, STM32H563IIT3Q, STM32H563IIT6, STM32H563MIY3QTR, STM32H563RGT6, STM32H563RGV6, STM32H563RIT6, STM32H563RIV6, STM32H563VGT6, STM32H563VIT3Q, STM32H563VIT6, STM32H563ZGT6, STM32H563ZIT3Q, STM32H563ZIT6, STM32H573AII3Q, STM32H573AII6, STM32H573I-DK, STM32H573IIK3Q, STM32H573IIK6, STM32H573IIT3Q, STM32H573IIT6, STM32H573MIY3QTR, STM32H573RIT6, STM32H573RIV6, STM32H573VIT3Q, STM32H573VIT6, STM32H573ZIT3Q, STM32H573ZIT6, STM32L4R5QGI6STR, STM32MP131AAE3, STM32MP131AAF3, STM32MP131AAG3, STM32MP131CAE3, STM32MP131CAF3, STM32MP131CAG3, STM32MP131DAE7, STM32MP131DAF7, STM32MP131DAG7, STM32MP131FAE7, STM32MP131FAF7, STM32MP131FAG7, STM32MP133AAE3, STM32MP133AAF3, STM32MP133AAG3, STM32MP133CAE3, STM32MP133CAF3, STM32MP133CAG3, STM32MP133DAE7, STM32MP133DAF7, STM32MP133DAG7, STM32MP133FAE7, STM32MP133FAF7, STM32MP133FAG7, STM32MP135AAE3, STM32MP135AAF3, STM32MP135AAG3, STM32MP135CAE3, STM32MP135CAF3, STM32MP135CAG3, STM32MP135DAE7, STM32MP135DAF7, STM32MP135DAG7, STM32MP135F-DK, STM32MP135FAE7, STM32MP135FAF7, STM32MP135FAF7T, STM32MP135FAF7U, STM32MP135FAG7, STM32U535CBT6, STM32U535CBT6Q, STM32U535CBU6, STM32U535CBU6Q, STM32U535CCT6, STM32U535CCT6Q, STM32U535CCU6, STM32U535CCU6Q, STM32U535CET6, STM32U535CET6Q, STM32U535CEU6, STM32U535CEU6Q, STM32U535JEY6QTR, STM32U535NCY6QTR, STM32U535NEY6QTR, STM32U535RBI6, STM32U535RBI6Q, STM32U535RBT6, STM32U535RBT6Q, STM32U535RCI6, STM32U535RCI6Q, STM32U535RCT6, STM32U535RCT6Q, STM32U535REI6, STM32U535REI6Q, STM32U535RET6, STM32U535RET6Q, STM32U535VCI6, STM32U535VCI6Q, STM32U535VCT6, STM32U535VCT6Q, STM32U535VEI6, STM32U535VEI6Q, STM32U535VET6, STM32U535VET6Q, STM32U545CET6, STM32U545CET6Q, STM32U545CEU6, STM32U545CEU6Q, STM32U545JEY6QTR, STM32U545NEY6QTR, STM32U545REI6, STM32U545REI6Q, STM32U545RET6, STM32U545RET6Q, STM32U545VEI6, STM32U545VEI6Q, STM32U545VET6, STM32U545VET6Q, STM32U595AIH6, STM32U595AIH6Q, STM32U595AJH6, STM32U595AJH6Q, STM32U595QII6, STM32U595QII6Q, STM32U595QJI6, STM32U595QJI6Q, STM32U595RIT6, STM32U595RIT6Q, STM32U595RJT6, STM32U595RJT6Q, STM32U595VIT6, STM32U595VIT6Q, STM32U595VJT6, STM32U595VJT6Q, STM32U595ZIT6, STM32U595ZIT6Q, STM32U595ZIY6QTR, STM32U595ZJT6, STM32U595ZJT6Q, STM32U595ZJY6QTR, STM32U599BJY6QTR, STM32U599NIH6Q, STM32U599NJH6Q, STM32U599VIT6Q, STM32U599VJT6, STM32U599VJT6Q, STM32U599ZIT6Q, STM32U599ZIY6QTR, STM32U599ZJT6Q, STM32U599ZJY6QTR, STM32U5A5AJH6, STM32U5A5AJH6Q, STM32U5A5QJI6, STM32U5A5QJI6Q, STM32U5A5RJT6, STM32U5A5RJT6Q, STM32U5A5VJT6, STM32U5A5VJT6Q, STM32U5A5ZJT6, STM32U5A5ZJT6Q, STM32U5A5ZJY6QTR, STM32U5A9BJY6QTR, STM32U5A9J-DK, STM32U5A9NJH6Q, STM32U5A9VJT6Q, STM32U5A9ZJT6Q, STM32U5A9ZJY6QTR, STM32U5F7VIT6, STM32U5F7VIT6Q, STM32U5F7VJT6, STM32U5F7VJT6Q, STM32U5F9BJY6QTR, STM32U5F9NJH6Q, STM32U5F9VIT6Q, STM32U5F9VJT6Q, STM32U5F9ZIJ6QTR, STM32U5F9ZIT6Q, STM32U5F9ZJJ6QTR, STM32U5F9ZJT6Q, STM32U5G7VJT6, STM32U5G7VJT6Q, STM32U5G9BJY6QTR, STM32U5G9J-DK1, STM32U5G9J-DK2, STM32U5G9NJH6Q, STM32U5G9VJT6Q, STM32U5G9ZJJ6QTR, STM32U5G9ZJT6Q, STM32WB1MMCH6, STM32WBA50KEU6, STM32WBA50KEU6TR, STM32WBA50KGU6, STM32WBA50KGU6TR, STM32WBA52CEU6, STM32WBA52CEU6TR, STM32WBA52CEU7, STM32WBA52CEU7TR, STM32WBA52CGU6, STM32WBA52CGU6TR, STM32WBA52CGU6U, STM32WBA52CGU7, STM32WBA52CGU7TR, STM32WBA52KEU6, STM32WBA52KEU6TR, STM32WBA52KGU6, STM32WBA52KGU6TR, STM32WBA54CEU6, STM32WBA54CEU6TR, STM32WBA54CEU7, STM32WBA54CEU7TR, STM32WBA54CGU6, STM32WBA54CGU6TR, STM32WBA54CGU7, STM32WBA54CGU7TR, STM32WBA54KEU6, STM32WBA54KEU6TR, STM32WBA54KEU7, STM32WBA54KEU7TR, STM32WBA54KGU6, STM32WBA54KGU6TR, STM32WBA54KGU7, STM32WBA54KGU7TR, STM32WBA55CEU6, STM32WBA55CEU6TR, STM32WBA55CEU7, STM32WBA55CEU7TR, STM32WBA55CGU6, STM32WBA55CGU6TR, STM32WBA55CGU6U, STM32WBA55CGU7, STM32WBA55CGU7TR, STM32WBA55G-DK1, STM32WBA55HEF6, STM32WBA55HEF7, STM32WBA55HGF6, STM32WBA55HGF7, STM32WBA55UEI6, STM32WBA55UEI6TR, STM32WBA55UEI7, STM32WBA55UEI7TR, STM32WBA55UGI6, STM32WBA55UGI6TR, STM32WBA55UGI7, STM32WBA55UGI7TR, STM32WL5MOCH6, STM32WL5MOCH6TR]
2024-08-26 15:49:03,130 [INFO] DbMcus:218 - Found 4203 MCUs, 4203 are supported
2024-08-26 15:49:03,134 [INFO] ApiDb:423 - Load user favorites file C:\Users\ACER/.stm32cubeide/favorites.mcus.txt: 0 item(s)
2024-08-26 15:49:03,136 [INFO] ApiDb:427 - User favorites MCUs=[]
2024-08-26 15:49:03,138 [INFO] DbMcus:224 - Set 0 / 0 favorites MCUs
2024-08-26 15:49:03,560 [INFO] ApiDb:668 - CubeFinder database Data Model version=2.1
2024-08-26 15:49:03,560 [INFO] ApiDb:669 - CubeFinder database Configuration version=3.0.39
2024-08-26 15:49:03,560 [INFO] ApiDb:670 - CubeFinder database generation date=2024-08-06 (1722941618)
2024-08-26 15:49:03,560 [INFO] ApiDb:671 - CubeFinder database FW Pack versions=[FP-ATR-ASTRA1_V2.0.0, FP-SNS-FLIGHT1_V5.0.2, FP-SNS-MOTENV1_V5.0.0, FP-SNS-MOTENVWB1_V1.4.0, FP-SNS-SMARTAG2_V1.2.0, FP-SNS-STBOX1_V2.0.0, STM32Cube_FW_C0_V1.2.0, STM32Cube_FW_F4_V1.28.0, STM32Cube_FW_F7_V1.17.2, STM32Cube_FW_G0_V1.6.2, STM32Cube_FW_G4_V1.6.0, STM32Cube_FW_H5_V1.3.0, STM32Cube_FW_H7RS_V1.1.0, STM32Cube_FW_H7_V1.11.2, STM32Cube_FW_L0_V1.12.2, STM32Cube_FW_L5_V1.5.1, STM32Cube_FW_U0_V1.1.0, STM32Cube_FW_U5_V1.6.0, STM32Cube_FW_WB0_V1.0.0, STM32Cube_FW_WBA_V1.4.1, STM32Cube_FW_WB_V1.20.0, STM32Cube_FW_WL_V1.3.0, X-CUBE-ALGOBUILD_V1.4.0, X-CUBE-ALS_V1.0.2, X-CUBE-AZRTOS-F4_V1.1.0, X-CUBE-AZRTOS-F7_V1.1.0, X-CUBE-AZRTOS-G0_V1.1.0, X-CUBE-AZRTOS-G4_V2.0.0, X-CUBE-AZRTOS-H7RS_V1.0.0, X-CUBE-AZRTOS-H7_V3.2.0, X-CUBE-AZRTOS-L4_V2.0.0, X-CUBE-AZRTOS-L5_V1.1.0, X-CUBE-AZRTOS-WB_V2.0.0, X-CUBE-AZRTOS-WL_V2.0.0, X-CUBE-BLE1_V7.0.0, X-CUBE-BLE2_V3.3.0, X-CUBE-BLEMGR_V3.1.0, X-CUBE-EEPRMA1_V5.1.0, X-CUBE-FREERTOS_V1.2.0, X-CUBE-GNSS1_V6.0.0, X-CUBE-MEMS1_V10.0.0, X-CUBE-NFC4_V3.0.0, X-CUBE-NFC7_V1.0.1, X-CUBE-SFXS2LP1_V4.0.0, X-CUBE-SUBG2_V5.0.0, X-CUBE-TOF1_V3.4.2]
2024-08-26 15:49:03,604 [INFO] DbBoardsSqlite:226 - include board P-NUCLEO-WB55-NUCLEO as a kit item of type 'Nucleo-64'
2024-08-26 15:49:03,604 [INFO] DbBoardsSqlite:226 - include board P-NUCLEO-WB55-USBDONGLE as a kit item of type 'Nucleo USB Dongle'
2024-08-26 15:49:03,604 [INFO] DbBoardsSqlite:226 - include board STEVAL-IDP005V1 as a kit item of type 'Evaluation Board'
2024-08-26 15:49:03,604 [INFO] DbBoardsSqlite:226 - include board STEVAL-IDP005V2 as a kit item of type 'Evaluation Board'
2024-08-26 15:49:03,653 [INFO] ApiDb:240 - Found 371 in-development CPN: [B-G473E-ZEST1S, B-WB1M-WPAN1, B-WL5M-SUBG1, NUCLEO-C031C6, NUCLEO-H503RB, NUCLEO-H563ZI, NUCLEO-U545RE-Q, NUCLEO-U5A5ZJ-Q, NUCLEO-WBA52CG, NUCLEO-WBA55CG, STEVAL-MKBOXPRO, STEVAL-PROTEUS1, STEVAL-STWINBX1, STM320518-EVAL, STM32C0116-DK, STM32C011D6Y3TR, STM32C011D6Y6TR, STM32C011F4P3, STM32C011F4P6, STM32C011F4U3, STM32C011F4U6TR, STM32C011F6P3, STM32C011F6P6, STM32C011F6U3, STM32C011F6U6TR, STM32C011J4M3, STM32C011J4M6, STM32C011J6M3, STM32C011J6M6, STM32C0316-DK, STM32C031C4T3, STM32C031C4T6, STM32C031C4U3, STM32C031C4U6, STM32C031C6T3, STM32C031C6T6, STM32C031C6U3, STM32C031C6U6, STM32C031F4P3, STM32C031F4P6, STM32C031F6P3, STM32C031F6P6, STM32C031G4U3, STM32C031G4U6, STM32C031G6U3, STM32C031G6U6, STM32C031K4T3, STM32C031K4T6, STM32C031K4U3, STM32C031K4U6, STM32C031K6T3, STM32C031K6T6, STM32C031K6U3, STM32C031K6U6, STM32G071K8TXN, STM32G071K8UXN, STM32G081GBU6N, STM32G081KBT6N, STM32G081KBUXN, STM32G0B1CCT6N, STM32G0B1KCT6, STM32G0B1NEY6TR, STM32G0B1RCT6N, STM32G0C1CCT6, STM32G0C1CCT6N, STM32G0C1CCU6N, STM32G0C1CET6N, STM32G0C1CEU6N, STM32G0C1KCT6, STM32G0C1NEY6TR, STM32G0C1RCI6N, STM32G0C1RCT6N, STM32G0C1REI6N, STM32G0C1RET6N, STM32G0C1VCI6, STM32G0C1VEI6, STM32G471CCT6, STM32G471CCU6, STM32G471CET3, STM32G471CET6, STM32G471CEU3, STM32G471CEU6, STM32G471MCT6, STM32G471MET3, STM32G471MET6, STM32G471MEY6TR, STM32G471QCT6, STM32G471QET3, STM32G471RCT6, STM32G471RET3, STM32G471RET6, STM32G471VCH6, STM32G471VCI6, STM32G471VCT6, STM32G471VEH3, STM32G471VEH6, STM32G471VEI3, STM32G471VEI6, STM32G471VET3, STM32G471VET6, STM32G474CCT6, STM32H503CBT6, STM32H503CBU6, STM32H503EBY6TR, STM32H503KBU6, STM32H503RBT6, STM32H562AGI6, STM32H562AII6, STM32H562IGK6, STM32H562IGT6, STM32H562IIK6, STM32H562IIT6, STM32H562RGT6, STM32H562RGV6, STM32H562RIT6, STM32H562RIV6, STM32H562VGT6, STM32H562VIT6, STM32H562ZGT6, STM32H562ZIT6, STM32H563AGI6, STM32H563AII3Q, STM32H563AII6, STM32H563IGK6, STM32H563IGT6, STM32H563IIK3Q, STM32H563IIK6, STM32H563IIT3Q, STM32H563IIT6, STM32H563MIY3QTR, STM32H563RGT6, STM32H563RGV6, STM32H563RIT6, STM32H563RIV6, STM32H563VGT6, STM32H563VIT3Q, STM32H563VIT6, STM32H563ZGT6, STM32H563ZIT3Q, STM32H563ZIT6, STM32H573AII3Q, STM32H573AII6, STM32H573I-DK, STM32H573IIK3Q, STM32H573IIK6, STM32H573IIT3Q, STM32H573IIT6, STM32H573MIY3QTR, STM32H573RIT6, STM32H573RIV6, STM32H573VIT3Q, STM32H573VIT6, STM32H573ZIT3Q, STM32H573ZIT6, STM32L4R5QGI6STR, STM32MP131AAE3, STM32MP131AAF3, STM32MP131AAG3, STM32MP131CAE3, STM32MP131CAF3, STM32MP131CAG3, STM32MP131DAE7, STM32MP131DAF7, STM32MP131DAG7, STM32MP131FAE7, STM32MP131FAF7, STM32MP131FAG7, STM32MP133AAE3, STM32MP133AAF3, STM32MP133AAG3, STM32MP133CAE3, STM32MP133CAF3, STM32MP133CAG3, STM32MP133DAE7, STM32MP133DAF7, STM32MP133DAG7, STM32MP133FAE7, STM32MP133FAF7, STM32MP133FAG7, STM32MP135AAE3, STM32MP135AAF3, STM32MP135AAG3, STM32MP135CAE3, STM32MP135CAF3, STM32MP135CAG3, STM32MP135DAE7, STM32MP135DAF7, STM32MP135DAG7, STM32MP135F-DK, STM32MP135FAE7, STM32MP135FAF7, STM32MP135FAF7T, STM32MP135FAF7U, STM32MP135FAG7, STM32U535CBT6, STM32U535CBT6Q, STM32U535CBU6, STM32U535CBU6Q, STM32U535CCT6, STM32U535CCT6Q, STM32U535CCU6, STM32U535CCU6Q, STM32U535CET6, STM32U535CET6Q, STM32U535CEU6, STM32U535CEU6Q, STM32U535JEY6QTR, STM32U535NCY6QTR, STM32U535NEY6QTR, STM32U535RBI6, STM32U535RBI6Q, STM32U535RBT6, STM32U535RBT6Q, STM32U535RCI6, STM32U535RCI6Q, STM32U535RCT6, STM32U535RCT6Q, STM32U535REI6, STM32U535REI6Q, STM32U535RET6, STM32U535RET6Q, STM32U535VCI6, STM32U535VCI6Q, STM32U535VCT6, STM32U535VCT6Q, STM32U535VEI6, STM32U535VEI6Q, STM32U535VET6, STM32U535VET6Q, STM32U545CET6, STM32U545CET6Q, STM32U545CEU6, STM32U545CEU6Q, STM32U545JEY6QTR, STM32U545NEY6QTR, STM32U545REI6, STM32U545REI6Q, STM32U545RET6, STM32U545RET6Q, STM32U545VEI6, STM32U545VEI6Q, STM32U545VET6, STM32U545VET6Q, STM32U595AIH6, STM32U595AIH6Q, STM32U595AJH6, STM32U595AJH6Q, STM32U595QII6, STM32U595QII6Q, STM32U595QJI6, STM32U595QJI6Q, STM32U595RIT6, STM32U595RIT6Q, STM32U595RJT6, STM32U595RJT6Q, STM32U595VIT6, STM32U595VIT6Q, STM32U595VJT6, STM32U595VJT6Q, STM32U595ZIT6, STM32U595ZIT6Q, STM32U595ZIY6QTR, STM32U595ZJT6, STM32U595ZJT6Q, STM32U595ZJY6QTR, STM32U599BJY6QTR, STM32U599NIH6Q, STM32U599NJH6Q, STM32U599VIT6Q, STM32U599VJT6, STM32U599VJT6Q, STM32U599ZIT6Q, STM32U599ZIY6QTR, STM32U599ZJT6Q, STM32U599ZJY6QTR, STM32U5A5AJH6, STM32U5A5AJH6Q, STM32U5A5QJI6, STM32U5A5QJI6Q, STM32U5A5RJT6, STM32U5A5RJT6Q, STM32U5A5VJT6, STM32U5A5VJT6Q, STM32U5A5ZJT6, STM32U5A5ZJT6Q, STM32U5A5ZJY6QTR, STM32U5A9BJY6QTR, STM32U5A9J-DK, STM32U5A9NJH6Q, STM32U5A9VJT6Q, STM32U5A9ZJT6Q, STM32U5A9ZJY6QTR, STM32U5F7VIT6, STM32U5F7VIT6Q, STM32U5F7VJT6, STM32U5F7VJT6Q, STM32U5F9BJY6QTR, STM32U5F9NJH6Q, STM32U5F9VIT6Q, STM32U5F9VJT6Q, STM32U5F9ZIJ6QTR, STM32U5F9ZIT6Q, STM32U5F9ZJJ6QTR, STM32U5F9ZJT6Q, STM32U5G7VJT6, STM32U5G7VJT6Q, STM32U5G9BJY6QTR, STM32U5G9J-DK1, STM32U5G9J-DK2, STM32U5G9NJH6Q, STM32U5G9VJT6Q, STM32U5G9ZJJ6QTR, STM32U5G9ZJT6Q, STM32WB1MMCH6, STM32WBA50KEU6, STM32WBA50KEU6TR, STM32WBA50KGU6, STM32WBA50KGU6TR, STM32WBA52CEU6, STM32WBA52CEU6TR, STM32WBA52CEU7, STM32WBA52CEU7TR, STM32WBA52CGU6, STM32WBA52CGU6TR, STM32WBA52CGU6U, STM32WBA52CGU7, STM32WBA52CGU7TR, STM32WBA52KEU6, STM32WBA52KEU6TR, STM32WBA52KGU6, STM32WBA52KGU6TR, STM32WBA54CEU6, STM32WBA54CEU6TR, STM32WBA54CEU7, STM32WBA54CEU7TR, STM32WBA54CGU6, STM32WBA54CGU6TR, STM32WBA54CGU7, STM32WBA54CGU7TR, STM32WBA54KEU6, STM32WBA54KEU6TR, STM32WBA54KEU7, STM32WBA54KEU7TR, STM32WBA54KGU6, STM32WBA54KGU6TR, STM32WBA54KGU7, STM32WBA54KGU7TR, STM32WBA55CEU6, STM32WBA55CEU6TR, STM32WBA55CEU7, STM32WBA55CEU7TR, STM32WBA55CGU6, STM32WBA55CGU6TR, STM32WBA55CGU6U, STM32WBA55CGU7, STM32WBA55CGU7TR, STM32WBA55G-DK1, STM32WBA55HEF6, STM32WBA55HEF7, STM32WBA55HGF6, STM32WBA55HGF7, STM32WBA55UEI6, STM32WBA55UEI6TR, STM32WBA55UEI7, STM32WBA55UEI7TR, STM32WBA55UGI6, STM32WBA55UGI6TR, STM32WBA55UGI7, STM32WBA55UGI7TR, STM32WL5MOCH6, STM32WL5MOCH6TR]
2024-08-26 15:49:03,905 [INFO] BoardInfo:889 - No configuration file found for board NUCLEO-H533RE
2024-08-26 15:49:03,906 [INFO] DbBoards:161 - Board is not supported: NUCLEO-H533RE
2024-08-26 15:49:03,930 [INFO] BoardInfo:889 - No configuration file found for board NUCLEO-H7S3L8
2024-08-26 15:49:03,930 [INFO] DbBoards:161 - Board is not supported: NUCLEO-H7S3L8
2024-08-26 15:49:03,960 [INFO] BoardInfo:889 - No configuration file found for board NUCLEO-U031R8
2024-08-26 15:49:03,960 [INFO] DbBoards:161 - Board is not supported: NUCLEO-U031R8
2024-08-26 15:49:03,961 [INFO] BoardInfo:889 - No configuration file found for board NUCLEO-U083RC
2024-08-26 15:49:03,962 [INFO] DbBoards:161 - Board is not supported: NUCLEO-U083RC
2024-08-26 15:49:03,970 [INFO] BoardInfo:889 - No configuration file found for board NUCLEO-WB05KZ
2024-08-26 15:49:03,971 [INFO] DbBoards:161 - Board is not supported: NUCLEO-WB05KZ
2024-08-26 15:49:03,971 [INFO] BoardInfo:889 - No configuration file found for board NUCLEO-WB07CC
2024-08-26 15:49:03,971 [INFO] DbBoards:161 - Board is not supported: NUCLEO-WB07CC
2024-08-26 15:49:03,973 [INFO] BoardInfo:889 - No configuration file found for board NUCLEO-WB09KE
2024-08-26 15:49:03,973 [INFO] DbBoards:161 - Board is not supported: NUCLEO-WB09KE
2024-08-26 15:49:03,985 [INFO] BoardInfo:889 - No configuration file found for board P-NUCLEO-WB55
2024-08-26 15:49:03,986 [INFO] DbBoards:161 - Kit is not supported: P-NUCLEO-WB55
2024-08-26 15:49:03,990 [INFO] BoardInfo:889 - No configuration file found for board STEVAL-BFA001V1B
2024-08-26 15:49:03,991 [INFO] DbBoards:161 - Kit is not supported: STEVAL-BFA001V1B
2024-08-26 15:49:03,991 [INFO] BoardInfo:889 - No configuration file found for board STEVAL-BFA001V2B
2024-08-26 15:49:03,991 [INFO] DbBoards:161 - Kit is not supported: STEVAL-BFA001V2B
2024-08-26 15:49:04,104 [INFO] BoardInfo:889 - No configuration file found for board STM32H7S78-DK
2024-08-26 15:49:04,105 [INFO] DbBoards:161 - Board is not supported: STM32H7S78-DK
2024-08-26 15:49:04,131 [INFO] BoardInfo:889 - No configuration file found for board STM32MP257F-DK
2024-08-26 15:49:04,132 [INFO] DbBoards:161 - Board is not supported: STM32MP257F-DK
2024-08-26 15:49:04,135 [INFO] BoardInfo:889 - No configuration file found for board STM32MP257F-EV1
2024-08-26 15:49:04,135 [INFO] DbBoards:161 - Board is not supported: STM32MP257F-EV1
2024-08-26 15:49:04,137 [INFO] BoardInfo:889 - No configuration file found for board STM32U083C-DK
2024-08-26 15:49:04,137 [INFO] DbBoards:161 - Board is not supported: STM32U083C-DK
2024-08-26 15:49:04,147 [INFO] DbBoards:168 - Found 200 boards, 186 are supported
2024-08-26 15:49:04,147 [INFO] DbBoards:169 - Found 200 boards, 3 of them is supported for  Bsp
2024-08-26 15:49:04,156 [INFO] ApiDb:423 - Load user favorites file C:\Users\ACER/.stm32cubeide/favorites.boards.txt: 0 item(s)
2024-08-26 15:49:04,156 [INFO] ApiDb:427 - User favorites Boards=[]
2024-08-26 15:49:04,156 [INFO] DbBoards:198 - Set 0 / 0 favorites Boards
2024-08-26 15:49:04,159 [INFO] ApiDb:668 - CubeFinder database Data Model version=2.1
2024-08-26 15:49:04,159 [INFO] ApiDb:669 - CubeFinder database Configuration version=3.0.39
2024-08-26 15:49:04,159 [INFO] ApiDb:670 - CubeFinder database generation date=2024-08-06 (1722941618)
2024-08-26 15:49:04,159 [INFO] ApiDb:671 - CubeFinder database FW Pack versions=[FP-ATR-ASTRA1_V2.0.0, FP-SNS-FLIGHT1_V5.0.2, FP-SNS-MOTENV1_V5.0.0, FP-SNS-MOTENVWB1_V1.4.0, FP-SNS-SMARTAG2_V1.2.0, FP-SNS-STBOX1_V2.0.0, STM32Cube_FW_C0_V1.2.0, STM32Cube_FW_F4_V1.28.0, STM32Cube_FW_F7_V1.17.2, STM32Cube_FW_G0_V1.6.2, STM32Cube_FW_G4_V1.6.0, STM32Cube_FW_H5_V1.3.0, STM32Cube_FW_H7RS_V1.1.0, STM32Cube_FW_H7_V1.11.2, STM32Cube_FW_L0_V1.12.2, STM32Cube_FW_L5_V1.5.1, STM32Cube_FW_U0_V1.1.0, STM32Cube_FW_U5_V1.6.0, STM32Cube_FW_WB0_V1.0.0, STM32Cube_FW_WBA_V1.4.1, STM32Cube_FW_WB_V1.20.0, STM32Cube_FW_WL_V1.3.0, X-CUBE-ALGOBUILD_V1.4.0, X-CUBE-ALS_V1.0.2, X-CUBE-AZRTOS-F4_V1.1.0, X-CUBE-AZRTOS-F7_V1.1.0, X-CUBE-AZRTOS-G0_V1.1.0, X-CUBE-AZRTOS-G4_V2.0.0, X-CUBE-AZRTOS-H7RS_V1.0.0, X-CUBE-AZRTOS-H7_V3.2.0, X-CUBE-AZRTOS-L4_V2.0.0, X-CUBE-AZRTOS-L5_V1.1.0, X-CUBE-AZRTOS-WB_V2.0.0, X-CUBE-AZRTOS-WL_V2.0.0, X-CUBE-BLE1_V7.0.0, X-CUBE-BLE2_V3.3.0, X-CUBE-BLEMGR_V3.1.0, X-CUBE-EEPRMA1_V5.1.0, X-CUBE-FREERTOS_V1.2.0, X-CUBE-GNSS1_V6.0.0, X-CUBE-MEMS1_V10.0.0, X-CUBE-NFC4_V3.0.0, X-CUBE-NFC7_V1.0.1, X-CUBE-SFXS2LP1_V4.0.0, X-CUBE-SUBG2_V5.0.0, X-CUBE-TOF1_V3.4.2]
2024-08-26 15:49:05,076 [ERROR] DbExamplesSqlite:437 - Missing JSON key: board_cpn
2024-08-26 15:49:05,076 [ERROR] DbExamplesSqlite:437 - Missing JSON key: board_cpn
2024-08-26 15:49:05,077 [ERROR] DbExamplesSqlite:437 - Missing JSON key: board_cpn
2024-08-26 15:49:05,077 [ERROR] DbExamplesSqlite:437 - Missing JSON key: board_cpn
2024-08-26 15:49:05,261 [ERROR] DbExamplesSqlite:437 - Missing JSON key: board_cpn
2024-08-26 15:49:05,261 [ERROR] DbExamplesSqlite:437 - Missing JSON key: board_cpn
2024-08-26 15:49:05,262 [ERROR] DbExamplesSqlite:437 - Missing JSON key: board_cpn
2024-08-26 15:49:05,262 [ERROR] DbExamplesSqlite:437 - Missing JSON key: board_cpn
2024-08-26 15:49:05,262 [ERROR] DbExamplesSqlite:437 - Missing JSON key: board_cpn
2024-08-26 15:49:05,262 [ERROR] DbExamplesSqlite:437 - Missing JSON key: board_cpn
2024-08-26 15:49:05,262 [ERROR] DbExamplesSqlite:437 - Missing JSON key: board_cpn
2024-08-26 15:49:05,263 [ERROR] DbExamplesSqlite:437 - Missing JSON key: board_cpn
2024-08-26 15:49:05,263 [ERROR] DbExamplesSqlite:437 - Missing JSON key: board_cpn
2024-08-26 15:49:05,264 [INFO] DbExamplesSqlite:395 - Ignored 28 examples not supported by CubeIDE
2024-08-26 15:49:05,266 [INFO] DbExamplesSqlite:396 - Found 8608 examples active
2024-08-26 15:49:05,267 [INFO] DbExamplesSqlite:397 - Found 0 examples obsolete
2024-08-26 15:49:05,267 [INFO] DbExamplesSqlite:398 - Found 0 examples under development
2024-08-26 15:49:05,268 [INFO] DbExamplesSqlite:399 - Found 10 examples not building
2024-08-26 15:49:05,273 [INFO] DbExamples:125 - Found 8590 examples
2024-08-26 15:49:05,697 [ERROR] DbExamples:208 - Found 308 examples with invalid data (board or MCU)
2024-08-26 15:49:05,698 [INFO] DbExamples:222 - Found 107 boards with related examples
2024-08-26 15:49:05,705 [INFO] DbExamples:235 - Found 86 MCUs with related examples
2024-08-26 15:49:05,732 [INFO] ApiDb:423 - Load user favorites file C:\Users\ACER/.stm32cubeide/favorites.examples.txt: 0 item(s)
2024-08-26 15:49:05,733 [INFO] ApiDb:427 - User favorites Examples=[]
2024-08-26 15:49:05,733 [INFO] DbExamples:250 - Set 0 / 0 favorites Examples
2024-08-26 15:49:06,291 [INFO] McuFinderGlobals:76 - Set McuFinderConnectedMode to true
2024-08-26 15:49:06,307 [INFO] MultiScanPanel:200 - Auto-refresh data requested => check proxy status ongoing
2024-08-26 15:49:06,311 [INFO] FinderPluginLoader:95 - Searching for filters in installed packs
2024-08-26 15:49:08,131 [INFO] LoadUrlFilesThread:185 - End of LoadServerUrlFiles without Thread
2024-08-26 15:49:08,152 [INFO] DetailPanel:341 - Set advertising image to C:/Users/ACER/STM32Cube/Repository/\en.prom-stm32h7rs-mcu-finder.jpg
2024-08-26 15:49:53,222 [INFO] McuFinderGlobals:76 - Set McuFinderConnectedMode to true
2024-08-26 15:49:53,232 [INFO] ApiDb:448 - Save user favorites file C:\Users\ACER/.stm32cubeide/favorites.mcus.txt: 0 item(s)
2024-08-26 15:49:53,232 [INFO] ApiDb:452 - User favorites MCUs=[]
2024-08-26 21:59:15,589 [INFO] Activator:176 - 


2024-08-26 21:59:15,594 [INFO] Activator:177 - !SESSION log4j initialized
2024-08-26 21:59:22,018 [INFO] LogOutputStream:77 - [STDOUT_REDIRECT] 
2024-08-26 21:59:27,877 [INFO] ApplicationProperties:184 - Using Application install path: C:\ST\STM32CubeIDE_1.14.1\STM32CubeIDE\plugins\com.st.stm32cube.common.mx_6.10.0.202311202037
2024-08-26 21:59:27,913 [INFO] DbMcusXml:78 - Set database path to: C:\ST\STM32CubeIDE_1.14.1\STM32CubeIDE\plugins\com.st.stm32cube.common.mx_6.10.0.202311202037\\db\/mcu/
2024-08-26 21:59:27,914 [INFO] ApiDb:274 - Set plugin database path to: C:\ST\STM32CubeIDE_1.14.1\STM32CubeIDE\plugins\com.st.stm32cube.common.mx_6.10.0.202311202037\\db\/plugins/boardmanager/
2024-08-26 21:59:27,914 [WARN] ApiDb:259 - Overriding images path with different value:  => C:\ST\STM32CubeIDE_1.14.1\STM32CubeIDE\plugins\com.st.stm32cube.common.mx_6.10.0.202311202037\\db\/plugins/mcufinder/images/
2024-08-26 21:59:27,942 [INFO] ApiDb:250 - Set database path to: C:\Users\ACER\.stmcufinder\plugins\mcufinder//mcu/
2024-08-26 21:59:27,944 [INFO] DbMcusAds:125 - Set database path to: C:\Users\ACER\.stmcufinder\plugins\mcufinder//mcu/
2024-08-26 21:59:27,949 [INFO] CrossReferenceDbSqlite:203 - Set database path to: C:\Users\ACER\.stmcufinder\plugins\mcufinder//mcu/cs/
2024-08-26 21:59:28,188 [INFO] RulesReader:64 - Compatibility file has been processed (297 Rules)
2024-08-26 21:59:28,329 [INFO] DbMcusXml:78 - Set database path to: C:\ST\STM32CubeIDE_1.14.1\STM32CubeIDE\plugins\com.st.stm32cube.common.mx_6.10.0.202311202037\\db\/mcu/
2024-08-26 21:59:28,329 [INFO] ApiDb:274 - Set plugin database path to: C:\ST\STM32CubeIDE_1.14.1\STM32CubeIDE\plugins\com.st.stm32cube.common.mx_6.10.0.202311202037\\db\/plugins/boardmanager/
2024-08-26 21:59:28,330 [INFO] ApiDb:261 - Set plugin images path to: C:\ST\STM32CubeIDE_1.14.1\STM32CubeIDE\plugins\com.st.stm32cube.common.mx_6.10.0.202311202037\\db\/plugins/mcufinder/images/
2024-08-26 21:59:28,330 [WARN] DbFile:41 - Overriding database path with different value: C:\Users\ACER\.stmcufinder\plugins\mcufinder/ => C:\Users\ACER\.stmcufinder\plugins\mcufinder
2024-08-26 21:59:28,330 [INFO] ApiDb:250 - Set database path to: C:\Users\ACER\.stmcufinder\plugins\mcufinder//mcu/
2024-08-26 21:59:28,330 [WARN] DbFile:41 - Overriding database path with different value: C:\Users\ACER\.stmcufinder\plugins\mcufinder/ => C:\Users\ACER\.stmcufinder\plugins\mcufinder
2024-08-26 21:59:28,330 [INFO] DbMcusAds:125 - Set database path to: C:\Users\ACER\.stmcufinder\plugins\mcufinder//mcu/
2024-08-26 21:59:28,331 [WARN] DbFile:41 - Overriding database path with different value: C:\Users\ACER\.stmcufinder\plugins\mcufinder/ => C:\Users\ACER\.stmcufinder\plugins\mcufinder
2024-08-26 21:59:28,331 [WARN] DbFile:41 - Overriding database path with different value: C:\Users\ACER\.stmcufinder\plugins\mcufinder/ => C:\Users\ACER\.stmcufinder\plugins\mcufinder
2024-08-26 21:59:28,331 [INFO] CrossReferenceDbSqlite:203 - Set database path to: C:\Users\ACER\.stmcufinder\plugins\mcufinder//mcu/cs/
2024-08-26 21:59:28,454 [INFO] MainPanel:264 - HeapMemory: 268435456
2024-08-26 21:59:28,587 [INFO] DbMcusXml:78 - Set database path to: C:\ST\STM32CubeIDE_1.14.1\STM32CubeIDE\plugins\com.st.stm32cube.common.mx_6.10.0.202311202037\\db\/mcu/
2024-08-26 21:59:28,587 [INFO] ApiDb:274 - Set plugin database path to: C:\ST\STM32CubeIDE_1.14.1\STM32CubeIDE\plugins\com.st.stm32cube.common.mx_6.10.0.202311202037\\db\/plugins/boardmanager/
2024-08-26 21:59:28,587 [INFO] ApiDb:261 - Set plugin images path to: C:\ST\STM32CubeIDE_1.14.1\STM32CubeIDE\plugins\com.st.stm32cube.common.mx_6.10.0.202311202037\\db\/plugins/mcufinder/images/
2024-08-26 21:59:28,588 [WARN] DbFile:41 - Overriding database path with different value: C:\Users\ACER\.stmcufinder\plugins\mcufinder/ => C:\Users\ACER\.stmcufinder\plugins\mcufinder
2024-08-26 21:59:28,588 [INFO] ApiDb:250 - Set database path to: C:\Users\ACER\.stmcufinder\plugins\mcufinder//mcu/
2024-08-26 21:59:28,588 [WARN] DbFile:41 - Overriding database path with different value: C:\Users\ACER\.stmcufinder\plugins\mcufinder/ => C:\Users\ACER\.stmcufinder\plugins\mcufinder
2024-08-26 21:59:28,589 [INFO] DbMcusAds:125 - Set database path to: C:\Users\ACER\.stmcufinder\plugins\mcufinder//mcu/
2024-08-26 21:59:28,589 [WARN] DbFile:41 - Overriding database path with different value: C:\Users\ACER\.stmcufinder\plugins\mcufinder/ => C:\Users\ACER\.stmcufinder\plugins\mcufinder
2024-08-26 21:59:28,589 [WARN] DbFile:41 - Overriding database path with different value: C:\Users\ACER\.stmcufinder\plugins\mcufinder/ => C:\Users\ACER\.stmcufinder\plugins\mcufinder
2024-08-26 21:59:28,589 [INFO] CrossReferenceDbSqlite:203 - Set database path to: C:\Users\ACER\.stmcufinder\plugins\mcufinder//mcu/cs/
2024-08-26 21:59:28,615 [INFO] ApplicationProperties:184 - Using Application install path: C:\ST\STM32CubeIDE_1.14.1\STM32CubeIDE\plugins\com.st.stm32cube.common.mx_6.10.0.202311202037
2024-08-26 21:59:28,617 [INFO] PluginManage:196 - Search for loadable plugins [exclusion list=, ]
2024-08-26 21:59:28,619 [INFO] PluginManage:310 - Check plugin analytics
2024-08-26 21:59:28,827 [INFO] AnalyticsPlugin:253 - Accepted Software Licenses: STM32CubeMX.6.12.0
2024-08-26 21:59:28,828 [INFO] AnalyticsPlugin:255 - Accepted CMSIS Pack Licenses: STMicroelectronics.X-CUBE-MEMS1.11.0.0
2024-08-26 21:59:28,828 [INFO] AnalyticsPlugin:257 - Accepted Firmware Licenses: 
2024-08-26 21:59:28,831 [INFO] PluginManage:359 - Loaded plugin analytics (category:tool,tabindex:-1)
2024-08-26 21:59:28,832 [INFO] PluginManage:310 - Check plugin cadmodel
2024-08-26 21:59:28,855 [INFO] CADModel:105 - Init CAD model plugin
2024-08-26 21:59:28,855 [INFO] PluginManage:359 - Loaded plugin cadmodel (category:power,tabindex:5)
2024-08-26 21:59:28,855 [INFO] PluginManage:310 - Check plugin clock
2024-08-26 21:59:28,886 [INFO] PluginManage:359 - Loaded plugin clock (category:base,tabindex:2)
2024-08-26 21:59:28,886 [INFO] PluginManage:310 - Check plugin ddr
2024-08-26 21:59:28,890 [INFO] PluginManage:359 - Loaded plugin ddr (category:tool,tabindex:6)
2024-08-26 21:59:28,890 [INFO] PluginManage:310 - Check plugin filemanager
2024-08-26 21:59:29,247 [INFO] PluginManage:359 - Loaded plugin filemanager (category:base,tabindex:10)
2024-08-26 21:59:29,247 [INFO] PluginManage:310 - Check plugin ipmanager
2024-08-26 21:59:29,259 [INFO] PluginManage:359 - Loaded plugin ipmanager (category:base,tabindex:5)
2024-08-26 21:59:29,260 [INFO] PluginManage:310 - Check plugin lpbam
2024-08-26 21:59:29,289 [INFO] PluginManage:359 - Loaded plugin lpbam (category:base,tabindex:0)
2024-08-26 21:59:29,289 [INFO] PluginManage:310 - Check plugin memorymap
2024-08-26 21:59:29,318 [INFO] PluginManage:359 - Loaded plugin memorymap (category:base,tabindex:4)
2024-08-26 21:59:29,318 [INFO] PluginManage:310 - Check plugin pinoutandconfiguration
2024-08-26 21:59:29,339 [INFO] PluginManage:359 - Loaded plugin pinoutandconfiguration (category:base,tabindex:1)
2024-08-26 21:59:29,339 [INFO] PluginManage:310 - Check plugin pinoutconfig
2024-08-26 21:59:29,454 [WARN] SupportedApi:132 - Cannot load RTOS API schema: s4s-elt-must-match.1: The content of 'definitions' must match (annotation?, (simpleType | complexType)?, (unique | key | keyref)*)). A problem was found starting at: attribute.
2024-08-26 21:59:29,637 [INFO] PluginManage:359 - Loaded plugin pinoutconfig (category:base,tabindex:0)
2024-08-26 21:59:29,637 [INFO] PluginManage:310 - Check plugin power
2024-08-26 21:59:29,664 [INFO] PluginManage:359 - Loaded plugin power (category:power,tabindex:4)
2024-08-26 21:59:29,664 [INFO] PluginManage:310 - Check plugin projectmanager
2024-08-26 21:59:29,682 [INFO] PluginManage:359 - Loaded plugin projectmanager (category:projectmanager,tabindex:3)
2024-08-26 21:59:29,682 [INFO] PluginManage:310 - Check plugin thirdparty
2024-08-26 21:59:30,014 [INFO] PluginManage:359 - Loaded plugin thirdparty (category:base,tabindex:-1)
2024-08-26 21:59:30,014 [WARN] IntegrityCheckThread:84 - waiting for thirdparty lock release [integrity check]
2024-08-26 21:59:30,014 [INFO] PluginManage:310 - Check plugin tools
2024-08-26 21:59:30,014 [INFO] IntegrityCheckThread:86 - entering critical section [integrity check]
2024-08-26 21:59:30,015 [INFO] ThirdPartyUpdaterWithRetryManager:70 - Updater plugin not ready yet. [1/15]
2024-08-26 21:59:30,059 [INFO] PluginManage:359 - Loaded plugin tools (category:base,tabindex:7)
2024-08-26 21:59:30,059 [INFO] PluginManage:310 - Check plugin tutovideos
2024-08-26 21:59:30,279 [INFO] PluginManage:359 - Loaded plugin tutovideos (category:base,tabindex:-1)
2024-08-26 21:59:30,279 [INFO] PluginManage:310 - Check plugin updater
2024-08-26 21:59:30,292 [INFO] PluginManage:359 - Loaded plugin updater (category:base,tabindex:12)
2024-08-26 21:59:30,292 [INFO] PluginManage:310 - Check plugin userauth
2024-08-26 21:59:30,299 [INFO] UserAuth:114 - Init User Auth plugin
2024-08-26 21:59:30,299 [INFO] PluginManage:359 - Loaded plugin userauth (category:base,tabindex:14)
2024-08-26 21:59:30,300 [INFO] PluginManage:283 - PluginManage : Loaded plugins [17]
2024-08-26 21:59:30,588 [INFO] PinOutPanel:1499 - setPackage(No Configuration,No Configuration)
2024-08-26 21:59:30,719 [INFO] CADModel:165 - CPN selected for project level
2024-08-26 21:59:30,719 [INFO] CADModel:114 - Register for checkConnection events
2024-08-26 21:59:30,759 [INFO] IPUIPlugin:80 - create IPUIPlugin
2024-08-26 21:59:30,759 [INFO] PluginManager:220 - loadIPPluginJar : add adc
2024-08-26 21:59:30,812 [INFO] IPUIPlugin:80 - create IPUIPlugin
2024-08-26 21:59:30,812 [INFO] PluginManager:220 - loadIPPluginJar : add aes
2024-08-26 21:59:30,869 [INFO] IPUIPlugin:80 - create IPUIPlugin
2024-08-26 21:59:30,869 [INFO] PluginManager:220 - loadIPPluginJar : add can
2024-08-26 21:59:30,899 [INFO] IPUIPlugin:80 - create IPUIPlugin
2024-08-26 21:59:30,899 [INFO] PluginManager:220 - loadIPPluginJar : add comp
2024-08-26 21:59:30,949 [INFO] IPUIPlugin:80 - create IPUIPlugin
2024-08-26 21:59:30,949 [INFO] PluginManager:220 - loadIPPluginJar : add cryp
2024-08-26 21:59:31,011 [INFO] IPUIPlugin:80 - create IPUIPlugin
2024-08-26 21:59:31,011 [INFO] PluginManager:220 - loadIPPluginJar : add dfsdm
2024-08-26 21:59:31,030 [INFO] IPUIPlugin:80 - create IPUIPlugin
2024-08-26 21:59:31,031 [INFO] PluginManager:220 - loadIPPluginJar : add dma
2024-08-26 21:59:31,086 [INFO] IPUIPlugin:80 - create IPUIPlugin
2024-08-26 21:59:31,086 [INFO] PluginManager:220 - loadIPPluginJar : add dma3
2024-08-26 21:59:31,112 [INFO] IPUIPlugin:80 - create IPUIPlugin
2024-08-26 21:59:31,112 [INFO] PluginManager:220 - loadIPPluginJar : add fatfs
2024-08-26 21:59:31,168 [INFO] IPUIPlugin:80 - create IPUIPlugin
2024-08-26 21:59:31,168 [INFO] PluginManager:220 - loadIPPluginJar : add fmc
2024-08-26 21:59:31,184 [INFO] IPUIPlugin:80 - create IPUIPlugin
2024-08-26 21:59:31,185 [INFO] PluginManager:220 - loadIPPluginJar : add freertos
2024-08-26 21:59:31,209 [INFO] IPUIPlugin:80 - create IPUIPlugin
2024-08-26 21:59:31,210 [INFO] PluginManager:220 - loadIPPluginJar : add genericplugin
2024-08-26 21:59:31,327 [INFO] IPUIPlugin:80 - create IPUIPlugin
2024-08-26 21:59:31,327 [INFO] PluginManager:220 - loadIPPluginJar : add gfxmmu
2024-08-26 21:59:31,488 [INFO] IPUIPlugin:80 - create IPUIPlugin
2024-08-26 21:59:31,488 [INFO] PluginManager:220 - loadIPPluginJar : add gic
2024-08-26 21:59:31,503 [INFO] IPUIPlugin:80 - create IPUIPlugin
2024-08-26 21:59:31,503 [INFO] PluginManager:220 - loadIPPluginJar : add gpio
2024-08-26 21:59:31,615 [INFO] IPUIPlugin:80 - create IPUIPlugin
2024-08-26 21:59:31,616 [INFO] PluginManager:220 - loadIPPluginJar : add gtzc
2024-08-26 21:59:31,671 [INFO] IPUIPlugin:80 - create IPUIPlugin
2024-08-26 21:59:31,671 [INFO] PluginManager:220 - loadIPPluginJar : add hash
2024-08-26 21:59:31,738 [INFO] IPUIPlugin:80 - create IPUIPlugin
2024-08-26 21:59:31,738 [INFO] PluginManager:220 - loadIPPluginJar : add i2c
2024-08-26 21:59:31,786 [INFO] IPUIPlugin:80 - create IPUIPlugin
2024-08-26 21:59:31,787 [INFO] PluginManager:220 - loadIPPluginJar : add i2s
2024-08-26 21:59:31,836 [INFO] IPUIPlugin:80 - create IPUIPlugin
2024-08-26 21:59:31,836 [INFO] PluginManager:220 - loadIPPluginJar : add i3c
2024-08-26 21:59:31,961 [INFO] IPUIPlugin:80 - create IPUIPlugin
2024-08-26 21:59:31,961 [INFO] PluginManager:220 - loadIPPluginJar : add ipddr
2024-08-26 21:59:32,097 [INFO] IPUIPlugin:80 - create IPUIPlugin
2024-08-26 21:59:32,097 [INFO] PluginManager:220 - loadIPPluginJar : add linkedlist
2024-08-26 21:59:32,138 [INFO] IPUIPlugin:80 - create IPUIPlugin
2024-08-26 21:59:32,139 [INFO] PluginManager:220 - loadIPPluginJar : add lorawan
2024-08-26 21:59:32,181 [INFO] IPUIPlugin:80 - create IPUIPlugin
2024-08-26 21:59:32,181 [INFO] PluginManager:220 - loadIPPluginJar : add ltdc
2024-08-26 21:59:32,197 [INFO] IPUIPlugin:80 - create IPUIPlugin
2024-08-26 21:59:32,198 [INFO] PluginManager:220 - loadIPPluginJar : add mdma
2024-08-26 21:59:32,213 [INFO] IPUIPlugin:80 - create IPUIPlugin
2024-08-26 21:59:32,213 [INFO] PluginManager:220 - loadIPPluginJar : add nvic
2024-08-26 21:59:32,261 [INFO] IPUIPlugin:80 - create IPUIPlugin
2024-08-26 21:59:32,262 [INFO] PluginManager:220 - loadIPPluginJar : add opamp
2024-08-26 21:59:32,337 [INFO] IPUIPlugin:80 - create IPUIPlugin
2024-08-26 21:59:32,338 [INFO] PluginManager:220 - loadIPPluginJar : add openamp
2024-08-26 21:59:32,393 [INFO] IPUIPlugin:80 - create IPUIPlugin
2024-08-26 21:59:32,393 [INFO] PluginManager:220 - loadIPPluginJar : add pdm2pcm
2024-08-26 21:59:32,409 [INFO] IPUIPlugin:80 - create IPUIPlugin
2024-08-26 21:59:32,411 [INFO] PluginManager:220 - loadIPPluginJar : add plateformsettings
2024-08-26 21:59:32,443 [INFO] IPUIPlugin:80 - create IPUIPlugin
2024-08-26 21:59:32,443 [INFO] PluginManager:220 - loadIPPluginJar : add quadspi
2024-08-26 21:59:32,463 [INFO] IPUIPlugin:80 - create IPUIPlugin
2024-08-26 21:59:32,463 [INFO] PluginManager:220 - loadIPPluginJar : add resmgrutility
2024-08-26 21:59:32,533 [INFO] IPUIPlugin:80 - create IPUIPlugin
2024-08-26 21:59:32,534 [INFO] PluginManager:220 - loadIPPluginJar : add sai
2024-08-26 21:59:32,579 [INFO] IPUIPlugin:80 - create IPUIPlugin
2024-08-26 21:59:32,579 [INFO] PluginManager:220 - loadIPPluginJar : add spi
2024-08-26 21:59:32,684 [INFO] IPUIPlugin:80 - create IPUIPlugin
2024-08-26 21:59:32,684 [INFO] PluginManager:220 - loadIPPluginJar : add stm32_wpan
2024-08-26 21:59:32,719 [INFO] IPUIPlugin:80 - create IPUIPlugin
2024-08-26 21:59:32,720 [INFO] PluginManager:220 - loadIPPluginJar : add tim
2024-08-26 21:59:32,806 [INFO] IPUIPlugin:80 - create IPUIPlugin
2024-08-26 21:59:32,806 [INFO] PluginManager:220 - loadIPPluginJar : add touchsensing
2024-08-26 21:59:32,843 [INFO] IPUIPlugin:80 - create IPUIPlugin
2024-08-26 21:59:32,843 [INFO] PluginManager:220 - loadIPPluginJar : add tracer_emb
2024-08-26 21:59:32,876 [INFO] IPUIPlugin:80 - create IPUIPlugin
2024-08-26 21:59:32,876 [INFO] PluginManager:220 - loadIPPluginJar : add ts
2024-08-26 21:59:32,908 [INFO] IPUIPlugin:80 - create IPUIPlugin
2024-08-26 21:59:32,908 [INFO] PluginManager:220 - loadIPPluginJar : add tsc
2024-08-26 21:59:32,943 [INFO] IPUIPlugin:80 - create IPUIPlugin
2024-08-26 21:59:32,944 [INFO] PluginManager:220 - loadIPPluginJar : add ucpd
2024-08-26 21:59:33,012 [INFO] IPUIPlugin:80 - create IPUIPlugin
2024-08-26 21:59:33,013 [INFO] PluginManager:220 - loadIPPluginJar : add usart
2024-08-26 21:59:33,016 [INFO] ThirdPartyUpdaterWithRetryManager:70 - Updater plugin not ready yet. [2/15]
2024-08-26 21:59:33,084 [INFO] IPUIPlugin:80 - create IPUIPlugin
2024-08-26 21:59:33,084 [INFO] PluginManager:220 - loadIPPluginJar : add usbx
2024-08-26 21:59:33,228 [INFO] CADModel:165 - CPN selected for project level
2024-08-26 21:59:33,228 [INFO] CADModel:114 - Register for checkConnection events
2024-08-26 21:59:33,229 [FATAL] Updater:308 - Updater called before beeing initialized
2024-08-26 21:59:33,229 [ERROR] CADModel:125 - Updater not yet initialized, retry later 
2024-08-26 21:59:33,404 [INFO] CADModel:165 - CPN selected for project level
2024-08-26 21:59:33,404 [INFO] CADModel:114 - Register for checkConnection events
2024-08-26 21:59:33,404 [FATAL] Updater:308 - Updater called before beeing initialized
2024-08-26 21:59:33,404 [ERROR] CADModel:125 - Updater not yet initialized, retry later 
2024-08-26 21:59:33,408 [FATAL] Updater:308 - Updater called before beeing initialized
2024-08-26 21:59:33,545 [FATAL] Updater:308 - Updater called before beeing initialized
2024-08-26 21:59:33,557 [INFO] DbMcusAds:53 - JSON generation date=Thu May 16 14:52:00 IST 2024 (1715851320667)
2024-08-26 21:59:33,557 [FATAL] Updater:308 - Updater called before beeing initialized
2024-08-26 21:59:33,652 [WARN] DetailPanel:346 - Failed to get advertising image, set to default
2024-08-26 21:59:33,753 [FATAL] Updater:308 - Updater called before beeing initialized
2024-08-26 21:59:33,755 [FATAL] Updater:308 - Updater called before beeing initialized
2024-08-26 21:59:33,756 [FATAL] Updater:308 - Updater called before beeing initialized
2024-08-26 21:59:33,756 [WARN] DetailPanel:346 - Failed to get advertising image, set to default
2024-08-26 21:59:33,756 [FATAL] Updater:308 - Updater called before beeing initialized
2024-08-26 21:59:33,834 [ERROR] Updater:1120 - MainUpdater not yet initialized. External WinMGr cannot be set.
2024-08-26 21:59:33,846 [INFO] Updater:1056 - Updater Version found : 6.10.0
2024-08-26 21:59:33,871 [INFO] ApplicationProperties:184 - Using Application install path: C:\ST\STM32CubeIDE_1.14.1\STM32CubeIDE\plugins\com.st.stm32cube.common.mx_6.10.0.202311202037
2024-08-26 21:59:35,455 [ERROR] LogOutputStream:75 - [STDERR_REDIRECT] Aug 26, 2024 9:59:35 PM java.util.prefs.WindowsPreferences <init>
2024-08-26 21:59:35,457 [ERROR] LogOutputStream:75 - [STDERR_REDIRECT] WARNING: Could not open/create prefs root node Software\JavaSoft\Prefs at root 0xffffffff80000002. Windows RegCreateKeyEx(...) returned error code 5.
2024-08-26 21:59:35,457 [ERROR] LogOutputStream:75 - [STDERR_REDIRECT] 
2024-08-26 21:59:36,017 [INFO] ThirdPartyUpdaterWithRetryManager:70 - Updater plugin not ready yet. [3/15]
2024-08-26 21:59:37,200 [INFO] MainUpdater:2873 - connection check result : 10
2024-08-26 21:59:37,200 [INFO] MainUpdater:3567 - Updater definition file requires update
2024-08-26 21:59:37,201 [INFO] MainUpdater:290 - Updater Check For Update Now.
2024-08-26 21:59:37,201 [INFO] MicroXplorer:498 - Change Database Version : DB.6.0.100
2024-08-26 21:59:37,224 [INFO] McuFinderGlobals:63 - Set McuFinder mode to 2 (CubeIDE integrated)
2024-08-26 21:59:37,238 [INFO] UserAuth:404 - Internet connection configuration mode: 1
2024-08-26 21:59:37,264 [INFO] JxBrowserEngine:152 - Initiate JxBrowser Engine with user profile folder
2024-08-26 21:59:39,017 [WARN] MainUpdater:1194 - Updater busy. Cannot search thirdparties
2024-08-26 21:59:39,017 [INFO] ThirdPartyUpdaterWithRetryManager:96 - Updater plugin is busy. [1/15]
2024-08-26 21:59:40,882 [INFO] WebApp:161 - Instantiating new browser for Auth
2024-08-26 21:59:40,955 [INFO] ServerAccessManage:473 - Download File updaters.zip
2024-08-26 21:59:41,723 [INFO] WebApp:780 - Register for checkConnection events
2024-08-26 21:59:41,723 [INFO] WebApp:414 - Apply proxy settings
2024-08-26 21:59:41,723 [INFO] WebApp:499 - Chromium requires no authentication
2024-08-26 21:59:41,736 [INFO] WebApp:442 - Direct internet connection detected
2024-08-26 21:59:41,936 [INFO] WebApp:192 - Starting web application
2024-08-26 21:59:41,936 [INFO] WebApp:544 - Web application path used C:\ST\STM32CubeIDE_1.14.1\STM32CubeIDE\plugins\com.st.stm32cube.common.mx_6.10.0.202311202037\db\plugins\mcufinder\reactClient1\index.html
2024-08-26 21:59:42,020 [WARN] MainUpdater:1194 - Updater busy. Cannot search thirdparties
2024-08-26 21:59:42,021 [INFO] ThirdPartyUpdaterWithRetryManager:96 - Updater plugin is busy. [2/15]
2024-08-26 21:59:45,022 [WARN] MainUpdater:1194 - Updater busy. Cannot search thirdparties
2024-08-26 21:59:45,022 [INFO] ThirdPartyUpdaterWithRetryManager:96 - Updater plugin is busy. [3/15]
2024-08-26 21:59:48,022 [WARN] MainUpdater:1194 - Updater busy. Cannot search thirdparties
2024-08-26 21:59:48,022 [INFO] ThirdPartyUpdaterWithRetryManager:96 - Updater plugin is busy. [4/15]
2024-08-26 21:59:51,023 [WARN] MainUpdater:1194 - Updater busy. Cannot search thirdparties
2024-08-26 21:59:51,023 [INFO] ThirdPartyUpdaterWithRetryManager:96 - Updater plugin is busy. [5/15]
2024-08-26 21:59:54,024 [WARN] MainUpdater:1194 - Updater busy. Cannot search thirdparties
2024-08-26 21:59:54,025 [INFO] ThirdPartyUpdaterWithRetryManager:96 - Updater plugin is busy. [6/15]
2024-08-26 21:59:54,385 [INFO] FileExtend:240 - Unzip File : updaters.zip
2024-08-26 21:59:54,385 [INFO] FileExtend:255 - Standard Zip Deflate
2024-08-26 21:59:55,343 [INFO] ServerAccessManage:473 - Download File PacksControlFlags.xml
2024-08-26 21:59:57,026 [WARN] MainUpdater:1194 - Updater busy. Cannot search thirdparties
2024-08-26 21:59:57,027 [INFO] ThirdPartyUpdaterWithRetryManager:96 - Updater plugin is busy. [7/15]
2024-08-26 21:59:57,246 [INFO] ServerAccessManage:473 - Download File cubemx.pidx
2024-08-26 21:59:57,387 [INFO] LoadServerUpdatesThread:375 - End of LoadServerUpdate Thread
2024-08-26 21:59:57,576 [INFO] CheckServerUpdateThread:120 - End of CheckServer Thread
2024-08-26 22:00:00,301 [WARN] PackLoader:240 - Cannot read IP mode file for STMicroelectronics.FP-SNS-MOTENVWB1.1.4.0
2024-08-26 22:00:00,332 [WARN] PackLoader:240 - Cannot read IP mode file for STMicroelectronics.X-CUBE-SMBUS.2.1.0
2024-08-26 22:00:00,355 [WARN] PackLoader:240 - Cannot read IP mode file for STMicroelectronics.X-CUBE-TOUCHGFX.4.23.0
2024-08-26 22:00:00,372 [WARN] PackLoader:240 - Cannot read IP mode file for STMicroelectronics.X-CUBE-TOUCHGFX.4.23.2
2024-08-26 22:00:00,426 [WARN] PackLoader:240 - Cannot read IP mode file for STMicroelectronics.X-CUBE-AZRTOS-F7.1.1.0
2024-08-26 22:00:00,455 [WARN] PackLoader:240 - Cannot read IP mode file for STMicroelectronics.FP-SNS-MOTENV1.4.3.2
2024-08-26 22:00:00,553 [WARN] PackLoader:240 - Cannot read IP mode file for STMicroelectronics.X-CUBE-MEMS1.11.0.0
2024-08-26 22:00:01,066 [WARN] PackLoader:240 - Cannot read IP mode file for STMicroelectronics.X-CUBE-BLE1.6.2.4
2024-08-26 22:00:01,085 [WARN] PackLoader:240 - Cannot read IP mode file for STMicroelectronics.FP-SNS-FLIGHT1.5.0.2
2024-08-26 22:00:01,106 [WARN] PackLoader:240 - Cannot read IP mode file for STMicroelectronics.X-CUBE-DISPLAY.3.0.0
2024-08-26 22:00:01,137 [WARN] PackLoader:240 - Cannot read IP mode file for STMicroelectronics.X-CUBE-BLE1.7.0.0
2024-08-26 22:00:01,157 [WARN] PackLoader:240 - Cannot read IP mode file for emotas.I-CUBE-CANOPEN.1.3.0
2024-08-26 22:00:01,177 [WARN] PackLoader:240 - Cannot read IP mode file for STMicroelectronics.X-CUBE-TOUCHGFX.4.22.0
2024-08-26 22:00:01,202 [WARN] PackLoader:240 - Cannot read IP mode file for STMicroelectronics.X-CUBE-BLEMGR.3.1.0
2024-08-26 22:00:01,231 [WARN] PackLoader:240 - Cannot read IP mode file for STMicroelectronics.FP-SNS-SMARTAG2.1.2.0
2024-08-26 22:00:01,253 [INFO] LogOutputStream:77 - [STDOUT_REDIRECT] 1 : Invalid condition id : UX_CORESTACK_Condition cause : null
2024-08-26 22:00:01,254 [INFO] LogOutputStream:77 - [STDOUT_REDIRECT] 1 : Invalid condition id : UX_CORESTACK_Condition cause : null
2024-08-26 22:00:01,255 [INFO] LogOutputStream:77 - [STDOUT_REDIRECT] 1 : Invalid condition id : UX_CORESTACK_Condition cause : null
2024-08-26 22:00:01,256 [INFO] LogOutputStream:77 - [STDOUT_REDIRECT] 1 : Invalid condition id : UX_CORESTACK_Condition cause : null
2024-08-26 22:00:01,257 [INFO] LogOutputStream:77 - [STDOUT_REDIRECT] 1 : Invalid condition id : UX_CORESTACK_Condition cause : null
2024-08-26 22:00:01,264 [WARN] PackLoader:240 - Cannot read IP mode file for STMicroelectronics.X-CUBE-AZRTOS-WL.2.0.0
2024-08-26 22:00:01,283 [WARN] PackLoader:240 - Cannot read IP mode file for STMicroelectronics.FP-SNS-MOTENV1.5.0.0
2024-08-26 22:00:01,302 [WARN] PackLoader:240 - Cannot read IP mode file for wolfSSL.I-CUBE-wolfMQTT.1.19.0
2024-08-26 22:00:01,323 [WARN] PackLoader:240 - Cannot read IP mode file for WES.I-CUBE-Cesium.1.3.0
2024-08-26 22:00:01,342 [WARN] PackLoader:240 - Cannot read IP mode file for STMicroelectronics.X-CUBE-BLE2.3.3.0
2024-08-26 22:00:01,366 [WARN] PackLoader:240 - Cannot read IP mode file for STMicroelectronics.X-CUBE-TCPP.4.1.0
2024-08-26 22:00:01,388 [WARN] PackLoader:240 - Cannot read IP mode file for STMicroelectronics.X-CUBE-ALGOBUILD.1.3.0
2024-08-26 22:00:01,433 [WARN] PackLoader:240 - Cannot read IP mode file for STMicroelectronics.X-CUBE-AZRTOS-G0.1.1.0
2024-08-26 22:00:01,456 [WARN] PackLoader:240 - Cannot read IP mode file for STMicroelectronics.X-CUBE-SAFEA1.1.2.2
2024-08-26 22:00:01,485 [WARN] PackLoader:240 - Cannot read IP mode file for STMicroelectronics.X-CUBE-NFC4.3.0.0
2024-08-26 22:00:01,504 [WARN] PackLoader:240 - Cannot read IP mode file for wolfSSL.I-CUBE-wolfMQTT.1.18.0
2024-08-26 22:00:01,536 [WARN] PackLoader:240 - Cannot read IP mode file for EmbeddedOffice.I-CUBE-FS-RTOS.1.0.1
2024-08-26 22:00:01,537 [ERROR] ConditionMgr:805 - Attr not supported : Dmpu
2024-08-26 22:00:01,537 [ERROR] ConditionMgr:805 - Attr not supported : Dmpu
2024-08-26 22:00:01,537 [ERROR] ConditionMgr:805 - Attr not supported : Dmpu
2024-08-26 22:00:01,537 [ERROR] ConditionMgr:805 - Attr not supported : Dmpu
2024-08-26 22:00:01,537 [ERROR] ConditionMgr:805 - Attr not supported : Dmpu
2024-08-26 22:00:01,537 [ERROR] ConditionMgr:805 - Attr not supported : Dmpu
2024-08-26 22:00:01,537 [ERROR] ConditionMgr:805 - Attr not supported : Dmpu
2024-08-26 22:00:01,537 [ERROR] ConditionMgr:805 - Attr not supported : Dmpu
2024-08-26 22:00:01,537 [ERROR] ConditionMgr:805 - Attr not supported : Dmpu
2024-08-26 22:00:01,537 [ERROR] ConditionMgr:805 - Attr not supported : Dmpu
2024-08-26 22:00:01,537 [ERROR] ConditionMgr:805 - Attr not supported : Dmpu
2024-08-26 22:00:01,537 [ERROR] ConditionMgr:805 - Attr not supported : Dmpu
2024-08-26 22:00:01,537 [ERROR] ConditionMgr:805 - Attr not supported : Dmpu
2024-08-26 22:00:01,537 [ERROR] ConditionMgr:805 - Attr not supported : Dmpu
2024-08-26 22:00:01,537 [ERROR] ConditionMgr:805 - Attr not supported : Dmpu
2024-08-26 22:00:01,537 [ERROR] ConditionMgr:805 - Attr not supported : Dmpu
2024-08-26 22:00:01,537 [ERROR] ConditionMgr:805 - Attr not supported : Dmpu
2024-08-26 22:00:01,537 [ERROR] ConditionMgr:805 - Attr not supported : Dmpu
2024-08-26 22:00:01,537 [ERROR] ConditionMgr:805 - Attr not supported : Dmpu
2024-08-26 22:00:01,537 [ERROR] ConditionMgr:805 - Attr not supported : Dmpu
2024-08-26 22:00:01,537 [ERROR] ConditionMgr:805 - Attr not supported : Dmpu
2024-08-26 22:00:01,537 [ERROR] ConditionMgr:805 - Attr not supported : Dmpu
2024-08-26 22:00:01,537 [ERROR] ConditionMgr:805 - Attr not supported : Dmpu
2024-08-26 22:00:01,537 [ERROR] ConditionMgr:805 - Attr not supported : Dmpu
2024-08-26 22:00:01,537 [ERROR] ConditionMgr:805 - Attr not supported : Dmpu
2024-08-26 22:00:01,537 [ERROR] ConditionMgr:805 - Attr not supported : Dmpu
2024-08-26 22:00:01,537 [ERROR] ConditionMgr:805 - Attr not supported : Dmpu
2024-08-26 22:00:01,537 [ERROR] ConditionMgr:805 - Attr not supported : Dmpu
2024-08-26 22:00:01,537 [ERROR] ConditionMgr:805 - Attr not supported : Dmpu
2024-08-26 22:00:01,538 [ERROR] ConditionMgr:805 - Attr not supported : Dmpu
2024-08-26 22:00:01,538 [ERROR] ConditionMgr:805 - Attr not supported : Dmpu
2024-08-26 22:00:01,538 [ERROR] ConditionMgr:805 - Attr not supported : Dmpu
2024-08-26 22:00:01,538 [ERROR] ConditionMgr:805 - Attr not supported : Dmpu
2024-08-26 22:00:01,538 [ERROR] ConditionMgr:805 - Attr not supported : Dmpu
2024-08-26 22:00:01,538 [ERROR] ConditionMgr:805 - Attr not supported : Dmpu
2024-08-26 22:00:01,538 [ERROR] ConditionMgr:805 - Attr not supported : Dmpu
2024-08-26 22:00:01,538 [ERROR] ConditionMgr:805 - Attr not supported : Dmpu
2024-08-26 22:00:01,538 [ERROR] ConditionMgr:805 - Attr not supported : Dmpu
2024-08-26 22:00:01,538 [ERROR] ConditionMgr:805 - Attr not supported : Dmpu
2024-08-26 22:00:01,538 [ERROR] ConditionMgr:805 - Attr not supported : Dmpu
2024-08-26 22:00:01,538 [ERROR] ConditionMgr:805 - Attr not supported : Dmpu
2024-08-26 22:00:01,538 [ERROR] ConditionMgr:805 - Attr not supported : Dmpu
2024-08-26 22:00:01,538 [ERROR] ConditionMgr:805 - Attr not supported : Dmpu
2024-08-26 22:00:01,538 [ERROR] ConditionMgr:805 - Attr not supported : Dmpu
2024-08-26 22:00:01,538 [ERROR] ConditionMgr:805 - Attr not supported : Dmpu
2024-08-26 22:00:01,539 [ERROR] ConditionMgr:805 - Attr not supported : Dmpu
2024-08-26 22:00:01,539 [ERROR] ConditionMgr:805 - Attr not supported : Dmpu
2024-08-26 22:00:01,539 [ERROR] ConditionMgr:805 - Attr not supported : Dmpu
2024-08-26 22:00:01,539 [ERROR] ConditionMgr:805 - Attr not supported : Dmpu
2024-08-26 22:00:01,539 [ERROR] ConditionMgr:805 - Attr not supported : Dmpu
2024-08-26 22:00:01,539 [ERROR] ConditionMgr:805 - Attr not supported : Dmpu
2024-08-26 22:00:01,539 [ERROR] ConditionMgr:805 - Attr not supported : Dmpu
2024-08-26 22:00:01,539 [ERROR] ConditionMgr:805 - Attr not supported : Dmpu
2024-08-26 22:00:01,539 [ERROR] ConditionMgr:805 - Attr not supported : Dmpu
2024-08-26 22:00:01,539 [ERROR] ConditionMgr:805 - Attr not supported : Dmpu
2024-08-26 22:00:01,539 [ERROR] ConditionMgr:805 - Attr not supported : Dmpu
2024-08-26 22:00:01,539 [ERROR] ConditionMgr:805 - Attr not supported : Dmpu
2024-08-26 22:00:01,539 [ERROR] ConditionMgr:805 - Attr not supported : Dmpu
2024-08-26 22:00:01,539 [ERROR] ConditionMgr:805 - Attr not supported : Dmpu
2024-08-26 22:00:01,539 [ERROR] ConditionMgr:805 - Attr not supported : Dmpu
2024-08-26 22:00:01,539 [ERROR] ConditionMgr:805 - Attr not supported : Dmpu
2024-08-26 22:00:01,539 [ERROR] ConditionMgr:805 - Attr not supported : Dmpu
2024-08-26 22:00:01,539 [ERROR] ConditionMgr:805 - Attr not supported : Dmpu
2024-08-26 22:00:01,539 [ERROR] ConditionMgr:805 - Attr not supported : Dmpu
2024-08-26 22:00:01,570 [WARN] PackLoader:240 - Cannot read IP mode file for STMicroelectronics.X-CUBE-BLEMGR.3.0.0
2024-08-26 22:00:01,599 [WARN] PackLoader:240 - Cannot read IP mode file for RealThread.X-CUBE-RT-Thread_Nano.4.1.1
2024-08-26 22:00:01,617 [WARN] PackLoader:240 - Cannot read IP mode file for STMicroelectronics.FP-ATR-SIGFOX1.3.2.0
2024-08-26 22:00:01,638 [WARN] PackLoader:240 - Cannot read IP mode file for wolfSSL.I-CUBE-wolfSSL.5.7.2
2024-08-26 22:00:01,665 [WARN] PackLoader:240 - Cannot read IP mode file for STMicroelectronics.X-CUBE-EEPRMA1.5.1.0
2024-08-26 22:00:01,687 [WARN] PackLoader:240 - Cannot read IP mode file for ITTIA_DB.I-CUBE-ITTIADB.8.9.0
2024-08-26 22:00:01,732 [WARN] PackLoader:240 - Cannot read IP mode file for SEGGER.I-CUBE-embOS.1.3.1
2024-08-26 22:00:01,776 [WARN] PackLoader:240 - Cannot read IP mode file for STMicroelectronics.X-CUBE-ALGOBUILD.1.4.0
2024-08-26 22:00:01,798 [WARN] PackLoader:240 - Cannot read IP mode file for STMicroelectronics.X-CUBE-GNSS1.6.0.0
2024-08-26 22:00:01,836 [WARN] PackLoader:240 - Cannot read IP mode file for STMicroelectronics.X-CUBE-AZRTOS-F4.1.1.0
2024-08-26 22:00:01,859 [WARN] PackLoader:240 - Cannot read IP mode file for wolfSSL.I-CUBE-wolfSSL.5.6.3
2024-08-26 22:00:01,883 [WARN] PackLoader:240 - Cannot read IP mode file for STMicroelectronics.X-CUBE-FREERTOS.1.2.0
2024-08-26 22:00:01,936 [WARN] PackLoader:240 - Cannot read IP mode file for STMicroelectronics.X-CUBE-AZRTOS-L5.2.0.0
2024-08-26 22:00:02,002 [WARN] PackLoader:240 - Cannot read IP mode file for STMicroelectronics.X-CUBE-MEMS1.9.6.0
2024-08-26 22:00:02,156 [WARN] PackLoader:240 - Cannot read IP mode file for STMicroelectronics.X-CUBE-EEPRMA1.4.2.0
2024-08-26 22:00:02,176 [WARN] PackLoader:240 - Cannot read IP mode file for STMicroelectronics.X-CUBE-NFC6.3.1.0
2024-08-26 22:00:02,206 [WARN] PackLoader:240 - Cannot read IP mode file for ITTIA_DB.I-CUBE-ITTIADB.8.8.0
2024-08-26 22:00:02,237 [WARN] PackLoader:240 - Cannot read IP mode file for STMicroelectronics.X-CUBE-BLEMGR.2.0.0
2024-08-26 22:00:02,256 [WARN] PackLoader:240 - Cannot read IP mode file for STMicroelectronics.X-CUBE-DPower.1.2.0
2024-08-26 22:00:02,283 [WARN] PackLoader:240 - Cannot read IP mode file for STMicroelectronics.X-CUBE-AI.9.0.0
2024-08-26 22:00:02,331 [WARN] ConditionMgr:438 - getConditionDescription Invalid condition id : UX DEVICE CLASS RTOS Condition cause : null
2024-08-26 22:00:02,331 [WARN] ConditionMgr:438 - getConditionDescription Invalid condition id : UX DEVICE CLASS RTOS Condition cause : null
2024-08-26 22:00:02,336 [WARN] PackLoader:240 - Cannot read IP mode file for STMicroelectronics.X-CUBE-AZRTOS-H7.3.1.0
2024-08-26 22:00:02,338 [WARN] ConditionMgr:1039 - genDependencies : Invalid condition id : UX DEVICE CLASS RTOS Condition cause : null
2024-08-26 22:00:02,338 [WARN] ConditionMgr:1039 - genDependencies : Invalid condition id : UX DEVICE CLASS RTOS Condition cause : null
2024-08-26 22:00:02,339 [WARN] ConditionMgr:1039 - genDependencies : Invalid condition id : UX DEVICE CLASS RTOS Condition cause : null
2024-08-26 22:00:02,340 [WARN] ConditionMgr:1039 - genDependencies : Invalid condition id : UX DEVICE CLASS RTOS Condition cause : null
2024-08-26 22:00:02,340 [WARN] ConditionMgr:1039 - genDependencies : Invalid condition id : UX DEVICE CLASS RTOS Condition cause : null
2024-08-26 22:00:02,371 [WARN] PackLoader:240 - Cannot read IP mode file for STMicroelectronics.X-CUBE-NFC7.1.0.1
2024-08-26 22:00:02,397 [WARN] PackLoader:240 - Cannot read IP mode file for wolfSSL.I-CUBE-wolfTPM.3.2.0
2024-08-26 22:00:02,422 [WARN] PackLoader:240 - Cannot read IP mode file for STMicroelectronics.X-CUBE-NFC6.3.0.0
2024-08-26 22:00:02,454 [WARN] PackLoader:240 - Cannot read IP mode file for STMicroelectronics.X-CUBE-EEPRMA1.4.1.0
2024-08-26 22:00:02,474 [WARN] PackLoader:240 - Cannot read IP mode file for STMicroelectronics.X-CUBE-AI.8.1.0
2024-08-26 22:00:02,529 [WARN] ConditionMgr:438 - getConditionDescription Invalid condition id : LAN8742 Phy interface Condition cause : null
2024-08-26 22:00:02,530 [WARN] PackLoader:240 - Cannot read IP mode file for STMicroelectronics.X-CUBE-AZRTOS-L4.2.0.0
2024-08-26 22:00:02,532 [WARN] ConditionMgr:1039 - genDependencies : Invalid condition id : LAN8742 Phy interface Condition cause : null
2024-08-26 22:00:02,533 [WARN] ConditionMgr:1039 - genDependencies : Invalid condition id : LAN8742 Phy interface Condition cause : null
2024-08-26 22:00:02,533 [WARN] ConditionMgr:1039 - genDependencies : Invalid condition id : LAN8742 Phy interface Condition cause : null
2024-08-26 22:00:02,555 [WARN] PackLoader:240 - Cannot read IP mode file for STMicroelectronics.X-CUBE-SFXS2LP1.4.0.0
2024-08-26 22:00:02,579 [WARN] PackLoader:240 - Cannot read IP mode file for STMicroelectronics.X-CUBE-ISPU.1.1.0
2024-08-26 22:00:02,634 [WARN] PackLoader:240 - Cannot read IP mode file for STMicroelectronics.X-CUBE-AZRTOS-H7.3.3.0
2024-08-26 22:00:02,672 [WARN] ConditionMgr:438 - getConditionDescription Invalid condition id : UX DEVICE CLASS RTOS Condition cause : null
2024-08-26 22:00:02,672 [WARN] ConditionMgr:438 - getConditionDescription Invalid condition id : UX DEVICE CLASS RTOS Condition cause : null
2024-08-26 22:00:02,673 [WARN] PackLoader:240 - Cannot read IP mode file for STMicroelectronics.X-CUBE-AZRTOS-WB.2.0.0
2024-08-26 22:00:02,673 [WARN] ConditionMgr:1039 - genDependencies : Invalid condition id : UX DEVICE CLASS RTOS Condition cause : null
2024-08-26 22:00:02,673 [WARN] ConditionMgr:1039 - genDependencies : Invalid condition id : UX DEVICE CLASS RTOS Condition cause : null
2024-08-26 22:00:02,676 [WARN] ConditionMgr:1039 - genDependencies : Invalid condition id : UX DEVICE CLASS RTOS Condition cause : null
2024-08-26 22:00:02,676 [WARN] ConditionMgr:1039 - genDependencies : Invalid condition id : UX DEVICE CLASS RTOS Condition cause : null
2024-08-26 22:00:02,677 [WARN] ConditionMgr:1039 - genDependencies : Invalid condition id : UX DEVICE CLASS RTOS Condition cause : null
2024-08-26 22:00:02,702 [WARN] PackLoader:240 - Cannot read IP mode file for STMicroelectronics.X-CUBE-FREERTOS.1.0.1
2024-08-26 22:00:02,723 [WARN] PackLoader:240 - Cannot read IP mode file for STMicroelectronics.FP-SNS-STBOX1.2.0.0
2024-08-26 22:00:02,782 [WARN] PackLoader:240 - Cannot read IP mode file for STMicroelectronics.X-CUBE-AZRTOS-L5.1.1.0
2024-08-26 22:00:02,805 [WARN] PackLoader:240 - Cannot read IP mode file for STMicroelectronics.X-CUBE-AI.8.0.1
2024-08-26 22:00:02,840 [WARN] PackLoader:240 - Cannot read IP mode file for STMicroelectronics.X-CUBE-SUBG2.5.0.0
2024-08-26 22:00:02,870 [WARN] PackLoader:240 - Cannot read IP mode file for Cesanta.I-CUBE-Mongoose.7.13.0
2024-08-26 22:00:02,905 [WARN] PackLoader:240 - Cannot read IP mode file for STMicroelectronics.X-CUBE-TOF1.3.3.1
2024-08-26 22:00:02,969 [WARN] PackLoader:240 - Cannot read IP mode file for STMicroelectronics.X-CUBE-AZRTOS-G4.2.0.0
2024-08-26 22:00:03,016 [WARN] PackLoader:240 - Cannot read IP mode file for Infineon.AIROC-Wi-Fi-Bluetooth-STM32.1.5.1
2024-08-26 22:00:03,051 [WARN] PackLoader:240 - Cannot read IP mode file for STMicroelectronics.FP-SNS-MOTENVWB1.1.3.1
2024-08-26 22:00:03,072 [WARN] PackLoader:240 - Cannot read IP mode file for STMicroelectronics.X-CUBE-ISPU.2.0.0
2024-08-26 22:00:03,100 [WARN] PackLoader:240 - Cannot read IP mode file for STMicroelectronics.X-CUBE-ALS.1.0.2
2024-08-26 22:00:03,191 [WARN] PackLoader:240 - Cannot read IP mode file for STMicroelectronics.X-CUBE-MEMS1.10.0.0
2024-08-26 22:00:03,391 [WARN] PackLoader:240 - Cannot read IP mode file for STMicroelectronics.X-CUBE-FREERTOS.1.1.0
2024-08-26 22:00:03,412 [WARN] PackLoader:240 - Cannot read IP mode file for STMicroelectronics.X-CUBE-TOUCHGFX.4.24.0
2024-08-26 22:00:03,433 [WARN] PackLoader:240 - Cannot read IP mode file for wolfSSL.I-CUBE-wolfTPM.3.4.0
2024-08-26 22:00:03,463 [WARN] PackLoader:240 - Cannot read IP mode file for portGmbH.I-Cube-SoM-uGOAL.1.1.0
2024-08-26 22:00:03,487 [WARN] PackLoader:240 - Cannot read IP mode file for STMicroelectronics.X-CUBE-ALS.1.0.1
2024-08-26 22:00:03,534 [WARN] PackLoader:240 - Cannot read IP mode file for STMicroelectronics.X-CUBE-AZRTOS-WB.1.1.0
2024-08-26 22:00:03,603 [WARN] PackLoader:240 - Cannot read IP mode file for STMicroelectronics.X-CUBE-AZRTOS-H7RS.1.0.0
2024-08-26 22:00:03,634 [WARN] PackLoader:240 - Cannot read IP mode file for STMicroelectronics.FP-ATR-ASTRA1.2.0.0
2024-08-26 22:00:03,670 [WARN] PackLoader:240 - Cannot read IP mode file for STMicroelectronics.X-CUBE-TOF1.3.4.2
2024-08-26 22:00:03,723 [WARN] PackLoader:240 - Cannot read IP mode file for STMicroelectronics.X-CUBE-TOF1.3.4.0
2024-08-26 22:00:03,792 [WARN] PackLoader:240 - Cannot read IP mode file for Infineon.AIROC-Wi-Fi-Bluetooth-STM32.1.6.1
2024-08-26 22:00:03,838 [WARN] PackLoader:240 - Cannot read IP mode file for STMicroelectronics.X-CUBE-TOF1.3.4.1
2024-08-26 22:00:03,848 [ERROR] LogOutputStream:75 - [STDERR_REDIRECT] SLF4J: Failed to load class "org.slf4j.impl.StaticLoggerBinder".
2024-08-26 22:00:03,851 [ERROR] LogOutputStream:75 - [STDERR_REDIRECT] SLF4J: Defaulting to no-operation (NOP) logger implementation
2024-08-26 22:00:03,854 [ERROR] LogOutputStream:75 - [STDERR_REDIRECT] SLF4J: See http://www.slf4j.org/codes.html#StaticLoggerBinder for further details.
2024-08-26 22:00:03,911 [WARN] PackLoader:240 - Cannot read IP mode file for STMicroelectronics.X-CUBE-AZRTOS-H7.3.2.0
2024-08-26 22:00:03,940 [WARN] PackLoader:240 - Cannot read IP mode file for wolfSSL.I-CUBE-wolfSSH.1.4.17
2024-08-26 22:00:03,942 [INFO] ThirdParty:978 - Integrity check success = true
2024-08-26 22:00:03,942 [INFO] IntegrityCheckThread:100 - exiting critical section [integrity check]
2024-08-26 22:00:03,943 [INFO] IntegrityCheckThread:103 - End integrity checks thread
